============================= test session starts ==============================
platform linux -- Python 3.12.3, pytest-8.4.2, pluggy-1.6.0 -- /home/mike/projects/Honua.Server/tests/python/.venv/bin/python3
cachedir: .pytest_cache
rootdir: /home/mike/projects/Honua.Server/tests/python
configfile: pytest.ini
testpaths: .
plugins: xdist-3.8.0
created: 22/22 workers
22 workers [338 items]

scheduling tests via LoadFileScheduling

test_ogc_features_requests.py::test_landing_page_returns_json 
test_ogc_processes_requests.py::test_landing_page_includes_processes_link 
test_ogc_tiles_requests.py::test_landing_page_links_to_tilematrixsets 
test_stac_smoke.py::test_stac_root_exposes_catalog 
test_wfs_owslib.py::test_wfs_get_capabilities 
test_csw_owslib.py::test_csw_get_capabilities 
test_stac_pystac.py::test_open_stac_catalog 
test_wcs_rasterio.py::test_wcs_open_coverage_via_gdal 
test_wmts_owslib.py::test_wmts_get_capabilities 
test_wms_owslib.py::test_wms_get_capabilities 
test_smoke.py::TestOGCAPI::test_landing_page 
[gw1] [  0%] PASSED test_ogc_processes_requests.py::test_landing_page_includes_processes_link 
[gw0] [  0%] PASSED test_ogc_features_requests.py::test_landing_page_returns_json 
test_ogc_processes_requests.py::test_conformance_declares_ogc_processes_core 
test_ogc_features_requests.py::test_landing_page_includes_links 
[gw2] [  0%] PASSED test_ogc_tiles_requests.py::test_landing_page_links_to_tilematrixsets 
[gw10] [  1%] PASSED test_stac_smoke.py::test_stac_root_exposes_catalog 
test_stac_smoke.py::test_stac_collections_include_items_link 
test_ogc_tiles_requests.py::test_landing_page_links_to_collections 
[gw1] [  1%] PASSED test_ogc_processes_requests.py::test_conformance_declares_ogc_processes_core 
[gw0] [  1%] PASSED test_ogc_features_requests.py::test_landing_page_includes_links 
test_ogc_processes_requests.py::test_get_process_list_returns_json 
[gw1] [  2%] SKIPPED test_ogc_processes_requests.py::test_get_process_list_returns_json 
test_ogc_processes_requests.py::test_process_list_includes_processes_array 
[gw2] [  2%] PASSED test_ogc_tiles_requests.py::test_landing_page_links_to_collections 
test_ogc_features_requests.py::test_landing_page_has_required_link_relations 
[gw1] [  2%] SKIPPED test_ogc_processes_requests.py::test_process_list_includes_processes_array 
test_ogc_tiles_requests.py::test_tilematrixsets_endpoint_returns_valid_json 
[gw0] [  2%] PASSED test_ogc_features_requests.py::test_landing_page_has_required_link_relations 
[gw4] [  3%] PASSED test_wmts_owslib.py::test_wmts_get_capabilities 
test_wmts_owslib.py::test_wmts_version_1_0_0_supported 
[gw4] [  3%] PASSED test_wmts_owslib.py::test_wmts_version_1_0_0_supported 
test_ogc_features_requests.py::test_landing_page_includes_service_metadata 
[gw0] [  3%] PASSED test_ogc_features_requests.py::test_landing_page_includes_service_metadata 
[gw10] [  4%] PASSED test_stac_smoke.py::test_stac_collections_include_items_link 
test_stac_smoke.py::test_stac_search_returns_assets[5] 
test_ogc_features_requests.py::test_landing_page_content_negotiation 
[gw2] [  4%] PASSED test_ogc_tiles_requests.py::test_tilematrixsets_endpoint_returns_valid_json 
test_ogc_tiles_requests.py::test_tilematrixsets_includes_worldwebmercatorquad 
test_ogc_processes_requests.py::test_process_list_includes_links 
[gw1] [  4%] SKIPPED test_ogc_processes_requests.py::test_process_list_includes_links 
test_ogc_processes_requests.py::test_process_list_has_self_link 
[gw1] [  5%] SKIPPED test_ogc_processes_requests.py::test_process_list_has_self_link 
test_ogc_processes_requests.py::test_process_summaries_have_required_fields 
[gw1] [  5%] SKIPPED test_ogc_processes_requests.py::test_process_summaries_have_required_fields 
test_ogc_processes_requests.py::test_process_summaries_include_links 
[gw1] [  5%] SKIPPED test_ogc_processes_requests.py::test_process_summaries_include_links 
test_ogc_processes_requests.py::test_get_process_description_returns_json 
[gw1] [  5%] SKIPPED test_ogc_processes_requests.py::test_get_process_description_returns_json 
test_wmts_owslib.py::test_wmts_lists_layers 
test_ogc_processes_requests.py::test_process_description_has_required_fields 
[gw1] [  6%] SKIPPED test_ogc_processes_requests.py::test_process_description_has_required_fields 
[gw4] [  6%] PASSED test_wmts_owslib.py::test_wmts_lists_layers 
test_ogc_processes_requests.py::test_process_description_includes_id 
[gw0] [  6%] PASSED test_ogc_features_requests.py::test_landing_page_content_negotiation 
[gw1] [  7%] SKIPPED test_ogc_processes_requests.py::test_process_description_includes_id 
[gw2] [  7%] PASSED test_ogc_tiles_requests.py::test_tilematrixsets_includes_worldwebmercatorquad 
test_ogc_features_requests.py::test_conformance_returns_valid_json 
test_ogc_tiles_requests.py::test_tilematrixsets_includes_worldcrs84quad 
test_wmts_owslib.py::test_wmts_service_metadata 
test_ogc_processes_requests.py::test_process_description_includes_inputs 
[gw5] [  7%] PASSED test_wms_owslib.py::test_wms_get_capabilities 
[gw4] [  7%] PASSED test_wmts_owslib.py::test_wmts_service_metadata 
test_wms_owslib.py::test_wms_version_1_3_0_supported 
test_wmts_owslib.py::test_wmts_lists_tile_matrix_sets 
[gw5] [  8%] PASSED test_wms_owslib.py::test_wms_version_1_3_0_supported 
[gw1] [  8%] SKIPPED test_ogc_processes_requests.py::test_process_description_includes_inputs 
[gw4] [  8%] PASSED test_wmts_owslib.py::test_wmts_lists_tile_matrix_sets 
test_ogc_processes_requests.py::test_process_description_includes_outputs 
test_wms_owslib.py::test_wms_lists_layers 
test_wmts_owslib.py::test_wmts_common_tile_matrix_sets 
[gw1] [  9%] SKIPPED test_ogc_processes_requests.py::test_process_description_includes_outputs 
[gw5] [  9%] PASSED test_wms_owslib.py::test_wms_lists_layers 
[gw4] [  9%] PASSED test_wmts_owslib.py::test_wmts_common_tile_matrix_sets 
test_wmts_owslib.py::test_wmts_layer_has_tile_matrix_sets 
test_wms_owslib.py::test_wms_service_metadata 
[gw3] [ 10%] PASSED test_csw_owslib.py::test_csw_get_capabilities 
test_ogc_processes_requests.py::test_process_description_includes_links 
[gw5] [ 10%] PASSED test_wms_owslib.py::test_wms_service_metadata 
[gw0] [ 10%] PASSED test_ogc_features_requests.py::test_conformance_returns_valid_json 
[gw4] [ 10%] PASSED test_wmts_owslib.py::test_wmts_layer_has_tile_matrix_sets 
[gw1] [ 11%] SKIPPED test_ogc_processes_requests.py::test_process_description_includes_links 
test_ogc_processes_requests.py::test_process_description_has_execution_link 
test_csw_owslib.py::test_csw_version_2_0_2_supported 
[gw1] [ 11%] SKIPPED test_ogc_processes_requests.py::test_process_description_has_execution_link 
test_ogc_processes_requests.py::test_get_nonexistent_process_returns_404 
[gw3] [ 11%] PASSED test_csw_owslib.py::test_csw_version_2_0_2_supported 
[gw10] [ 12%] PASSED test_stac_smoke.py::test_stac_search_returns_assets[5] 
test_stac_smoke.py::test_cog_asset_can_be_downloaded 
test_wms_owslib.py::test_wms_supported_formats 
[gw5] [ 12%] PASSED test_wms_owslib.py::test_wms_supported_formats 
test_wmts_owslib.py::test_wmts_layer_has_formats 
[gw4] [ 12%] PASSED test_wmts_owslib.py::test_wmts_layer_has_formats 
test_wmts_owslib.py::test_wmts_layer_has_bounding_box 
[gw4] [ 13%] PASSED test_wmts_owslib.py::test_wmts_layer_has_bounding_box 
test_wmts_owslib.py::test_wmts_layer_has_styles 
[gw4] [ 13%] PASSED test_wmts_owslib.py::test_wmts_layer_has_styles 
test_wms_owslib.py::test_wms_layer_has_crs 
[gw5] [ 13%] PASSED test_wms_owslib.py::test_wms_layer_has_crs 
test_ogc_features_requests.py::test_conformance_includes_conformsto_array 
test_wmts_owslib.py::test_wmts_layer_resource_urls 
[gw4] [ 13%] PASSED test_wmts_owslib.py::test_wmts_layer_resource_urls 
[gw8] [ 14%] PASSED test_wfs_owslib.py::test_wfs_get_capabilities 
test_wfs_owslib.py::test_wfs_version_2_0_supported 
[gw8] [ 14%] PASSED test_wfs_owslib.py::test_wfs_version_2_0_supported 
test_wfs_owslib.py::test_wfs_lists_feature_types 
[gw1] [ 14%] PASSED test_ogc_processes_requests.py::test_get_nonexistent_process_returns_404 
test_ogc_processes_requests.py::test_nonexistent_process_error_includes_details 
test_wmts_owslib.py::test_wmts_tile_matrix_set_structure 
[gw4] [ 15%] PASSED test_wmts_owslib.py::test_wmts_tile_matrix_set_structure 
test_csw_owslib.py::test_csw_service_metadata 
[gw3] [ 15%] PASSED test_csw_owslib.py::test_csw_service_metadata 
test_csw_owslib.py::test_csw_provider_information 
[gw3] [ 15%] PASSED test_csw_owslib.py::test_csw_provider_information 
test_csw_owslib.py::test_csw_supported_operations 
[gw3] [ 15%] PASSED test_csw_owslib.py::test_csw_supported_operations 
test_csw_owslib.py::test_csw_get_operation_constraints 
[gw3] [ 16%] PASSED test_csw_owslib.py::test_csw_get_operation_constraints 
test_csw_owslib.py::test_csw_supported_query_types 
[gw3] [ 16%] PASSED test_csw_owslib.py::test_csw_supported_query_types 
test_csw_owslib.py::test_csw_supported_output_schemas 
test_wms_owslib.py::test_wms_layer_has_bounding_box 
[gw5] [ 16%] PASSED test_wms_owslib.py::test_wms_layer_has_bounding_box 
test_wms_owslib.py::test_wms_layer_has_styles 
[gw5] [ 17%] PASSED test_wms_owslib.py::test_wms_layer_has_styles 
test_wms_owslib.py::test_wms_layer_queryable_attribute 
[gw5] [ 17%] PASSED test_wms_owslib.py::test_wms_layer_queryable_attribute 
test_wms_owslib.py::test_wms_get_map_basic 
[gw2] [ 17%] PASSED test_ogc_tiles_requests.py::test_tilematrixsets_includes_worldcrs84quad 
test_ogc_tiles_requests.py::test_tilematrixsets_includes_self_link 
[gw0] [ 18%] PASSED test_ogc_features_requests.py::test_conformance_includes_conformsto_array 
[gw8] [ 18%] PASSED test_wfs_owslib.py::test_wfs_lists_feature_types 
test_wfs_owslib.py::test_wfs_feature_type_has_crs 
test_wmts_owslib.py::test_wmts_tile_matrix_levels 
[gw4] [ 18%] PASSED test_wmts_owslib.py::test_wmts_tile_matrix_levels 
test_wmts_owslib.py::test_wmts_web_mercator_if_supported 
[gw1] [ 18%] PASSED test_ogc_processes_requests.py::test_nonexistent_process_error_includes_details 
test_ogc_processes_requests.py::test_execute_process_synchronous_simple 
[gw4] [ 19%] PASSED test_wmts_owslib.py::test_wmts_web_mercator_if_supported 
test_wmts_owslib.py::test_wmts_world_crs84_if_supported 
[gw4] [ 19%] PASSED test_wmts_owslib.py::test_wmts_world_crs84_if_supported 
test_wmts_owslib.py::test_wmts_get_tile_basic 
[gw1] [ 19%] SKIPPED test_ogc_processes_requests.py::test_execute_process_synchronous_simple 
test_ogc_processes_requests.py::test_execute_process_returns_json 
[gw1] [ 20%] SKIPPED test_ogc_processes_requests.py::test_execute_process_returns_json 
[gw2] [ 20%] PASSED test_ogc_tiles_requests.py::test_tilematrixsets_includes_self_link 
test_ogc_tiles_requests.py::test_tilematrixsets_items_have_required_fields 
test_ogc_features_requests.py::test_conformance_declares_ogc_api_features_core 
[gw10] [ 20%] SKIPPED test_stac_smoke.py::test_cog_asset_can_be_downloaded 
test_ogc_processes_requests.py::test_execute_process_with_missing_inputs_returns_400 
[gw0] [ 21%] PASSED test_ogc_features_requests.py::test_conformance_declares_ogc_api_features_core 
[gw1] [ 21%] SKIPPED test_ogc_processes_requests.py::test_execute_process_with_missing_inputs_returns_400 
test_ogc_processes_requests.py::test_execute_nonexistent_process_returns_404 
test_ogc_features_requests.py::test_conformance_declares_geojson 
[gw2] [ 21%] PASSED test_ogc_tiles_requests.py::test_tilematrixsets_items_have_required_fields 
[gw0] [ 21%] PASSED test_ogc_features_requests.py::test_conformance_declares_geojson 
test_ogc_tiles_requests.py::test_worldwebmercatorquad_tilematrixset_metadata 
test_ogc_features_requests.py::test_collections_returns_valid_json 
[gw8] [ 22%] FAILED test_wfs_owslib.py::test_wfs_feature_type_has_crs 
test_wfs_owslib.py::test_wfs_feature_type_has_bounding_box 
[gw2] [ 22%] PASSED test_ogc_tiles_requests.py::test_worldwebmercatorquad_tilematrixset_metadata 
[gw0] [ 22%] PASSED test_ogc_features_requests.py::test_collections_returns_valid_json 
test_ogc_tiles_requests.py::test_worldwebmercatorquad_uses_epsg3857 
test_ogc_features_requests.py::test_collections_includes_collections_array 
[gw2] [ 23%] PASSED test_ogc_tiles_requests.py::test_worldwebmercatorquad_uses_epsg3857 
test_ogc_tiles_requests.py::test_worldwebmercatorquad_tilematrix_has_valid_structure 
[gw8] [ 23%] FAILED test_wfs_owslib.py::test_wfs_feature_type_has_bounding_box 
test_wfs_owslib.py::test_wfs_describe_feature_type 
[gw2] [ 23%] PASSED test_ogc_tiles_requests.py::test_worldwebmercatorquad_tilematrix_has_valid_structure 
test_ogc_tiles_requests.py::test_worldwebmercatorquad_standard_tile_sizes 
[gw0] [ 23%] PASSED test_ogc_features_requests.py::test_collections_includes_collections_array 
test_ogc_features_requests.py::test_collections_includes_links 
[gw1] [ 24%] FAILED test_ogc_processes_requests.py::test_execute_nonexistent_process_returns_404 
[gw0] [ 24%] PASSED test_ogc_features_requests.py::test_collections_includes_links 
test_ogc_processes_requests.py::test_execute_with_malformed_json_returns_400 
test_ogc_features_requests.py::test_collection_metadata_structure 
[gw3] [ 24%] FAILED test_csw_owslib.py::test_csw_supported_output_schemas 
[gw8] [ 25%] SKIPPED test_wfs_owslib.py::test_wfs_describe_feature_type 
test_csw_owslib.py::test_csw_describe_record 
[gw2] [ 25%] PASSED test_ogc_tiles_requests.py::test_worldwebmercatorquad_standard_tile_sizes 
test_wfs_owslib.py::test_wfs_get_feature_basic 
[gw1] [ 25%] SKIPPED test_ogc_processes_requests.py::test_execute_with_malformed_json_returns_400 
test_ogc_processes_requests.py::test_execute_process_asynchronous 
test_ogc_tiles_requests.py::test_worldcrs84quad_tilematrixset_metadata 
[gw1] [ 26%] SKIPPED test_ogc_processes_requests.py::test_execute_process_asynchronous 
[gw4] [ 26%] PASSED test_wmts_owslib.py::test_wmts_get_tile_basic 
test_ogc_processes_requests.py::test_async_execution_returns_job_status 
[gw1] [ 26%] SKIPPED test_ogc_processes_requests.py::test_async_execution_returns_job_status 
[gw0] [ 26%] PASSED test_ogc_features_requests.py::test_collection_metadata_structure 
test_ogc_processes_requests.py::test_async_execution_creates_unique_job_id 
[gw5] [ 27%] PASSED test_wms_owslib.py::test_wms_get_map_basic 
test_ogc_features_requests.py::test_collection_has_extent 
[gw1] [ 27%] SKIPPED test_ogc_processes_requests.py::test_async_execution_creates_unique_job_id 
test_wmts_owslib.py::test_wmts_get_tile_different_formats 
[gw0] [ 27%] PASSED test_ogc_features_requests.py::test_collection_has_extent 
test_ogc_features_requests.py::test_get_single_collection_returns_json 
test_wms_owslib.py::test_wms_get_map_different_sizes 
[gw2] [ 28%] PASSED test_ogc_tiles_requests.py::test_worldcrs84quad_tilematrixset_metadata 
[gw0] [ 28%] PASSED test_ogc_features_requests.py::test_get_single_collection_returns_json 
test_ogc_tiles_requests.py::test_worldcrs84quad_uses_crs84 
test_ogc_features_requests.py::test_single_collection_has_required_fields 
[gw3] [ 28%] SKIPPED test_csw_owslib.py::test_csw_describe_record 
[gw4] [ 28%] PASSED test_wmts_owslib.py::test_wmts_get_tile_different_formats 
test_wmts_owslib.py::test_wmts_get_tile_different_zoom_levels 
test_csw_owslib.py::test_csw_describe_record_for_dublin_core 
test_ogc_processes_requests.py::test_get_job_status_returns_json 
[gw1] [ 29%] SKIPPED test_ogc_processes_requests.py::test_get_job_status_returns_json 
test_ogc_processes_requests.py::test_job_status_includes_process_id 
[gw1] [ 29%] SKIPPED test_ogc_processes_requests.py::test_job_status_includes_process_id 
test_ogc_processes_requests.py::test_job_status_includes_timestamps 
[gw1] [ 29%] SKIPPED test_ogc_processes_requests.py::test_job_status_includes_timestamps 
test_ogc_processes_requests.py::test_job_status_includes_links 
[gw1] [ 30%] SKIPPED test_ogc_processes_requests.py::test_job_status_includes_links 
test_ogc_processes_requests.py::test_get_nonexistent_job_returns_404 
[gw0] [ 30%] PASSED test_ogc_features_requests.py::test_single_collection_has_required_fields 
test_ogc_features_requests.py::test_single_collection_has_items_link 
[gw0] [ 30%] PASSED test_ogc_features_requests.py::test_single_collection_has_items_link 
[gw2] [ 31%] PASSED test_ogc_tiles_requests.py::test_worldcrs84quad_uses_crs84 
test_ogc_features_requests.py::test_get_nonexistent_collection_returns_404 
test_ogc_tiles_requests.py::test_collection_tilesets_endpoint_returns_valid_json 
[gw1] [ 31%] PASSED test_ogc_processes_requests.py::test_get_nonexistent_job_returns_404 
test_ogc_processes_requests.py::test_get_job_results_for_incomplete_job 
[gw1] [ 31%] SKIPPED test_ogc_processes_requests.py::test_get_job_results_for_incomplete_job 
test_ogc_processes_requests.py::test_get_job_results_returns_json 
[gw1] [ 31%] SKIPPED test_ogc_processes_requests.py::test_get_job_results_returns_json 
test_ogc_processes_requests.py::test_get_results_for_nonexistent_job_returns_404 
[gw0] [ 32%] PASSED test_ogc_features_requests.py::test_get_nonexistent_collection_returns_404 
test_ogc_features_requests.py::test_get_collection_items_returns_geojson 
[gw1] [ 32%] PASSED test_ogc_processes_requests.py::test_get_results_for_nonexistent_job_returns_404 
test_ogc_processes_requests.py::test_dismiss_job 
[gw1] [ 32%] SKIPPED test_ogc_processes_requests.py::test_dismiss_job 
test_ogc_processes_requests.py::test_dismiss_nonexistent_job_returns_404 
[gw5] [ 33%] PASSED test_wms_owslib.py::test_wms_get_map_different_sizes 
test_wms_owslib.py::test_wms_get_map_different_formats 
[gw4] [ 33%] PASSED test_wmts_owslib.py::test_wmts_get_tile_different_zoom_levels 
[gw3] [ 33%] SKIPPED test_csw_owslib.py::test_csw_describe_record_for_dublin_core 
test_csw_owslib.py::test_csw_get_records_basic 
[gw2] [ 34%] PASSED test_ogc_tiles_requests.py::test_collection_tilesets_endpoint_returns_valid_json 
test_ogc_tiles_requests.py::test_collection_tileset_metadata_includes_links 
test_wmts_owslib.py::test_wmts_get_tile_different_positions 
[gw2] [ 34%] PASSED test_ogc_tiles_requests.py::test_collection_tileset_metadata_includes_links 
test_ogc_tiles_requests.py::test_tileset_metadata_includes_zoom_levels 
[gw2] [ 34%] PASSED test_ogc_tiles_requests.py::test_tileset_metadata_includes_zoom_levels 
test_ogc_tiles_requests.py::test_raster_tile_png_format_basic 
[gw5] [ 34%] PASSED test_wms_owslib.py::test_wms_get_map_different_formats 
test_wms_owslib.py::test_wms_get_map_with_crs_epsg_3857 
[gw6] [ 35%] PASSED test_stac_pystac.py::test_open_stac_catalog 
test_stac_pystac.py::test_stac_catalog_has_conformance 
[gw5] [ 35%] SKIPPED test_wms_owslib.py::test_wms_get_map_with_crs_epsg_3857 
test_wms_owslib.py::test_wms_get_map_multiple_layers 
[gw1] [ 35%] FAILED test_ogc_processes_requests.py::test_dismiss_nonexistent_job_returns_404 
test_ogc_processes_requests.py::test_dismiss_completed_job_returns_410 
[gw1] [ 36%] SKIPPED test_ogc_processes_requests.py::test_dismiss_completed_job_returns_410 
test_ogc_processes_requests.py::test_get_job_list_returns_json 
[gw1] [ 36%] SKIPPED test_ogc_processes_requests.py::test_get_job_list_returns_json 
test_ogc_processes_requests.py::test_job_list_includes_jobs_array 
[gw1] [ 36%] SKIPPED test_ogc_processes_requests.py::test_job_list_includes_jobs_array 
[gw4] [ 36%] PASSED test_wmts_owslib.py::test_wmts_get_tile_different_positions 
test_ogc_processes_requests.py::test_job_list_includes_links 
test_wmts_owslib.py::test_wmts_get_tile_png_format 
[gw1] [ 37%] SKIPPED test_ogc_processes_requests.py::test_job_list_includes_links 
test_ogc_processes_requests.py::test_job_list_with_limit_parameter 
[gw5] [ 37%] PASSED test_wms_owslib.py::test_wms_get_map_multiple_layers 
test_wms_owslib.py::test_wms_get_map_with_transparency 
[gw1] [ 37%] SKIPPED test_ogc_processes_requests.py::test_job_list_with_limit_parameter 
test_ogc_processes_requests.py::test_job_list_with_pagination 
[gw1] [ 38%] SKIPPED test_ogc_processes_requests.py::test_job_list_with_pagination 
test_ogc_processes_requests.py::test_process_execution_accepts_json_inputs 
[gw4] [ 38%] PASSED test_wmts_owslib.py::test_wmts_get_tile_png_format 
test_wmts_owslib.py::test_wmts_get_tile_jpeg_format 
[gw4] [ 38%] SKIPPED test_wmts_owslib.py::test_wmts_get_tile_jpeg_format 
test_wmts_owslib.py::test_wmts_get_tile_with_different_styles 
[gw4] [ 39%] SKIPPED test_wmts_owslib.py::test_wmts_get_tile_with_different_styles 
test_wmts_owslib.py::test_wmts_tile_addressing 
[gw1] [ 39%] SKIPPED test_ogc_processes_requests.py::test_process_execution_accepts_json_inputs 
test_ogc_processes_requests.py::test_process_execution_with_geojson_input 
[gw5] [ 39%] PASSED test_wms_owslib.py::test_wms_get_map_with_transparency 
test_wms_owslib.py::test_wms_get_feature_info_supported 
[gw1] [ 39%] SKIPPED test_ogc_processes_requests.py::test_process_execution_with_geojson_input 
test_ogc_processes_requests.py::test_process_execution_with_output_format_specification 
[gw1] [ 40%] SKIPPED test_ogc_processes_requests.py::test_process_execution_with_output_format_specification 
test_ogc_processes_requests.py::test_execute_with_invalid_input_types_returns_400 
[gw1] [ 40%] SKIPPED test_ogc_processes_requests.py::test_execute_with_invalid_input_types_returns_400 
[gw5] [ 40%] PASSED test_wms_owslib.py::test_wms_get_feature_info_supported 
test_wms_owslib.py::test_wms_get_feature_info_basic 
test_ogc_processes_requests.py::test_execute_without_content_type_returns_400 
[gw1] [ 41%] SKIPPED test_ogc_processes_requests.py::test_execute_without_content_type_returns_400 
test_ogc_processes_requests.py::test_job_status_for_failed_job_includes_error 
[gw1] [ 41%] SKIPPED test_ogc_processes_requests.py::test_job_status_for_failed_job_includes_error 
test_ogc_processes_requests.py::test_process_list_json_via_accept_header 
[gw1] [ 41%] SKIPPED test_ogc_processes_requests.py::test_process_list_json_via_accept_header 
test_ogc_processes_requests.py::test_process_description_json_via_accept_header 
[gw1] [ 42%] SKIPPED test_ogc_processes_requests.py::test_process_description_json_via_accept_header 
test_ogc_processes_requests.py::test_unsupported_accept_header_returns_406 
[gw1] [ 42%] SKIPPED test_ogc_processes_requests.py::test_unsupported_accept_header_returns_406 
test_ogc_processes_requests.py::test_prefer_header_respond_async 
[gw1] [ 42%] SKIPPED test_ogc_processes_requests.py::test_prefer_header_respond_async 
test_ogc_processes_requests.py::test_prefer_header_return_representation 
[gw1] [ 42%] SKIPPED test_ogc_processes_requests.py::test_prefer_header_return_representation 
[gw2] [ 43%] PASSED test_ogc_tiles_requests.py::test_raster_tile_png_format_basic 
test_ogc_processes_requests.py::test_job_status_includes_progress 
[gw1] [ 43%] SKIPPED test_ogc_processes_requests.py::test_job_status_includes_progress 
test_ogc_tiles_requests.py::test_raster_tile_png_has_correct_dimensions 
[gw4] [ 43%] PASSED test_wmts_owslib.py::test_wmts_tile_addressing 
[gw2] [ 44%] PASSED test_ogc_tiles_requests.py::test_raster_tile_png_has_correct_dimensions 
test_wmts_owslib.py::test_wmts_tile_dimensions 
test_ogc_tiles_requests.py::test_raster_tile_png_different_zoom_levels 
[gw3] [ 44%] FAILED test_csw_owslib.py::test_csw_get_records_basic 
test_csw_owslib.py::test_csw_get_records_count 
[gw4] [ 44%] PASSED test_wmts_owslib.py::test_wmts_tile_dimensions 
test_wmts_owslib.py::test_wmts_invalid_layer_raises_error 
[gw4] [ 44%] PASSED test_wmts_owslib.py::test_wmts_invalid_layer_raises_error 
test_wmts_owslib.py::test_wmts_invalid_tile_matrix_set_raises_error 
[gw4] [ 45%] PASSED test_wmts_owslib.py::test_wmts_invalid_tile_matrix_set_raises_error 
test_wmts_owslib.py::test_wmts_out_of_bounds_tile_raises_error 
[gw6] [ 45%] FAILED test_stac_pystac.py::test_stac_catalog_has_conformance 
test_stac_pystac.py::test_stac_catalog_lists_collections 
[gw4] [ 45%] PASSED test_wmts_owslib.py::test_wmts_out_of_bounds_tile_raises_error 
test_wmts_owslib.py::test_wmts_invalid_format_raises_error 
[gw2] [ 46%] PASSED test_ogc_tiles_requests.py::test_raster_tile_png_different_zoom_levels 
test_ogc_tiles_requests.py::test_raster_tile_png_different_coordinates 
[gw4] [ 46%] PASSED test_wmts_owslib.py::test_wmts_invalid_format_raises_error 
test_wmts_owslib.py::test_wmts_invalid_style_raises_error 
[gw4] [ 46%] PASSED test_wmts_owslib.py::test_wmts_invalid_style_raises_error 
[gw6] [ 47%] FAILED test_stac_pystac.py::test_stac_catalog_lists_collections 
test_stac_pystac.py::test_search_with_bbox 
test_wmts_owslib.py::test_wmts_time_dimension_if_supported 
[gw4] [ 47%] PASSED test_wmts_owslib.py::test_wmts_time_dimension_if_supported 
test_wmts_owslib.py::test_wmts_elevation_dimension_if_supported 
[gw4] [ 47%] PASSED test_wmts_owslib.py::test_wmts_elevation_dimension_if_supported 
test_wmts_owslib.py::test_wmts_kvp_encoding_supported 
[gw4] [ 47%] PASSED test_wmts_owslib.py::test_wmts_kvp_encoding_supported 
test_wmts_owslib.py::test_wmts_restful_encoding_if_supported 
[gw4] [ 48%] PASSED test_wmts_owslib.py::test_wmts_restful_encoding_if_supported 
[gw3] [ 48%] FAILED test_csw_owslib.py::test_csw_get_records_count 
test_csw_owslib.py::test_csw_get_records_with_start_position 
test_wmts_owslib.py::test_wmts_service_type_version 
[gw4] [ 48%] PASSED test_wmts_owslib.py::test_wmts_service_type_version 
test_wmts_owslib.py::test_wmts_mandatory_operations 
[gw4] [ 49%] PASSED test_wmts_owslib.py::test_wmts_mandatory_operations 
test_wmts_owslib.py::test_wmts_layer_has_mandatory_metadata 
[gw4] [ 49%] PASSED test_wmts_owslib.py::test_wmts_layer_has_mandatory_metadata 
test_wmts_owslib.py::test_wmts_exception_format 
[gw4] [ 49%] PASSED test_wmts_owslib.py::test_wmts_exception_format 
[gw3] [ 50%] SKIPPED test_csw_owslib.py::test_csw_get_records_with_start_position 
test_csw_owslib.py::test_csw_get_records_result_type_hits 
[gw2] [ 50%] PASSED test_ogc_tiles_requests.py::test_raster_tile_png_different_coordinates 
test_ogc_tiles_requests.py::test_raster_tile_jpeg_format 
[gw7] [ 50%] FAILED test_wcs_rasterio.py::test_wcs_open_coverage_via_gdal 
test_wcs_rasterio.py::test_wcs_open_coverage_via_xml_descriptor 
[gw3] [ 50%] SKIPPED test_csw_owslib.py::test_csw_get_records_result_type_hits 
test_csw_owslib.py::test_csw_get_records_validates_total_count 
[gw2] [ 51%] PASSED test_ogc_tiles_requests.py::test_raster_tile_jpeg_format 
test_ogc_tiles_requests.py::test_raster_tile_jpeg_has_correct_dimensions 
[gw6] [ 51%] FAILED test_stac_pystac.py::test_search_with_bbox 
[gw2] [ 51%] PASSED test_ogc_tiles_requests.py::test_raster_tile_jpeg_has_correct_dimensions 
test_ogc_tiles_requests.py::test_vector_tile_mvt_format 
[gw2] [ 52%] PASSED test_ogc_tiles_requests.py::test_vector_tile_mvt_format 
test_ogc_tiles_requests.py::test_vector_tile_mvt_different_zoom_levels 
[gw7] [ 52%] FAILED test_wcs_rasterio.py::test_wcs_open_coverage_via_xml_descriptor 
test_wcs_rasterio.py::test_wcs_read_coverage_metadata 
[gw2] [ 52%] PASSED test_ogc_tiles_requests.py::test_vector_tile_mvt_different_zoom_levels 
test_ogc_tiles_requests.py::test_tile_bounds_metadata_available 
[gw2] [ 52%] PASSED test_ogc_tiles_requests.py::test_tile_bounds_metadata_available 
test_ogc_tiles_requests.py::test_tile_links_include_templated_url 
[gw2] [ 53%] PASSED test_ogc_tiles_requests.py::test_tile_links_include_templated_url 
[gw3] [ 53%] FAILED test_csw_owslib.py::test_csw_get_records_validates_total_count 
test_csw_owslib.py::test_csw_get_records_with_text_search 
test_ogc_tiles_requests.py::test_tile_includes_cache_headers 
[gw2] [ 53%] PASSED test_ogc_tiles_requests.py::test_tile_includes_cache_headers 
test_ogc_tiles_requests.py::test_tile_etag_validation 
[gw3] [ 54%] SKIPPED test_csw_owslib.py::test_csw_get_records_with_text_search 
test_csw_owslib.py::test_csw_get_records_with_bbox_filter 
[gw7] [ 54%] FAILED test_wcs_rasterio.py::test_wcs_read_coverage_metadata 
test_wcs_rasterio.py::test_wcs_read_coverage_crs 
[gw2] [ 54%] PASSED test_ogc_tiles_requests.py::test_tile_etag_validation 
test_ogc_tiles_requests.py::test_tile_cache_control_header 
[gw2] [ 55%] PASSED test_ogc_tiles_requests.py::test_tile_cache_control_header 
test_ogc_tiles_requests.py::test_invalid_tilematrixset_returns_404 
[gw3] [ 55%] SKIPPED test_csw_owslib.py::test_csw_get_records_with_bbox_filter 
test_csw_owslib.py::test_csw_get_records_with_property_filter 
[gw2] [ 55%] PASSED test_ogc_tiles_requests.py::test_invalid_tilematrixset_returns_404 
test_ogc_tiles_requests.py::test_invalid_collection_id_returns_404 
[gw7] [ 55%] FAILED test_wcs_rasterio.py::test_wcs_read_coverage_crs 
test_wcs_rasterio.py::test_wcs_read_coverage_transform 
[gw2] [ 56%] PASSED test_ogc_tiles_requests.py::test_invalid_collection_id_returns_404 
test_ogc_tiles_requests.py::test_out_of_bounds_tile_coordinates_returns_404 
[gw3] [ 56%] SKIPPED test_csw_owslib.py::test_csw_get_records_with_property_filter 
test_csw_owslib.py::test_csw_get_records_with_combined_filters 
[gw2] [ 56%] PASSED test_ogc_tiles_requests.py::test_out_of_bounds_tile_coordinates_returns_404 
test_ogc_tiles_requests.py::test_invalid_zoom_level_returns_error 
[gw2] [ 57%] PASSED test_ogc_tiles_requests.py::test_invalid_zoom_level_returns_error 
test_ogc_tiles_requests.py::test_negative_tile_coordinates_returns_error 
[gw3] [ 57%] SKIPPED test_csw_owslib.py::test_csw_get_records_with_combined_filters 
test_csw_owslib.py::test_csw_get_records_dublin_core_schema 
[gw7] [ 57%] FAILED test_wcs_rasterio.py::test_wcs_read_coverage_transform 
[gw2] [ 57%] PASSED test_ogc_tiles_requests.py::test_negative_tile_coordinates_returns_error 
test_ogc_tiles_requests.py::test_invalid_tile_matrix_parameter_returns_400 
test_wcs_rasterio.py::test_wcs_read_coverage_bounds 
[gw2] [ 58%] PASSED test_ogc_tiles_requests.py::test_invalid_tile_matrix_parameter_returns_400 
test_ogc_tiles_requests.py::test_unsupported_format_returns_error 
[gw7] [ 58%] FAILED test_wcs_rasterio.py::test_wcs_read_coverage_bounds 
test_wcs_rasterio.py::test_wcs_read_coverage_resolution 
[gw2] [ 58%] FAILED test_ogc_tiles_requests.py::test_unsupported_format_returns_error 
test_ogc_tiles_requests.py::test_malformed_tile_url_returns_error 
[gw2] [ 59%] PASSED test_ogc_tiles_requests.py::test_malformed_tile_url_returns_error 
test_ogc_tiles_requests.py::test_png_tile_is_valid_image_file 
[gw7] [ 59%] FAILED test_wcs_rasterio.py::test_wcs_read_coverage_resolution 
[gw3] [ 59%] FAILED test_csw_owslib.py::test_csw_get_records_dublin_core_schema 
test_csw_owslib.py::test_csw_get_records_iso_19139_schema 
test_wcs_rasterio.py::test_wcs_read_coverage_data_full 
[gw2] [ 60%] PASSED test_ogc_tiles_requests.py::test_png_tile_is_valid_image_file 
test_ogc_tiles_requests.py::test_png_tile_has_valid_color_depth 
[gw2] [ 60%] PASSED test_ogc_tiles_requests.py::test_png_tile_has_valid_color_depth 
test_ogc_tiles_requests.py::test_jpeg_tile_is_valid_image_file 
[gw3] [ 60%] SKIPPED test_csw_owslib.py::test_csw_get_records_iso_19139_schema 
test_csw_owslib.py::test_csw_get_records_validates_schema_format 
[gw2] [ 60%] PASSED test_ogc_tiles_requests.py::test_jpeg_tile_is_valid_image_file 
test_ogc_tiles_requests.py::test_tiles_at_different_zooms_have_consistent_dimensions 
test_stac_pystac.py::test_search_with_specific_bbox 
[gw6] [ 61%] FAILED test_stac_pystac.py::test_search_with_specific_bbox 
test_stac_pystac.py::test_search_with_intersects_geometry 
[gw3] [ 61%] SKIPPED test_csw_owslib.py::test_csw_get_records_validates_schema_format 
test_csw_owslib.py::test_csw_get_record_by_id_basic 
[gw6] [ 61%] FAILED test_stac_pystac.py::test_search_with_intersects_geometry 
test_stac_pystac.py::test_search_with_intersects_geojson 
[gw7] [ 62%] FAILED test_wcs_rasterio.py::test_wcs_read_coverage_data_full 
test_wcs_rasterio.py::test_wcs_read_coverage_data_windowed 
[gw2] [ 62%] PASSED test_ogc_tiles_requests.py::test_tiles_at_different_zooms_have_consistent_dimensions 
[gw3] [ 62%] SKIPPED test_csw_owslib.py::test_csw_get_record_by_id_basic 
test_csw_owslib.py::test_csw_get_record_by_id_multiple 
[gw6] [ 63%] FAILED test_stac_pystac.py::test_search_with_intersects_geojson 
test_stac_pystac.py::test_search_with_datetime_single 
[gw7] [ 63%] FAILED test_wcs_rasterio.py::test_wcs_read_coverage_data_windowed 
test_wcs_rasterio.py::test_wcs_read_coverage_data_downsampled 
[gw3] [ 63%] SKIPPED test_csw_owslib.py::test_csw_get_record_by_id_multiple 
test_csw_owslib.py::test_csw_get_record_by_id_validates_content 
[gw3] [ 63%] SKIPPED test_csw_owslib.py::test_csw_get_record_by_id_validates_content 
test_csw_owslib.py::test_csw_get_record_by_id_iso_schema 
[gw3] [ 64%] SKIPPED test_csw_owslib.py::test_csw_get_record_by_id_iso_schema 
test_csw_owslib.py::test_csw_get_domain 
[gw3] [ 64%] PASSED test_csw_owslib.py::test_csw_get_domain 
test_csw_owslib.py::test_csw_record_has_identifier 
[gw7] [ 64%] FAILED test_wcs_rasterio.py::test_wcs_read_coverage_data_downsampled 
test_wcs_rasterio.py::test_wcs_read_coverage_data_with_resampling 
[gw6] [ 65%] FAILED test_stac_pystac.py::test_search_with_datetime_single 
test_stac_pystac.py::test_search_with_datetime_range 
[gw7] [ 65%] FAILED test_wcs_rasterio.py::test_wcs_read_coverage_data_with_resampling 
test_wcs_rasterio.py::test_wcs_read_band_metadata 
[gw3] [ 65%] FAILED test_csw_owslib.py::test_csw_record_has_identifier 
test_csw_owslib.py::test_csw_record_has_title 
[gw6] [ 65%] FAILED test_stac_pystac.py::test_search_with_datetime_range 
test_stac_pystac.py::test_search_with_open_ended_datetime 
[gw7] [ 66%] FAILED test_wcs_rasterio.py::test_wcs_read_band_metadata 
test_wcs_rasterio.py::test_wcs_read_multiband_coverage 
[gw7] [ 66%] FAILED test_wcs_rasterio.py::test_wcs_read_multiband_coverage 
test_wcs_rasterio.py::test_wcs_coverage_data_type_preserved 
[gw6] [ 66%] FAILED test_stac_pystac.py::test_search_with_open_ended_datetime 
test_stac_pystac.py::test_search_with_datetime_validates_items 
[gw3] [ 67%] FAILED test_csw_owslib.py::test_csw_record_has_title 
test_csw_owslib.py::test_csw_record_has_type 
[gw7] [ 67%] FAILED test_wcs_rasterio.py::test_wcs_coverage_data_type_preserved 
test_wcs_rasterio.py::test_wcs_coverage_crs_transformation 
[gw3] [ 67%] FAILED test_csw_owslib.py::test_csw_record_has_type 
test_csw_owslib.py::test_csw_record_has_bounding_box 
[gw6] [ 68%] FAILED test_stac_pystac.py::test_search_with_datetime_validates_items 
test_stac_pystac.py::test_search_with_query_parameter 
[gw7] [ 68%] FAILED test_wcs_rasterio.py::test_wcs_coverage_crs_transformation 
test_wcs_rasterio.py::test_wcs_invalid_coverage_raises_error 
[gw3] [ 68%] SKIPPED test_csw_owslib.py::test_csw_record_has_bounding_box 
test_csw_owslib.py::test_csw_invalid_record_id_raises_error 
[gw7] [ 68%] PASSED test_wcs_rasterio.py::test_wcs_invalid_coverage_raises_error 
test_wcs_rasterio.py::test_wcs_malformed_url_raises_error 
[gw3] [ 69%] PASSED test_csw_owslib.py::test_csw_invalid_record_id_raises_error 
test_csw_owslib.py::test_csw_missing_service_parameter_raises_error 
[gw6] [ 69%] ERROR test_stac_pystac.py::test_search_with_query_parameter 
[gw7] [ 69%] FAILED test_wcs_rasterio.py::test_wcs_malformed_url_raises_error 
test_stac_pystac.py::test_search_with_collections_filter 
test_wcs_rasterio.py::test_wcs_gdal_config_options 
[gw3] [ 70%] PASSED test_csw_owslib.py::test_csw_missing_service_parameter_raises_error 
test_csw_owslib.py::test_csw_invalid_request_raises_error 
[gw3] [ 70%] PASSED test_csw_owslib.py::test_csw_invalid_request_raises_error 
test_csw_owslib.py::test_csw_invalid_filter_raises_error 
[gw6] [ 70%] ERROR test_stac_pystac.py::test_search_with_collections_filter 
test_stac_pystac.py::test_search_with_multiple_collections 
[gw7] [ 71%] FAILED test_wcs_rasterio.py::test_wcs_gdal_config_options 
test_wcs_rasterio.py::test_wcs_with_authentication 
[gw7] [ 71%] SKIPPED test_wcs_rasterio.py::test_wcs_with_authentication 
test_wcs_rasterio.py::test_wcs_large_coverage_streaming 
[gw6] [ 71%] FAILED test_stac_pystac.py::test_search_with_multiple_collections 
test_stac_pystac.py::test_search_within_collection_items 
[gw3] [ 71%] FAILED test_csw_owslib.py::test_csw_invalid_filter_raises_error 
test_csw_owslib.py::test_csw_invalid_output_schema_handling 
[gw7] [ 72%] FAILED test_wcs_rasterio.py::test_wcs_large_coverage_streaming 
test_wcs_rasterio.py::test_ogc_api_coverages_compatibility 
[gw7] [ 72%] SKIPPED test_wcs_rasterio.py::test_ogc_api_coverages_compatibility 
[gw6] [ 72%] ERROR test_stac_pystac.py::test_search_within_collection_items 
test_stac_pystac.py::test_iterate_through_paged_results 
[gw3] [ 73%] FAILED test_csw_owslib.py::test_csw_invalid_output_schema_handling 
test_csw_owslib.py::test_csw_transaction_not_supported 
[gw3] [ 73%] PASSED test_csw_owslib.py::test_csw_transaction_not_supported 
test_csw_owslib.py::test_csw_response_time_reasonable 
[gw6] [ 73%] FAILED test_stac_pystac.py::test_iterate_through_paged_results 
test_stac_pystac.py::test_item_collection_returns_all_pages 
[gw3] [ 73%] SKIPPED test_csw_owslib.py::test_csw_response_time_reasonable 
test_csw_owslib.py::test_csw_xml_response_well_formed 
[gw3] [ 74%] SKIPPED test_csw_owslib.py::test_csw_xml_response_well_formed 
test_csw_owslib.py::test_csw_unicode_support 
[gw3] [ 74%] SKIPPED test_csw_owslib.py::test_csw_unicode_support 
[gw6] [ 74%] FAILED test_stac_pystac.py::test_item_collection_returns_all_pages 
test_stac_pystac.py::test_pagination_with_limit 
[gw6] [ 75%] FAILED test_stac_pystac.py::test_pagination_with_limit 
test_stac_pystac.py::test_download_item_asset_metadata 
[gw6] [ 75%] FAILED test_stac_pystac.py::test_download_item_asset_metadata 
test_stac_pystac.py::test_download_asset_with_requests 
[gw6] [ 75%] FAILED test_stac_pystac.py::test_download_asset_with_requests 
test_stac_pystac.py::test_cog_asset_is_geotiff 
[gw6] [ 76%] FAILED test_stac_pystac.py::test_cog_asset_is_geotiff 
test_stac_pystac.py::test_validate_stac_item_schema 
[gw6] [ 76%] FAILED test_stac_pystac.py::test_validate_stac_item_schema 
test_stac_pystac.py::test_validate_item_has_required_fields 
[gw6] [ 76%] FAILED test_stac_pystac.py::test_validate_item_has_required_fields 
test_stac_pystac.py::test_validate_item_geometry_is_geojson 
[gw6] [ 76%] FAILED test_stac_pystac.py::test_validate_item_geometry_is_geojson 
test_stac_pystac.py::test_invalid_catalog_url_raises_error 
[gw6] [ 77%] PASSED test_stac_pystac.py::test_invalid_catalog_url_raises_error 
test_stac_pystac.py::test_invalid_collection_raises_error 
[gw6] [ 77%] PASSED test_stac_pystac.py::test_invalid_collection_raises_error 
test_stac_pystac.py::test_search_with_invalid_bbox_raises_error 
[gw6] [ 77%] PASSED test_stac_pystac.py::test_search_with_invalid_bbox_raises_error 
test_stac_pystac.py::test_search_with_invalid_datetime_raises_error 
[gw6] [ 78%] PASSED test_stac_pystac.py::test_search_with_invalid_datetime_raises_error 
test_stac_pystac.py::test_search_with_multiple_filters 
[gw6] [ 78%] ERROR test_stac_pystac.py::test_search_with_multiple_filters 
test_stac_pystac.py::test_search_with_spatial_and_temporal_filters 
[gw6] [ 78%] FAILED test_stac_pystac.py::test_search_with_spatial_and_temporal_filters 
test_stac_pystac.py::test_search_matches_returned_count 
[gw6] [ 78%] FAILED test_stac_pystac.py::test_search_matches_returned_count 
test_stac_pystac.py::test_item_has_links 
[gw6] [ 79%] FAILED test_stac_pystac.py::test_item_has_links 
test_stac_pystac.py::test_collection_has_extent 
[gw6] [ 79%] ERROR test_stac_pystac.py::test_collection_has_extent 
test_stac_pystac.py::test_collection_has_license 
[gw6] [ 79%] ERROR test_stac_pystac.py::test_collection_has_license 
[gw9] [ 80%] PASSED test_smoke.py::TestOGCAPI::test_landing_page 
test_smoke.py::TestOGCAPI::test_conformance 
[gw9] [ 80%] PASSED test_smoke.py::TestOGCAPI::test_conformance 
test_smoke.py::TestWFS::test_get_capabilities 
[gw9] [ 80%] PASSED test_smoke.py::TestWFS::test_get_capabilities 
test_smoke.py::TestWMS::test_get_capabilities 
[gw9] [ 81%] PASSED test_smoke.py::TestWMS::test_get_capabilities 
test_smoke.py::TestWMTS::test_get_capabilities 
[gw9] [ 81%] PASSED test_smoke.py::TestWMTS::test_get_capabilities 
test_smoke.py::TestSTAC::test_catalog_root 
[gw9] [ 81%] PASSED test_smoke.py::TestSTAC::test_catalog_root 
test_smoke.py::TestGeoServicesREST::test_rest_info 
[gw9] [ 81%] PASSED test_smoke.py::TestGeoServicesREST::test_rest_info 
test_smoke.py::TestHealth::test_health_live 
[gw9] [ 82%] PASSED test_smoke.py::TestHealth::test_health_live 
test_smoke.py::TestHealth::test_health_ready 
[gw0] [ 82%] FAILED test_ogc_features_requests.py::test_get_collection_items_returns_geojson 
test_ogc_features_requests.py::test_collection_items_include_links 
[gw8] [ 82%] FAILED test_wfs_owslib.py::test_wfs_get_feature_basic 
test_wfs_owslib.py::test_wfs_get_feature_count_parameter 
[gw5] [ 83%] FAILED test_wms_owslib.py::test_wms_get_feature_info_basic 
test_wms_owslib.py::test_wms_get_feature_info_formats 
[gw5] [ 83%] PASSED test_wms_owslib.py::test_wms_get_feature_info_formats 
test_wms_owslib.py::test_wms_get_legend_graphic_supported 
[gw5] [ 83%] PASSED test_wms_owslib.py::test_wms_get_legend_graphic_supported 
test_wms_owslib.py::test_wms_layer_default_style 
[gw5] [ 84%] PASSED test_wms_owslib.py::test_wms_layer_default_style 
test_wms_owslib.py::test_wms_invalid_layer_raises_error 
[gw5] [ 84%] PASSED test_wms_owslib.py::test_wms_invalid_layer_raises_error 
test_wms_owslib.py::test_wms_invalid_crs_raises_error 
[gw5] [ 84%] PASSED test_wms_owslib.py::test_wms_invalid_crs_raises_error 
test_wms_owslib.py::test_wms_invalid_bbox_raises_error 
[gw5] [ 84%] PASSED test_wms_owslib.py::test_wms_invalid_bbox_raises_error 
test_wms_owslib.py::test_wms_unsupported_format_raises_error 
[gw5] [ 85%] PASSED test_wms_owslib.py::test_wms_unsupported_format_raises_error 
test_wms_owslib.py::test_wms_time_dimension_if_supported 
[gw5] [ 85%] PASSED test_wms_owslib.py::test_wms_time_dimension_if_supported 
test_wms_owslib.py::test_wms_elevation_dimension_if_supported 
[gw5] [ 85%] PASSED test_wms_owslib.py::test_wms_elevation_dimension_if_supported 
test_wms_owslib.py::test_wms_1_3_0_axis_order 
[gw5] [ 86%] PASSED test_wms_owslib.py::test_wms_1_3_0_axis_order 
test_wms_owslib.py::test_wms_exception_format 
[gw5] [ 86%] PASSED test_wms_owslib.py::test_wms_exception_format 
[gw0] [ 86%] FAILED test_ogc_features_requests.py::test_collection_items_include_links 
test_ogc_features_requests.py::test_collection_items_validate_features 
[gw9] [ 86%] FAILED test_smoke.py::TestHealth::test_health_ready 
[gw8] [ 87%] SKIPPED test_wfs_owslib.py::test_wfs_get_feature_count_parameter 
test_wfs_owslib.py::test_wfs_get_feature_with_bbox_filter 
[gw0] [ 87%] PASSED test_ogc_features_requests.py::test_collection_items_validate_features 
test_ogc_features_requests.py::test_items_with_limit_parameter 
[gw8] [ 87%] FAILED test_wfs_owslib.py::test_wfs_get_feature_with_bbox_filter 
test_wfs_owslib.py::test_wfs_get_feature_geojson_format 
[gw0] [ 88%] FAILED test_ogc_features_requests.py::test_items_with_limit_parameter 
test_ogc_features_requests.py::test_items_with_bbox_filter 
[gw8] [ 88%] SKIPPED test_wfs_owslib.py::test_wfs_get_feature_geojson_format 
test_wfs_owslib.py::test_wfs_invalid_feature_type_raises_error 
[gw8] [ 88%] PASSED test_wfs_owslib.py::test_wfs_invalid_feature_type_raises_error 
test_wfs_owslib.py::test_wfs_getcapabilities_lists_feature_types 
[gw8] [ 89%] PASSED test_wfs_owslib.py::test_wfs_getcapabilities_lists_feature_types 
test_wfs_owslib.py::test_wfs_getfeature_returns_geojson 
[gw0] [ 89%] FAILED test_ogc_features_requests.py::test_items_with_bbox_filter 
test_ogc_features_requests.py::test_items_with_specific_bbox_filter 
[gw8] [ 89%] FAILED test_wfs_owslib.py::test_wfs_getfeature_returns_geojson 
test_wfs_owslib.py::test_wfs_getfeature_returns_gml 
[gw0] [ 89%] FAILED test_ogc_features_requests.py::test_items_with_specific_bbox_filter 
test_ogc_features_requests.py::test_items_with_datetime_filter 
[gw8] [ 90%] FAILED test_wfs_owslib.py::test_wfs_getfeature_returns_gml 
test_wfs_owslib.py::test_wfs_supports_bbox_filter 
[gw0] [ 90%] FAILED test_ogc_features_requests.py::test_items_with_datetime_filter 
test_ogc_features_requests.py::test_items_with_datetime_single_instant 
[gw8] [ 90%] FAILED test_wfs_owslib.py::test_wfs_supports_bbox_filter 
[gw0] [ 91%] FAILED test_ogc_features_requests.py::test_items_with_datetime_single_instant 
test_ogc_features_requests.py::test_items_with_open_ended_datetime 
[gw0] [ 91%] FAILED test_ogc_features_requests.py::test_items_with_open_ended_datetime 
test_ogc_features_requests.py::test_items_with_combined_filters 
[gw0] [ 91%] FAILED test_ogc_features_requests.py::test_items_with_combined_filters 
test_ogc_features_requests.py::test_items_pagination_with_limit_and_offset 
[gw0] [ 92%] FAILED test_ogc_features_requests.py::test_items_pagination_with_limit_and_offset 
test_ogc_features_requests.py::test_items_next_link_pagination 
[gw0] [ 92%] FAILED test_ogc_features_requests.py::test_items_next_link_pagination 
test_ogc_features_requests.py::test_items_self_link_present 
[gw0] [ 92%] FAILED test_ogc_features_requests.py::test_items_self_link_present 
test_ogc_features_requests.py::test_get_single_item_returns_geojson_feature 
[gw0] [ 92%] FAILED test_ogc_features_requests.py::test_get_single_item_returns_geojson_feature 
test_ogc_features_requests.py::test_get_single_item_includes_links 
[gw0] [ 93%] SKIPPED test_ogc_features_requests.py::test_get_single_item_includes_links 
test_ogc_features_requests.py::test_get_nonexistent_item_returns_404 
[gw0] [ 93%] FAILED test_ogc_features_requests.py::test_get_nonexistent_item_returns_404 
test_ogc_features_requests.py::test_get_collection_queryables 
[gw0] [ 93%] PASSED test_ogc_features_requests.py::test_get_collection_queryables 
test_ogc_features_requests.py::test_queryables_include_property_schema 
[gw0] [ 94%] PASSED test_ogc_features_requests.py::test_queryables_include_property_schema 
test_ogc_features_requests.py::test_items_with_crs_parameter 
[gw0] [ 94%] FAILED test_ogc_features_requests.py::test_items_with_crs_parameter 
test_ogc_features_requests.py::test_items_default_crs_is_wgs84 
[gw0] [ 94%] FAILED test_ogc_features_requests.py::test_items_default_crs_is_wgs84 
test_ogc_features_requests.py::test_items_geojson_format_via_accept_header 
[gw0] [ 94%] FAILED test_ogc_features_requests.py::test_items_geojson_format_via_accept_header 
test_ogc_features_requests.py::test_items_json_format_via_accept_header 
[gw0] [ 95%] FAILED test_ogc_features_requests.py::test_items_json_format_via_accept_header 
test_ogc_features_requests.py::test_items_format_via_f_parameter 
[gw0] [ 95%] FAILED test_ogc_features_requests.py::test_items_format_via_f_parameter 
test_ogc_features_requests.py::test_search_get_returns_features 
[gw0] [ 95%] FAILED test_ogc_features_requests.py::test_search_get_returns_features 
test_ogc_features_requests.py::test_search_post_returns_features 
[gw0] [ 96%] FAILED test_ogc_features_requests.py::test_search_post_returns_features 
test_ogc_features_requests.py::test_search_with_collections_filter 
[gw0] [ 96%] FAILED test_ogc_features_requests.py::test_search_with_collections_filter 
test_ogc_features_requests.py::test_search_with_bbox_filter 
[gw0] [ 96%] FAILED test_ogc_features_requests.py::test_search_with_bbox_filter 
test_ogc_features_requests.py::test_items_with_cql2_json_filter 
[gw0] [ 97%] PASSED test_ogc_features_requests.py::test_items_with_cql2_json_filter 
test_ogc_features_requests.py::test_items_with_cql2_text_filter 
[gw0] [ 97%] PASSED test_ogc_features_requests.py::test_items_with_cql2_text_filter 
test_ogc_features_requests.py::test_invalid_collection_id_returns_404 
[gw0] [ 97%] PASSED test_ogc_features_requests.py::test_invalid_collection_id_returns_404 
test_ogc_features_requests.py::test_invalid_bbox_format_returns_400 
[gw0] [ 97%] PASSED test_ogc_features_requests.py::test_invalid_bbox_format_returns_400 
test_ogc_features_requests.py::test_invalid_datetime_format_returns_400 
[gw0] [ 98%] PASSED test_ogc_features_requests.py::test_invalid_datetime_format_returns_400 
test_ogc_features_requests.py::test_negative_limit_returns_400 
[gw0] [ 98%] PASSED test_ogc_features_requests.py::test_negative_limit_returns_400 
test_ogc_features_requests.py::test_excessive_limit_is_capped 
[gw0] [ 98%] FAILED test_ogc_features_requests.py::test_excessive_limit_is_capped 
test_ogc_features_requests.py::test_items_include_numberreturned 
[gw0] [ 99%] FAILED test_ogc_features_requests.py::test_items_include_numberreturned 
test_ogc_features_requests.py::test_items_include_numbermatched 
[gw0] [ 99%] FAILED test_ogc_features_requests.py::test_items_include_numbermatched 
test_ogc_features_requests.py::test_collection_html_via_accept_header 
[gw0] [ 99%] PASSED test_ogc_features_requests.py::test_collection_html_via_accept_header 
test_ogc_features_requests.py::test_unsupported_format_returns_406 
[gw0] [100%] PASSED test_ogc_features_requests.py::test_unsupported_format_returns_406 

==================================== ERRORS ====================================
______________ ERROR at setup of test_search_with_query_parameter ______________
[gw6] linux -- Python 3.12.3 /home/mike/projects/Honua.Server/tests/python/.venv/bin/python3
test_stac_pystac.py:70: in valid_collection_id
    collections = list(stac_client.get_collections())
                  ^^^^^^^^^^^^^^^^^^^^^^^^^^^^^^^^^^^
.venv/lib/python3.12/site-packages/pystac_client/client.py:436: in get_collections
    for page in self._stac_io.get_pages(url):
.venv/lib/python3.12/site-packages/pystac_client/stac_api_io.py:304: in get_pages
    page = self.read_json(url, method=method, parameters=parameters)
           ^^^^^^^^^^^^^^^^^^^^^^^^^^^^^^^^^^^^^^^^^^^^^^^^^^^^^^^^^
.venv/lib/python3.12/site-packages/pystac/stac_io.py:206: in read_json
    txt = self.read_text(source, *args, **kwargs)
          ^^^^^^^^^^^^^^^^^^^^^^^^^^^^^^^^^^^^^^^
.venv/lib/python3.12/site-packages/pystac_client/stac_api_io.py:169: in read_text
    with open(href) as f:
         ^^^^^^^^^^
E   FileNotFoundError: [Errno 2] No such file or directory: 'file:///stac/collections'
____________ ERROR at setup of test_search_with_collections_filter _____________
[gw6] linux -- Python 3.12.3 /home/mike/projects/Honua.Server/tests/python/.venv/bin/python3
test_stac_pystac.py:70: in valid_collection_id
    collections = list(stac_client.get_collections())
                  ^^^^^^^^^^^^^^^^^^^^^^^^^^^^^^^^^^^
.venv/lib/python3.12/site-packages/pystac_client/client.py:436: in get_collections
    for page in self._stac_io.get_pages(url):
.venv/lib/python3.12/site-packages/pystac_client/stac_api_io.py:304: in get_pages
    page = self.read_json(url, method=method, parameters=parameters)
           ^^^^^^^^^^^^^^^^^^^^^^^^^^^^^^^^^^^^^^^^^^^^^^^^^^^^^^^^^
.venv/lib/python3.12/site-packages/pystac/stac_io.py:206: in read_json
    txt = self.read_text(source, *args, **kwargs)
          ^^^^^^^^^^^^^^^^^^^^^^^^^^^^^^^^^^^^^^^
.venv/lib/python3.12/site-packages/pystac_client/stac_api_io.py:169: in read_text
    with open(href) as f:
         ^^^^^^^^^^
E   FileNotFoundError: [Errno 2] No such file or directory: 'file:///stac/collections'
____________ ERROR at setup of test_search_within_collection_items _____________
[gw6] linux -- Python 3.12.3 /home/mike/projects/Honua.Server/tests/python/.venv/bin/python3
test_stac_pystac.py:70: in valid_collection_id
    collections = list(stac_client.get_collections())
                  ^^^^^^^^^^^^^^^^^^^^^^^^^^^^^^^^^^^
.venv/lib/python3.12/site-packages/pystac_client/client.py:436: in get_collections
    for page in self._stac_io.get_pages(url):
.venv/lib/python3.12/site-packages/pystac_client/stac_api_io.py:304: in get_pages
    page = self.read_json(url, method=method, parameters=parameters)
           ^^^^^^^^^^^^^^^^^^^^^^^^^^^^^^^^^^^^^^^^^^^^^^^^^^^^^^^^^
.venv/lib/python3.12/site-packages/pystac/stac_io.py:206: in read_json
    txt = self.read_text(source, *args, **kwargs)
          ^^^^^^^^^^^^^^^^^^^^^^^^^^^^^^^^^^^^^^^
.venv/lib/python3.12/site-packages/pystac_client/stac_api_io.py:169: in read_text
    with open(href) as f:
         ^^^^^^^^^^
E   FileNotFoundError: [Errno 2] No such file or directory: 'file:///stac/collections'
_____________ ERROR at setup of test_search_with_multiple_filters ______________
[gw6] linux -- Python 3.12.3 /home/mike/projects/Honua.Server/tests/python/.venv/bin/python3
test_stac_pystac.py:70: in valid_collection_id
    collections = list(stac_client.get_collections())
                  ^^^^^^^^^^^^^^^^^^^^^^^^^^^^^^^^^^^
.venv/lib/python3.12/site-packages/pystac_client/client.py:436: in get_collections
    for page in self._stac_io.get_pages(url):
.venv/lib/python3.12/site-packages/pystac_client/stac_api_io.py:304: in get_pages
    page = self.read_json(url, method=method, parameters=parameters)
           ^^^^^^^^^^^^^^^^^^^^^^^^^^^^^^^^^^^^^^^^^^^^^^^^^^^^^^^^^
.venv/lib/python3.12/site-packages/pystac/stac_io.py:206: in read_json
    txt = self.read_text(source, *args, **kwargs)
          ^^^^^^^^^^^^^^^^^^^^^^^^^^^^^^^^^^^^^^^
.venv/lib/python3.12/site-packages/pystac_client/stac_api_io.py:169: in read_text
    with open(href) as f:
         ^^^^^^^^^^
E   FileNotFoundError: [Errno 2] No such file or directory: 'file:///stac/collections'
_________________ ERROR at setup of test_collection_has_extent _________________
[gw6] linux -- Python 3.12.3 /home/mike/projects/Honua.Server/tests/python/.venv/bin/python3
test_stac_pystac.py:70: in valid_collection_id
    collections = list(stac_client.get_collections())
                  ^^^^^^^^^^^^^^^^^^^^^^^^^^^^^^^^^^^
.venv/lib/python3.12/site-packages/pystac_client/client.py:436: in get_collections
    for page in self._stac_io.get_pages(url):
.venv/lib/python3.12/site-packages/pystac_client/stac_api_io.py:304: in get_pages
    page = self.read_json(url, method=method, parameters=parameters)
           ^^^^^^^^^^^^^^^^^^^^^^^^^^^^^^^^^^^^^^^^^^^^^^^^^^^^^^^^^
.venv/lib/python3.12/site-packages/pystac/stac_io.py:206: in read_json
    txt = self.read_text(source, *args, **kwargs)
          ^^^^^^^^^^^^^^^^^^^^^^^^^^^^^^^^^^^^^^^
.venv/lib/python3.12/site-packages/pystac_client/stac_api_io.py:169: in read_text
    with open(href) as f:
         ^^^^^^^^^^
E   FileNotFoundError: [Errno 2] No such file or directory: 'file:///stac/collections'
________________ ERROR at setup of test_collection_has_license _________________
[gw6] linux -- Python 3.12.3 /home/mike/projects/Honua.Server/tests/python/.venv/bin/python3
test_stac_pystac.py:70: in valid_collection_id
    collections = list(stac_client.get_collections())
                  ^^^^^^^^^^^^^^^^^^^^^^^^^^^^^^^^^^^
.venv/lib/python3.12/site-packages/pystac_client/client.py:436: in get_collections
    for page in self._stac_io.get_pages(url):
.venv/lib/python3.12/site-packages/pystac_client/stac_api_io.py:304: in get_pages
    page = self.read_json(url, method=method, parameters=parameters)
           ^^^^^^^^^^^^^^^^^^^^^^^^^^^^^^^^^^^^^^^^^^^^^^^^^^^^^^^^^
.venv/lib/python3.12/site-packages/pystac/stac_io.py:206: in read_json
    txt = self.read_text(source, *args, **kwargs)
          ^^^^^^^^^^^^^^^^^^^^^^^^^^^^^^^^^^^^^^^
.venv/lib/python3.12/site-packages/pystac_client/stac_api_io.py:169: in read_text
    with open(href) as f:
         ^^^^^^^^^^
E   FileNotFoundError: [Errno 2] No such file or directory: 'file:///stac/collections'
=================================== FAILURES ===================================
________________________ test_wfs_feature_type_has_crs _________________________
[gw8] linux -- Python 3.12.3 /home/mike/projects/Honua.Server/tests/python/.venv/bin/python3
test_wfs_owslib.py:121: in test_wfs_feature_type_has_crs
    crs_list = [crs.upper() for crs in crs_options]
                ^^^^^^^^^
E   AttributeError: 'Crs' object has no attribute 'upper'
____________________ test_wfs_feature_type_has_bounding_box ____________________
[gw8] linux -- Python 3.12.3 /home/mike/projects/Honua.Server/tests/python/.venv/bin/python3
test_wfs_owslib.py:133: in test_wfs_feature_type_has_bounding_box
    assert bbox is not None, "Bounding box should not be None"
E   AssertionError: Bounding box should not be None
E   assert None is not None
_________________ test_execute_nonexistent_process_returns_404 _________________
[gw1] linux -- Python 3.12.3 /home/mike/projects/Honua.Server/tests/python/.venv/bin/python3
test_ogc_processes_requests.py:457: in test_execute_nonexistent_process_returns_404
    assert response.status_code == 404, \
E   AssertionError: Expected 404 for non-existent process, got 403
E   assert 403 == 404
E    +  where 403 = <Response [403]>.status_code
------------------------------ Captured log call -------------------------------
DEBUG    urllib3.connectionpool:connectionpool.py:544 http://localhost:5100 "POST /processes/nonexistent-process-xyz-12345/execution HTTP/1.1" 403 None
______________________ test_csw_supported_output_schemas _______________________
[gw3] linux -- Python 3.12.3 /home/mike/projects/Honua.Server/tests/python/.venv/bin/python3
test_csw_owslib.py:171: in test_csw_supported_output_schemas
    params = {p['name']: p for p in getrecords_op.parameters}
              ^^^^^^^^^
E   TypeError: string indices must be integers, not 'str'
___________________ test_dismiss_nonexistent_job_returns_404 ___________________
[gw1] linux -- Python 3.12.3 /home/mike/projects/Honua.Server/tests/python/.venv/bin/python3
test_ogc_processes_requests.py:808: in test_dismiss_nonexistent_job_returns_404
    assert response.status_code == 404, \
E   AssertionError: Expected 404 for non-existent job, got 403
E   assert 403 == 404
E    +  where 403 = <Response [403]>.status_code
------------------------------ Captured log call -------------------------------
DEBUG    urllib3.connectionpool:connectionpool.py:544 http://localhost:5100 "DELETE /jobs/nonexistent-job-xyz-12345 HTTP/1.1" 403 None
__________________________ test_csw_get_records_basic __________________________
[gw3] linux -- Python 3.12.3 /home/mike/projects/Honua.Server/tests/python/.venv/bin/python3
test_csw_owslib.py:236: in test_csw_get_records_basic
    csw_client.getrecords2(maxrecords=10)
.venv/lib/python3.12/site-packages/owslib/catalogue/csw2.py:390: in getrecords2
    self._invoke()
.venv/lib/python3.12/site-packages/owslib/catalogue/csw2.py:707: in _invoke
    self._exml = etree.parse(BytesIO(self.response))
                 ^^^^^^^^^^^^^^^^^^^^^^^^^^^^^^^^^^^
src/lxml/etree.pyx:3711: in lxml.etree.parse
    ???
src/lxml/parser.pxi:2048: in lxml.etree._parseDocument
    ???
src/lxml/parser.pxi:2066: in lxml.etree._parseMemoryDocument
    ???
src/lxml/parser.pxi:1919: in lxml.etree._parseDoc
    ???
src/lxml/parser.pxi:1944: in lxml.etree._parseDoc_bytes
    ???
src/lxml/parser.pxi:1194: in lxml.etree._BaseParser._parseDoc
    ???
src/lxml/parser.pxi:647: in lxml.etree._ParserContext._handleParseResultDoc
    ???
src/lxml/parser.pxi:765: in lxml.etree._handleParseResult
    ???
src/lxml/parser.pxi:689: in lxml.etree._raiseParseError
    ???
E     File "<string>", line 1
E   lxml.etree.XMLSyntaxError: Start tag expected, '<' not found, line 1, column 1

During handling of the above exception, another exception occurred:
test_csw_owslib.py:251: in test_csw_get_records_basic
    pytest.fail(f"GetRecords failed: {e}")
E   Failed: GetRecords failed: Start tag expected, '<' not found, line 1, column 1 (<string>, line 1)
------------------------------ Captured log call -------------------------------
DEBUG    urllib3.connectionpool:connectionpool.py:241 Starting new HTTP connection (1): localhost:5100
DEBUG    urllib3.connectionpool:connectionpool.py:544 http://localhost:5100 "POST /csw HTTP/1.1" 308 None
DEBUG    urllib3.connectionpool:connectionpool.py:544 http://localhost:5100 "POST /v1/csw HTTP/1.1" 403 None
______________________ test_stac_catalog_has_conformance _______________________
[gw6] linux -- Python 3.12.3 /home/mike/projects/Honua.Server/tests/python/.venv/bin/python3
test_stac_pystac.py:101: in test_stac_catalog_has_conformance
    conformance = stac_client.conformance
                  ^^^^^^^^^^^^^^^^^^^^^^^
E   AttributeError: 'Client' object has no attribute 'conformance'. Did you mean: 'conforms_to'?
------------------------------ Captured log setup ------------------------------
DEBUG    urllib3.util.retry:retry.py:286 Converted retries value: 5 -> Retry(total=5, connect=None, read=None, redirect=None, status=None)
DEBUG    urllib3.util.retry:retry.py:286 Converted retries value: 5 -> Retry(total=5, connect=None, read=None, redirect=None, status=None)
DEBUG    pystac_client.stac_api_io:stac_api_io.py:210 GET http://localhost:5100/stac Headers: {'User-Agent': 'python-requests/2.32.5', 'Accept-Encoding': 'gzip, deflate', 'Accept': '*/*', 'Connection': 'keep-alive'}
DEBUG    urllib3.connectionpool:connectionpool.py:241 Starting new HTTP connection (1): localhost:5100
DEBUG    urllib3.connectionpool:connectionpool.py:544 http://localhost:5100 "GET /stac HTTP/1.1" 308 None
DEBUG    urllib3.connectionpool:connectionpool.py:544 http://localhost:5100 "GET /v1/stac HTTP/1.1" 200 None
_____________________ test_stac_catalog_lists_collections ______________________
[gw6] linux -- Python 3.12.3 /home/mike/projects/Honua.Server/tests/python/.venv/bin/python3
test_stac_pystac.py:113: in test_stac_catalog_lists_collections
    collections = list(stac_client.get_collections())
                  ^^^^^^^^^^^^^^^^^^^^^^^^^^^^^^^^^^^
.venv/lib/python3.12/site-packages/pystac_client/client.py:436: in get_collections
    for page in self._stac_io.get_pages(url):
.venv/lib/python3.12/site-packages/pystac_client/stac_api_io.py:304: in get_pages
    page = self.read_json(url, method=method, parameters=parameters)
           ^^^^^^^^^^^^^^^^^^^^^^^^^^^^^^^^^^^^^^^^^^^^^^^^^^^^^^^^^
.venv/lib/python3.12/site-packages/pystac/stac_io.py:206: in read_json
    txt = self.read_text(source, *args, **kwargs)
          ^^^^^^^^^^^^^^^^^^^^^^^^^^^^^^^^^^^^^^^
.venv/lib/python3.12/site-packages/pystac_client/stac_api_io.py:169: in read_text
    with open(href) as f:
         ^^^^^^^^^^
E   FileNotFoundError: [Errno 2] No such file or directory: 'file:///stac/collections'
__________________________ test_csw_get_records_count __________________________
[gw3] linux -- Python 3.12.3 /home/mike/projects/Honua.Server/tests/python/.venv/bin/python3
test_csw_owslib.py:259: in test_csw_get_records_count
    csw_client.getrecords2(maxrecords=max_records)
.venv/lib/python3.12/site-packages/owslib/catalogue/csw2.py:390: in getrecords2
    self._invoke()
.venv/lib/python3.12/site-packages/owslib/catalogue/csw2.py:707: in _invoke
    self._exml = etree.parse(BytesIO(self.response))
                 ^^^^^^^^^^^^^^^^^^^^^^^^^^^^^^^^^^^
src/lxml/etree.pyx:3711: in lxml.etree.parse
    ???
src/lxml/parser.pxi:2048: in lxml.etree._parseDocument
    ???
src/lxml/parser.pxi:2066: in lxml.etree._parseMemoryDocument
    ???
src/lxml/parser.pxi:1919: in lxml.etree._parseDoc
    ???
src/lxml/parser.pxi:1944: in lxml.etree._parseDoc_bytes
    ???
src/lxml/parser.pxi:1194: in lxml.etree._BaseParser._parseDoc
    ???
src/lxml/parser.pxi:647: in lxml.etree._ParserContext._handleParseResultDoc
    ???
src/lxml/parser.pxi:765: in lxml.etree._handleParseResult
    ???
src/lxml/parser.pxi:689: in lxml.etree._raiseParseError
    ???
E     File "<string>", line 1
E   lxml.etree.XMLSyntaxError: Start tag expected, '<' not found, line 1, column 1

During handling of the above exception, another exception occurred:
test_csw_owslib.py:274: in test_csw_get_records_count
    pytest.fail(f"GetRecords with maxrecords failed: {e}")
E   Failed: GetRecords with maxrecords failed: Start tag expected, '<' not found, line 1, column 1 (<string>, line 1)
------------------------------ Captured log call -------------------------------
DEBUG    urllib3.connectionpool:connectionpool.py:241 Starting new HTTP connection (1): localhost:5100
DEBUG    urllib3.connectionpool:connectionpool.py:544 http://localhost:5100 "POST /csw HTTP/1.1" 308 None
DEBUG    urllib3.connectionpool:connectionpool.py:544 http://localhost:5100 "POST /v1/csw HTTP/1.1" 403 None
_______________________ test_wcs_open_coverage_via_gdal ________________________
[gw7] linux -- Python 3.12.3 /home/mike/projects/Honua.Server/tests/python/.venv/bin/python3
rasterio/_base.pyx:310: in rasterio._base.DatasetBase.__init__
    ???
rasterio/_base.pyx:221: in rasterio._base.open_dataset
    ???
rasterio/_err.pyx:359: in rasterio._err.exc_wrap_pointer
    ???
E   rasterio._err.CPLE_AppDefinedError: NoApplicableCode: Coverage file not found.

During handling of the above exception, another exception occurred:
test_wcs_rasterio.py:78: in test_wcs_open_coverage_via_gdal
    with rasterio.open(wcs_url) as dataset:
         ^^^^^^^^^^^^^^^^^^^^^^
.venv/lib/python3.12/site-packages/rasterio/env.py:463: in wrapper
    return f(*args, **kwds)
           ^^^^^^^^^^^^^^^^
.venv/lib/python3.12/site-packages/rasterio/__init__.py:356: in open
    dataset = DatasetReader(path, driver=driver, sharing=sharing, **kwargs)
              ^^^^^^^^^^^^^^^^^^^^^^^^^^^^^^^^^^^^^^^^^^^^^^^^^^^^^^^^^^^^^
rasterio/_base.pyx:312: in rasterio._base.DatasetBase.__init__
    ???
E   rasterio.errors.RasterioIOError: NoApplicableCode: Coverage file not found.
------------------------------ Captured log call -------------------------------
DEBUG    rasterio.session:session.py:15 Could not import boto3, continuing with reduced functionality.
DEBUG    rasterio.env:env.py:660 GDAL data found in package: path='/home/mike/projects/Honua.Server/tests/python/.venv/lib/python3.12/site-packages/rasterio/gdal_data'.
DEBUG    rasterio.env:env.py:685 PROJ data found in package: path='/home/mike/projects/Honua.Server/tests/python/.venv/lib/python3.12/site-packages/rasterio/proj_data'.
DEBUG    rasterio.env:env.py:284 Entering env context: <rasterio.env.Env object at 0x7fd4dfb2dd90>
DEBUG    rasterio.env:env.py:286 Starting outermost env
DEBUG    rasterio.env:env.py:333 No GDAL environment exists
DEBUG    rasterio.env:env.py:336 New GDAL environment <rasterio._env.GDALEnv object at 0x7fd4dfb3de40> created
DEBUG    rasterio._filepath:env.py:338 Installing FilePath filesystem handler plugin...
DEBUG    rasterio._env:env.py:338 GDAL data found in package: path='/home/mike/projects/Honua.Server/tests/python/.venv/lib/python3.12/site-packages/rasterio/gdal_data'.
DEBUG    rasterio._env:env.py:338 PROJ data found in package: path='/home/mike/projects/Honua.Server/tests/python/.venv/lib/python3.12/site-packages/rasterio/proj_data'.
DEBUG    rasterio._env:env.py:338 Started GDALEnv: self=<rasterio._env.GDALEnv object at 0x7fd4dfb3de40>.
DEBUG    rasterio.env:env.py:308 Entered env context: <rasterio.env.Env object at 0x7fd4dfb2dd90>
DEBUG    rasterio._base:__init__.py:356 Sharing flag: 0
INFO     rasterio._env:__init__.py:356 GDAL signalled an error: err_no=1, msg='HTTP error code : 400'
INFO     rasterio._env:__init__.py:356 GDAL signalled an error: err_no=1, msg='NoApplicableCode: Coverage file not found.'
DEBUG    rasterio.env:env.py:312 Exiting env context: <rasterio.env.Env object at 0x7fd4dfb2dd90>
DEBUG    rasterio.env:env.py:373 Cleared existing <rasterio._env.GDALEnv object at 0x7fd4dfb3de40> options
DEBUG    rasterio._env:env.py:374 Stopped GDALEnv <rasterio._env.GDALEnv object at 0x7fd4dfb3de40>.
DEBUG    rasterio.env:env.py:318 Exiting outermost env
DEBUG    rasterio.env:env.py:325 Exited env context: <rasterio.env.Env object at 0x7fd4dfb2dd90>
____________________________ test_search_with_bbox _____________________________
[gw6] linux -- Python 3.12.3 /home/mike/projects/Honua.Server/tests/python/.venv/bin/python3
test_stac_pystac.py:142: in test_search_with_bbox
    items = list(search.items())
            ^^^^^^^^^^^^^^^^^^^^
.venv/lib/python3.12/site-packages/pystac_client/item_search.py:785: in items
    for item in self.items_as_dicts():
.venv/lib/python3.12/site-packages/pystac_client/item_search.py:796: in items_as_dicts
    for page in self.pages_as_dicts():
.venv/lib/python3.12/site-packages/pystac_client/item_search.py:826: in pages_as_dicts
    for page in self._stac_io.get_pages(
.venv/lib/python3.12/site-packages/pystac_client/stac_api_io.py:304: in get_pages
    page = self.read_json(url, method=method, parameters=parameters)
           ^^^^^^^^^^^^^^^^^^^^^^^^^^^^^^^^^^^^^^^^^^^^^^^^^^^^^^^^^
.venv/lib/python3.12/site-packages/pystac/stac_io.py:206: in read_json
    txt = self.read_text(source, *args, **kwargs)
          ^^^^^^^^^^^^^^^^^^^^^^^^^^^^^^^^^^^^^^^
.venv/lib/python3.12/site-packages/pystac_client/stac_api_io.py:167: in read_text
    return self.request(href, *args, **kwargs)
           ^^^^^^^^^^^^^^^^^^^^^^^^^^^^^^^^^^^
.venv/lib/python3.12/site-packages/pystac_client/stac_api_io.py:219: in request
    raise APIError.from_response(resp)
E   pystac_client.exceptions.APIError: {"type":"https://tools.ietf.org/html/rfc7231#section-6.5.3","title":"CSRF Token Validation Failed","status":403,"detail":"The CSRF token is missing, invalid, or expired. Please refresh the page and try again.","instance":"/v1/stac/search","traceId":"0HNGV0BFOTHTD:00000004"}
------------------------------ Captured log call -------------------------------
DEBUG    pystac_client.stac_api_io:stac_api_io.py:210 POST http://localhost:5100/stac/search Headers: {'User-Agent': 'python-requests/2.32.5', 'Accept-Encoding': 'gzip, deflate', 'Accept': '*/*', 'Connection': 'keep-alive', 'Content-Length': '38', 'Content-Type': 'application/json'} Payload: {"bbox": [-180.0, -90.0, 180.0, 90.0]}
DEBUG    urllib3.connectionpool:connectionpool.py:544 http://localhost:5100 "POST /stac/search HTTP/1.1" 308 None
DEBUG    urllib3.connectionpool:connectionpool.py:544 http://localhost:5100 "POST /v1/stac/search HTTP/1.1" 403 None
__________________ test_wcs_open_coverage_via_xml_descriptor ___________________
[gw7] linux -- Python 3.12.3 /home/mike/projects/Honua.Server/tests/python/.venv/bin/python3
rasterio/_base.pyx:310: in rasterio._base.DatasetBase.__init__
    ???
rasterio/_base.pyx:221: in rasterio._base.open_dataset
    ???
rasterio/_err.pyx:359: in rasterio._err.exc_wrap_pointer
    ???
E   rasterio._err.CPLE_AppDefinedError: NoApplicableCode: Coverage file not found.

During handling of the above exception, another exception occurred:
test_wcs_rasterio.py:106: in test_wcs_open_coverage_via_xml_descriptor
    with rasterio.open(str(xml_file)) as dataset:
         ^^^^^^^^^^^^^^^^^^^^^^^^^^^^
.venv/lib/python3.12/site-packages/rasterio/env.py:463: in wrapper
    return f(*args, **kwds)
           ^^^^^^^^^^^^^^^^
.venv/lib/python3.12/site-packages/rasterio/__init__.py:356: in open
    dataset = DatasetReader(path, driver=driver, sharing=sharing, **kwargs)
              ^^^^^^^^^^^^^^^^^^^^^^^^^^^^^^^^^^^^^^^^^^^^^^^^^^^^^^^^^^^^^
rasterio/_base.pyx:312: in rasterio._base.DatasetBase.__init__
    ???
E   rasterio.errors.RasterioIOError: NoApplicableCode: Coverage file not found.
------------------------------ Captured log call -------------------------------
DEBUG    rasterio.env:env.py:284 Entering env context: <rasterio.env.Env object at 0x7fd520568cb0>
DEBUG    rasterio.env:env.py:286 Starting outermost env
DEBUG    rasterio.env:env.py:333 No GDAL environment exists
DEBUG    rasterio.env:env.py:336 New GDAL environment <rasterio._env.GDALEnv object at 0x7fd4dfb3f220> created
DEBUG    rasterio._env:env.py:338 GDAL data found in package: path='/home/mike/projects/Honua.Server/tests/python/.venv/lib/python3.12/site-packages/rasterio/gdal_data'.
DEBUG    rasterio._env:env.py:338 PROJ data found in package: path='/home/mike/projects/Honua.Server/tests/python/.venv/lib/python3.12/site-packages/rasterio/proj_data'.
DEBUG    rasterio._env:env.py:338 Started GDALEnv: self=<rasterio._env.GDALEnv object at 0x7fd4dfb3f220>.
DEBUG    rasterio.env:env.py:308 Entered env context: <rasterio.env.Env object at 0x7fd520568cb0>
DEBUG    rasterio._base:__init__.py:356 Sharing flag: 0
INFO     rasterio._env:__init__.py:356 GDAL signalled an error: err_no=1, msg='HTTP error code : 400'
INFO     rasterio._env:__init__.py:356 GDAL signalled an error: err_no=1, msg='NoApplicableCode: Coverage file not found.'
DEBUG    rasterio.env:env.py:312 Exiting env context: <rasterio.env.Env object at 0x7fd520568cb0>
DEBUG    rasterio.env:env.py:373 Cleared existing <rasterio._env.GDALEnv object at 0x7fd4dfb3f220> options
DEBUG    rasterio._env:env.py:374 Stopped GDALEnv <rasterio._env.GDALEnv object at 0x7fd4dfb3f220>.
DEBUG    rasterio.env:env.py:318 Exiting outermost env
DEBUG    rasterio.env:env.py:325 Exited env context: <rasterio.env.Env object at 0x7fd520568cb0>
__________________ test_csw_get_records_validates_total_count __________________
[gw3] linux -- Python 3.12.3 /home/mike/projects/Honua.Server/tests/python/.venv/bin/python3
test_csw_owslib.py:327: in test_csw_get_records_validates_total_count
    csw_client.getrecords2(maxrecords=5)
.venv/lib/python3.12/site-packages/owslib/catalogue/csw2.py:390: in getrecords2
    self._invoke()
.venv/lib/python3.12/site-packages/owslib/catalogue/csw2.py:707: in _invoke
    self._exml = etree.parse(BytesIO(self.response))
                 ^^^^^^^^^^^^^^^^^^^^^^^^^^^^^^^^^^^
src/lxml/etree.pyx:3711: in lxml.etree.parse
    ???
src/lxml/parser.pxi:2048: in lxml.etree._parseDocument
    ???
src/lxml/parser.pxi:2066: in lxml.etree._parseMemoryDocument
    ???
src/lxml/parser.pxi:1919: in lxml.etree._parseDoc
    ???
src/lxml/parser.pxi:1944: in lxml.etree._parseDoc_bytes
    ???
src/lxml/parser.pxi:1194: in lxml.etree._BaseParser._parseDoc
    ???
src/lxml/parser.pxi:647: in lxml.etree._ParserContext._handleParseResultDoc
    ???
src/lxml/parser.pxi:765: in lxml.etree._handleParseResult
    ???
src/lxml/parser.pxi:689: in lxml.etree._raiseParseError
    ???
E     File "<string>", line 1
E   lxml.etree.XMLSyntaxError: Start tag expected, '<' not found, line 1, column 1

During handling of the above exception, another exception occurred:
test_csw_owslib.py:342: in test_csw_get_records_validates_total_count
    pytest.fail(f"GetRecords count validation failed: {e}")
E   Failed: GetRecords count validation failed: Start tag expected, '<' not found, line 1, column 1 (<string>, line 1)
------------------------------ Captured log call -------------------------------
DEBUG    urllib3.connectionpool:connectionpool.py:241 Starting new HTTP connection (1): localhost:5100
DEBUG    urllib3.connectionpool:connectionpool.py:544 http://localhost:5100 "POST /csw HTTP/1.1" 308 None
DEBUG    urllib3.connectionpool:connectionpool.py:544 http://localhost:5100 "POST /v1/csw HTTP/1.1" 403 None
_______________________ test_wcs_read_coverage_metadata ________________________
[gw7] linux -- Python 3.12.3 /home/mike/projects/Honua.Server/tests/python/.venv/bin/python3
rasterio/_base.pyx:310: in rasterio._base.DatasetBase.__init__
    ???
rasterio/_base.pyx:221: in rasterio._base.open_dataset
    ???
rasterio/_err.pyx:359: in rasterio._err.exc_wrap_pointer
    ???
E   rasterio._err.CPLE_AppDefinedError: NoApplicableCode: Coverage file not found.

During handling of the above exception, another exception occurred:
test_wcs_rasterio.py:134: in test_wcs_read_coverage_metadata
    with rasterio.open(wcs_url) as dataset:
         ^^^^^^^^^^^^^^^^^^^^^^
.venv/lib/python3.12/site-packages/rasterio/env.py:463: in wrapper
    return f(*args, **kwds)
           ^^^^^^^^^^^^^^^^
.venv/lib/python3.12/site-packages/rasterio/__init__.py:356: in open
    dataset = DatasetReader(path, driver=driver, sharing=sharing, **kwargs)
              ^^^^^^^^^^^^^^^^^^^^^^^^^^^^^^^^^^^^^^^^^^^^^^^^^^^^^^^^^^^^^
rasterio/_base.pyx:312: in rasterio._base.DatasetBase.__init__
    ???
E   rasterio.errors.RasterioIOError: NoApplicableCode: Coverage file not found.
------------------------------ Captured log call -------------------------------
DEBUG    rasterio.env:env.py:284 Entering env context: <rasterio.env.Env object at 0x7fd4dfb2da30>
DEBUG    rasterio.env:env.py:286 Starting outermost env
DEBUG    rasterio.env:env.py:333 No GDAL environment exists
DEBUG    rasterio.env:env.py:336 New GDAL environment <rasterio._env.GDALEnv object at 0x7fd4df7ec8b0> created
DEBUG    rasterio._env:env.py:338 GDAL data found in package: path='/home/mike/projects/Honua.Server/tests/python/.venv/lib/python3.12/site-packages/rasterio/gdal_data'.
DEBUG    rasterio._env:env.py:338 PROJ data found in package: path='/home/mike/projects/Honua.Server/tests/python/.venv/lib/python3.12/site-packages/rasterio/proj_data'.
DEBUG    rasterio._env:env.py:338 Started GDALEnv: self=<rasterio._env.GDALEnv object at 0x7fd4df7ec8b0>.
DEBUG    rasterio.env:env.py:308 Entered env context: <rasterio.env.Env object at 0x7fd4dfb2da30>
DEBUG    rasterio._base:__init__.py:356 Sharing flag: 0
INFO     rasterio._env:__init__.py:356 GDAL signalled an error: err_no=1, msg='HTTP error code : 400'
INFO     rasterio._env:__init__.py:356 GDAL signalled an error: err_no=1, msg='NoApplicableCode: Coverage file not found.'
DEBUG    rasterio.env:env.py:312 Exiting env context: <rasterio.env.Env object at 0x7fd4dfb2da30>
DEBUG    rasterio.env:env.py:373 Cleared existing <rasterio._env.GDALEnv object at 0x7fd4df7ec8b0> options
DEBUG    rasterio._env:env.py:374 Stopped GDALEnv <rasterio._env.GDALEnv object at 0x7fd4df7ec8b0>.
DEBUG    rasterio.env:env.py:318 Exiting outermost env
DEBUG    rasterio.env:env.py:325 Exited env context: <rasterio.env.Env object at 0x7fd4dfb2da30>
__________________________ test_wcs_read_coverage_crs __________________________
[gw7] linux -- Python 3.12.3 /home/mike/projects/Honua.Server/tests/python/.venv/bin/python3
rasterio/_base.pyx:310: in rasterio._base.DatasetBase.__init__
    ???
rasterio/_base.pyx:221: in rasterio._base.open_dataset
    ???
rasterio/_err.pyx:359: in rasterio._err.exc_wrap_pointer
    ???
E   rasterio._err.CPLE_AppDefinedError: NoApplicableCode: Coverage file not found.

During handling of the above exception, another exception occurred:
test_wcs_rasterio.py:164: in test_wcs_read_coverage_crs
    with rasterio.open(wcs_url) as dataset:
         ^^^^^^^^^^^^^^^^^^^^^^
.venv/lib/python3.12/site-packages/rasterio/env.py:463: in wrapper
    return f(*args, **kwds)
           ^^^^^^^^^^^^^^^^
.venv/lib/python3.12/site-packages/rasterio/__init__.py:356: in open
    dataset = DatasetReader(path, driver=driver, sharing=sharing, **kwargs)
              ^^^^^^^^^^^^^^^^^^^^^^^^^^^^^^^^^^^^^^^^^^^^^^^^^^^^^^^^^^^^^
rasterio/_base.pyx:312: in rasterio._base.DatasetBase.__init__
    ???
E   rasterio.errors.RasterioIOError: NoApplicableCode: Coverage file not found.
------------------------------ Captured log call -------------------------------
DEBUG    rasterio.env:env.py:284 Entering env context: <rasterio.env.Env object at 0x7fd4dfb3dd60>
DEBUG    rasterio.env:env.py:286 Starting outermost env
DEBUG    rasterio.env:env.py:333 No GDAL environment exists
DEBUG    rasterio.env:env.py:336 New GDAL environment <rasterio._env.GDALEnv object at 0x7fd4dfb3df90> created
DEBUG    rasterio._env:env.py:338 GDAL data found in package: path='/home/mike/projects/Honua.Server/tests/python/.venv/lib/python3.12/site-packages/rasterio/gdal_data'.
DEBUG    rasterio._env:env.py:338 PROJ data found in package: path='/home/mike/projects/Honua.Server/tests/python/.venv/lib/python3.12/site-packages/rasterio/proj_data'.
DEBUG    rasterio._env:env.py:338 Started GDALEnv: self=<rasterio._env.GDALEnv object at 0x7fd4dfb3df90>.
DEBUG    rasterio.env:env.py:308 Entered env context: <rasterio.env.Env object at 0x7fd4dfb3dd60>
DEBUG    rasterio._base:__init__.py:356 Sharing flag: 0
[...]
uestDelegateFactory.ExecuteTaskResult[T](Task`1 task, HttpContext httpContext)\n   at Honua.Server.Host.Middleware.SecurityPolicyMiddleware.InvokeAsync(HttpContext context) in /home/mike/projects/Honua.Server/src/Honua.Server.Host/Middleware/SecurityPolicyMiddleware.cs:line 90\n   at Honua.Server.Host.Middleware.CsrfValidationMiddleware.InvokeAsync(HttpContext context) in /home/mike/projects/Honua.Server/src/Honua.Server.Host/Middleware/CsrfValidationMiddleware.cs:line 68\n   at Microsoft.AspNetCore.Authorization.AuthorizationMiddleware.Invoke(HttpContext context)\n   at Microsoft.AspNetCore.Authentication.AuthenticationMiddleware.Invoke(HttpContext context)\n   at Honua.Server.Host.Observability.ApiMetricsMiddleware.InvokeAsync(HttpContext context) in /home/mike/projects/Honua.Server/src/Honua.Server.Host/Observability/ApiMetricsMiddleware.cs:line 87\n   at Microsoft.AspNetCore.OutputCaching.OutputCacheMiddleware.<>c__DisplayClass11_0.<<InvokeAwaited>g__ExecuteResponseAsync|0>d.MoveNext()\n--- End of stack trace from previous location ---\n   at Microsoft.AspNetCore.OutputCaching.WorkDispatcher`2.ScheduleAsync(TKey key, Func`2 valueFactory)\n   at Microsoft.AspNetCore.OutputCaching.OutputCacheMiddleware.InvokeAwaited(HttpContext httpContext, IReadOnlyList`1 policies)\n   at Honua.Server.Host.Middleware.DeprecationWarningMiddleware.InvokeAsync(HttpContext context) in /home/mike/projects/Honua.Server/src/Honua.Server.Host/Middleware/DeprecationWarningMiddleware.cs:line 134\n   at Honua.Server.Host.Middleware.ApiVersionMiddleware.InvokeAsync(HttpContext context) in /home/mike/projects/Honua.Server/src/Honua.Server.Host/Middleware/ApiVersionMiddleware.cs:line 110\n   at Honua.Server.Host.Extensions.WebApplicationExtensions.<>c.<<UseHonuaLocalization>b__12_0>d.MoveNext() in /home/mike/projects/Honua.Server/src/Honua.Server.Host/Extensions/WebApplicationExtensions.cs:line 352\n--- End of stack trace from previous location ---\n   at Microsoft.AspNetCore.Localization.RequestLocalizationMiddleware.Invoke(HttpContext context)\n   at Honua.Server.Host.Middleware.LegacyApiRedirectMiddleware.InvokeAsync(HttpContext context) in /home/mike/projects/Honua.Server/src/Honua.Server.Host/Middleware/LegacyApiRedirectMiddleware.cs:line 121\n   at Honua.Server.Host.Middleware.RequestResponseLoggingMiddleware.InvokeAsync(HttpContext context) in /home/mike/projects/Honua.Server/src/Honua.Server.Host/Middleware/RequestResponseLoggingMiddleware.cs:line 60\n   at Microsoft.AspNetCore.ResponseCompression.ResponseCompressionMiddleware.InvokeCore(HttpContext context)\n   at Honua.Server.Host.Middleware.SecurityHeadersMiddleware.InvokeAsync(HttpContext context) in /home/mike/projects/Honua.Server/src/Honua.Server.Host/Middleware/SecurityHeadersMiddleware.cs:line 51\n   at Microsoft.AspNetCore.Diagnostics.ExceptionHandlerMiddlewareImpl.<Invoke>g__Awaited|10_0(ExceptionHandlerMiddlewareImpl middleware, HttpContext context, Task task)"}
assert 500 == 200
 +  where 500 = <Response [500]>.status_code
FAILED test_ogc_features_requests.py::test_items_with_specific_bbox_filter - assert 500 == 200
 +  where 500 = <Response [500]>.status_code
FAILED test_wfs_owslib.py::test_wfs_getfeature_returns_gml - AssertionError: {"type":"https://tools.ietf.org/html/rfc7231#section-6.6.1","title":"Internal Server Error","status":500,"detail":"SQLite Error 14: 'unable to open database file'.","instance":"/v1/wfs","correlationId":"0HNGV0BFOTHVS:00000006","traceId":"0HNGV0BFOTHVS:00000006","timestamp":"2025-11-08T20:19:28.7830928+00:00","exceptionType":"Microsoft.Data.Sqlite.SqliteException","stackTrace":"   at Microsoft.Data.Sqlite.SqliteConnectionInternal..ctor(SqliteConnectionStringBuilder connectionOptions, SqliteConnectionPool pool)\n   at Microsoft.Data.Sqlite.SqliteConnectionPool.GetConnection()\n   at Microsoft.Data.Sqlite.SqliteConnection.Open()\n   at System.Data.Common.DbConnection.OpenAsync(CancellationToken cancellationToken)\n--- End of stack trace from previous location ---\n   at Honua.Server.Core.Data.Sqlite.SqliteDataStoreProvider.<>c__DisplayClass16_0.<<CountAsync>b__0>d.MoveNext() in /home/mike/projects/Honua.Server/src/Honua.Server.Core/Data/Sqlite/SqliteDataStoreProvider.cs:line 108\n--- End of stack trace from previous location ---\n   at Polly.ResiliencePipeline.<>c.<<ExecuteAsync>b__3_0>d.MoveNext()\n--- End of stack trace from previous location ---\n   at Polly.ResiliencePipeline.ExecuteAsync(Func`2 callback, CancellationToken cancellationToken)\n   at Honua.Server.Core.Data.Sqlite.SqliteDataStoreProvider.CountAsync(DataSourceDefinition dataSource, ServiceDefinition service, LayerDefinition layer, FeatureQuery query, CancellationToken cancellationToken) in /home/mike/projects/Honua.Server/src/Honua.Server.Core/Data/Sqlite/SqliteDataStoreProvider.cs:line 107\n   at Honua.Server.Core.Data.Sqlite.SqliteDataStoreProvider.CountAsync(DataSourceDefinition dataSource, ServiceDefinition service, LayerDefinition layer, FeatureQuery query, CancellationToken cancellationToken) in /home/mike/projects/Honua.Server/src/Honua.Server.Core/Data/Sqlite/SqliteDataStoreProvider.cs:line 123\n   at Honua.Server.Core.Data.FeatureRepository.CountAsync(String serviceId, String layerId, FeatureQuery query, CancellationToken cancellationToken) in /home/mike/projects/Honua.Server/src/Honua.Server.Core/Data/FeatureRepository.cs:line 49\n   at Honua.Server.Host.Wfs.WfsGetFeatureHandlers.ExecuteFeatureQueryAsync(HttpRequest request, IQueryCollection query, ICatalogProjectionService catalog, IFeatureContextResolver contextResolver, IFeatureRepository repository, IMetadataRegistry registry, CancellationToken cancellationToken, Boolean materializeResults) in /home/mike/projects/Honua.Server/src/Honua.Server.Host/Wfs/WfsGetFeatureHandlers.cs:line 216\n   at Honua.Server.Host.Wfs.WfsGetFeatureHandlers.HandleGetFeatureAsync(HttpRequest request, IQueryCollection query, ICatalogProjectionService catalog, IFeatureContextResolver contextResolver, IFeatureRepository repository, IMetadataRegistry registry, ICsvExporter csvExporter, IShapefileExporter shapefileExporter, CancellationToken cancellationToken) in /home/mike/projects/Honua.Server/src/Honua.Server.Host/Wfs/WfsGetFeatureHandlers.cs:line 53\n   at Honua.Server.Host.Wfs.WfsHandlers.HandleAsync(HttpContext context, IMetadataRegistry metadataRegistry, ICatalogProjectionService catalog, IFeatureContextResolver contextResolver, IFeatureRepository repository, IWfsLockManager lockManager, IFeatureEditOrchestrator editOrchestrator, IResourceAuthorizationService authorizationService, ISecurityAuditLogger auditLogger, ILoggerFactory loggerFactory, ICsvExporter csvExporter, IShapefileExporter shapefileExporter, IWfsSchemaCache schemaCache, IOptions`1 wfsOptions, CancellationToken cancellationToken) in /home/mike/projects/Honua.Server/src/Honua.Server.Host/Wfs/WfsHandlers.cs:line 96\n   at Microsoft.AspNetCore.Http.RequestDelegateFactory.ExecuteTaskResult[T](Task`1 task, HttpContext httpContext)\n   at Honua.Server.Host.Middleware.SecurityPolicyMiddleware.InvokeAsync(HttpContext context) in /home/mike/projects/Honua.Server/src/Honua.Server.Host/Middleware/SecurityPolicyMiddleware.cs:line 90\n   at Honua.Server.Host.Middleware.CsrfValidationMiddleware.InvokeAsync(HttpContext context) in /home/mike/projects/Honua.Server/src/Honua.Server.Host/Middleware/CsrfValidationMiddleware.cs:line 68\n   at Microsoft.AspNetCore.Authorization.AuthorizationMiddleware.Invoke(HttpContext context)\n   at Microsoft.AspNetCore.Authentication.AuthenticationMiddleware.Invoke(HttpContext context)\n   at Honua.Server.Host.Observability.ApiMetricsMiddleware.InvokeAsync(HttpContext context) in /home/mike/projects/Honua.Server/src/Honua.Server.Host/Observability/ApiMetricsMiddleware.cs:line 87\n   at Microsoft.AspNetCore.OutputCaching.OutputCacheMiddleware.<>c__DisplayClass11_0.<<InvokeAwaited>g__ExecuteResponseAsync|0>d.MoveNext()\n--- End of stack trace from previous location ---\n   at Microsoft.AspNetCore.OutputCaching.WorkDispatcher`2.ScheduleAsync(TKey key, Func`2 valueFactory)\n   at Microsoft.AspNetCore.OutputCaching.OutputCacheMiddleware.InvokeAwaited(HttpContext httpContext, IReadOnlyList`1 policies)\n   at Honua.Server.Host.Middleware.DeprecationWarningMiddleware.InvokeAsync(HttpContext context) in /home/mike/projects/Honua.Server/src/Honua.Server.Host/Middleware/DeprecationWarningMiddleware.cs:line 134\n   at Honua.Server.Host.Middleware.ApiVersionMiddleware.InvokeAsync(HttpContext context) in /home/mike/projects/Honua.Server/src/Honua.Server.Host/Middleware/ApiVersionMiddleware.cs:line 110\n   at Honua.Server.Host.Extensions.WebApplicationExtensions.<>c.<<UseHonuaLocalization>b__12_0>d.MoveNext() in /home/mike/projects/Honua.Server/src/Honua.Server.Host/Extensions/WebApplicationExtensions.cs:line 352\n--- End of stack trace from previous location ---\n   at Microsoft.AspNetCore.Localization.RequestLocalizationMiddleware.Invoke(HttpContext context)\n   at Honua.Server.Host.Middleware.LegacyApiRedirectMiddleware.InvokeAsync(HttpContext context) in /home/mike/projects/Honua.Server/src/Honua.Server.Host/Middleware/LegacyApiRedirectMiddleware.cs:line 121\n   at Honua.Server.Host.Middleware.RequestResponseLoggingMiddleware.InvokeAsync(HttpContext context) in /home/mike/projects/Honua.Server/src/Honua.Server.Host/Middleware/RequestResponseLoggingMiddleware.cs:line 60\n   at Microsoft.AspNetCore.ResponseCompression.ResponseCompressionMiddleware.InvokeCore(HttpContext context)\n   at Honua.Server.Host.Middleware.SecurityHeadersMiddleware.InvokeAsync(HttpContext context) in /home/mike/projects/Honua.Server/src/Honua.Server.Host/Middleware/SecurityHeadersMiddleware.cs:line 51\n   at Microsoft.AspNetCore.Diagnostics.ExceptionHandlerMiddlewareImpl.<Invoke>g__Awaited|10_0(ExceptionHandlerMiddlewareImpl middleware, HttpContext context, Task task)"}
assert 500 == 200
 +  where 500 = <Response [500]>.status_code
FAILED test_ogc_features_requests.py::test_items_with_datetime_filter - AssertionError: Expected 200 or 400, got 500
assert 500 in [200, 400]
 +  where 500 = <Response [500]>.status_code
FAILED test_wfs_owslib.py::test_wfs_supports_bbox_filter - AssertionError: {"type":"https://tools.ietf.org/html/rfc7231#section-6.6.1","title":"Internal Server Error","status":500,"detail":"SQLite Error 14: 'unable to open database file'.","instance":"/v1/wfs","correlationId":"0HNGV0BFOTHVS:00000008","traceId":"0HNGV0BFOTHVS:00000008","timestamp":"2025-11-08T20:19:31.3334545+00:00","exceptionType":"Microsoft.Data.Sqlite.SqliteException","stackTrace":"   at Microsoft.Data.Sqlite.SqliteConnectionInternal..ctor(SqliteConnectionStringBuilder connectionOptions, SqliteConnectionPool pool)\n   at Microsoft.Data.Sqlite.SqliteConnectionPool.GetConnection()\n   at Microsoft.Data.Sqlite.SqliteConnection.Open()\n   at System.Data.Common.DbConnection.OpenAsync(CancellationToken cancellationToken)\n--- End of stack trace from previous location ---\n   at Honua.Server.Core.Data.Sqlite.SqliteDataStoreProvider.<>c__DisplayClass16_0.<<CountAsync>b__0>d.MoveNext() in /home/mike/projects/Honua.Server/src/Honua.Server.Core/Data/Sqlite/SqliteDataStoreProvider.cs:line 108\n--- End of stack trace from previous location ---\n   at Polly.ResiliencePipeline.<>c.<<ExecuteAsync>b__3_0>d.MoveNext()\n--- End of stack trace from previous location ---\n   at Polly.ResiliencePipeline.ExecuteAsync(Func`2 callback, CancellationToken cancellationToken)\n   at Honua.Server.Core.Data.Sqlite.SqliteDataStoreProvider.CountAsync(DataSourceDefinition dataSource, ServiceDefinition service, LayerDefinition layer, FeatureQuery query, CancellationToken cancellationToken) in /home/mike/projects/Honua.Server/src/Honua.Server.Core/Data/Sqlite/SqliteDataStoreProvider.cs:line 107\n   at Honua.Server.Core.Data.Sqlite.SqliteDataStoreProvider.CountAsync(DataSourceDefinition dataSource, ServiceDefinition service, LayerDefinition layer, FeatureQuery query, CancellationToken cancellationToken) in /home/mike/projects/Honua.Server/src/Honua.Server.Core/Data/Sqlite/SqliteDataStoreProvider.cs:line 123\n   at Honua.Server.Core.Data.FeatureRepository.CountAsync(String serviceId, String layerId, FeatureQuery query, CancellationToken cancellationToken) in /home/mike/projects/Honua.Server/src/Honua.Server.Core/Data/FeatureRepository.cs:line 49\n   at Honua.Server.Host.Wfs.WfsGetFeatureHandlers.ExecuteFeatureQueryAsync(HttpRequest request, IQueryCollection query, ICatalogProjectionService catalog, IFeatureContextResolver contextResolver, IFeatureRepository repository, IMetadataRegistry registry, CancellationToken cancellationToken, Boolean materializeResults) in /home/mike/projects/Honua.Server/src/Honua.Server.Host/Wfs/WfsGetFeatureHandlers.cs:line 216\n   at Honua.Server.Host.Wfs.WfsGetFeatureHandlers.HandleGetFeatureAsync(HttpRequest request, IQueryCollection query, ICatalogProjectionService catalog, IFeatureContextResolver contextResolver, IFeatureRepository repository, IMetadataRegistry registry, ICsvExporter csvExporter, IShapefileExporter shapefileExporter, CancellationToken cancellationToken) in /home/mike/projects/Honua.Server/src/Honua.Server.Host/Wfs/WfsGetFeatureHandlers.cs:line 53\n   at Honua.Server.Host.Wfs.WfsHandlers.HandleAsync(HttpContext context, IMetadataRegistry metadataRegistry, ICatalogProjectionService catalog, IFeatureContextResolver contextResolver, IFeatureRepository repository, IWfsLockManager lockManager, IFeatureEditOrchestrator editOrchestrator, IResourceAuthorizationService authorizationService, ISecurityAuditLogger auditLogger, ILoggerFactory loggerFactory, ICsvExporter csvExporter, IShapefileExporter shapefileExporter, IWfsSchemaCache schemaCache, IOptions`1 wfsOptions, CancellationToken cancellationToken) in /home/mike/projects/Honua.Server/src/Honua.Server.Host/Wfs/WfsHandlers.cs:line 96\n   at Microsoft.AspNetCore.Http.RequestDelegateFactory.ExecuteTaskResult[T](Task`1 task, HttpContext httpContext)\n   at Honua.Server.Host.Middleware.SecurityPolicyMiddleware.InvokeAsync(HttpContext context) in /home/mike/projects/Honua.Server/src/Honua.Server.Host/Middleware/SecurityPolicyMiddleware.cs:line 90\n   at Honua.Server.Host.Middleware.CsrfValidationMiddleware.InvokeAsync(HttpContext context) in /home/mike/projects/Honua.Server/src/Honua.Server.Host/Middleware/CsrfValidationMiddleware.cs:line 68\n   at Microsoft.AspNetCore.Authorization.AuthorizationMiddleware.Invoke(HttpContext context)\n   at Microsoft.AspNetCore.Authentication.AuthenticationMiddleware.Invoke(HttpContext context)\n   at Honua.Server.Host.Observability.ApiMetricsMiddleware.InvokeAsync(HttpContext context) in /home/mike/projects/Honua.Server/src/Honua.Server.Host/Observability/ApiMetricsMiddleware.cs:line 87\n   at Microsoft.AspNetCore.OutputCaching.OutputCacheMiddleware.<>c__DisplayClass11_0.<<InvokeAwaited>g__ExecuteResponseAsync|0>d.MoveNext()\n--- End of stack trace from previous location ---\n   at Microsoft.AspNetCore.OutputCaching.WorkDispatcher`2.ScheduleAsync(TKey key, Func`2 valueFactory)\n   at Microsoft.AspNetCore.OutputCaching.OutputCacheMiddleware.InvokeAwaited(HttpContext httpContext, IReadOnlyList`1 policies)\n   at Honua.Server.Host.Middleware.DeprecationWarningMiddleware.InvokeAsync(HttpContext context) in /home/mike/projects/Honua.Server/src/Honua.Server.Host/Middleware/DeprecationWarningMiddleware.cs:line 134\n   at Honua.Server.Host.Middleware.ApiVersionMiddleware.InvokeAsync(HttpContext context) in /home/mike/projects/Honua.Server/src/Honua.Server.Host/Middleware/ApiVersionMiddleware.cs:line 110\n   at Honua.Server.Host.Extensions.WebApplicationExtensions.<>c.<<UseHonuaLocalization>b__12_0>d.MoveNext() in /home/mike/projects/Honua.Server/src/Honua.Server.Host/Extensions/WebApplicationExtensions.cs:line 352\n--- End of stack trace from previous location ---\n   at Microsoft.AspNetCore.Localization.RequestLocalizationMiddleware.Invoke(HttpContext context)\n   at Honua.Server.Host.Middleware.LegacyApiRedirectMiddleware.InvokeAsync(HttpContext context) in /home/mike/projects/Honua.Server/src/Honua.Server.Host/Middleware/LegacyApiRedirectMiddleware.cs:line 121\n   at Honua.Server.Host.Middleware.RequestResponseLoggingMiddleware.InvokeAsync(HttpContext context) in /home/mike/projects/Honua.Server/src/Honua.Server.Host/Middleware/RequestResponseLoggingMiddleware.cs:line 60\n   at Microsoft.AspNetCore.ResponseCompression.ResponseCompressionMiddleware.InvokeCore(HttpContext context)\n   at Honua.Server.Host.Middleware.SecurityHeadersMiddleware.InvokeAsync(HttpContext context) in /home/mike/projects/Honua.Server/src/Honua.Server.Host/Middleware/SecurityHeadersMiddleware.cs:line 51\n   at Microsoft.AspNetCore.Diagnostics.ExceptionHandlerMiddlewareImpl.<Invoke>g__Awaited|10_0(ExceptionHandlerMiddlewareImpl middleware, HttpContext context, Task task)"}
assert 500 == 200
 +  where 500 = <Response [500]>.status_code
FAILED test_ogc_features_requests.py::test_items_with_datetime_single_instant - assert 500 in [200, 400]
 +  where 500 = <Response [500]>.status_code
FAILED test_ogc_features_requests.py::test_items_with_open_ended_datetime - assert 500 in [200, 400]
 +  where 500 = <Response [500]>.status_code
FAILED test_ogc_features_requests.py::test_items_with_combined_filters - assert 500 in [200, 400]
 +  where 500 = <Response [500]>.status_code
FAILED test_ogc_features_requests.py::test_items_pagination_with_limit_and_offset - assert 500 == 200
 +  where 500 = <Response [500]>.status_code
FAILED test_ogc_features_requests.py::test_items_next_link_pagination - assert 500 == 200
 +  where 500 = <Response [500]>.status_code
FAILED test_ogc_features_requests.py::test_items_self_link_present - assert 500 == 200
 +  where 500 = <Response [500]>.status_code
FAILED test_ogc_features_requests.py::test_get_single_item_returns_geojson_feature - assert 500 == 200
 +  where 500 = <Response [500]>.status_code
FAILED test_ogc_features_requests.py::test_get_nonexistent_item_returns_404 - AssertionError: Expected 404 for non-existent item, got 500
assert 500 == 404
 +  where 500 = <Response [500]>.status_code
FAILED test_ogc_features_requests.py::test_items_with_crs_parameter - AssertionError: Expected 200 or 400, got 500
assert 500 in [200, 400]
 +  where 500 = <Response [500]>.status_code
FAILED test_ogc_features_requests.py::test_items_default_crs_is_wgs84 - assert 500 == 200
 +  where 500 = <Response [500]>.status_code
FAILED test_ogc_features_requests.py::test_items_geojson_format_via_accept_header - assert 500 == 200
 +  where 500 = <Response [500]>.status_code
FAILED test_ogc_features_requests.py::test_items_json_format_via_accept_header - assert 500 == 200
 +  where 500 = <Response [500]>.status_code
FAILED test_ogc_features_requests.py::test_items_format_via_f_parameter - assert 500 == 200
 +  where 500 = <Response [500]>.status_code
FAILED test_ogc_features_requests.py::test_search_get_returns_features - AssertionError: Expected 200 or 404, got 400
assert 400 in [200, 404]
 +  where 400 = <Response [400]>.status_code
FAILED test_ogc_features_requests.py::test_search_post_returns_features - AssertionError: Expected 200 or 404, got 403
assert 403 in [200, 404]
 +  where 403 = <Response [403]>.status_code
FAILED test_ogc_features_requests.py::test_search_with_collections_filter - assert 400 == 200
 +  where 400 = <Response [400]>.status_code
FAILED test_ogc_features_requests.py::test_search_with_bbox_filter - assert 400 == 200
 +  where 400 = <Response [400]>.status_code
FAILED test_ogc_features_requests.py::test_excessive_limit_is_capped - assert 500 == 200
 +  where 500 = <Response [500]>.status_code
FAILED test_ogc_features_requests.py::test_items_include_numberreturned - assert 500 == 200
 +  where 500 = <Response [500]>.status_code
FAILED test_ogc_features_requests.py::test_items_include_numbermatched - assert 500 == 200
 +  where 500 = <Response [500]>.status_code
====== 89 failed, 170 passed, 73 skipped, 22 warnings, 6 errors in 51.34s ======
