{"/home/mike/projects/Honua.Server/src/Honua.MapSDK/wwwroot/js/honua-3d.js": {"path":"/home/mike/projects/Honua.Server/src/Honua.MapSDK/wwwroot/js/honua-3d.js","statementMap":{"0":{"start":{"line":15,"column":0},"end":{"line":406,"column":2}},"1":{"start":{"line":26,"column":8},"end":{"line":26,"column":56}},"2":{"start":{"line":45,"column":8},"end":{"line":48,"column":9}},"3":{"start":{"line":46,"column":12},"end":{"line":46,"column":137}},"4":{"start":{"line":47,"column":12},"end":{"line":47,"column":24}},"5":{"start":{"line":51,"column":29},"end":{"line":51,"column":59}},"6":{"start":{"line":52,"column":8},"end":{"line":55,"column":9}},"7":{"start":{"line":53,"column":12},"end":{"line":53,"column":64}},"8":{"start":{"line":54,"column":12},"end":{"line":54,"column":24}},"9":{"start":{"line":58,"column":8},"end":{"line":61,"column":9}},"10":{"start":{"line":59,"column":12},"end":{"line":59,"column":75}},"11":{"start":{"line":60,"column":12},"end":{"line":60,"column":55}},"12":{"start":{"line":63,"column":27},"end":{"line":63,"column":59}},"13":{"start":{"line":64,"column":8},"end":{"line":64,"column":47}},"14":{"start":{"line":65,"column":8},"end":{"line":65,"column":47}},"15":{"start":{"line":66,"column":8},"end":{"line":66,"column":35}},"16":{"start":{"line":67,"column":8},"end":{"line":67,"column":36}},"17":{"start":{"line":68,"column":8},"end":{"line":68,"column":40}},"18":{"start":{"line":69,"column":8},"end":{"line":69,"column":41}},"19":{"start":{"line":70,"column":8},"end":{"line":70,"column":48}},"20":{"start":{"line":71,"column":8},"end":{"line":71,"column":45}},"21":{"start":{"line":74,"column":29},"end":{"line":96,"column":10}},"22":{"start":{"line":99,"column":30},"end":{"line":109,"column":9}},"23":{"start":{"line":100,"column":12},"end":{"line":108,"column":15}},"24":{"start":{"line":111,"column":8},"end":{"line":111,"column":46}},"25":{"start":{"line":112,"column":8},"end":{"line":112,"column":46}},"26":{"start":{"line":113,"column":8},"end":{"line":113,"column":48}},"27":{"start":{"line":114,"column":8},"end":{"line":114,"column":47}},"28":{"start":{"line":117,"column":8},"end":{"line":123,"column":11}},"29":{"start":{"line":125,"column":8},"end":{"line":125,"column":32}},"30":{"start":{"line":126,"column":8},"end":{"line":126,"column":62}},"31":{"start":{"line":127,"column":8},"end":{"line":127,"column":28}},"32":{"start":{"line":149,"column":25},"end":{"line":149,"column":55}},"33":{"start":{"line":150,"column":8},"end":{"line":153,"column":9}},"34":{"start":{"line":151,"column":12},"end":{"line":151,"column":69}},"35":{"start":{"line":152,"column":12},"end":{"line":152,"column":24}},"36":{"start":{"line":156,"column":23},"end":{"line":156,"column":69}},"37":{"start":{"line":158,"column":22},"end":{"line":193,"column":10}},"38":{"start":{"line":168,"column":31},"end":{"line":168,"column":53}},"39":{"start":{"line":169,"column":16},"end":{"line":169,"column":64}},"40":{"start":{"line":195,"column":8},"end":{"line":195,"column":36}},"41":{"start":{"line":196,"column":8},"end":{"line":196,"column":60}},"42":{"start":{"line":198,"column":8},"end":{"line":198,"column":162}},"43":{"start":{"line":199,"column":8},"end":{"line":199,"column":21}},"44":{"start":{"line":223,"column":25},"end":{"line":223,"column":55}},"45":{"start":{"line":224,"column":8},"end":{"line":226,"column":9}},"46":{"start":{"line":225,"column":12},"end":{"line":225,"column":24}},"47":{"start":{"line":228,"column":22},"end":{"line":245,"column":10}},"48":{"start":{"line":233,"column":30},"end":{"line":233,"column":31}},"49":{"start":{"line":247,"column":8},"end":{"line":247,"column":36}},"50":{"start":{"line":248,"column":8},"end":{"line":248,"column":60}},"51":{"start":{"line":250,"column":8},"end":{"line":250,"column":89}},"52":{"start":{"line":251,"column":8},"end":{"line":251,"column":21}},"53":{"start":{"line":264,"column":25},"end":{"line":264,"column":55}},"54":{"start":{"line":265,"column":8},"end":{"line":267,"column":9}},"55":{"start":{"line":266,"column":12},"end":{"line":266,"column":24}},"56":{"start":{"line":269,"column":22},"end":{"line":283,"column":10}},"57":{"start":{"line":273,"column":26},"end":{"line":273,"column":44}},"58":{"start":{"line":285,"column":8},"end":{"line":285,"column":36}},"59":{"start":{"line":286,"column":8},"end":{"line":286,"column":60}},"60":{"start":{"line":288,"column":8},"end":{"line":288,"column":21}},"61":{"start":{"line":298,"column":25},"end":{"line":298,"column":55}},"62":{"start":{"line":299,"column":8},"end":{"line":301,"column":9}},"63":{"start":{"line":300,"column":12},"end":{"line":300,"column":19}},"64":{"start":{"line":303,"column":8},"end":{"line":303,"column":72}},"65":{"start":{"line":303,"column":54},"end":{"line":303,"column":70}},"66":{"start":{"line":304,"column":8},"end":{"line":304,"column":60}},"67":{"start":{"line":305,"column":8},"end":{"line":305,"column":50}},"68":{"start":{"line":316,"column":25},"end":{"line":316,"column":55}},"69":{"start":{"line":317,"column":8},"end":{"line":319,"column":9}},"70":{"start":{"line":318,"column":12},"end":{"line":318,"column":19}},"71":{"start":{"line":321,"column":27},"end":{"line":321,"column":75}},"72":{"start":{"line":321,"column":58},"end":{"line":321,"column":74}},"73":{"start":{"line":322,"column":8},"end":{"line":325,"column":9}},"74":{"start":{"line":323,"column":12},"end":{"line":323,"column":57}},"75":{"start":{"line":324,"column":12},"end":{"line":324,"column":19}},"76":{"start":{"line":328,"column":25},"end":{"line":328,"column":52}},"77":{"start":{"line":329,"column":25},"end":{"line":329,"column":58}},"78":{"start":{"line":330,"column":8},"end":{"line":330,"column":47}},"79":{"start":{"line":331,"column":8},"end":{"line":331,"column":65}},"80":{"start":{"line":333,"column":8},"end":{"line":333,"column":50}},"81":{"start":{"line":348,"column":25},"end":{"line":348,"column":55}},"82":{"start":{"line":349,"column":8},"end":{"line":351,"column":9}},"83":{"start":{"line":350,"column":12},"end":{"line":350,"column":19}},"84":{"start":{"line":353,"column":33},"end":{"line":356,"column":9}},"85":{"start":{"line":358,"column":8},"end":{"line":364,"column":11}},"86":{"start":{"line":374,"column":25},"end":{"line":374,"column":55}},"87":{"start":{"line":375,"column":8},"end":{"line":375,"column":47}},"88":{"start":{"line":384,"column":25},"end":{"line":384,"column":55}},"89":{"start":{"line":385,"column":8},"end":{"line":387,"column":9}},"90":{"start":{"line":386,"column":12},"end":{"line":386,"column":19}},"91":{"start":{"line":390,"column":8},"end":{"line":390,"column":57}},"92":{"start":{"line":391,"column":8},"end":{"line":391,"column":57}},"93":{"start":{"line":392,"column":8},"end":{"line":392,"column":59}},"94":{"start":{"line":393,"column":8},"end":{"line":393,"column":58}},"95":{"start":{"line":396,"column":8},"end":{"line":396,"column":33}},"96":{"start":{"line":399,"column":8},"end":{"line":401,"column":9}},"97":{"start":{"line":400,"column":12},"end":{"line":400,"column":68}},"98":{"start":{"line":403,"column":8},"end":{"line":403,"column":42}},"99":{"start":{"line":404,"column":8},"end":{"line":404,"column":68}},"100":{"start":{"line":409,"column":0},"end":{"line":411,"column":1}},"101":{"start":{"line":410,"column":4},"end":{"line":410,"column":36}}},"fnMap":{"0":{"name":"(anonymous_0)","decl":{"start":{"line":25,"column":4},"end":{"line":25,"column":5}},"loc":{"start":{"line":25,"column":24},"end":{"line":27,"column":5}},"line":25},"1":{"name":"(anonymous_1)","decl":{"start":{"line":44,"column":4},"end":{"line":44,"column":5}},"loc":{"start":{"line":44,"column":49},"end":{"line":128,"column":5}},"line":44},"2":{"name":"(anonymous_2)","decl":{"start":{"line":99,"column":30},"end":{"line":99,"column":31}},"loc":{"start":{"line":99,"column":36},"end":{"line":109,"column":9}},"line":99},"3":{"name":"(anonymous_3)","decl":{"start":{"line":148,"column":4},"end":{"line":148,"column":5}},"loc":{"start":{"line":148,"column":59},"end":{"line":200,"column":5}},"line":148},"4":{"name":"(anonymous_4)","decl":{"start":{"line":167,"column":51},"end":{"line":167,"column":52}},"loc":{"start":{"line":167,"column":56},"end":{"line":170,"column":13}},"line":167},"5":{"name":"(anonymous_5)","decl":{"start":{"line":222,"column":4},"end":{"line":222,"column":5}},"loc":{"start":{"line":222,"column":61},"end":{"line":252,"column":5}},"line":222},"6":{"name":"(anonymous_6)","decl":{"start":{"line":233,"column":25},"end":{"line":233,"column":26}},"loc":{"start":{"line":233,"column":30},"end":{"line":233,"column":31}},"line":233},"7":{"name":"(anonymous_7)","decl":{"start":{"line":263,"column":4},"end":{"line":263,"column":5}},"loc":{"start":{"line":263,"column":54},"end":{"line":289,"column":5}},"line":263},"8":{"name":"(anonymous_8)","decl":{"start":{"line":273,"column":21},"end":{"line":273,"column":22}},"loc":{"start":{"line":273,"column":26},"end":{"line":273,"column":44}},"line":273},"9":{"name":"(anonymous_9)","decl":{"start":{"line":297,"column":4},"end":{"line":297,"column":5}},"loc":{"start":{"line":297,"column":32},"end":{"line":306,"column":5}},"line":297},"10":{"name":"(anonymous_10)","decl":{"start":{"line":303,"column":49},"end":{"line":303,"column":50}},"loc":{"start":{"line":303,"column":54},"end":{"line":303,"column":70}},"line":303},"11":{"name":"(anonymous_11)","decl":{"start":{"line":315,"column":4},"end":{"line":315,"column":5}},"loc":{"start":{"line":315,"column":41},"end":{"line":334,"column":5}},"line":315},"12":{"name":"(anonymous_12)","decl":{"start":{"line":321,"column":53},"end":{"line":321,"column":54}},"loc":{"start":{"line":321,"column":58},"end":{"line":321,"column":74}},"line":321},"13":{"name":"(anonymous_13)","decl":{"start":{"line":347,"column":4},"end":{"line":347,"column":5}},"loc":{"start":{"line":347,"column":45},"end":{"line":365,"column":5}},"line":347},"14":{"name":"(anonymous_14)","decl":{"start":{"line":373,"column":4},"end":{"line":373,"column":5}},"loc":{"start":{"line":373,"column":21},"end":{"line":376,"column":5}},"line":373},"15":{"name":"(anonymous_15)","decl":{"start":{"line":383,"column":4},"end":{"line":383,"column":5}},"loc":{"start":{"line":383,"column":19},"end":{"line":405,"column":5}},"line":383}},"branchMap":{"0":{"loc":{"start":{"line":26,"column":15},"end":{"line":26,"column":55}},"type":"binary-expr","locations":[{"start":{"line":26,"column":15},"end":{"line":26,"column":42}},{"start":{"line":26,"column":46},"end":{"line":26,"column":55}}],"line":26},"1":{"loc":{"start":{"line":44,"column":35},"end":{"line":44,"column":47}},"type":"default-arg","locations":[{"start":{"line":44,"column":45},"end":{"line":44,"column":47}}],"line":44},"2":{"loc":{"start":{"line":45,"column":8},"end":{"line":48,"column":9}},"type":"if","locations":[{"start":{"line":45,"column":8},"end":{"line":48,"column":9}},{"start":{},"end":{}}],"line":45},"3":{"loc":{"start":{"line":52,"column":8},"end":{"line":55,"column":9}},"type":"if","locations":[{"start":{"line":52,"column":8},"end":{"line":55,"column":9}},{"start":{},"end":{}}],"line":52},"4":{"loc":{"start":{"line":58,"column":8},"end":{"line":61,"column":9}},"type":"if","locations":[{"start":{"line":58,"column":8},"end":{"line":61,"column":9}},{"start":{},"end":{}}],"line":58},"5":{"loc":{"start":{"line":89,"column":21},"end":{"line":91,"column":20}},"type":"cond-expr","locations":[{"start":{"line":89,"column":46},"end":{"line":91,"column":15}},{"start":{"line":91,"column":18},"end":{"line":91,"column":20}}],"line":89},"6":{"loc":{"start":{"line":148,"column":45},"end":{"line":148,"column":57}},"type":"default-arg","locations":[{"start":{"line":148,"column":55},"end":{"line":148,"column":57}}],"line":148},"7":{"loc":{"start":{"line":150,"column":8},"end":{"line":153,"column":9}},"type":"if","locations":[{"start":{"line":150,"column":8},"end":{"line":153,"column":9}},{"start":{},"end":{}}],"line":150},"8":{"loc":{"start":{"line":150,"column":12},"end":{"line":150,"column":50}},"type":"binary-expr","locations":[{"start":{"line":150,"column":12},"end":{"line":150,"column":21}},{"start":{"line":150,"column":25},"end":{"line":150,"column":50}}],"line":150},"9":{"loc":{"start":{"line":163,"column":22},"end":{"line":163,"column":78}},"type":"cond-expr","locations":[{"start":{"line":163,"column":55},"end":{"line":163,"column":71}},{"start":{"line":163,"column":74},"end":{"line":163,"column":78}}],"line":163},"10":{"loc":{"start":{"line":164,"column":23},"end":{"line":164,"column":49}},"type":"binary-expr","locations":[{"start":{"line":164,"column":23},"end":{"line":164,"column":40}},{"start":{"line":164,"column":44},"end":{"line":164,"column":49}}],"line":164},"11":{"loc":{"start":{"line":167,"column":26},"end":{"line":170,"column":14}},"type":"binary-expr","locations":[{"start":{"line":167,"column":26},"end":{"line":167,"column":46}},{"start":{"line":167,"column":51},"end":{"line":170,"column":13}}],"line":167},"12":{"loc":{"start":{"line":169,"column":23},"end":{"line":169,"column":63}},"type":"binary-expr","locations":[{"start":{"line":169,"column":23},"end":{"line":169,"column":58}},{"start":{"line":169,"column":62},"end":{"line":169,"column":63}}],"line":169},"13":{"loc":{"start":{"line":173,"column":26},"end":{"line":173,"column":48}},"type":"binary-expr","locations":[{"start":{"line":173,"column":26},"end":{"line":173,"column":43}},{"start":{"line":173,"column":47},"end":{"line":173,"column":48}}],"line":173},"14":{"loc":{"start":{"line":174,"column":26},"end":{"line":174,"column":67}},"type":"binary-expr","locations":[{"start":{"line":174,"column":26},"end":{"line":174,"column":43}},{"start":{"line":174,"column":47},"end":{"line":174,"column":67}}],"line":174},"15":{"loc":{"start":{"line":175,"column":26},"end":{"line":175,"column":64}},"type":"binary-expr","locations":[{"start":{"line":175,"column":26},"end":{"line":175,"column":43}},{"start":{"line":175,"column":47},"end":{"line":175,"column":64}}],"line":175},"16":{"loc":{"start":{"line":178,"column":22},"end":{"line":178,"column":78}},"type":"cond-expr","locations":[{"start":{"line":178,"column":55},"end":{"line":178,"column":71}},{"start":{"line":178,"column":74},"end":{"line":178,"column":78}}],"line":178},"17":{"loc":{"start":{"line":179,"column":27},"end":{"line":179,"column":93}},"type":"cond-expr","locations":[{"start":{"line":179,"column":65},"end":{"line":179,"column":86}},{"start":{"line":179,"column":89},"end":{"line":179,"column":93}}],"line":179},"18":{"loc":{"start":{"line":180,"column":28},"end":{"line":180,"column":72}},"type":"binary-expr","locations":[{"start":{"line":180,"column":28},"end":{"line":180,"column":50}},{"start":{"line":180,"column":54},"end":{"line":180,"column":72}}],"line":180},"19":{"loc":{"start":{"line":183,"column":22},"end":{"line":188,"column":13}},"type":"binary-expr","locations":[{"start":{"line":183,"column":22},"end":{"line":183,"column":38}},{"start":{"line":183,"column":42},"end":{"line":188,"column":13}}],"line":183},"20":{"loc":{"start":{"line":222,"column":47},"end":{"line":222,"column":59}},"type":"default-arg","locations":[{"start":{"line":222,"column":57},"end":{"line":222,"column":59}}],"line":222},"21":{"loc":{"start":{"line":224,"column":8},"end":{"line":226,"column":9}},"type":"if","locations":[{"start":{"line":224,"column":8},"end":{"line":226,"column":9}},{"start":{},"end":{}}],"line":224},"22":{"loc":{"start":{"line":224,"column":12},"end":{"line":224,"column":50}},"type":"binary-expr","locations":[{"start":{"line":224,"column":12},"end":{"line":224,"column":21}},{"start":{"line":224,"column":25},"end":{"line":224,"column":50}}],"line":224},"23":{"loc":{"start":{"line":234,"column":23},"end":{"line":234,"column":42}},"type":"binary-expr","locations":[{"start":{"line":234,"column":23},"end":{"line":234,"column":37}},{"start":{"line":234,"column":41},"end":{"line":234,"column":42}}],"line":234},"24":{"loc":{"start":{"line":235,"column":26},"end":{"line":235,"column":56}},"type":"binary-expr","locations":[{"start":{"line":235,"column":26},"end":{"line":235,"column":39}},{"start":{"line":235,"column":43},"end":{"line":235,"column":56}}],"line":235},"25":{"loc":{"start":{"line":242,"column":22},"end":{"line":242,"column":78}},"type":"cond-expr","locations":[{"start":{"line":242,"column":55},"end":{"line":242,"column":71}},{"start":{"line":242,"column":74},"end":{"line":242,"column":78}}],"line":242},"26":{"loc":{"start":{"line":263,"column":40},"end":{"line":263,"column":52}},"type":"default-arg","locations":[{"start":{"line":263,"column":50},"end":{"line":263,"column":52}}],"line":263},"27":{"loc":{"start":{"line":265,"column":8},"end":{"line":267,"column":9}},"type":"if","locations":[{"start":{"line":265,"column":8},"end":{"line":267,"column":9}},{"start":{},"end":{}}],"line":265},"28":{"loc":{"start":{"line":265,"column":12},"end":{"line":265,"column":50}},"type":"binary-expr","locations":[{"start":{"line":265,"column":12},"end":{"line":265,"column":21}},{"start":{"line":265,"column":25},"end":{"line":265,"column":50}}],"line":265},"29":{"loc":{"start":{"line":273,"column":26},"end":{"line":273,"column":44}},"type":"binary-expr","locations":[{"start":{"line":273,"column":26},"end":{"line":273,"column":39}},{"start":{"line":273,"column":43},"end":{"line":273,"column":44}}],"line":273},"30":{"loc":{"start":{"line":274,"column":22},"end":{"line":274,"column":52}},"type":"binary-expr","locations":[{"start":{"line":274,"column":22},"end":{"line":274,"column":35}},{"start":{"line":274,"column":39},"end":{"line":274,"column":52}}],"line":274},"31":{"loc":{"start":{"line":275,"column":22},"end":{"line":275,"column":40}},"type":"binary-expr","locations":[{"start":{"line":275,"column":22},"end":{"line":275,"column":35}},{"start":{"line":275,"column":39},"end":{"line":275,"column":40}}],"line":275},"32":{"loc":{"start":{"line":280,"column":22},"end":{"line":280,"column":78}},"type":"cond-expr","locations":[{"start":{"line":280,"column":55},"end":{"line":280,"column":71}},{"start":{"line":280,"column":74},"end":{"line":280,"column":78}}],"line":280},"33":{"loc":{"start":{"line":299,"column":8},"end":{"line":301,"column":9}},"type":"if","locations":[{"start":{"line":299,"column":8},"end":{"line":301,"column":9}},{"start":{},"end":{}}],"line":299},"34":{"loc":{"start":{"line":317,"column":8},"end":{"line":319,"column":9}},"type":"if","locations":[{"start":{"line":317,"column":8},"end":{"line":319,"column":9}},{"start":{},"end":{}}],"line":317},"35":{"loc":{"start":{"line":322,"column":8},"end":{"line":325,"column":9}},"type":"if","locations":[{"start":{"line":322,"column":8},"end":{"line":325,"column":9}},{"start":{},"end":{}}],"line":322},"36":{"loc":{"start":{"line":347,"column":31},"end":{"line":347,"column":43}},"type":"default-arg","locations":[{"start":{"line":347,"column":41},"end":{"line":347,"column":43}}],"line":347},"37":{"loc":{"start":{"line":349,"column":8},"end":{"line":351,"column":9}},"type":"if","locations":[{"start":{"line":349,"column":8},"end":{"line":351,"column":9}},{"start":{},"end":{}}],"line":349},"38":{"loc":{"start":{"line":354,"column":22},"end":{"line":354,"column":46}},"type":"binary-expr","locations":[{"start":{"line":354,"column":22},"end":{"line":354,"column":38}},{"start":{"line":354,"column":42},"end":{"line":354,"column":46}}],"line":354},"39":{"loc":{"start":{"line":375,"column":15},"end":{"line":375,"column":46}},"type":"cond-expr","locations":[{"start":{"line":375,"column":26},"end":{"line":375,"column":41}},{"start":{"line":375,"column":44},"end":{"line":375,"column":46}}],"line":375},"40":{"loc":{"start":{"line":385,"column":8},"end":{"line":387,"column":9}},"type":"if","locations":[{"start":{"line":385,"column":8},"end":{"line":387,"column":9}},{"start":{},"end":{}}],"line":385},"41":{"loc":{"start":{"line":399,"column":8},"end":{"line":401,"column":9}},"type":"if","locations":[{"start":{"line":399,"column":8},"end":{"line":401,"column":9}},{"start":{},"end":{}}],"line":399},"42":{"loc":{"start":{"line":399,"column":12},"end":{"line":399,"column":57}},"type":"binary-expr","locations":[{"start":{"line":399,"column":12},"end":{"line":399,"column":27}},{"start":{"line":399,"column":31},"end":{"line":399,"column":57}}],"line":399},"43":{"loc":{"start":{"line":409,"column":0},"end":{"line":411,"column":1}},"type":"if","locations":[{"start":{"line":409,"column":0},"end":{"line":411,"column":1}},{"start":{},"end":{}}],"line":409},"44":{"loc":{"start":{"line":409,"column":4},"end":{"line":409,"column":51}},"type":"binary-expr","locations":[{"start":{"line":409,"column":4},"end":{"line":409,"column":33}},{"start":{"line":409,"column":37},"end":{"line":409,"column":51}}],"line":409}},"s":{"0":0,"1":0,"2":0,"3":0,"4":0,"5":0,"6":0,"7":0,"8":0,"9":0,"10":0,"11":0,"12":0,"13":0,"14":0,"15":0,"16":0,"17":0,"18":0,"19":0,"20":0,"21":0,"22":0,"23":0,"24":0,"25":0,"26":0,"27":0,"28":0,"29":0,"30":0,"31":0,"32":0,"33":0,"34":0,"35":0,"36":0,"37":0,"38":0,"39":0,"40":0,"41":0,"42":0,"43":0,"44":0,"45":0,"46":0,"47":0,"48":0,"49":0,"50":0,"51":0,"52":0,"53":0,"54":0,"55":0,"56":0,"57":0,"58":0,"59":0,"60":0,"61":0,"62":0,"63":0,"64":0,"65":0,"66":0,"67":0,"68":0,"69":0,"70":0,"71":0,"72":0,"73":0,"74":0,"75":0,"76":0,"77":0,"78":0,"79":0,"80":0,"81":0,"82":0,"83":0,"84":0,"85":0,"86":0,"87":0,"88":0,"89":0,"90":0,"91":0,"92":0,"93":0,"94":0,"95":0,"96":0,"97":0,"98":0,"99":0,"100":0,"101":0},"f":{"0":0,"1":0,"2":0,"3":0,"4":0,"5":0,"6":0,"7":0,"8":0,"9":0,"10":0,"11":0,"12":0,"13":0,"14":0,"15":0},"b":{"0":[0,0],"1":[0],"2":[0,0],"3":[0,0],"4":[0,0],"5":[0,0],"6":[0],"7":[0,0],"8":[0,0],"9":[0,0],"10":[0,0],"11":[0,0],"12":[0,0],"13":[0,0],"14":[0,0],"15":[0,0],"16":[0,0],"17":[0,0],"18":[0,0],"19":[0,0],"20":[0],"21":[0,0],"22":[0,0],"23":[0,0],"24":[0,0],"25":[0,0],"26":[0],"27":[0,0],"28":[0,0],"29":[0,0],"30":[0,0],"31":[0,0],"32":[0,0],"33":[0,0],"34":[0,0],"35":[0,0],"36":[0],"37":[0,0],"38":[0,0],"39":[0,0],"40":[0,0],"41":[0,0],"42":[0,0],"43":[0,0],"44":[0,0]}}
,"/home/mike/projects/Honua.Server/src/Honua.MapSDK/wwwroot/js/honua-analysis.js": {"path":"/home/mike/projects/Honua.Server/src/Honua.MapSDK/wwwroot/js/honua-analysis.js","statementMap":{"0":{"start":{"line":5,"column":26},"end":{"line":5,"column":35}},"1":{"start":{"line":6,"column":24},"end":{"line":6,"column":33}},"2":{"start":{"line":7,"column":19},"end":{"line":7,"column":28}},"3":{"start":{"line":13,"column":4},"end":{"line":43,"column":5}},"4":{"start":{"line":14,"column":28},"end":{"line":14,"column":56}},"5":{"start":{"line":15,"column":8},"end":{"line":18,"column":9}},"6":{"start":{"line":16,"column":12},"end":{"line":16,"column":62}},"7":{"start":{"line":17,"column":12},"end":{"line":17,"column":19}},"8":{"start":{"line":21,"column":8},"end":{"line":25,"column":9}},"9":{"start":{"line":22,"column":12},"end":{"line":22,"column":89}},"10":{"start":{"line":23,"column":12},"end":{"line":23,"column":128}},"11":{"start":{"line":24,"column":12},"end":{"line":24,"column":19}},"12":{"start":{"line":28,"column":8},"end":{"line":28,"column":47}},"13":{"start":{"line":30,"column":25},"end":{"line":36,"column":9}},"14":{"start":{"line":38,"column":8},"end":{"line":38,"column":53}},"15":{"start":{"line":40,"column":8},"end":{"line":40,"column":74}},"16":{"start":{"line":42,"column":8},"end":{"line":42,"column":61}},"17":{"start":{"line":50,"column":4},"end":{"line":84,"column":5}},"18":{"start":{"line":51,"column":24},"end":{"line":51,"column":47}},"19":{"start":{"line":52,"column":22},"end":{"line":52,"column":39}},"20":{"start":{"line":55,"column":8},"end":{"line":63,"column":9}},"21":{"start":{"line":56,"column":12},"end":{"line":56,"column":82}},"22":{"start":{"line":57,"column":15},"end":{"line":63,"column":9}},"23":{"start":{"line":58,"column":12},"end":{"line":58,"column":82}},"24":{"start":{"line":59,"column":15},"end":{"line":63,"column":9}},"25":{"start":{"line":60,"column":12},"end":{"line":60,"column":82}},"26":{"start":{"line":62,"column":12},"end":{"line":62,"column":94}},"27":{"start":{"line":66,"column":21},"end":{"line":66,"column":38}},"28":{"start":{"line":68,"column":8},"end":{"line":77,"column":10}},"29":{"start":{"line":79,"column":8},"end":{"line":79,"column":57}},"30":{"start":{"line":80,"column":8},"end":{"line":83,"column":10}},"31":{"start":{"line":91,"column":4},"end":{"line":124,"column":5}},"32":{"start":{"line":92,"column":24},"end":{"line":92,"column":47}},"33":{"start":{"line":93,"column":22},"end":{"line":93,"column":39}},"34":{"start":{"line":95,"column":22},"end":{"line":104,"column":10}},"35":{"start":{"line":96,"column":29},"end":{"line":96,"column":80}},"36":{"start":{"line":97,"column":12},"end":{"line":102,"column":14}},"37":{"start":{"line":103,"column":12},"end":{"line":103,"column":28}},"38":{"start":{"line":106,"column":34},"end":{"line":106,"column":63}},"39":{"start":{"line":108,"column":8},"end":{"line":117,"column":10}},"40":{"start":{"line":119,"column":8},"end":{"line":119,"column":68}},"41":{"start":{"line":120,"column":8},"end":{"line":123,"column":10}},"42":{"start":{"line":131,"column":4},"end":{"line":165,"column":5}},"43":{"start":{"line":132,"column":25},"end":{"line":132,"column":49}},"44":{"start":{"line":133,"column":25},"end":{"line":133,"column":49}},"45":{"start":{"line":135,"column":23},"end":{"line":135,"column":57}},"46":{"start":{"line":137,"column":8},"end":{"line":146,"column":9}},"47":{"start":{"line":138,"column":12},"end":{"line":145,"column":14}},"48":{"start":{"line":148,"column":21},"end":{"line":148,"column":38}},"49":{"start":{"line":150,"column":8},"end":{"line":158,"column":10}},"50":{"start":{"line":160,"column":8},"end":{"line":160,"column":60}},"51":{"start":{"line":161,"column":8},"end":{"line":164,"column":10}},"52":{"start":{"line":172,"column":4},"end":{"line":201,"column":5}},"53":{"start":{"line":173,"column":25},"end":{"line":173,"column":49}},"54":{"start":{"line":175,"column":8},"end":{"line":177,"column":9}},"55":{"start":{"line":176,"column":12},"end":{"line":176,"column":66}},"56":{"start":{"line":179,"column":21},"end":{"line":179,"column":32}},"57":{"start":{"line":180,"column":8},"end":{"line":182,"column":9}},"58":{"start":{"line":180,"column":21},"end":{"line":180,"column":22}},"59":{"start":{"line":181,"column":12},"end":{"line":181,"column":53}},"60":{"start":{"line":184,"column":21},"end":{"line":184,"column":38}},"61":{"start":{"line":186,"column":8},"end":{"line":194,"column":10}},"62":{"start":{"line":196,"column":8},"end":{"line":196,"column":56}},"63":{"start":{"line":197,"column":8},"end":{"line":200,"column":10}},"64":{"start":{"line":208,"column":4},"end":{"line":239,"column":5}},"65":{"start":{"line":209,"column":25},"end":{"line":209,"column":49}},"66":{"start":{"line":210,"column":25},"end":{"line":210,"column":49}},"67":{"start":{"line":212,"column":23},"end":{"line":212,"column":58}},"68":{"start":{"line":214,"column":8},"end":{"line":221,"column":9}},"69":{"start":{"line":215,"column":12},"end":{"line":220,"column":14}},"70":{"start":{"line":223,"column":21},"end":{"line":223,"column":38}},"71":{"start":{"line":225,"column":8},"end":{"line":232,"column":10}},"72":{"start":{"line":234,"column":8},"end":{"line":234,"column":61}},"73":{"start":{"line":235,"column":8},"end":{"line":238,"column":10}},"74":{"start":{"line":246,"column":4},"end":{"line":288,"column":5}},"75":{"start":{"line":247,"column":25},"end":{"line":247,"column":49}},"76":{"start":{"line":250,"column":23},"end":{"line":250,"column":25}},"77":{"start":{"line":251,"column":8},"end":{"line":257,"column":11}},"78":{"start":{"line":252,"column":26},"end":{"line":252,"column":58}},"79":{"start":{"line":253,"column":12},"end":{"line":255,"column":13}},"80":{"start":{"line":254,"column":16},"end":{"line":254,"column":35}},"81":{"start":{"line":256,"column":12},"end":{"line":256,"column":40}},"82":{"start":{"line":260,"column":26},"end":{"line":260,"column":28}},"83":{"start":{"line":261,"column":8},"end":{"line":268,"column":9}},"84":{"start":{"line":262,"column":24},"end":{"line":262,"column":40}},"85":{"start":{"line":263,"column":12},"end":{"line":265,"column":13}},"86":{"start":{"line":263,"column":25},"end":{"line":263,"column":26}},"87":{"start":{"line":264,"column":16},"end":{"line":264,"column":60}},"88":{"start":{"line":266,"column":12},"end":{"line":266,"column":57}},"89":{"start":{"line":267,"column":12},"end":{"line":267,"column":34}},"90":{"start":{"line":270,"column":34},"end":{"line":270,"column":67}},"91":{"start":{"line":272,"column":8},"end":{"line":281,"column":10}},"92":{"start":{"line":283,"column":8},"end":{"line":283,"column":59}},"93":{"start":{"line":284,"column":8},"end":{"line":287,"column":10}},"94":{"start":{"line":295,"column":4},"end":{"line":317,"column":5}},"95":{"start":{"line":296,"column":23},"end":{"line":296,"column":45}},"96":{"start":{"line":297,"column":24},"end":{"line":297,"column":47}},"97":{"start":{"line":299,"column":25},"end":{"line":299,"column":88}},"98":{"start":{"line":300,"column":23},"end":{"line":300,"column":66}},"99":{"start":{"line":302,"column":8},"end":{"line":310,"column":10}},"100":{"start":{"line":312,"column":8},"end":{"line":312,"column":72}},"101":{"start":{"line":313,"column":8},"end":{"line":316,"column":10}},"102":{"start":{"line":324,"column":4},"end":{"line":373,"column":5}},"103":{"start":{"line":325,"column":23},"end":{"line":325,"column":45}},"104":{"start":{"line":326,"column":27},"end":{"line":326,"column":53}},"105":{"start":{"line":328,"column":29},"end":{"line":328,"column":104}},"106":{"start":{"line":331,"column":26},"end":{"line":337,"column":10}},"107":{"start":{"line":332,"column":29},"end":{"line":332,"column":61}},"108":{"start":{"line":333,"column":12},"end":{"line":336,"column":14}},"109":{"start":{"line":340,"column":8},"end":{"line":340,"column":58}},"110":{"start":{"line":340,"column":33},"end":{"line":340,"column":56}},"111":{"start":{"line":341,"column":24},"end":{"line":341,"column":54}},"112":{"start":{"line":344,"column":24},"end":{"line":353,"column":10}},"113":{"start":{"line":345,"column":28},"end":{"line":345,"column":47}},"114":{"start":{"line":346,"column":12},"end":{"line":351,"column":14}},"115":{"start":{"line":352,"column":12},"end":{"line":352,"column":27}},"116":{"start":{"line":355,"column":34},"end":{"line":355,"column":65}},"117":{"start":{"line":357,"column":8},"end":{"line":366,"column":10}},"118":{"start":{"line":368,"column":8},"end":{"line":368,"column":67}},"119":{"start":{"line":369,"column":8},"end":{"line":372,"column":10}},"120":{"start":{"line":380,"column":4},"end":{"line":411,"column":5}},"121":{"start":{"line":381,"column":23},"end":{"line":381,"column":45}},"122":{"start":{"line":382,"column":27},"end":{"line":382,"column":53}},"123":{"start":{"line":383,"column":22},"end":{"line":383,"column":39}},"124":{"start":{"line":385,"column":29},"end":{"line":385,"column":104}},"125":{"start":{"line":387,"column":31},"end":{"line":390,"column":10}},"126":{"start":{"line":388,"column":25},"end":{"line":388,"column":68}},"127":{"start":{"line":389,"column":12},"end":{"line":389,"column":36}},"128":{"start":{"line":392,"column":34},"end":{"line":392,"column":72}},"129":{"start":{"line":394,"column":8},"end":{"line":404,"column":10}},"130":{"start":{"line":406,"column":8},"end":{"line":406,"column":66}},"131":{"start":{"line":407,"column":8},"end":{"line":410,"column":10}},"132":{"start":{"line":418,"column":4},"end":{"line":443,"column":5}},"133":{"start":{"line":419,"column":24},"end":{"line":419,"column":47}},"134":{"start":{"line":421,"column":29},"end":{"line":421,"column":47}},"135":{"start":{"line":422,"column":30},"end":{"line":422,"column":61}},"136":{"start":{"line":424,"column":8},"end":{"line":436,"column":10}},"137":{"start":{"line":438,"column":8},"end":{"line":438,"column":56}},"138":{"start":{"line":439,"column":8},"end":{"line":442,"column":10}},"139":{"start":{"line":450,"column":4},"end":{"line":482,"column":5}},"140":{"start":{"line":451,"column":24},"end":{"line":451,"column":47}},"141":{"start":{"line":452,"column":22},"end":{"line":452,"column":39}},"142":{"start":{"line":455,"column":8},"end":{"line":463,"column":9}},"143":{"start":{"line":456,"column":12},"end":{"line":456,"column":53}},"144":{"start":{"line":457,"column":15},"end":{"line":463,"column":9}},"145":{"start":{"line":459,"column":25},"end":{"line":459,"column":52}},"146":{"start":{"line":460,"column":12},"end":{"line":460,"column":50}},"147":{"start":{"line":462,"column":12},"end":{"line":462,"column":99}},"148":{"start":{"line":465,"column":8},"end":{"line":475,"column":10}},"149":{"start":{"line":477,"column":8},"end":{"line":477,"column":58}},"150":{"start":{"line":478,"column":8},"end":{"line":481,"column":10}},"151":{"start":{"line":489,"column":4},"end":{"line":508,"column":5}},"152":{"start":{"line":490,"column":24},"end":{"line":490,"column":47}},"153":{"start":{"line":491,"column":25},"end":{"line":491,"column":47}},"154":{"start":{"line":493,"column":8},"end":{"line":501,"column":10}},"155":{"start":{"line":503,"column":8},"end":{"line":503,"column":60}},"156":{"start":{"line":504,"column":8},"end":{"line":507,"column":10}},"157":{"start":{"line":515,"column":4},"end":{"line":541,"column":5}},"158":{"start":{"line":516,"column":24},"end":{"line":516,"column":47}},"159":{"start":{"line":517,"column":21},"end":{"line":517,"column":39}},"160":{"start":{"line":520,"column":28},"end":{"line":520,"column":50}},"161":{"start":{"line":522,"column":8},"end":{"line":534,"column":10}},"162":{"start":{"line":536,"column":8},"end":{"line":536,"column":64}},"163":{"start":{"line":537,"column":8},"end":{"line":540,"column":10}},"164":{"start":{"line":548,"column":4},"end":{"line":572,"column":5}},"165":{"start":{"line":549,"column":23},"end":{"line":549,"column":45}},"166":{"start":{"line":550,"column":23},"end":{"line":550,"column":45}},"167":{"start":{"line":552,"column":24},"end":{"line":552,"column":52}},"168":{"start":{"line":553,"column":25},"end":{"line":553,"column":54}},"169":{"start":{"line":555,"column":8},"end":{"line":565,"column":10}},"170":{"start":{"line":567,"column":8},"end":{"line":567,"column":59}},"171":{"start":{"line":568,"column":8},"end":{"line":571,"column":10}},"172":{"start":{"line":579,"column":4},"end":{"line":619,"column":5}},"173":{"start":{"line":580,"column":25},"end":{"line":580,"column":49}},"174":{"start":{"line":581,"column":25},"end":{"line":581,"column":49}},"175":{"start":{"line":584,"column":8},"end":{"line":602,"column":9}},"176":{"start":{"line":586,"column":16},"end":{"line":586,"column":66}},"177":{"start":{"line":587,"column":16},"end":{"line":587,"column":22}},"178":{"start":{"line":589,"column":16},"end":{"line":589,"column":64}},"179":{"start":{"line":590,"column":16},"end":{"line":590,"column":22}},"180":{"start":{"line":592,"column":16},"end":{"line":592,"column":65}},"181":{"start":{"line":593,"column":16},"end":{"line":593,"column":22}},"182":{"start":{"line":595,"column":16},"end":{"line":595,"column":65}},"183":{"start":{"line":596,"column":16},"end":{"line":596,"column":22}},"184":{"start":{"line":598,"column":16},"end":{"line":598,"column":66}},"185":{"start":{"line":599,"column":16},"end":{"line":599,"column":22}},"186":{"start":{"line":601,"column":16},"end":{"line":601,"column":73}},"187":{"start":{"line":604,"column":8},"end":{"line":612,"column":10}},"188":{"start":{"line":614,"column":8},"end":{"line":614,"column":69}},"189":{"start":{"line":615,"column":8},"end":{"line":618,"column":10}},"190":{"start":{"line":626,"column":4},"end":{"line":704,"column":5}},"191":{"start":{"line":627,"column":25},"end":{"line":627,"column":59}},"192":{"start":{"line":628,"column":8},"end":{"line":630,"column":9}},"193":{"start":{"line":629,"column":12},"end":{"line":629,"column":59}},"194":{"start":{"line":632,"column":23},"end":{"line":632,"column":45}},"195":{"start":{"line":633,"column":24},"end":{"line":633,"column":55}},"196":{"start":{"line":636,"column":8},"end":{"line":639,"column":11}},"197":{"start":{"line":642,"column":25},"end":{"line":642,"column":86}},"198":{"start":{"line":645,"column":8},"end":{"line":687,"column":9}},"199":{"start":{"line":646,"column":12},"end":{"line":654,"column":15}},"200":{"start":{"line":656,"column":12},"end":{"line":664,"column":15}},"201":{"start":{"line":665,"column":15},"end":{"line":687,"column":9}},"202":{"start":{"line":666,"column":12},"end":{"line":674,"column":15}},"203":{"start":{"line":675,"column":15},"end":{"line":687,"column":9}},"204":{"start":{"line":676,"column":12},"end":{"line":686,"column":15}},"205":{"start":{"line":689,"column":8},"end":{"line":692,"column":11}},"206":{"start":{"line":694,"column":8},"end":{"line":697,"column":10}},"207":{"start":{"line":699,"column":8},"end":{"line":699,"column":60}},"208":{"start":{"line":700,"column":8},"end":{"line":703,"column":10}},"209":{"start":{"line":711,"column":4},"end":{"line":731,"column":5}},"210":{"start":{"line":712,"column":25},"end":{"line":712,"column":59}},"211":{"start":{"line":713,"column":8},"end":{"line":713,"column":30}},"212":{"start":{"line":713,"column":23},"end":{"line":713,"column":30}},"213":{"start":{"line":716,"column":8},"end":{"line":721,"column":11}},"214":{"start":{"line":717,"column":32},"end":{"line":717,"column":54}},"215":{"start":{"line":718,"column":12},"end":{"line":720,"column":13}},"216":{"start":{"line":719,"column":16},"end":{"line":719,"column":62}},"217":{"start":{"line":724,"column":8},"end":{"line":726,"column":9}},"218":{"start":{"line":725,"column":12},"end":{"line":725,"column":55}},"219":{"start":{"line":728,"column":8},"end":{"line":728,"column":46}},"220":{"start":{"line":730,"column":8},"end":{"line":730,"column":61}},"221":{"start":{"line":738,"column":4},"end":{"line":747,"column":5}},"222":{"start":{"line":739,"column":25},"end":{"line":739,"column":59}},"223":{"start":{"line":740,"column":8},"end":{"line":740,"column":30}},"224":{"start":{"line":740,"column":23},"end":{"line":740,"column":30}},"225":{"start":{"line":742,"column":8},"end":{"line":744,"column":9}},"226":{"start":{"line":743,"column":12},"end":{"line":743,"column":52}},"227":{"start":{"line":746,"column":8},"end":{"line":746,"column":56}},"228":{"start":{"line":754,"column":20},"end":{"line":761,"column":5}},"229":{"start":{"line":762,"column":4},"end":{"line":762,"column":51}},"230":{"start":{"line":769,"column":4},"end":{"line":785,"column":5}},"231":{"start":{"line":772,"column":12},"end":{"line":772,"column":28}},"232":{"start":{"line":774,"column":12},"end":{"line":774,"column":36}},"233":{"start":{"line":776,"column":12},"end":{"line":776,"column":38}},"234":{"start":{"line":779,"column":12},"end":{"line":779,"column":38}},"235":{"start":{"line":782,"column":12},"end":{"line":782,"column":41}},"236":{"start":{"line":784,"column":12},"end":{"line":784,"column":28}},"237":{"start":{"line":792,"column":21},"end":{"line":799,"column":5}},"238":{"start":{"line":801,"column":17},"end":{"line":801,"column":54}},"239":{"start":{"line":802,"column":15},"end":{"line":802,"column":50}},"240":{"start":{"line":803,"column":4},"end":{"line":803,"column":21}},"241":{"start":{"line":810,"column":4},"end":{"line":816,"column":5}},"242":{"start":{"line":811,"column":8},"end":{"line":811,"column":37}},"243":{"start":{"line":812,"column":8},"end":{"line":812,"column":46}},"244":{"start":{"line":813,"column":8},"end":{"line":813,"column":39}},"245":{"start":{"line":815,"column":8},"end":{"line":815,"column":60}},"246":{"start":{"line":820,"column":0},"end":{"line":843,"column":1}},"247":{"start":{"line":821,"column":4},"end":{"line":842,"column":6}}},"fnMap":{"0":{"name":"initializeAnalysis","decl":{"start":{"line":12,"column":16},"end":{"line":12,"column":34}},"loc":{"start":{"line":12,"column":74},"end":{"line":44,"column":1}},"line":12},"1":{"name":"performBuffer","decl":{"start":{"line":49,"column":16},"end":{"line":49,"column":29}},"loc":{"start":{"line":49,"column":79},"end":{"line":85,"column":1}},"line":49},"2":{"name":"performMultiRingBuffer","decl":{"start":{"line":90,"column":16},"end":{"line":90,"column":38}},"loc":{"start":{"line":90,"column":82},"end":{"line":125,"column":1}},"line":90},"3":{"name":"(anonymous_3)","decl":{"start":{"line":95,"column":36},"end":{"line":95,"column":37}},"loc":{"start":{"line":95,"column":57},"end":{"line":104,"column":9}},"line":95},"4":{"name":"performIntersect","decl":{"start":{"line":130,"column":16},"end":{"line":130,"column":32}},"loc":{"start":{"line":130,"column":74},"end":{"line":166,"column":1}},"line":130},"5":{"name":"performUnion","decl":{"start":{"line":171,"column":16},"end":{"line":171,"column":28}},"loc":{"start":{"line":171,"column":56},"end":{"line":202,"column":1}},"line":171},"6":{"name":"performDifference","decl":{"start":{"line":207,"column":16},"end":{"line":207,"column":33}},"loc":{"start":{"line":207,"column":75},"end":{"line":240,"column":1}},"line":207},"7":{"name":"performDissolve","decl":{"start":{"line":245,"column":16},"end":{"line":245,"column":31}},"loc":{"start":{"line":245,"column":73},"end":{"line":289,"column":1}},"line":245},"8":{"name":"(anonymous_8)","decl":{"start":{"line":251,"column":25},"end":{"line":251,"column":26}},"loc":{"start":{"line":251,"column":36},"end":{"line":257,"column":9}},"line":251},"9":{"name":"performPointsWithinPolygon","decl":{"start":{"line":294,"column":16},"end":{"line":294,"column":42}},"loc":{"start":{"line":294,"column":81},"end":{"line":318,"column":1}},"line":294},"10":{"name":"performNearestNeighbor","decl":{"start":{"line":323,"column":16},"end":{"line":323,"column":38}},"loc":{"start":{"line":323,"column":87},"end":{"line":374,"column":1}},"line":323},"11":{"name":"(anonymous_11)","decl":{"start":{"line":331,"column":52},"end":{"line":331,"column":53}},"loc":{"start":{"line":331,"column":65},"end":{"line":337,"column":9}},"line":331},"12":{"name":"(anonymous_12)","decl":{"start":{"line":340,"column":23},"end":{"line":340,"column":24}},"loc":{"start":{"line":340,"column":33},"end":{"line":340,"column":56}},"line":340},"13":{"name":"(anonymous_13)","decl":{"start":{"line":344,"column":36},"end":{"line":344,"column":37}},"loc":{"start":{"line":344,"column":44},"end":{"line":353,"column":9}},"line":344},"14":{"name":"performWithinDistance","decl":{"start":{"line":379,"column":16},"end":{"line":379,"column":37}},"loc":{"start":{"line":379,"column":95},"end":{"line":412,"column":1}},"line":379},"15":{"name":"(anonymous_15)","decl":{"start":{"line":387,"column":60},"end":{"line":387,"column":61}},"loc":{"start":{"line":387,"column":73},"end":{"line":390,"column":9}},"line":387},"16":{"name":"calculateArea","decl":{"start":{"line":417,"column":16},"end":{"line":417,"column":29}},"loc":{"start":{"line":417,"column":62},"end":{"line":444,"column":1}},"line":417},"17":{"name":"calculateLength","decl":{"start":{"line":449,"column":16},"end":{"line":449,"column":31}},"loc":{"start":{"line":449,"column":64},"end":{"line":483,"column":1}},"line":449},"18":{"name":"calculateCentroid","decl":{"start":{"line":488,"column":16},"end":{"line":488,"column":33}},"loc":{"start":{"line":488,"column":60},"end":{"line":509,"column":1}},"line":488},"19":{"name":"calculateBoundingBox","decl":{"start":{"line":514,"column":16},"end":{"line":514,"column":36}},"loc":{"start":{"line":514,"column":63},"end":{"line":542,"column":1}},"line":514},"20":{"name":"calculateBearing","decl":{"start":{"line":547,"column":16},"end":{"line":547,"column":32}},"loc":{"start":{"line":547,"column":70},"end":{"line":573,"column":1}},"line":547},"21":{"name":"checkSpatialRelationship","decl":{"start":{"line":578,"column":16},"end":{"line":578,"column":40}},"loc":{"start":{"line":578,"column":96},"end":{"line":620,"column":1}},"line":578},"22":{"name":"addResultToMap","decl":{"start":{"line":625,"column":16},"end":{"line":625,"column":30}},"loc":{"start":{"line":625,"column":74},"end":{"line":705,"column":1}},"line":625},"23":{"name":"removeResultLayer","decl":{"start":{"line":710,"column":16},"end":{"line":710,"column":33}},"loc":{"start":{"line":710,"column":56},"end":{"line":732,"column":1}},"line":710},"24":{"name":"(anonymous_24)","decl":{"start":{"line":716,"column":43},"end":{"line":716,"column":44}},"loc":{"start":{"line":716,"column":53},"end":{"line":721,"column":9}},"line":716},"25":{"name":"clearAllResults","decl":{"start":{"line":737,"column":16},"end":{"line":737,"column":31}},"loc":{"start":{"line":737,"column":45},"end":{"line":748,"column":1}},"line":737},"26":{"name":"convertUnit","decl":{"start":{"line":753,"column":9},"end":{"line":753,"column":20}},"loc":{"start":{"line":753,"column":27},"end":{"line":763,"column":1}},"line":753},"27":{"name":"convertArea","decl":{"start":{"line":768,"column":9},"end":{"line":768,"column":20}},"loc":{"start":{"line":768,"column":37},"end":{"line":786,"column":1}},"line":768},"28":{"name":"getUnitMultiplier","decl":{"start":{"line":791,"column":9},"end":{"line":791,"column":26}},"loc":{"start":{"line":791,"column":45},"end":{"line":804,"column":1}},"line":791},"29":{"name":"cleanup","decl":{"start":{"line":809,"column":16},"end":{"line":809,"column":23}},"loc":{"start":{"line":809,"column":37},"end":{"line":817,"column":1}},"line":809}},"branchMap":{"0":{"loc":{"start":{"line":15,"column":8},"end":{"line":18,"column":9}},"type":"if","locations":[{"start":{"line":15,"column":8},"end":{"line":18,"column":9}},{"start":{},"end":{}}],"line":15},"1":{"loc":{"start":{"line":21,"column":8},"end":{"line":25,"column":9}},"type":"if","locations":[{"start":{"line":21,"column":8},"end":{"line":25,"column":9}},{"start":{},"end":{}}],"line":21},"2":{"loc":{"start":{"line":55,"column":8},"end":{"line":63,"column":9}},"type":"if","locations":[{"start":{"line":55,"column":8},"end":{"line":63,"column":9}},{"start":{"line":57,"column":15},"end":{"line":63,"column":9}}],"line":55},"3":{"loc":{"start":{"line":56,"column":68},"end":{"line":56,"column":78}},"type":"binary-expr","locations":[{"start":{"line":56,"column":68},"end":{"line":56,"column":73}},{"start":{"line":56,"column":77},"end":{"line":56,"column":78}}],"line":56},"4":{"loc":{"start":{"line":57,"column":15},"end":{"line":63,"column":9}},"type":"if","locations":[{"start":{"line":57,"column":15},"end":{"line":63,"column":9}},{"start":{"line":59,"column":15},"end":{"line":63,"column":9}}],"line":57},"5":{"loc":{"start":{"line":58,"column":68},"end":{"line":58,"column":78}},"type":"binary-expr","locations":[{"start":{"line":58,"column":68},"end":{"line":58,"column":73}},{"start":{"line":58,"column":77},"end":{"line":58,"column":78}}],"line":58},"6":{"loc":{"start":{"line":59,"column":15},"end":{"line":63,"column":9}},"type":"if","locations":[{"start":{"line":59,"column":15},"end":{"line":63,"column":9}},{"start":{"line":61,"column":15},"end":{"line":63,"column":9}}],"line":59},"7":{"loc":{"start":{"line":60,"column":68},"end":{"line":60,"column":78}},"type":"binary-expr","locations":[{"start":{"line":60,"column":68},"end":{"line":60,"column":73}},{"start":{"line":60,"column":77},"end":{"line":60,"column":78}}],"line":60},"8":{"loc":{"start":{"line":137,"column":8},"end":{"line":146,"column":9}},"type":"if","locations":[{"start":{"line":137,"column":8},"end":{"line":146,"column":9}},{"start":{},"end":{}}],"line":137},"9":{"loc":{"start":{"line":175,"column":8},"end":{"line":177,"column":9}},"type":"if","locations":[{"start":{"line":175,"column":8},"end":{"line":177,"column":9}},{"start":{},"end":{}}],"line":175},"10":{"loc":{"start":{"line":175,"column":12},"end":{"line":175,"column":61}},"type":"binary-expr","locations":[{"start":{"line":175,"column":12},"end":{"line":175,"column":36}},{"start":{"line":175,"column":40},"end":{"line":175,"column":61}}],"line":175},"11":{"loc":{"start":{"line":214,"column":8},"end":{"line":221,"column":9}},"type":"if","locations":[{"start":{"line":214,"column":8},"end":{"line":221,"column":9}},{"start":{},"end":{}}],"line":214},"12":{"loc":{"start":{"line":253,"column":12},"end":{"line":255,"column":13}},"type":"if","locations":[{"start":{"line":253,"column":12},"end":{"line":255,"column":13}},{"start":{},"end":{}}],"line":253},"13":{"loc":{"start":{"line":299,"column":25},"end":{"line":299,"column":88}},"type":"cond-expr","locations":[{"start":{"line":299,"column":49},"end":{"line":299,"column":79}},{"start":{"line":299,"column":82},"end":{"line":299,"column":88}}],"line":299},"14":{"loc":{"start":{"line":328,"column":29},"end":{"line":328,"column":104}},"type":"cond-expr","locations":[{"start":{"line":328,"column":57},"end":{"line":328,"column":91}},{"start":{"line":328,"column":94},"end":{"line":328,"column":104}}],"line":328},"15":{"loc":{"start":{"line":341,"column":43},"end":{"line":341,"column":53}},"type":"binary-expr","locations":[{"start":{"line":341,"column":43},"end":{"line":341,"column":48}},{"start":{"line":341,"column":52},"end":{"line":341,"column":53}}],"line":341},"16":{"loc":{"start":{"line":362,"column":33},"end":{"line":362,"column":58}},"type":"binary-expr","locations":[{"start":{"line":362,"column":33},"end":{"line":362,"column":53}},{"start":{"line":362,"column":57},"end":{"line":362,"column":58}}],"line":362},"17":{"loc":{"start":{"line":363,"column":34},"end":{"line":363,"column":76}},"type":"binary-expr","locations":[{"start":{"line":363,"column":34},"end":{"line":363,"column":71}},{"start":{"line":363,"column":75},"end":{"line":363,"column":76}}],"line":363},"18":{"loc":{"start":{"line":385,"column":29},"end":{"line":385,"column":104}},"type":"cond-expr","locations":[{"start":{"line":385,"column":57},"end":{"line":385,"column":91}},{"start":{"line":385,"column":94},"end":{"line":385,"column":104}}],"line":385},"19":{"loc":{"start":{"line":455,"column":8},"end":{"line":463,"column":9}},"type":"if","locations":[{"start":{"line":455,"column":8},"end":{"line":463,"column":9}},{"start":{"line":457,"column":15},"end":{"line":463,"column":9}}],"line":455},"20":{"loc":{"start":{"line":455,"column":12},"end":{"line":455,"column":97}},"type":"binary-expr","locations":[{"start":{"line":455,"column":12},"end":{"line":455,"column":50}},{"start":{"line":455,"column":54},"end":{"line":455,"column":97}}],"line":455},"21":{"loc":{"start":{"line":457,"column":15},"end":{"line":463,"column":9}},"type":"if","locations":[{"start":{"line":457,"column":15},"end":{"line":463,"column":9}},{"start":{"line":461,"column":15},"end":{"line":463,"column":9}}],"line":457},"22":{"loc":{"start":{"line":457,"column":19},"end":{"line":457,"column":98}},"type":"binary-expr","locations":[{"start":{"line":457,"column":19},"end":{"line":457,"column":54}},{"start":{"line":457,"column":58},"end":{"line":457,"column":98}}],"line":457},"23":{"loc":{"start":{"line":470,"column":26},"end":{"line":470,"column":118}},"type":"cond-expr","locations":[{"start":{"line":470,"column":63},"end":{"line":470,"column":69}},{"start":{"line":470,"column":72},"end":{"line":470,"column":118}}],"line":470},"24":{"loc":{"start":{"line":471,"column":26},"end":{"line":471,"column":108}},"type":"cond-expr","locations":[{"start":{"line":471,"column":58},"end":{"line":471,"column":64}},{"start":{"line":471,"column":67},"end":{"line":471,"column":108}}],"line":471},"25":{"loc":{"start":{"line":584,"column":8},"end":{"line":602,"column":9}},"type":"switch","locations":[{"start":{"line":585,"column":12},"end":{"line":587,"column":22}},{"start":{"line":588,"column":12},"end":{"line":590,"column":22}},{"start":{"line":591,"column":12},"end":{"line":593,"column":22}},{"start":{"line":594,"column":12},"end":{"line":596,"column":22}},{"start":{"line":597,"column":12},"end":{"line":599,"column":22}},{"start":{"line":600,"column":12},"end":{"line":601,"column":73}}],"line":584},"26":{"loc":{"start":{"line":628,"column":8},"end":{"line":630,"column":9}},"type":"if","locations":[{"start":{"line":628,"column":8},"end":{"line":630,"column":9}},{"start":{},"end":{}}],"line":628},"27":{"loc":{"start":{"line":642,"column":25},"end":{"line":642,"column":86}},"type":"binary-expr","locations":[{"start":{"line":642,"column":25},"end":{"line":642,"column":46}},{"start":{"line":642,"column":50},"end":{"line":642,"column":86}}],"line":642},"28":{"loc":{"start":{"line":645,"column":8},"end":{"line":687,"column":9}},"type":"if","locations":[{"start":{"line":645,"column":8},"end":{"line":687,"column":9}},{"start":{"line":665,"column":15},"end":{"line":687,"column":9}}],"line":645},"29":{"loc":{"start":{"line":645,"column":12},"end":{"line":645,"column":65}},"type":"binary-expr","locations":[{"start":{"line":645,"column":12},"end":{"line":645,"column":34}},{"start":{"line":645,"column":38},"end":{"line":645,"column":65}}],"line":645},"30":{"loc":{"start":{"line":651,"column":34},"end":{"line":651,"column":63}},"type":"binary-expr","locations":[{"start":{"line":651,"column":34},"end":{"line":651,"column":50}},{"start":{"line":651,"column":54},"end":{"line":651,"column":63}}],"line":651},"31":{"loc":{"start":{"line":652,"column":36},"end":{"line":652,"column":61}},"type":"binary-expr","locations":[{"start":{"line":652,"column":36},"end":{"line":652,"column":54}},{"start":{"line":652,"column":58},"end":{"line":652,"column":61}}],"line":652},"32":{"loc":{"start":{"line":661,"column":34},"end":{"line":661,"column":65}},"type":"binary-expr","locations":[{"start":{"line":661,"column":34},"end":{"line":661,"column":52}},{"start":{"line":661,"column":56},"end":{"line":661,"column":65}}],"line":661},"33":{"loc":{"start":{"line":662,"column":34},"end":{"line":662,"column":57}},"type":"binary-expr","locations":[{"start":{"line":662,"column":34},"end":{"line":662,"column":52}},{"start":{"line":662,"column":56},"end":{"line":662,"column":57}}],"line":662},"34":{"loc":{"start":{"line":665,"column":15},"end":{"line":687,"column":9}},"type":"if","locations":[{"start":{"line":665,"column":15},"end":{"line":687,"column":9}},{"start":{"line":675,"column":15},"end":{"line":687,"column":9}}],"line":665},"35":{"loc":{"start":{"line":665,"column":19},"end":{"line":665,"column":78}},"type":"binary-expr","locations":[{"start":{"line":665,"column":19},"end":{"line":665,"column":44}},{"start":{"line":665,"column":48},"end":{"line":665,"column":78}}],"line":665},"36":{"loc":{"start":{"line":671,"column":34},"end":{"line":671,"column":65}},"type":"binary-expr","locations":[{"start":{"line":671,"column":34},"end":{"line":671,"column":52}},{"start":{"line":671,"column":56},"end":{"line":671,"column":65}}],"line":671},"37":{"loc":{"start":{"line":672,"column":34},"end":{"line":672,"column":57}},"type":"binary-expr","locations":[{"start":{"line":672,"column":34},"end":{"line":672,"column":52}},{"start":{"line":672,"column":56},"end":{"line":672,"column":57}}],"line":672},"38":{"loc":{"start":{"line":675,"column":15},"end":{"line":687,"column":9}},"type":"if","locations":[{"start":{"line":675,"column":15},"end":{"line":687,"column":9}},{"start":{},"end":{}}],"line":675},"39":{"loc":{"start":{"line":675,"column":19},"end":{"line":675,"column":68}},"type":"binary-expr","locations":[{"start":{"line":675,"column":19},"end":{"line":675,"column":39}},{"start":{"line":675,"column":43},"end":{"line":675,"column":68}}],"line":675},"40":{"loc":{"start":{"line":681,"column":36},"end":{"line":681,"column":65}},"type":"binary-expr","locations":[{"start":{"line":681,"column":36},"end":{"line":681,"column":52}},{"start":{"line":681,"column":56},"end":{"line":681,"column":65}}],"line":681},"41":{"loc":{"start":{"line":683,"column":43},"end":{"line":683,"column":74}},"type":"binary-expr","locations":[{"start":{"line":683,"column":43},"end":{"line":683,"column":61}},{"start":{"line":683,"column":65},"end":{"line":683,"column":74}}],"line":683},"42":{"loc":{"start":{"line":713,"column":8},"end":{"line":713,"column":30}},"type":"if","locations":[{"start":{"line":713,"column":8},"end":{"line":713,"column":30}},{"start":{},"end":{}}],"line":713},"43":{"loc":{"start":{"line":718,"column":12},"end":{"line":720,"column":13}},"type":"if","locations":[{"start":{"line":718,"column":12},"end":{"line":720,"column":13}},{"start":{},"end":{}}],"line":718},"44":{"loc":{"start":{"line":724,"column":8},"end":{"line":726,"column":9}},"type":"if","locations":[{"start":{"line":724,"column":8},"end":{"line":726,"column":9}},{"start":{},"end":{}}],"line":724},"45":{"loc":{"start":{"line":740,"column":8},"end":{"line":740,"column":30}},"type":"if","locations":[{"start":{"line":740,"column":8},"end":{"line":740,"column":30}},{"start":{},"end":{}}],"line":740},"46":{"loc":{"start":{"line":762,"column":11},"end":{"line":762,"column":50}},"type":"binary-expr","locations":[{"start":{"line":762,"column":11},"end":{"line":762,"column":38}},{"start":{"line":762,"column":42},"end":{"line":762,"column":50}}],"line":762},"47":{"loc":{"start":{"line":769,"column":4},"end":{"line":785,"column":5}},"type":"switch","locations":[{"start":{"line":770,"column":8},"end":{"line":770,"column":28}},{"start":{"line":771,"column":8},"end":{"line":772,"column":28}},{"start":{"line":773,"column":8},"end":{"line":774,"column":36}},{"start":{"line":775,"column":8},"end":{"line":776,"column":38}},{"start":{"line":777,"column":8},"end":{"line":777,"column":32}},{"start":{"line":778,"column":8},"end":{"line":779,"column":38}},{"start":{"line":780,"column":8},"end":{"line":780,"column":27}},{"start":{"line":781,"column":8},"end":{"line":782,"column":41}},{"start":{"line":783,"column":8},"end":{"line":784,"column":28}}],"line":769},"48":{"loc":{"start":{"line":801,"column":17},"end":{"line":801,"column":54}},"type":"binary-expr","locations":[{"start":{"line":801,"column":17},"end":{"line":801,"column":49}},{"start":{"line":801,"column":53},"end":{"line":801,"column":54}}],"line":801},"49":{"loc":{"start":{"line":802,"column":15},"end":{"line":802,"column":50}},"type":"binary-expr","locations":[{"start":{"line":802,"column":15},"end":{"line":802,"column":45}},{"start":{"line":802,"column":49},"end":{"line":802,"column":50}}],"line":802},"50":{"loc":{"start":{"line":820,"column":0},"end":{"line":843,"column":1}},"type":"if","locations":[{"start":{"line":820,"column":0},"end":{"line":843,"column":1}},{"start":{},"end":{}}],"line":820}},"s":{"0":0,"1":0,"2":0,"3":0,"4":0,"5":0,"6":0,"7":0,"8":0,"9":0,"10":0,"11":0,"12":0,"13":0,"14":0,"15":0,"16":0,"17":0,"18":0,"19":0,"20":0,"21":0,"22":0,"23":0,"24":0,"25":0,"26":0,"27":0,"28":0,"29":0,"30":0,"31":0,"32":0,"33":0,"34":0,"35":0,"36":0,"37":0,"38":0,"39":0,"40":0,"41":0,"42":0,"43":0,"44":0,"45":0,"46":0,"47":0,"48":0,"49":0,"50":0,"51":0,"52":0,"53":0,"54":0,"55":0,"56":0,"57":0,"58":0,"59":0,"60":0,"61":0,"62":0,"63":0,"64":0,"65":0,"66":0,"67":0,"68":0,"69":0,"70":0,"71":0,"72":0,"73":0,"74":0,"75":0,"76":0,"77":0,"78":0,"79":0,"80":0,"81":0,"82":0,"83":0,"84":0,"85":0,"86":0,"87":0,"88":0,"89":0,"90":0,"91":0,"92":0,"93":0,"94":0,"95":0,"96":0,"97":0,"98":0,"99":0,"100":0,"101":0,"102":0,"103":0,"104":0,"105":0,"106":0,"107":0,"108":0,"109":0,"110":0,"111":0,"112":0,"113":0,"114":0,"115":0,"116":0,"117":0,"118":0,"119":0,"120":0,"121":0,"122":0,"123":0,"124":0,"125":0,"126":0,"127":0,"128":0,"129":0,"130":0,"131":0,"132":0,"133":0,"134":0,"135":0,"136":0,"137":0,"138":0,"139":0,"140":0,"141":0,"142":0,"143":0,"144":0,"145":0,"146":0,"147":0,"148":0,"149":0,"150":0,"151":0,"152":0,"153":0,"154":0,"155":0,"156":0,"157":0,"158":0,"159":0,"160":0,"161":0,"162":0,"163":0,"164":0,"165":0,"166":0,"167":0,"168":0,"169":0,"170":0,"171":0,"172":0,"173":0,"174":0,"175":0,"176":0,"177":0,"178":0,"179":0,"180":0,"181":0,"182":0,"183":0,"184":0,"185":0,"186":0,"187":0,"188":0,"189":0,"190":0,"191":0,"192":0,"193":0,"194":0,"195":0,"196":0,"197":0,"198":0,"199":0,"200":0,"201":0,"202":0,"203":0,"204":0,"205":0,"206":0,"207":0,"208":0,"209":0,"210":0,"211":0,"212":0,"213":0,"214":0,"215":0,"216":0,"217":0,"218":0,"219":0,"220":0,"221":0,"222":0,"223":0,"224":0,"225":0,"226":0,"227":0,"228":0,"229":0,"230":0,"231":0,"232":0,"233":0,"234":0,"235":0,"236":0,"237":0,"238":0,"239":0,"240":0,"241":0,"242":0,"243":0,"244":0,"245":0,"246":0,"247":0},"f":{"0":0,"1":0,"2":0,"3":0,"4":0,"5":0,"6":0,"7":0,"8":0,"9":0,"10":0,"11":0,"12":0,"13":0,"14":0,"15":0,"16":0,"17":0,"18":0,"19":0,"20":0,"21":0,"22":0,"23":0,"24":0,"25":0,"26":0,"27":0,"28":0,"29":0},"b":{"0":[0,0],"1":[0,0],"2":[0,0],"3":[0,0],"4":[0,0],"5":[0,0],"6":[0,0],"7":[0,0],"8":[0,0],"9":[0,0],"10":[0,0],"11":[0,0],"12":[0,0],"13":[0,0],"14":[0,0],"15":[0,0],"16":[0,0],"17":[0,0],"18":[0,0],"19":[0,0],"20":[0,0],"21":[0,0],"22":[0,0],"23":[0,0],"24":[0,0],"25":[0,0,0,0,0,0],"26":[0,0],"27":[0,0],"28":[0,0],"29":[0,0],"30":[0,0],"31":[0,0],"32":[0,0],"33":[0,0],"34":[0,0],"35":[0,0],"36":[0,0],"37":[0,0],"38":[0,0],"39":[0,0],"40":[0,0],"41":[0,0],"42":[0,0],"43":[0,0],"44":[0,0],"45":[0,0],"46":[0,0],"47":[0,0,0,0,0,0,0,0,0],"48":[0,0],"49":[0,0],"50":[0,0]}}
,"/home/mike/projects/Honua.Server/src/Honua.MapSDK/wwwroot/js/honua-attributetable.js": {"path":"/home/mike/projects/Honua.Server/src/Honua.MapSDK/wwwroot/js/honua-attributetable.js","statementMap":{"0":{"start":{"line":6,"column":0},"end":{"line":500,"column":2}},"1":{"start":{"line":14,"column":20},"end":{"line":14,"column":45}},"2":{"start":{"line":15,"column":8},"end":{"line":18,"column":9}},"3":{"start":{"line":16,"column":12},"end":{"line":16,"column":77}},"4":{"start":{"line":17,"column":12},"end":{"line":17,"column":19}},"5":{"start":{"line":20,"column":8},"end":{"line":102,"column":9}},"6":{"start":{"line":22,"column":12},"end":{"line":24,"column":13}},"7":{"start":{"line":23,"column":16},"end":{"line":23,"column":61}},"8":{"start":{"line":25,"column":12},"end":{"line":27,"column":13}},"9":{"start":{"line":26,"column":16},"end":{"line":26,"column":62}},"10":{"start":{"line":30,"column":29},"end":{"line":30,"column":31}},"11":{"start":{"line":31,"column":31},"end":{"line":31,"column":60}},"12":{"start":{"line":33,"column":12},"end":{"line":39,"column":13}},"13":{"start":{"line":34,"column":16},"end":{"line":38,"column":19}},"14":{"start":{"line":35,"column":20},"end":{"line":37,"column":21}},"15":{"start":{"line":36,"column":24},"end":{"line":36,"column":47}},"16":{"start":{"line":41,"column":12},"end":{"line":99,"column":13}},"17":{"start":{"line":42,"column":16},"end":{"line":48,"column":19}},"18":{"start":{"line":51,"column":37},"end":{"line":51,"column":62}},"19":{"start":{"line":53,"column":16},"end":{"line":98,"column":17}},"20":{"start":{"line":54,"column":20},"end":{"line":66,"column":23}},"21":{"start":{"line":67,"column":23},"end":{"line":98,"column":17}},"22":{"start":{"line":68,"column":20},"end":{"line":77,"column":23}},"23":{"start":{"line":78,"column":23},"end":{"line":98,"column":17}},"24":{"start":{"line":79,"column":20},"end":{"line":87,"column":23}},"25":{"start":{"line":88,"column":20},"end":{"line":97,"column":23}},"26":{"start":{"line":101,"column":12},"end":{"line":101,"column":65}},"27":{"start":{"line":110,"column":20},"end":{"line":110,"column":45}},"28":{"start":{"line":111,"column":8},"end":{"line":114,"column":9}},"29":{"start":{"line":112,"column":12},"end":{"line":112,"column":75}},"30":{"start":{"line":113,"column":12},"end":{"line":113,"column":19}},"31":{"start":{"line":116,"column":8},"end":{"line":128,"column":9}},"32":{"start":{"line":117,"column":12},"end":{"line":119,"column":13}},"33":{"start":{"line":118,"column":16},"end":{"line":118,"column":61}},"34":{"start":{"line":120,"column":12},"end":{"line":122,"column":13}},"35":{"start":{"line":121,"column":16},"end":{"line":121,"column":69}},"36":{"start":{"line":123,"column":12},"end":{"line":125,"column":13}},"37":{"start":{"line":124,"column":16},"end":{"line":124,"column":62}},"38":{"start":{"line":127,"column":12},"end":{"line":127,"column":63}},"39":{"start":{"line":138,"column":20},"end":{"line":138,"column":45}},"40":{"start":{"line":139,"column":8},"end":{"line":142,"column":9}},"41":{"start":{"line":140,"column":12},"end":{"line":140,"column":74}},"42":{"start":{"line":141,"column":12},"end":{"line":141,"column":19}},"43":{"start":{"line":144,"column":8},"end":{"line":165,"column":9}},"44":{"start":{"line":145,"column":31},"end":{"line":145,"column":60}},"45":{"start":{"line":146,"column":12},"end":{"line":149,"column":13}},"46":{"start":{"line":147,"column":16},"end":{"line":147,"column":79}},"47":{"start":{"line":148,"column":16},"end":{"line":148,"column":23}},"48":{"start":{"line":151,"column":28},"end":{"line":153,"column":13}},"49":{"start":{"line":152,"column":16},"end":{"line":152,"column":56}},"50":{"start":{"line":155,"column":12},"end":{"line":162,"column":13}},"51":{"start":{"line":156,"column":31},"end":{"line":156,"column":63}},"52":{"start":{"line":157,"column":16},"end":{"line":161,"column":19}},"53":{"start":{"line":164,"column":12},"end":{"line":164,"column":62}},"54":{"start":{"line":175,"column":20},"end":{"line":175,"column":45}},"55":{"start":{"line":176,"column":8},"end":{"line":179,"column":9}},"56":{"start":{"line":177,"column":12},"end":{"line":177,"column":75}},"57":{"start":{"line":178,"column":12},"end":{"line":178,"column":19}},"58":{"start":{"line":181,"column":8},"end":{"line":201,"column":9}},"59":{"start":{"line":182,"column":31},"end":{"line":182,"column":60}},"60":{"start":{"line":183,"column":12},"end":{"line":186,"column":13}},"61":{"start":{"line":184,"column":16},"end":{"line":184,"column":79}},"62":{"start":{"line":185,"column":16},"end":{"line":185,"column":23}},"63":{"start":{"line":188,"column":29},"end":{"line":190,"column":13}},"64":{"start":{"line":189,"column":16},"end":{"line":189,"column":61}},"65":{"start":{"line":192,"column":12},"end":{"line":198,"column":13}},"66":{"start":{"line":193,"column":31},"end":{"line":193,"column":62}},"67":{"start":{"line":194,"column":16},"end":{"line":197,"column":19}},"68":{"start":{"line":200,"column":12},"end":{"line":200,"column":63}},"69":{"start":{"line":210,"column":21},"end":{"line":210,"column":29}},"70":{"start":{"line":210,"column":40},"end":{"line":210,"column":48}},"71":{"start":{"line":211,"column":21},"end":{"line":211,"column":30}},"72":{"start":{"line":211,"column":41},"end":{"line":211,"column":50}},"73":{"start":{"line":213,"column":8},"end":{"line":221,"column":11}},"74":{"start":{"line":214,"column":27},"end":{"line":214,"column":69}},"75":{"start":{"line":215,"column":12},"end":{"line":220,"column":15}},"76":{"start":{"line":216,"column":16},"end":{"line":216,"column":47}},"77":{"start":{"line":217,"column":16},"end":{"line":217,"column":47}},"78":{"start":{"line":218,"column":16},"end":{"line":218,"column":47}},"79":{"start":{"line":219,"column":16},"end":{"line":219,"column":47}},"80":{"start":{"line":223,"column":8},"end":{"line":223,"column":48}},"81":{"start":{"line":232,"column":23},"end":{"line":232,"column":25}},"82":{"start":{"line":235,"column":12},"end":{"line":251,"column":13}},"83":{"start":{"line":236,"column":16},"end":{"line":236,"column":46}},"84":{"start":{"line":237,"column":19},"end":{"line":251,"column":13}},"85":{"start":{"line":238,"column":16},"end":{"line":238,"column":70}},"86":{"start":{"line":238,"column":50},"end":{"line":238,"column":68}},"87":{"start":{"line":239,"column":19},"end":{"line":251,"column":13}},"88":{"start":{"line":240,"column":16},"end":{"line":242,"column":18}},"89":{"start":{"line":241,"column":20},"end":{"line":241,"column":61}},"90":{"start":{"line":241,"column":42},"end":{"line":241,"column":60}},"91":{"start":{"line":243,"column":19},"end":{"line":251,"column":13}},"92":{"start":{"line":244,"column":16},"end":{"line":248,"column":18}},"93":{"start":{"line":245,"column":20},"end":{"line":247,"column":21}},"94":{"start":{"line":246,"column":24},"end":{"line":246,"column":65}},"95":{"start":{"line":246,"column":46},"end":{"line":246,"column":64}},"96":{"start":{"line":249,"column":19},"end":{"line":251,"column":13}},"97":{"start":{"line":250,"column":16},"end":{"line":250,"column":57}},"98":{"start":{"line":250,"column":45},"end":{"line":250,"column":55}},"99":{"start":{"line":254,"column":8},"end":{"line":254,"column":26}},"100":{"start":{"line":255,"column":8},"end":{"line":255,"column":22}},"101":{"start":{"line":265,"column":8},"end":{"line":283,"column":9}},"102":{"start":{"line":267,"column":28},"end":{"line":267,"column":80}},"103":{"start":{"line":267,"column":47},"end":{"line":267,"column":79}},"104":{"start":{"line":268,"column":29},"end":{"line":268,"column":48}},"105":{"start":{"line":271,"column":12},"end":{"line":277,"column":15}},"106":{"start":{"line":272,"column":31},"end":{"line":275,"column":18}},"107":{"start":{"line":273,"column":34},"end":{"line":273,"column":52}},"108":{"start":{"line":274,"column":20},"end":{"line":274,"column":55}},"109":{"start":{"line":276,"column":16},"end":{"line":276,"column":48}},"110":{"start":{"line":279,"column":31},"end":{"line":279,"column":50}},"111":{"start":{"line":280,"column":12},"end":{"line":280,"column":65}},"112":{"start":{"line":282,"column":12},"end":{"line":282,"column":60}},"113":{"start":{"line":295,"column":8},"end":{"line":301,"column":9}},"114":{"start":{"line":296,"column":32},"end":{"line":296,"column":65}},"115":{"start":{"line":297,"column":12},"end":{"line":297,"column":57}},"116":{"start":{"line":298,"column":12},"end":{"line":298,"column":94}},"117":{"start":{"line":300,"column":12},"end":{"line":300,"column":62}},"118":{"start":{"line":310,"column":8},"end":{"line":315,"column":9}},"119":{"start":{"line":311,"column":32},"end":{"line":311,"column":61}},"120":{"start":{"line":312,"column":12},"end":{"line":312,"column":74}},"121":{"start":{"line":314,"column":12},"end":{"line":314,"column":61}},"122":{"start":{"line":324,"column":8},"end":{"line":339,"column":9}},"123":{"start":{"line":325,"column":38},"end":{"line":333,"column":13}},"124":{"start":{"line":327,"column":45},"end":{"line":332,"column":17}},"125":{"start":{"line":335,"column":35},"end":{"line":335,"column":77}},"126":{"start":{"line":336,"column":12},"end":{"line":336,"column":81}},"127":{"start":{"line":338,"column":12},"end":{"line":338,"column":64}},"128":{"start":{"line":348,"column":8},"end":{"line":367,"column":9}},"129":{"start":{"line":350,"column":28},"end":{"line":350,"column":80}},"130":{"start":{"line":350,"column":47},"end":{"line":350,"column":79}},"131":{"start":{"line":351,"column":26},"end":{"line":351,"column":46}},"132":{"start":{"line":353,"column":12},"end":{"line":359,"column":15}},"133":{"start":{"line":354,"column":31},"end":{"line":357,"column":18}},"134":{"start":{"line":355,"column":34},"end":{"line":355,"column":52}},"135":{"start":{"line":356,"column":20},"end":{"line":356,"column":86}},"136":{"start":{"line":358,"column":16},"end":{"line":358,"column":46}},"137":{"start":{"line":361,"column":25},"end":{"line":361,"column":41}},"138":{"start":{"line":362,"column":12},"end":{"line":364,"column":81}},"139":{"start":{"line":363,"column":28},"end":{"line":363,"column":62}},"140":{"start":{"line":364,"column":30},"end":{"line":364,"column":79}},"141":{"start":{"line":366,"column":12},"end":{"line":366,"column":64}},"142":{"start":{"line":376,"column":8},"end":{"line":425,"column":9}},"143":{"start":{"line":377,"column":32},"end":{"line":377,"column":57}},"144":{"start":{"line":378,"column":12},"end":{"line":381,"column":13}},"145":{"start":{"line":379,"column":16},"end":{"line":379,"column":61}},"146":{"start":{"line":380,"column":16},"end":{"line":380,"column":23}},"147":{"start":{"line":383,"column":33},"end":{"line":383,"column":70}},"148":{"start":{"line":384,"column":12},"end":{"line":387,"column":13}},"149":{"start":{"line":385,"column":16},"end":{"line":385,"column":68}},"150":{"start":{"line":386,"column":16},"end":{"line":386,"column":23}},"151":{"start":{"line":389,"column":25},"end":{"line":419,"column":13}},"152":{"start":{"line":421,"column":12},"end":{"line":421,"column":45}},"153":{"start":{"line":422,"column":12},"end":{"line":422,"column":41}},"154":{"start":{"line":424,"column":12},"end":{"line":424,"column":58}},"155":{"start":{"line":434,"column":8},"end":{"line":436,"column":9}},"156":{"start":{"line":435,"column":12},"end":{"line":435,"column":22}},"157":{"start":{"line":438,"column":20},"end":{"line":438,"column":33}},"158":{"start":{"line":441,"column":8},"end":{"line":443,"column":9}},"159":{"start":{"line":442,"column":12},"end":{"line":442,"column":50}},"160":{"start":{"line":445,"column":8},"end":{"line":445,"column":19}},"161":{"start":{"line":455,"column":21},"end":{"line":455,"column":60}},"162":{"start":{"line":456,"column":20},"end":{"line":456,"column":45}},"163":{"start":{"line":457,"column":21},"end":{"line":457,"column":48}},"164":{"start":{"line":458,"column":8},"end":{"line":458,"column":24}},"165":{"start":{"line":459,"column":8},"end":{"line":459,"column":33}},"166":{"start":{"line":460,"column":8},"end":{"line":460,"column":40}},"167":{"start":{"line":461,"column":8},"end":{"line":461,"column":21}},"168":{"start":{"line":462,"column":8},"end":{"line":462,"column":40}},"169":{"start":{"line":463,"column":8},"end":{"line":463,"column":33}},"170":{"start":{"line":473,"column":20},"end":{"line":473,"column":45}},"171":{"start":{"line":474,"column":8},"end":{"line":477,"column":9}},"172":{"start":{"line":475,"column":12},"end":{"line":475,"column":51}},"173":{"start":{"line":476,"column":12},"end":{"line":476,"column":22}},"174":{"start":{"line":479,"column":8},"end":{"line":498,"column":9}},"175":{"start":{"line":480,"column":27},"end":{"line":480,"column":42}},"176":{"start":{"line":481,"column":31},"end":{"line":481,"column":60}},"177":{"start":{"line":483,"column":12},"end":{"line":485,"column":13}},"178":{"start":{"line":484,"column":16},"end":{"line":484,"column":26}},"179":{"start":{"line":488,"column":12},"end":{"line":494,"column":15}},"180":{"start":{"line":489,"column":31},"end":{"line":489,"column":73}},"181":{"start":{"line":490,"column":16},"end":{"line":493,"column":18}},"182":{"start":{"line":491,"column":20},"end":{"line":492,"column":72}},"183":{"start":{"line":496,"column":12},"end":{"line":496,"column":70}},"184":{"start":{"line":497,"column":12},"end":{"line":497,"column":22}},"185":{"start":{"line":503,"column":0},"end":{"line":503,"column":105}},"186":{"start":{"line":504,"column":0},"end":{"line":504,"column":99}},"187":{"start":{"line":505,"column":0},"end":{"line":505,"column":97}},"188":{"start":{"line":506,"column":0},"end":{"line":506,"column":99}},"189":{"start":{"line":507,"column":0},"end":{"line":507,"column":93}},"190":{"start":{"line":508,"column":0},"end":{"line":508,"column":97}},"191":{"start":{"line":509,"column":0},"end":{"line":509,"column":95}},"192":{"start":{"line":510,"column":0},"end":{"line":510,"column":101}},"193":{"start":{"line":511,"column":0},"end":{"line":511,"column":101}},"194":{"start":{"line":512,"column":0},"end":{"line":512,"column":91}}},"fnMap":{"0":{"name":"(anonymous_0)","decl":{"start":{"line":13,"column":23},"end":{"line":13,"column":24}},"loc":{"start":{"line":13,"column":61},"end":{"line":103,"column":5}},"line":13},"1":{"name":"(anonymous_1)","decl":{"start":{"line":34,"column":44},"end":{"line":34,"column":45}},"loc":{"start":{"line":34,"column":55},"end":{"line":38,"column":17}},"line":34},"2":{"name":"(anonymous_2)","decl":{"start":{"line":109,"column":20},"end":{"line":109,"column":21}},"loc":{"start":{"line":109,"column":37},"end":{"line":129,"column":5}},"line":109},"3":{"name":"(anonymous_3)","decl":{"start":{"line":137,"column":19},"end":{"line":137,"column":20}},"loc":{"start":{"line":137,"column":56},"end":{"line":166,"column":5}},"line":137},"4":{"name":"(anonymous_4)","decl":{"start":{"line":151,"column":53},"end":{"line":151,"column":54}},"loc":{"start":{"line":152,"column":16},"end":{"line":152,"column":56}},"line":152},"5":{"name":"(anonymous_5)","decl":{"start":{"line":174,"column":20},"end":{"line":174,"column":21}},"loc":{"start":{"line":174,"column":58},"end":{"line":202,"column":5}},"line":174},"6":{"name":"(anonymous_6)","decl":{"start":{"line":188,"column":56},"end":{"line":188,"column":57}},"loc":{"start":{"line":189,"column":16},"end":{"line":189,"column":61}},"line":189},"7":{"name":"(anonymous_7)","decl":{"start":{"line":209,"column":22},"end":{"line":209,"column":23}},"loc":{"start":{"line":209,"column":42},"end":{"line":224,"column":5}},"line":209},"8":{"name":"(anonymous_8)","decl":{"start":{"line":213,"column":25},"end":{"line":213,"column":26}},"loc":{"start":{"line":213,"column":36},"end":{"line":221,"column":9}},"line":213},"9":{"name":"(anonymous_9)","decl":{"start":{"line":215,"column":27},"end":{"line":215,"column":28}},"loc":{"start":{"line":215,"column":43},"end":{"line":220,"column":13}},"line":215},"10":{"name":"(anonymous_10)","decl":{"start":{"line":231,"column":25},"end":{"line":231,"column":26}},"loc":{"start":{"line":231,"column":45},"end":{"line":256,"column":5}},"line":231},"11":{"name":"extract","decl":{"start":{"line":234,"column":17},"end":{"line":234,"column":24}},"loc":{"start":{"line":234,"column":31},"end":{"line":252,"column":9}},"line":234},"12":{"name":"(anonymous_12)","decl":{"start":{"line":238,"column":41},"end":{"line":238,"column":42}},"loc":{"start":{"line":238,"column":50},"end":{"line":238,"column":68}},"line":238},"13":{"name":"(anonymous_13)","decl":{"start":{"line":240,"column":41},"end":{"line":240,"column":42}},"loc":{"start":{"line":241,"column":20},"end":{"line":241,"column":61}},"line":241},"14":{"name":"(anonymous_14)","decl":{"start":{"line":241,"column":33},"end":{"line":241,"column":34}},"loc":{"start":{"line":241,"column":42},"end":{"line":241,"column":60}},"line":241},"15":{"name":"(anonymous_15)","decl":{"start":{"line":244,"column":41},"end":{"line":244,"column":42}},"loc":{"start":{"line":245,"column":20},"end":{"line":247,"column":21}},"line":245},"16":{"name":"(anonymous_16)","decl":{"start":{"line":245,"column":36},"end":{"line":245,"column":37}},"loc":{"start":{"line":246,"column":24},"end":{"line":246,"column":65}},"line":246},"17":{"name":"(anonymous_17)","decl":{"start":{"line":246,"column":37},"end":{"line":246,"column":38}},"loc":{"start":{"line":246,"column":46},"end":{"line":246,"column":64}},"line":246},"18":{"name":"(anonymous_18)","decl":{"start":{"line":250,"column":40},"end":{"line":250,"column":41}},"loc":{"start":{"line":250,"column":45},"end":{"line":250,"column":55}},"line":250},"19":{"name":"(anonymous_19)","decl":{"start":{"line":264,"column":17},"end":{"line":264,"column":18}},"loc":{"start":{"line":264,"column":52},"end":{"line":284,"column":5}},"line":264},"20":{"name":"(anonymous_20)","decl":{"start":{"line":267,"column":40},"end":{"line":267,"column":41}},"loc":{"start":{"line":267,"column":47},"end":{"line":267,"column":79}},"line":267},"21":{"name":"(anonymous_21)","decl":{"start":{"line":271,"column":25},"end":{"line":271,"column":26}},"loc":{"start":{"line":271,"column":32},"end":{"line":277,"column":13}},"line":271},"22":{"name":"(anonymous_22)","decl":{"start":{"line":272,"column":43},"end":{"line":272,"column":44}},"loc":{"start":{"line":272,"column":50},"end":{"line":275,"column":17}},"line":272},"23":{"name":"(anonymous_23)","decl":{"start":{"line":292,"column":19},"end":{"line":292,"column":20}},"loc":{"start":{"line":292,"column":54},"end":{"line":302,"column":5}},"line":292},"24":{"name":"(anonymous_24)","decl":{"start":{"line":309,"column":18},"end":{"line":309,"column":19}},"loc":{"start":{"line":309,"column":44},"end":{"line":316,"column":5}},"line":309},"25":{"name":"(anonymous_25)","decl":{"start":{"line":323,"column":21},"end":{"line":323,"column":22}},"loc":{"start":{"line":323,"column":51},"end":{"line":340,"column":5}},"line":323},"26":{"name":"(anonymous_26)","decl":{"start":{"line":327,"column":39},"end":{"line":327,"column":40}},"loc":{"start":{"line":327,"column":45},"end":{"line":332,"column":17}},"line":327},"27":{"name":"(anonymous_27)","decl":{"start":{"
[...]
,"column":16},"end":{"line":181,"column":17}},{"start":{},"end":{}}],"line":179},"32":{"loc":{"start":{"line":182,"column":16},"end":{"line":184,"column":17}},"type":"if","locations":[{"start":{"line":182,"column":16},"end":{"line":184,"column":17}},{"start":{},"end":{}}],"line":182},"33":{"loc":{"start":{"line":188,"column":12},"end":{"line":198,"column":13}},"type":"if","locations":[{"start":{"line":188,"column":12},"end":{"line":198,"column":13}},{"start":{},"end":{}}],"line":188},"34":{"loc":{"start":{"line":188,"column":16},"end":{"line":188,"column":64}},"type":"binary-expr","locations":[{"start":{"line":188,"column":16},"end":{"line":188,"column":47}},{"start":{"line":188,"column":51},"end":{"line":188,"column":64}}],"line":188},"35":{"loc":{"start":{"line":189,"column":16},"end":{"line":191,"column":17}},"type":"if","locations":[{"start":{"line":189,"column":16},"end":{"line":191,"column":17}},{"start":{},"end":{}}],"line":189},"36":{"loc":{"start":{"line":192,"column":16},"end":{"line":194,"column":17}},"type":"if","locations":[{"start":{"line":192,"column":16},"end":{"line":194,"column":17}},{"start":{},"end":{}}],"line":192},"37":{"loc":{"start":{"line":195,"column":16},"end":{"line":197,"column":17}},"type":"if","locations":[{"start":{"line":195,"column":16},"end":{"line":197,"column":17}},{"start":{},"end":{}}],"line":195},"38":{"loc":{"start":{"line":201,"column":12},"end":{"line":208,"column":13}},"type":"if","locations":[{"start":{"line":201,"column":12},"end":{"line":208,"column":13}},{"start":{},"end":{}}],"line":201},"39":{"loc":{"start":{"line":201,"column":16},"end":{"line":201,"column":67}},"type":"binary-expr","locations":[{"start":{"line":201,"column":16},"end":{"line":201,"column":47}},{"start":{"line":201,"column":51},"end":{"line":201,"column":67}}],"line":201},"40":{"loc":{"start":{"line":202,"column":16},"end":{"line":204,"column":17}},"type":"if","locations":[{"start":{"line":202,"column":16},"end":{"line":204,"column":17}},{"start":{},"end":{}}],"line":202},"41":{"loc":{"start":{"line":205,"column":16},"end":{"line":207,"column":17}},"type":"if","locations":[{"start":{"line":205,"column":16},"end":{"line":207,"column":17}},{"start":{},"end":{}}],"line":205},"42":{"loc":{"start":{"line":210,"column":12},"end":{"line":217,"column":13}},"type":"if","locations":[{"start":{"line":210,"column":12},"end":{"line":217,"column":13}},{"start":{},"end":{}}],"line":210},"43":{"loc":{"start":{"line":210,"column":16},"end":{"line":210,"column":70}},"type":"binary-expr","locations":[{"start":{"line":210,"column":16},"end":{"line":210,"column":50}},{"start":{"line":210,"column":54},"end":{"line":210,"column":70}}],"line":210},"44":{"loc":{"start":{"line":211,"column":16},"end":{"line":213,"column":17}},"type":"if","locations":[{"start":{"line":211,"column":16},"end":{"line":213,"column":17}},{"start":{},"end":{}}],"line":211},"45":{"loc":{"start":{"line":214,"column":16},"end":{"line":216,"column":17}},"type":"if","locations":[{"start":{"line":214,"column":16},"end":{"line":216,"column":17}},{"start":{},"end":{}}],"line":214},"46":{"loc":{"start":{"line":222,"column":16},"end":{"line":227,"column":17}},"type":"if","locations":[{"start":{"line":222,"column":16},"end":{"line":227,"column":17}},{"start":{},"end":{}}],"line":222},"47":{"loc":{"start":{"line":230,"column":12},"end":{"line":232,"column":13}},"type":"if","locations":[{"start":{"line":230,"column":12},"end":{"line":232,"column":13}},{"start":{},"end":{}}],"line":230},"48":{"loc":{"start":{"line":277,"column":0},"end":{"line":279,"column":1}},"type":"if","locations":[{"start":{"line":277,"column":0},"end":{"line":279,"column":1}},{"start":{},"end":{}}],"line":277}},"s":{"0":0,"1":0,"2":0,"3":0,"4":0,"5":0,"6":0,"7":0,"8":0,"9":0,"10":0,"11":0,"12":0,"13":0,"14":0,"15":0,"16":0,"17":0,"18":0,"19":0,"20":0,"21":0,"22":0,"23":0,"24":0,"25":0,"26":0,"27":0,"28":0,"29":0,"30":0,"31":0,"32":0,"33":0,"34":0,"35":0,"36":0,"37":0,"38":0,"39":0,"40":0,"41":0,"42":0,"43":0,"44":0,"45":0,"46":0,"47":0,"48":0,"49":0,"50":0,"51":0,"52":0,"53":0,"54":0,"55":0,"56":0,"57":0,"58":0,"59":0,"60":0,"61":0,"62":0,"63":0,"64":0,"65":0,"66":0,"67":0,"68":0,"69":0,"70":0,"71":0,"72":0,"73":0,"74":0,"75":0,"76":0},"f":{"0":0,"1":0,"2":0,"3":0,"4":0,"5":0,"6":0,"7":0,"8":0,"9":0,"10":0,"11":0,"12":0},"b":{"0":[0,0],"1":[0],"2":[0],"3":[0,0],"4":[0,0],"5":[0,0],"6":[0,0],"7":[0,0],"8":[0,0],"9":[0,0],"10":[0,0],"11":[0,0],"12":[0,0],"13":[0,0],"14":[0,0],"15":[0,0],"16":[0,0],"17":[0,0],"18":[0,0],"19":[0,0],"20":[0,0],"21":[0,0],"22":[0,0],"23":[0,0],"24":[0,0],"25":[0,0],"26":[0,0],"27":[0,0],"28":[0,0],"29":[0,0],"30":[0,0],"31":[0,0],"32":[0,0],"33":[0,0],"34":[0,0],"35":[0,0],"36":[0,0],"37":[0,0],"38":[0,0],"39":[0,0],"40":[0,0],"41":[0,0],"42":[0,0],"43":[0,0],"44":[0,0],"45":[0,0],"46":[0,0],"47":[0,0],"48":[0,0]}}
,"/home/mike/projects/Honua.Server/src/Honua.MapSDK/wwwroot/js/honua-wms.js": {"path":"/home/mike/projects/Honua.Server/src/Honua.MapSDK/wwwroot/js/honua-wms.js","statementMap":{"0":{"start":{"line":6,"column":18},"end":{"line":6,"column":27}},"1":{"start":{"line":16,"column":16},"end":{"line":16,"column":44}},"2":{"start":{"line":17,"column":4},"end":{"line":19,"column":5}},"3":{"start":{"line":18,"column":8},"end":{"line":18,"column":51}},"4":{"start":{"line":34,"column":8},"end":{"line":34,"column":15}},"5":{"start":{"line":37,"column":20},"end":{"line":45,"column":5}},"6":{"start":{"line":48,"column":4},"end":{"line":54,"column":7}},"7":{"start":{"line":57,"column":4},"end":{"line":66,"column":7}},"8":{"start":{"line":69,"column":25},"end":{"line":77,"column":5}},"9":{"start":{"line":70,"column":8},"end":{"line":76,"column":22}},"10":{"start":{"line":79,"column":4},"end":{"line":79,"column":43}},"11":{"start":{"line":82,"column":4},"end":{"line":84,"column":7}},"12":{"start":{"line":83,"column":8},"end":{"line":83,"column":49}},"13":{"start":{"line":86,"column":4},"end":{"line":88,"column":7}},"14":{"start":{"line":87,"column":8},"end":{"line":87,"column":42}},"15":{"start":{"line":90,"column":26},"end":{"line":178,"column":5}},"16":{"start":{"line":104,"column":12},"end":{"line":104,"column":36}},"17":{"start":{"line":105,"column":31},"end":{"line":113,"column":13}},"18":{"start":{"line":116,"column":27},"end":{"line":116,"column":50}},"19":{"start":{"line":117,"column":12},"end":{"line":120,"column":13}},"20":{"start":{"line":118,"column":16},"end":{"line":118,"column":44}},"21":{"start":{"line":119,"column":16},"end":{"line":119,"column":30}},"22":{"start":{"line":124,"column":12},"end":{"line":124,"column":69}},"23":{"start":{"line":128,"column":12},"end":{"line":128,"column":29}},"24":{"start":{"line":129,"column":31},"end":{"line":137,"column":13}},"25":{"start":{"line":139,"column":27},"end":{"line":139,"column":50}},"26":{"start":{"line":140,"column":12},"end":{"line":143,"column":13}},"27":{"start":{"line":141,"column":16},"end":{"line":141,"column":44}},"28":{"start":{"line":142,"column":16},"end":{"line":142,"column":30}},"29":{"start":{"line":147,"column":12},"end":{"line":151,"column":14}},"30":{"start":{"line":156,"column":27},"end":{"line":156,"column":50}},"31":{"start":{"line":157,"column":12},"end":{"line":161,"column":13}},"32":{"start":{"line":158,"column":16},"end":{"line":158,"column":62}},"33":{"start":{"line":159,"column":16},"end":{"line":159,"column":71}},"34":{"start":{"line":160,"column":16},"end":{"line":160,"column":37}},"35":{"start":{"line":165,"column":12},"end":{"line":165,"column":57}},"36":{"start":{"line":166,"column":12},"end":{"line":166,"column":43}},"37":{"start":{"line":167,"column":12},"end":{"line":167,"column":43}},"38":{"start":{"line":169,"column":12},"end":{"line":171,"column":13}},"39":{"start":{"line":170,"column":16},"end":{"line":170,"column":41}},"40":{"start":{"line":172,"column":12},"end":{"line":174,"column":13}},"41":{"start":{"line":173,"column":16},"end":{"line":173,"column":43}},"42":{"start":{"line":176,"column":12},"end":{"line":176,"column":38}},"43":{"start":{"line":180,"column":4},"end":{"line":180,"column":42}},"44":{"start":{"line":181,"column":4},"end":{"line":181,"column":25}},"45":{"start":{"line":188,"column":22},"end":{"line":188,"column":58}},"46":{"start":{"line":189,"column":22},"end":{"line":189,"column":71}},"47":{"start":{"line":191,"column":14},"end":{"line":191,"column":86}},"48":{"start":{"line":192,"column":4},"end":{"line":192,"column":54}},"49":{"start":{"line":193,"column":4},"end":{"line":193,"column":22}},"50":{"start":{"line":194,"column":4},"end":{"line":194,"column":63}},"51":{"start":{"line":195,"column":4},"end":{"line":195,"column":36}},"52":{"start":{"line":196,"column":4},"end":{"line":196,"column":35}},"53":{"start":{"line":197,"column":4},"end":{"line":197,"column":51}},"54":{"start":{"line":198,"column":4},"end":{"line":198,"column":66}},"55":{"start":{"line":200,"column":4},"end":{"line":202,"column":5}},"56":{"start":{"line":201,"column":8},"end":{"line":201,"column":51}},"57":{"start":{"line":204,"column":4},"end":{"line":204,"column":15}},"58":{"start":{"line":211,"column":57},"end":{"line":211,"column":66}},"59":{"start":{"line":213,"column":17},"end":{"line":213,"column":49}},"60":{"start":{"line":214,"column":17},"end":{"line":214,"column":32}},"61":{"start":{"line":215,"column":18},"end":{"line":215,"column":28}},"62":{"start":{"line":216,"column":19},"end":{"line":216,"column":30}},"63":{"start":{"line":219,"column":18},"end":{"line":219,"column":39}},"64":{"start":{"line":220,"column":14},"end":{"line":220,"column":33}},"65":{"start":{"line":221,"column":14},"end":{"line":221,"column":33}},"66":{"start":{"line":223,"column":22},"end":{"line":223,"column":58}},"67":{"start":{"line":224,"column":22},"end":{"line":224,"column":71}},"68":{"start":{"line":226,"column":14},"end":{"line":226,"column":94}},"69":{"start":{"line":227,"column":4},"end":{"line":227,"column":54}},"70":{"start":{"line":228,"column":4},"end":{"line":228,"column":60}},"71":{"start":{"line":229,"column":4},"end":{"line":229,"column":63}},"72":{"start":{"line":230,"column":4},"end":{"line":230,"column":37}},"73":{"start":{"line":231,"column":4},"end":{"line":231,"column":46}},"74":{"start":{"line":232,"column":4},"end":{"line":232,"column":51}},"75":{"start":{"line":233,"column":4},"end":{"line":233,"column":43}},"76":{"start":{"line":234,"column":4},"end":{"line":234,"column":69}},"77":{"start":{"line":235,"column":4},"end":{"line":235,"column":31}},"78":{"start":{"line":237,"column":4},"end":{"line":246,"column":5}},"79":{"start":{"line":238,"column":25},"end":{"line":238,"column":41}},"80":{"start":{"line":239,"column":21},"end":{"line":239,"column":42}},"81":{"start":{"line":241,"column":8},"end":{"line":243,"column":9}},"82":{"start":{"line":242,"column":12},"end":{"line":242,"column":77}},"83":{"start":{"line":245,"column":8},"end":{"line":245,"column":63}},"84":{"start":{"line":253,"column":4},"end":{"line":253,"column":34}},"85":{"start":{"line":257,"column":0},"end":{"line":259,"column":1}},"86":{"start":{"line":258,"column":4},"end":{"line":258,"column":33}}},"fnMap":{"0":{"name":"createWmsLayer","decl":{"start":{"line":15,"column":16},"end":{"line":15,"column":30}},"loc":{"start":{"line":15,"column":58},"end":{"line":182,"column":1}},"line":15},"1":{"name":"(anonymous_1)","decl":{"start":{"line":69,"column":25},"end":{"line":69,"column":26}},"loc":{"start":{"line":69,"column":32},"end":{"line":77,"column":5}},"line":69},"2":{"name":"(anonymous_2)","decl":{"start":{"line":82,"column":34},"end":{"line":82,"column":35}},"loc":{"start":{"line":82,"column":40},"end":{"line":84,"column":5}},"line":82},"3":{"name":"(anonymous_3)","decl":{"start":{"line":86,"column":34},"end":{"line":86,"column":35}},"loc":{"start":{"line":86,"column":40},"end":{"line":88,"column":5}},"line":86},"4":{"name":"(anonymous_4)","decl":{"start":{"line":103,"column":8},"end":{"line":103,"column":9}},"loc":{"start":{"line":103,"column":32},"end":{"line":121,"column":9}},"line":103},"5":{"name":"(anonymous_5)","decl":{"start":{"line":123,"column":8},"end":{"line":123,"column":9}},"loc":{"start":{"line":123,"column":28},"end":{"line":125,"column":9}},"line":123},"6":{"name":"(anonymous_6)","decl":{"start":{"line":127,"column":8},"end":{"line":127,"column":9}},"loc":{"start":{"line":127,"column":22},"end":{"line":144,"column":9}},"line":127},"7":{"name":"(anonymous_7)","decl":{"start":{"line":146,"column":8},"end":{"line":146,"column":9}},"loc":{"start":{"line":146,"column":31},"end":{"line":152,"column":9}},"line":146},"8":{"name":"(anonymous_8)","decl":{"start":{"line":154,"column":8},"end":{"line":154,"column":9}},"loc":{"start":{"line":154,"column":18},"end":{"line":162,"column":9}},"line":154},"9":{"name":"(anonymous_9)","decl":{"start":{"line":164,"column":8},"end":{"line":164,"column":9}},"loc":{"start":{"line":164,"column":18},"end":{"line":177,"column":9}},"line":164},"10":{"name":"buildWmsTileUrl","decl":{"start":{"line":187,"column":9},"end":{"line":187,"column":24}},"loc":{"start":{"line":187,"column":86},"end":{"line":205,"column":1}},"line":187},"11":{"name":"handleGetFeatureInfo","decl":{"start":{"line":210,"column":15},"end":{"line":210,"column":35}},"loc":{"start":{"line":210,"column":66},"end":{"line":247,"column":1}},"line":210},"12":{"name":"getWmsLayer","decl":{"start":{"line":252,"column":16},"end":{"line":252,"column":27}},"loc":{"start":{"line":252,"column":37},"end":{"line":254,"column":1}},"line":252}},"branchMap":{"0":{"loc":{"start":{"line":17,"column":4},"end":{"line":19,"column":5}},"type":"if","locations":[{"start":{"line":17,"column":4},"end":{"line":19,"column":5}},{"start":{},"end":{}}],"line":17},"1":{"loc":{"start":{"line":25,"column":8},"end":{"line":25,"column":25}},"type":"default-arg","locations":[{"start":{"line":25,"column":18},"end":{"line":25,"column":25}}],"line":25},"2":{"loc":{"start":{"line":27,"column":8},"end":{"line":27,"column":25}},"type":"default-arg","locations":[{"start":{"line":27,"column":14},"end":{"line":27,"column":25}}],"line":27},"3":{"loc":{"start":{"line":28,"column":8},"end":{"line":28,"column":28}},"type":"default-arg","locations":[{"start":{"line":28,"column":17},"end":{"line":28,"column":28}}],"line":28},"4":{"loc":{"start":{"line":29,"column":8},"end":{"line":29,"column":26}},"type":"default-arg","locations":[{"start":{"line":29,"column":22},"end":{"line":29,"column":26}}],"line":29},"5":{"loc":{"start":{"line":30,"column":8},"end":{"line":30,"column":21}},"type":"default-arg","locations":[{"start":{"line":30,"column":18},"end":{"line":30,"column":21}}],"line":30},"6":{"loc":{"start":{"line":52,"column":17},"end":{"line":52,"column":29}},"type":"binary-expr","locations":[{"start":{"line":52,"column":17},"end":{"line":52,"column":24}},{"start":{"line":52,"column":28},"end":{"line":52,"column":29}}],"line":52},"7":{"loc":{"start":{"line":53,"column":17},"end":{"line":53,"column":30}},"type":"binary-expr","locations":[{"start":{"line":53,"column":17},"end":{"line":53,"column":24}},{"start":{"line":53,"column":28},"end":{"line":53,"column":30}}],"line":53},"8":{"loc":{"start":{"line":117,"column":12},"end":{"line":120,"column":13}},"type":"if","locations":[{"start":{"line":117,"column":12},"end":{"line":120,"column":13}},{"start":{},"end":{}}],"line":117},"9":{"loc":{"start":{"line":140,"column":12},"end":{"line":143,"column":13}},"type":"if","locations":[{"start":{"line":140,"column":12},"end":{"line":143,"column":13}},{"start":{},"end":{}}],"line":140},"10":{"loc":{"start":{"line":150,"column":16},"end":{"line":150,"column":44}},"type":"cond-expr","locations":[{"start":{"line":150,"column":26},"end":{"line":150,"column":35}},{"start":{"line":150,"column":38},"end":{"line":150,"column":44}}],"line":150},"11":{"loc":{"start":{"line":157,"column":12},"end":{"line":161,"column":13}},"type":"if","locations":[{"start":{"line":157,"column":12},"end":{"line":161,"column":13}},{"start":{},"end":{}}],"line":157},"12":{"loc":{"start":{"line":169,"column":12},"end":{"line":171,"column":13}},"type":"if","locations":[{"start":{"line":169,"column":12},"end":{"line":171,"column":13}},{"start":{},"end":{}}],"line":169},"13":{"loc":{"start":{"line":172,"column":12},"end":{"line":174,"column":13}},"type":"if","locations":[{"start":{"line":172,"column":12},"end":{"line":174,"column":13}},{"start":{},"end":{}}],"line":172},"14":{"loc":{"start":{"line":188,"column":22},"end":{"line":188,"column":58}},"type":"cond-expr","locations":[{"start":{"line":188,"column":49},"end":{"line":188,"column":52}},{"start":{"line":188,"column":55},"end":{"line":188,"column":58}}],"line":188},"15":{"loc":{"start":{"line":189,"column":22},"end":{"line":189,"column":71}},"type":"cond-expr","locations":[{"start":{"line":189,"column":46},"end":{"line":189,"column":62}},{"start":{"line":189,"column":65},"end":{"line":189,"column":71}}],"line":189},"16":{"loc":{"start":{"line":194,"column":11},"end":{"line":194,"column":62}},"type":"cond-expr","locations":[{"start":{"line":194,"column":33},"end":{"line":194,"column":46}},{"start":{"line":194,"column":49},"end":{"line":194,"column":62}}],"line":194},"17":{"loc":{"start":{"line":200,"column":4},"end":{"line":202,"column":5}},"type":"if","locations":[{"start":{"line":200,"column":4},"end":{"line":202,"column":5}},{"start":{},"end":{}}],"line":200},"18":{"loc":{"start":{"line":223,"column":22},"end":{"line":223,"column":58}},"type":"cond-expr","locations":[{"start":{"line":223,"column":49},"end":{"line":223,"column":52}},{"start":{"line":223,"column":55},"end":{"line":223,"column":58}}],"line":223},"19":{"loc":{"start":{"line":224,"column":22},"end":{"line":224,"column":71}},"type":"cond-expr","locations":[{"start":{"line":224,"column":46},"end":{"line":224,"column":62}},{"start":{"line":224,"column":65},"end":{"line":224,"column":71}}],"line":224},"20":{"loc":{"start":{"line":229,"column":11},"end":{"line":229,"column":62}},"type":"cond-expr","locations":[{"start":{"line":229,"column":33},"end":{"line":229,"column":46}},{"start":{"line":229,"column":49},"end":{"line":229,"column":62}}],"line":229},"21":{"loc":{"start":{"line":234,"column":11},"end":{"line":234,"column":68}},"type":"cond-expr","locations":[{"start":{"line":234,"column":33},"end":{"line":234,"column":49}},{"start":{"line":234,"column":52},"end":{"line":234,"column":68}}],"line":234},"22":{"loc":{"start":{"line":241,"column":8},"end":{"line":243,"column":9}},"type":"if","locations":[{"start":{"line":241,"column":8},"end":{"line":243,"column":9}},{"start":{},"end":{}}],"line":241},"23":{"loc":{"start":{"line":241,"column":12},"end":{"line":241,"column":52}},"type":"binary-expr","locations":[{"start":{"line":241,"column":12},"end":{"line":241,"column":21}},{"start":{"line":241,"column":25},"end":{"line":241,"column":52}}],"line":241},"24":{"loc":{"start":{"line":257,"column":0},"end":{"line":259,"column":1}},"type":"if","locations":[{"start":{"line":257,"column":0},"end":{"line":259,"column":1}},{"start":{},"end":{}}],"line":257}},"s":{"0":0,"1":0,"2":0,"3":0,"4":0,"5":0,"6":0,"7":0,"8":0,"9":0,"10":0,"11":0,"12":0,"13":0,"14":0,"15":0,"16":0,"17":0,"18":0,"19":0,"20":0,"21":0,"22":0,"23":0,"24":0,"25":0,"26":0,"27":0,"28":0,"29":0,"30":0,"31":0,"32":0,"33":0,"34":0,"35":0,"36":0,"37":0,"38":0,"39":0,"40":0,"41":0,"42":0,"43":0,"44":0,"45":0,"46":0,"47":0,"48":0,"49":0,"50":0,"51":0,"52":0,"53":0,"54":0,"55":0,"56":0,"57":0,"58":0,"59":0,"60":0,"61":0,"62":0,"63":0,"64":0,"65":0,"66":0,"67":0,"68":0,"69":0,"70":0,"71":0,"72":0,"73":0,"74":0,"75":0,"76":0,"77":0,"78":0,"79":0,"80":0,"81":0,"82":0,"83":0,"84":0,"85":0,"86":0},"f":{"0":0,"1":0,"2":0,"3":0,"4":0,"5":0,"6":0,"7":0,"8":0,"9":0,"10":0,"11":0,"12":0},"b":{"0":[0,0],"1":[0],"2":[0],"3":[0],"4":[0],"5":[0],"6":[0,0],"7":[0,0],"8":[0,0],"9":[0,0],"10":[0,0],"11":[0,0],"12":[0,0],"13":[0,0],"14":[0,0],"15":[0,0],"16":[0,0],"17":[0,0],"18":[0,0],"19":[0,0],"20":[0,0],"21":[0,0],"22":[0,0],"23":[0,0],"24":[0,0]}}
}
