TN:
SF:wwwroot/js/honua-3d.js
FN:25,(anonymous_0)
FN:44,(anonymous_1)
FN:99,(anonymous_2)
FN:148,(anonymous_3)
FN:167,(anonymous_4)
FN:222,(anonymous_5)
FN:233,(anonymous_6)
FN:263,(anonymous_7)
FN:273,(anonymous_8)
FN:297,(anonymous_9)
FN:303,(anonymous_10)
FN:315,(anonymous_11)
FN:321,(anonymous_12)
FN:347,(anonymous_13)
FN:373,(anonymous_14)
FN:383,(anonymous_15)
FNF:16
FNH:0
FNDA:0,(anonymous_0)
FNDA:0,(anonymous_1)
FNDA:0,(anonymous_2)
FNDA:0,(anonymous_3)
FNDA:0,(anonymous_4)
FNDA:0,(anonymous_5)
FNDA:0,(anonymous_6)
FNDA:0,(anonymous_7)
FNDA:0,(anonymous_8)
FNDA:0,(anonymous_9)
FNDA:0,(anonymous_10)
FNDA:0,(anonymous_11)
FNDA:0,(anonymous_12)
FNDA:0,(anonymous_13)
FNDA:0,(anonymous_14)
FNDA:0,(anonymous_15)
DA:15,0
DA:26,0
DA:45,0
DA:46,0
DA:47,0
DA:51,0
DA:52,0
DA:53,0
DA:54,0
DA:58,0
DA:59,0
DA:60,0
DA:63,0
DA:64,0
DA:65,0
DA:66,0
DA:67,0
DA:68,0
DA:69,0
DA:70,0
DA:71,0
DA:74,0
DA:99,0
DA:100,0
DA:111,0
DA:112,0
DA:113,0
DA:114,0
DA:117,0
DA:125,0
DA:126,0
DA:127,0
DA:149,0
DA:150,0
DA:151,0
DA:152,0
DA:156,0
DA:158,0
DA:168,0
DA:169,0
DA:195,0
DA:196,0
DA:198,0
DA:199,0
DA:223,0
DA:224,0
DA:225,0
DA:228,0
DA:233,0
DA:247,0
DA:248,0
DA:250,0
DA:251,0
DA:264,0
DA:265,0
DA:266,0
DA:269,0
DA:273,0
DA:285,0
DA:286,0
DA:288,0
DA:298,0
DA:299,0
DA:300,0
DA:303,0
DA:304,0
DA:305,0
DA:316,0
DA:317,0
DA:318,0
DA:321,0
DA:322,0
DA:323,0
DA:324,0
DA:328,0
DA:329,0
DA:330,0
DA:331,0
DA:333,0
DA:348,0
DA:349,0
DA:350,0
DA:353,0
DA:358,0
DA:374,0
DA:375,0
DA:384,0
DA:385,0
DA:386,0
DA:390,0
DA:391,0
DA:392,0
DA:393,0
DA:396,0
DA:399,0
DA:400,0
DA:403,0
DA:404,0
DA:409,0
DA:410,0
LF:100
LH:0
BRDA:26,0,0,0
BRDA:26,0,1,0
BRDA:44,1,0,0
BRDA:45,2,0,0
BRDA:45,2,1,0
BRDA:52,3,0,0
BRDA:52,3,1,0
BRDA:58,4,0,0
BRDA:58,4,1,0
BRDA:89,5,0,0
BRDA:89,5,1,0
BRDA:148,6,0,0
BRDA:150,7,0,0
BRDA:150,7,1,0
BRDA:150,8,0,0
BRDA:150,8,1,0
BRDA:163,9,0,0
BRDA:163,9,1,0
BRDA:164,10,0,0
BRDA:164,10,1,0
BRDA:167,11,0,0
BRDA:167,11,1,0
BRDA:169,12,0,0
BRDA:169,12,1,0
BRDA:173,13,0,0
BRDA:173,13,1,0
BRDA:174,14,0,0
BRDA:174,14,1,0
BRDA:175,15,0,0
BRDA:175,15,1,0
BRDA:178,16,0,0
BRDA:178,16,1,0
BRDA:179,17,0,0
BRDA:179,17,1,0
BRDA:180,18,0,0
BRDA:180,18,1,0
BRDA:183,19,0,0
BRDA:183,19,1,0
BRDA:222,20,0,0
BRDA:224,21,0,0
BRDA:224,21,1,0
BRDA:224,22,0,0
BRDA:224,22,1,0
BRDA:234,23,0,0
BRDA:234,23,1,0
BRDA:235,24,0,0
BRDA:235,24,1,0
BRDA:242,25,0,0
BRDA:242,25,1,0
BRDA:263,26,0,0
BRDA:265,27,0,0
BRDA:265,27,1,0
BRDA:265,28,0,0
BRDA:265,28,1,0
BRDA:273,29,0,0
BRDA:273,29,1,0
BRDA:274,30,0,0
BRDA:274,30,1,0
BRDA:275,31,0,0
BRDA:275,31,1,0
BRDA:280,32,0,0
BRDA:280,32,1,0
BRDA:299,33,0,0
BRDA:299,33,1,0
BRDA:317,34,0,0
BRDA:317,34,1,0
BRDA:322,35,0,0
BRDA:322,35,1,0
BRDA:347,36,0,0
BRDA:349,37,0,0
BRDA:349,37,1,0
BRDA:354,38,0,0
BRDA:354,38,1,0
BRDA:375,39,0,0
BRDA:375,39,1,0
BRDA:385,40,0,0
BRDA:385,40,1,0
BRDA:399,41,0,0
BRDA:399,41,1,0
BRDA:399,42,0,0
BRDA:399,42,1,0
BRDA:409,43,0,0
BRDA:409,43,1,0
BRDA:409,44,0,0
BRDA:409,44,1,0
BRF:85
BRH:0
end_of_record
TN:
SF:wwwroot/js/honua-analysis.js
FN:12,initializeAnalysis
FN:49,performBuffer
FN:90,performMultiRingBuffer
FN:95,(anonymous_3)
FN:130,performIntersect
FN:171,performUnion
FN:207,performDifference
FN:245,performDissolve
FN:251,(anonymous_8)
FN:294,performPointsWithinPolygon
FN:323,performNearestNeighbor
FN:331,(anonymous_11)
FN:340,(anonymous_12)
FN:344,(anonymous_13)
FN:379,performWithinDistance
FN:387,(anonymous_15)
FN:417,calculateArea
FN:449,calculateLength
FN:488,calculateCentroid
FN:514,calculateBoundingBox
FN:547,calculateBearing
FN:578,checkSpatialRelationship
FN:625,addResultToMap
FN:710,removeResultLayer
FN:716,(anonymous_24)
FN:737,clearAllResults
FN:753,convertUnit
FN:768,convertArea
FN:791,getUnitMultiplier
FN:809,cleanup
FNF:30
FNH:0
FNDA:0,initializeAnalysis
FNDA:0,performBuffer
FNDA:0,performMultiRingBuffer
FNDA:0,(anonymous_3)
FNDA:0,performIntersect
FNDA:0,performUnion
FNDA:0,performDifference
FNDA:0,performDissolve
FNDA:0,(anonymous_8)
FNDA:0,performPointsWithinPolygon
FNDA:0,performNearestNeighbor
FNDA:0,(anonymous_11)
FNDA:0,(anonymous_12)
FNDA:0,(anonymous_13)
FNDA:0,performWithinDistance
FNDA:0,(anonymous_15)
FNDA:0,calculateArea
FNDA:0,calculateLength
FNDA:0,calculateCentroid
FNDA:0,calculateBoundingBox
FNDA:0,calculateBearing
FNDA:0,checkSpatialRelationship
FNDA:0,addResultToMap
FNDA:0,removeResultLayer
FNDA:0,(anonymous_24)
FNDA:0,clearAllResults
FNDA:0,convertUnit
FNDA:0,convertArea
FNDA:0,getUnitMultiplier
FNDA:0,cleanup
DA:5,0
DA:6,0
DA:7,0
DA:13,0
DA:14,0
DA:15,0
DA:16,0
DA:17,0
DA:21,0
DA:22,0
DA:23,0
DA:24,0
DA:28,0
DA:30,0
DA:38,0
DA:40,0
DA:42,0
DA:50,0
DA:51,0
DA:52,0
DA:55,0
DA:56,0
DA:57,0
DA:58,0
DA:59,0
DA:60,0
DA:62,0
DA:66,0
DA:68,0
DA:79,0
DA:80,0
DA:91,0
DA:92,0
DA:93,0
DA:95,0
DA:96,0
DA:97,0
DA:103,0
DA:106,0
DA:108,0
DA:119,0
DA:120,0
DA:131,0
DA:132,0
DA:133,0
DA:135,0
DA:137,0
DA:138,0
DA:148,0
DA:150,0
DA:160,0
DA:161,0
DA:172,0
DA:173,0
DA:175,0
DA:176,0
DA:179,0
DA:180,0
DA:181,0
DA:184,0
DA:186,0
DA:196,0
DA:197,0
DA:208,0
DA:209,0
DA:210,0
DA:212,0
DA:214,0
DA:215,0
DA:223,0
DA:225,0
DA:234,0
DA:235,0
DA:246,0
DA:247,0
DA:250,0
DA:251,0
DA:252,0
DA:253,0
DA:254,0
DA:256,0
DA:260,0
DA:261,0
DA:262,0
DA:263,0
DA:264,0
DA:266,0
DA:267,0
DA:270,0
DA:272,0
DA:283,0
DA:284,0
DA:295,0
DA:296,0
DA:297,0
DA:299,0
DA:300,0
DA:302,0
DA:312,0
DA:313,0
DA:324,0
DA:325,0
DA:326,0
DA:328,0
DA:331,0
DA:332,0
DA:333,0
DA:340,0
DA:341,0
DA:344,0
DA:345,0
DA:346,0
DA:352,0
DA:355,0
DA:357,0
DA:368,0
DA:369,0
DA:380,0
DA:381,0
DA:382,0
DA:383,0
DA:385,0
DA:387,0
DA:388,0
DA:389,0
DA:392,0
DA:394,0
DA:406,0
DA:407,0
DA:418,0
DA:419,0
DA:421,0
DA:422,0
DA:424,0
DA:438,0
DA:439,0
DA:450,0
DA:451,0
DA:452,0
DA:455,0
DA:456,0
DA:457,0
DA:459,0
DA:460,0
DA:462,0
DA:465,0
DA:477,0
DA:478,0
DA:489,0
DA:490,0
DA:491,0
DA:493,0
DA:503,0
DA:504,0
DA:515,0
DA:516,0
DA:517,0
DA:520,0
DA:522,0
DA:536,0
DA:537,0
DA:548,0
DA:549,0
DA:550,0
DA:552,0
DA:553,0
DA:555,0
DA:567,0
DA:568,0
DA:579,0
DA:580,0
DA:581,0
DA:584,0
DA:586,0
DA:587,0
DA:589,0
DA:590,0
DA:592,0
DA:593,0
DA:595,0
DA:596,0
DA:598,0
DA:599,0
DA:601,0
DA:604,0
DA:614,0
DA:615,0
DA:626,0
DA:627,0
DA:628,0
DA:629,0
DA:632,0
DA:633,0
DA:636,0
DA:642,0
DA:645,0
DA:646,0
DA:656,0
DA:665,0
DA:666,0
DA:675,0
DA:676,0
DA:689,0
DA:694,0
DA:699,0
DA:700,0
DA:711,0
DA:712,0
DA:713,0
DA:716,0
DA:717,0
DA:718,0
DA:719,0
DA:724,0
DA:725,0
DA:728,0
DA:730,0
DA:738,0
DA:739,0
DA:740,0
DA:742,0
DA:743,0
DA:746,0
DA:754,0
DA:762,0
DA:769,0
DA:772,0
DA:774,0
DA:776,0
DA:779,0
DA:782,0
DA:784,0
DA:792,0
DA:801,0
DA:802,0
DA:803,0
DA:810,0
DA:811,0
DA:812,0
DA:813,0
DA:815,0
DA:820,0
DA:821,0
LF:243
LH:0
BRDA:15,0,0,0
BRDA:15,0,1,0
BRDA:21,1,0,0
BRDA:21,1,1,0
BRDA:55,2,0,0
BRDA:55,2,1,0
BRDA:56,3,0,0
BRDA:56,3,1,0
BRDA:57,4,0,0
BRDA:57,4,1,0
BRDA:58,5,0,0
BRDA:58,5,1,0
BRDA:59,6,0,0
BRDA:59,6,1,0
BRDA:60,7,0,0
BRDA:60,7,1,0
BRDA:137,8,0,0
BRDA:137,8,1,0
BRDA:175,9,0,0
BRDA:175,9,1,0
BRDA:175,10,0,0
BRDA:175,10,1,0
BRDA:214,11,0,0
BRDA:214,11,1,0
BRDA:253,12,0,0
BRDA:253,12,1,0
BRDA:299,13,0,0
BRDA:299,13,1,0
BRDA:328,14,0,0
BRDA:328,14,1,0
BRDA:341,15,0,0
BRDA:341,15,1,0
BRDA:362,16,0,0
BRDA:362,16,1,0
BRDA:363,17,0,0
BRDA:363,17,1,0
BRDA:385,18,0,0
BRDA:385,18,1,0
BRDA:455,19,0,0
BRDA:455,19,1,0
BRDA:455,20,0,0
BRDA:455,20,1,0
BRDA:457,21,0,0
BRDA:457,21,1,0
BRDA:457,22,0,0
BRDA:457,22,1,0
BRDA:470,23,0,0
BRDA:470,23,1,0
BRDA:471,24,0,0
BRDA:471,24,1,0
BRDA:584,25,0,0
BRDA:584,25,1,0
BRDA:584,25,2,0
BRDA:584,25,3,0
BRDA:584,25,4,0
BRDA:584,25,5,0
BRDA:628,26,0,0
BRDA:628,26,1,0
BRDA:642,27,0,0
BRDA:642,27,1,0
BRDA:645,28,0,0
BRDA:645,28,1,0
BRDA:645,29,0,0
BRDA:645,29,1,0
BRDA:651,30,0,0
BRDA:651,30,1,0
BRDA:652,31,0,0
BRDA:652,31,1,0
BRDA:661,32,0,0
BRDA:661,32,1,0
BRDA:662,33,0,0
BRDA:662,33,1,0
BRDA:665,34,0,0
BRDA:665,34,1,0
BRDA:665,35,0,0
BRDA:665,35,1,0
BRDA:671,36,0,0
BRDA:671,36,1,0
BRDA:672,37,0,0
BRDA:672,37,1,0
BRDA:675,38,0,0
BRDA:675,38,1,0
BRDA:675,39,0,0
BRDA:675,39,1,0
BRDA:681,40,0,0
BRDA:681,40,1,0
BRDA:683,41,0,0
BRDA:683,41,1,0
BRDA:713,42,0,0
BRDA:713,42,1,0
BRDA:718,43,0,0
BRDA:718,43,1,0
BRDA:724,44,0,0
BRDA:724,44,1,0
BRDA:740,45,0,0
BRDA:740,45,1,0
BRDA:762,46,0,0
BRDA:762,46,1,0
BRDA:769,47,0,0
BRDA:769,47,1,0
BRDA:769,47,2,0
BRDA:769,47,3,0
BRDA:769,47,4,0
BRDA:769,47,5,0
BRDA:769,47,6,0
BRDA:769,47,7,0
BRDA:769,47,8,0
BRDA:801,48,0,0
BRDA:801,48,1,0
BRDA:802,49,0,0
BRDA:802,49,1,0
BRDA:820,50,0,0
BRDA:820,50,1,0
BRF:113
BRH:0
end_of_record
TN:
SF:wwwroot/js/honua-attributetable.js
FN:13,(anonymous_0)
FN:34,(anonymous_1)
FN:109,(anonymous_2)
FN:137,(anonymous_3)
FN:151,(anonymous_4)
FN:174,(anonymous_5)
FN:188,(anonymous_6)
FN:209,(anonymous_7)
FN:213,(anonymous_8)
FN:215,(anonymous_9)
FN:231,(anonymous_10)
FN:234,extract
FN:238,(anonymous_12)
FN:240,(anonymous_13)
FN:241,(anonymous_14)
FN:244,(anonymous_15)
FN:245,(anonymous_16)
FN:246,(anonymous_17)
FN:250,(anonymous_18)
FN:264,(anonymous_19)
FN:267,(anonymous_20)
FN:271,(anonymous_21)
FN:272,(anonymous_22)
FN:292,(anonymous_23)
FN:309,(anonymous_24)
FN:323,(anonymous_25)
FN:327,(anonymous_26)
FN:347,(anonymous_27)
FN:350,(anonymous_28)
FN:353,(anonymous_29)
FN:354,(anonymous_30)
FN:363,(anonymous_31)
FN:364,(anonymous_32)
FN:375,(anonymous_33)
FN:433,(anonymous_34)
FN:454,(anonymous_35)
FN:472,(anonymous_36)
FN:488,(anonymous_37)
FN:490,(anonymous_38)
FNF:39
FNH:0
FNDA:0,(anonymous_0)
FNDA:0,(anonymous_1)
FNDA:0,(anonymous_2)
FNDA:0,(anonymous_3)
FNDA:0,(anonymous_4)
FNDA:0,(anonymous_5)
FNDA:0,(anonymous_6)
FNDA:0,(anonymous_7)
FNDA:0,(anonymous_8)
FNDA:0,(anonymous_9)
FNDA:0,(anonymous_10)
FNDA:0,extract
FNDA:0,(anonymous_12)
FNDA:0,(anonymous_13)
FNDA:0,(anonymous_14)
FNDA:0,(anonymous_15)
FNDA:0,(anonymous_16)
FNDA:0,(anonymous_17)
FNDA:0,(anonymous_18)
FNDA:0,(anonymous_19)
FNDA:0,(anonymous_20)
FNDA:0,(anonymous_21)
FNDA:0,(anonymous_22)
FNDA:0,(anonymous_23)
FNDA:0,(anonymous_24)
FNDA:0,(anonymous_25)
FNDA:0,(anonymous_26)
FNDA:0,(anonymous_27)
FNDA:0,(anonymous_28)
FNDA:0,(anonymous_29)
FNDA:0,(anonymous_30)
FNDA:0,(anonymous_31)
FNDA:0,(anonymous_32)
FNDA:0,(anonymous_33)
FNDA:0,(anonymous_34)
FNDA:0,(anonymous_35)
FNDA:0,(anonymous_36)
FNDA:0,(anonymous_37)
FNDA:0,(anonymous_38)
DA:6,0
DA:14,0
DA:15,0
DA:16,0
DA:17,0
DA:20,0
DA:22,0
DA:23,0
DA:25,0
DA:26,0
DA:30,0
DA:31,0
DA:33,0
DA:34,0
DA:35,0
DA:36,0
DA:41,0
DA:42,0
DA:51,0
DA:53,0
DA:54,0
DA:67,0
DA:68,0
DA:78,0
DA:79,0
DA:88,0
DA:101,0
DA:110,0
DA:111,0
DA:112,0
DA:113,0
DA:116,0
DA:117,0
DA:118,0
DA:120,0
DA:121,0
DA:123,0
DA:124,0
DA:127,0
DA:138,0
DA:139,0
DA:140,0
DA:141,0
DA:144,0
DA:145,0
DA:146,0
DA:147,0
DA:148,0
DA:151,0
DA:152,0
DA:155,0
DA:156,0
DA:157,0
DA:164,0
DA:175,0
DA:176,0
DA:177,0
DA:178,0
DA:181,0
DA:182,0
DA:183,0
DA:184,0
DA:185,0
DA:188,0
DA:189,0
DA:192,0
DA:193,0
DA:194,0
DA:200,0
DA:210,0
DA:211,0
DA:213,0
DA:214,0
DA:215,0
DA:216,0
DA:217,0
DA:218,0
DA:219,0
DA:223,0
DA:232,0
DA:235,0
DA:236,0
DA:237,0
DA:238,0
DA:239,0
DA:240,0
DA:241,0
DA:243,0
DA:244,0
DA:245,0
DA:246,0
DA:249,0
DA:250,0
DA:254,0
DA:255,0
DA:265,0
DA:267,0
DA:268,0
DA:271,0
DA:272,0
DA:273,0
DA:274,0
DA:276,0
DA:279,0
DA:280,0
DA:282,0
DA:295,0
DA:296,0
DA:297,0
DA:298,0
DA:300,0
DA:310,0
DA:311,0
DA:312,0
DA:314,0
DA:324,0
DA:325,0
DA:327,0
DA:335,0
DA:336,0
DA:338,0
DA:348,0
DA:350,0
DA:351,0
DA:353,0
DA:354,0
DA:355,0
DA:356,0
DA:358,0
DA:361,0
DA:362,0
DA:363,0
DA:364,0
DA:366,0
DA:376,0
DA:377,0
DA:378,0
DA:379,0
DA:380,0
DA:383,0
DA:384,0
DA:385,0
DA:386,0
DA:389,0
DA:421,0
DA:422,0
DA:424,0
DA:434,0
DA:435,0
DA:438,0
DA:441,0
DA:442,0
DA:445,0
DA:455,0
DA:456,0
DA:457,0
DA:458,0
DA:459,0
DA:460,0
DA:461,0
DA:462,0
DA:463,0
DA:473,0
DA:474,0
DA:475,0
DA:476,0
DA:479,0
DA:480,0
DA:481,0
DA:483,0
DA:484,0
DA:488,0
DA:489,0
DA:490,0
DA:491,0
DA:496,0
DA:497,0
DA:503,0
DA:504,0
DA:505,0
DA:506,0
DA:507,0
DA:508,0
DA:509,0
DA:510,0
DA:511,0
DA:512,0
LF:187
LH:0
BRDA:15,0,0,0
BRDA:15,0,1,0
BRDA:22,1,0,0
BRDA:22,1,1,0
BRDA:25,2,0,0
BRDA:25,2,1,0
BRDA:33,3,0,0
BRDA:33,3,1,0
BRDA:33,4,0,0
BRDA:33,4,1,0
BRDA:35,5,0,0
BRDA:35,5,1,0
BRDA:35,6,0,0
BRDA:35,6,1,0
BRDA:41,7,0,0
BRDA:41,7,1,0
BRDA:53,8,0,0
BRDA:53,8,1,0
BRDA:53,9,0,0
BRDA:53,9,1,0
BRDA:67,10,0,0
BRDA:67,10,1,0
BRDA:67,11,0,0
BRDA:67,11,1,0
BRDA:78,12,0,0
BRDA:78,12,1,0
BRDA:78,13,0,0
BRDA:78,13,1,0
BRDA:111,14,0,0
BRDA:111,14,1,0
BRDA:117,15,0,0
BRDA:117,15,1,0
BRDA:120,16,0,0
BRDA:120,16,1,0
BRDA:123,17,0,0
BRDA:123,17,1,0
BRDA:139,18,0,0
BRDA:139,18,1,0
BRDA:146,19,0,0
BRDA:146,19,1,0
BRDA:146,20,0,0
BRDA:146,20,1,0
BRDA:152,21,0,0
BRDA:152,21,1,0
BRDA:155,22,0,0
BRDA:155,22,1,0
BRDA:155,23,0,0
BRDA:155,23,1,0
BRDA:176,24,0,0
BRDA:176,24,1,0
BRDA:183,25,0,0
BRDA:183,25,1,0
BRDA:183,26,0,0
BRDA:183,26,1,0
BRDA:189,27,0,0
BRDA:189,27,1,0
BRDA:192,28,0,0
BRDA:192,28,1,0
BRDA:235,29,0,0
BRDA:235,29,1,0
BRDA:237,30,0,0
BRDA:237,30,1,0
BRDA:237,31,0,0
BRDA:237,31,1,0
BRDA:239,32,0,0
BRDA:239,32,1,0
BRDA:239,33,0,0
BRDA:239,33,1,0
BRDA:243,34,0,0
BRDA:243,34,1,0
BRDA:249,35,0,0
BRDA:249,35,1,0
BRDA:267,36,0,0
BRDA:267,36,1,0
BRDA:330,37,0,0
BRDA:330,37,1,0
BRDA:350,38,0,0
BRDA:350,38,1,0
BRDA:356,39,0,0
BRDA:356,39,1,0
BRDA:356,40,0,0
BRDA:356,40,1,0
BRDA:378,41,0,0
BRDA:378,41,1,0
BRDA:384,42,0,0
BRDA:384,42,1,0
BRDA:434,43,0,0
BRDA:434,43,1,0
BRDA:434,44,0,0
BRDA:434,44,1,0
BRDA:441,45,0,0
BRDA:441,45,1,0
BRDA:441,46,0,0
BRDA:441,46,1,0
BRDA:441,46,2,0
BRDA:474,47,0,0
BRDA:474,47,1,0
BRDA:483,48,0,0
BRDA:483,48,1,0
BRDA:483,49,0,0
BRDA:483,49,1,0
BRDA:491,50,0,0
BRDA:491,50,1,0
BRDA:491,50,2,0
BRDA:491,50,3,0
BRF:105
BRH:0
end_of_record
TN:
SF:wwwroot/js/honua-chart.js
FN:15,createChart
FN:40,(anonymous_1)
FN:48,buildChartConfig
FN:88,(anonymous_3)
FN:108,(anonymous_4)
FN:127,(anonymous_5)
FN:163,getChartType
FN:177,generateColors
FN:220,formatValue
FN:240,handleChartClick
FN:264,createChartAPI
FN:269,(anonymous_11)
FN:290,(anonymous_12)
FN:319,(anonymous_13)
FN:341,(anonymous_14)
FN:354,(anonymous_15)
FN:364,(anonymous_16)
FN:374,(anonymous_17)
FN:387,getChart
FNF:19
FNH:0
FNDA:0,createChart
FNDA:0,(anonymous_1)
FNDA:0,buildChartConfig
FNDA:0,(anonymous_3)
FNDA:0,(anonymous_4)
FNDA:0,(anonymous_5)
FNDA:0,getChartType
FNDA:0,generateColors
FNDA:0,formatValue
FNDA:0,handleChartClick
FNDA:0,createChartAPI
FNDA:0,(anonymous_11)
FNDA:0,(anonymous_12)
FNDA:0,(anonymous_13)
FNDA:0,(anonymous_14)
FNDA:0,(anonymous_15)
FNDA:0,(anonymous_16)
FNDA:0,(anonymous_17)
FNDA:0,getChart
DA:6,0
DA:16,0
DA:19,0
DA:20,0
DA:21,0
DA:22,0
DA:25,0
DA:27,0
DA:30,0
DA:40,0
DA:42,0
DA:49,0
DA:51,0
DA:89,0
DA:90,0
DA:91,0
DA:93,0
DA:94,0
DA:95,0
DA:96,0
DA:98,0
DA:109,0
DA:128,0
DA:129,0
DA:130,0
DA:131,0
DA:132,0
DA:133,0
DA:134,0
DA:137,0
DA:145,0
DA:146,0
DA:147,0
DA:148,0
DA:149,0
DA:153,0
DA:154,0
DA:157,0
DA:164,0
DA:171,0
DA:178,0
DA:214,0
DA:221,0
DA:223,0
DA:225,0
DA:227,0
DA:229,0
DA:231,0
DA:233,0
DA:241,0
DA:242,0
DA:244,0
DA:251,0
DA:252,0
DA:253,0
DA:254,0
DA:255,0
DA:257,0
DA:265,0
DA:270,0
DA:271,0
DA:273,0
DA:274,0
DA:276,0
DA:277,0
DA:280,0
DA:281,0
DA:284,0
DA:291,0
DA:292,0
DA:294,0
DA:295,0
DA:296,0
DA:297,0
DA:299,0
DA:300,0
DA:302,0
DA:303,0
DA:304,0
DA:305,0
DA:307,0
DA:308,0
DA:309,0
DA:313,0
DA:320,0
DA:321,0
DA:324,0
DA:325,0
DA:327,0
DA:328,0
DA:330,0
DA:331,0
DA:333,0
DA:334,0
DA:335,0
DA:342,0
DA:343,0
DA:345,0
DA:346,0
DA:347,0
DA:355,0
DA:356,0
DA:358,0
DA:365,0
DA:366,0
DA:368,0
DA:375,0
DA:376,0
DA:378,0
DA:379,0
DA:388,0
LF:111
LH:0
BRDA:20,0,0,0
BRDA:20,0,1,0
BRDA:56,1,0,0
BRDA:56,1,1,0
BRDA:58,2,0,0
BRDA:58,2,1,0
BRDA:59,3,0,0
BRDA:59,3,1,0
BRDA:69,4,0,0
BRDA:69,4,1,0
BRDA:71,5,0,0
BRDA:71,5,1,0
BRDA:76,6,0,0
BRDA:76,6,1,0
BRDA:77,7,0,0
BRDA:77,7,1,0
BRDA:89,8,0,0
BRDA:89,8,1,0
BRDA:90,9,0,0
BRDA:90,9,1,0
BRDA:93,10,0,0
BRDA:93,10,1,0
BRDA:95,11,0,0
BRDA:95,11,1,0
BRDA:103,12,0,0
BRDA:103,12,1,0
BRDA:103,13,0,0
BRDA:103,13,1,0
BRDA:107,14,0,0
BRDA:107,14,1,0
BRDA:113,15,0,0
BRDA:113,15,1,0
BRDA:118,16,0,0
BRDA:118,16,1,0
BRDA:123,17,0,0
BRDA:123,17,1,0
BRDA:128,18,0,0
BRDA:128,18,1,0
BRDA:131,19,0,0
BRDA:131,19,1,0
BRDA:145,20,0,0
BRDA:145,20,1,0
BRDA:147,21,0,0
BRDA:147,21,1,0
BRDA:148,22,0,0
BRDA:148,22,1,0
BRDA:149,23,0,0
BRDA:149,23,1,0
BRDA:153,24,0,0
BRDA:153,24,1,0
BRDA:154,25,0,0
BRDA:154,25,1,0
BRDA:171,26,0,0
BRDA:171,26,1,0
BRDA:214,27,0,0
BRDA:214,27,1,0
BRDA:221,28,0,0
BRDA:221,28,1,0
BRDA:223,29,0,0
BRDA:223,29,1,0
BRDA:223,29,2,0
BRDA:223,29,3,0
BRDA:223,29,4,0
BRDA:242,30,0,0
BRDA:242,30,1,0
BRDA:251,31,0,0
BRDA:251,31,1,0
BRDA:269,32,0,0
BRDA:271,33,0,0
BRDA:271,33,1,0
BRDA:276,34,0,0
BRDA:276,34,1,0
BRDA:280,35,0,0
BRDA:280,35,1,0
BRDA:292,36,0,0
BRDA:292,36,1,0
BRDA:295,37,0,0
BRDA:295,37,1,0
BRDA:296,38,0,0
BRDA:296,38,1,0
BRDA:297,39,0,0
BRDA:297,39,1,0
BRDA:302,40,0,0
BRDA:302,40,1,0
BRDA:303,41,0,0
BRDA:303,41,1,0
BRDA:307,42,0,0
BRDA:307,42,1,0
BRDA:321,43,0,0
BRDA:321,43,1,0
BRDA:343,44,0,0
BRDA:343,44,1,0
BRDA:346,45,0,0
BRDA:346,45,1,0
BRDA:354,46,0,0
BRDA:356,47,0,0
BRDA:356,47,1,0
BRDA:366,48,0,0
BRDA:366,48,1,0
BRDA:376,49,0,0
BRDA:376,49,1,0
BRF:101
BRH:0
end_of_record
TN:
SF:wwwroot/js/honua-cluster.js
FN:15,initializeCluster
FN:30,createCluster
FN:156,createReduceFunction
FN:159,(anonymous_3)
FN:187,createMapFunction
FN:190,(anonymous_5)
FN:202,buildColorExpression
FN:208,(anonymous_7)
FN:209,(anonymous_8)
FN:228,buildSizeExpression
FN:234,(anonymous_10)
FN:235,(anonymous_11)
FN:254,setupClusterHandlers
FN:258,(anonymous_13)
FN:300,(anonymous_14)
FN:314,(anonymous_15)
FN:328,(anonymous_16)
FN:335,(anonymous_17)
FN:345,(anonymous_18)
FN:349,(anonymous_19)
FN:353,(anonymous_20)
FN:357,(anonymous_21)
FN:362,(anonymous_22)
FN:366,(anonymous_23)
FN:374,updateClusters
FN:399,spiderfyCluster
FN:410,(anonymous_26)
FN:422,(anonymous_27)
FN:499,(anonymous_28)
FN:503,(anonymous_29)
FN:509,calculateSpiralPositions
FN:539,removeSpiderfyLayers
FN:563,showClusterExtent
FN:624,hideClusterExtent
FN:642,updateClusterData
FN:658,(anonymous_35)
FN:670,setClusterVisibility
FN:696,calculateClusterStatistics
FN:714,(anonymous_38)
FN:732,(anonymous_39)
FN:758,removeCluster
FN:799,createClusterAPI
FN:804,(anonymous_42)
FN:828,(anonymous_43)
FN:832,(anonymous_44)
FN:835,(anonymous_45)
FN:838,(anonymous_46)
FN:841,(anonymous_47)
FN:844,(anonymous_48)
FN:853,getCluster
FN:860,getMapClusters
FN:861,(anonymous_51)
FNF:52
FNH:0
FNDA:0,initializeCluster
FNDA:0,createCluster
FNDA:0,createReduceFunction
FNDA:0,(anonymous_3)
FNDA:0,createMapFunction
FNDA:0,(anonymous_5)
FNDA:0,buildColorExpression
FNDA:0,(anonymous_7)
FNDA:0,(anonymous_8)
FNDA:0,buildSizeExpression
FNDA:0,(anonymous_10)
FNDA:0,(anonymous_11)
FNDA:0,setupClusterHandlers
FNDA:0,(anonymous_13)
FNDA:0,(anonymous_14)
FNDA:0,(anonymous_15)
FNDA:0,(anonymous_16)
FNDA:0,(anonymous_17)
FNDA:0,(anonymous_18)
FNDA:0,(anonymous_19)
FNDA:0,(anonymous_20)
FNDA:0,(anonymous_21)
FNDA:0,(anonymous_22)
FNDA:0,(anonymous_23)
FNDA:0,updateClusters
FNDA:0,spiderfyCluster
FNDA:0,(anonymous_26)
FNDA:0,(anonymous_27)
FNDA:0,(anonymous_28)
FNDA:0,(anonymous_29)
FNDA:0,calculateSpiralPositions
FNDA:0,removeSpiderfyLayers
FNDA:0,showClusterExtent
FNDA:0,hideClusterExtent
FNDA:0,updateClusterData
FNDA:0,(anonymous_35)
FNDA:0,setClusterVisibility
FNDA:0,calculateClusterStatistics
FNDA:0,(anonymous_38)
FNDA:0,(anonymous_39)
FNDA:0,removeCluster
FNDA:0,createClusterAPI
FNDA:0,(anonymous_42)
FNDA:0,(anonymous_43)
FNDA:0,(anonymous_44)
FNDA:0,(anonymous_45)
FNDA:0,(anonymous_46)
FNDA:0,(anonymous_47)
FNDA:0,(anonymous_48)
FNDA:0,getCluster
FNDA:0,getMapClusters
FNDA:0,(anonymous_51)
DA:6,0
DA:7,0
DA:8,0
DA:16,0
DA:17,0
DA:18,0
DA:20,0
DA:31,0
DA:32,0
DA:33,0
DA:34,0
DA:37,0
DA:38,0
DA:39,0
DA:42,0
DA:54,0
DA:57,0
DA:58,0
DA:69,0
DA:84,0
DA:85,0
DA:87,0
DA:88,0
DA:91,0
DA:92,0
DA:95,0
DA:96,0
DA:113,0
DA:127,0
DA:140,0
DA:143,0
DA:145,0
DA:146,0
DA:148,0
DA:149,0
DA:157,0
DA:159,0
DA:160,0
DA:161,0
DA:162,0
DA:163,0
DA:165,0
DA:166,0
DA:168,0
DA:169,0
DA:171,0
DA:172,0
DA:174,0
DA:175,0
DA:176,0
DA:177,0
DA:188,0
DA:190,0
DA:191,0
DA:192,0
DA:193,0
DA:195,0
DA:203,0
DA:204,0
DA:207,0
DA:208,0
DA:209,0
DA:211,0
DA:214,0
DA:217,0
DA:218,0
DA:219,0
DA:222,0
DA:229,0
DA:230,0
DA:233,0
DA:234,0
DA:235,0
DA:237,0
DA:240,0
DA:243,0
DA:244,0
DA:245,0
DA:248,0
DA:255,0
DA:258,0
DA:259,0
DA:260,0
DA:262,0
DA:263,0
DA:264,0
DA:265,0
DA:268,0
DA:271,0
DA:272,0
DA:283,0
DA:284,0
DA:286,0
DA:289,0
DA:299,0
DA:300,0
DA:301,0
DA:303,0
DA:304,0
DA:306,0
DA:307,0
DA:310,0
DA:311,0
DA:314,0
DA:315,0
DA:316,0
DA:325,0
DA:328,0
DA:329,0
DA:330,0
DA:335,0
DA:336,0
DA:337,0
DA:338,0
DA:340,0
DA:345,0
DA:346,0
DA:349,0
DA:350,0
DA:353,0
DA:354,0
DA:357,0
DA:358,0
DA:362,0
DA:363,0
DA:366,0
DA:367,0
DA:375,0
DA:377,0
DA:379,0
DA:380,0
DA:383,0
DA:384,0
DA:387,0
DA:388,0
DA:389,0
DA:400,0
DA:403,0
DA:404,0
DA:407,0
DA:410,0
DA:411,0
DA:422,0
DA:432,0
DA:433,0
DA:434,0
DA:437,0
DA:440,0
DA:448,0
DA:460,0
DA:468,0
DA:481,0
DA:489,0
DA:490,0
DA:499,0
DA:500,0
DA:501,0
DA:503,0
DA:510,0
DA:511,0
DA:513,0
DA:514,0
DA:515,0
DA:517,0
DA:518,0
DA:519,0
DA:521,0
DA:522,0
DA:523,0
DA:527,0
DA:528,0
DA:529,0
DA:530,0
DA:533,0
DA:540,0
DA:542,0
DA:544,0
DA:545,0
DA:547,0
DA:548,0
DA:550,0
DA:551,0
DA:553,0
DA:554,0
DA:557,0
DA:564,0
DA:566,0
DA:567,0
DA:570,0
DA:573,0
DA:574,0
DA:589,0
DA:594,0
DA:606,0
DA:612,0
DA:613,0
DA:625,0
DA:627,0
DA:629,0
DA:630,0
DA:632,0
DA:633,0
DA:636,0
DA:643,0
DA:644,0
DA:646,0
DA:647,0
DA:649,0
DA:651,0
DA:655,0
DA:658,0
DA:659,0
DA:660,0
DA:663,0
DA:671,0
DA:672,0
DA:674,0
DA:675,0
DA:677,0
DA:678,0
DA:680,0
DA:681,0
DA:684,0
DA:685,0
DA:686,0
DA:689,0
DA:697,0
DA:698,0
DA:700,0
DA:702,0
DA:703,0
DA:704,0
DA:705,0
DA:707,0
DA:709,0
DA:710,0
DA:711,0
DA:712,0
DA:714,0
DA:715,0
DA:716,0
DA:717,0
DA:718,0
DA:719,0
DA:721,0
DA:725,0
DA:728,0
DA:729,0
DA:730,0
DA:732,0
DA:733,0
DA:734,0
DA:735,0
DA:736,0
DA:737,0
DA:740,0
DA:750,0
DA:751,0
DA:759,0
DA:760,0
DA:762,0
DA:763,0
DA:765,0
DA:767,0
DA:768,0
DA:771,0
DA:772,0
DA:774,0
DA:775,0
DA:777,0
DA:778,0
DA:782,0
DA:783,0
DA:787,0
DA:788,0
DA:790,0
DA:792,0
DA:800,0
DA:801,0
DA:803,0
DA:805,0
DA:808,0
DA:809,0
DA:810,0
DA:819,0
DA:820,0
DA:823,0
DA:824,0
DA:825,0
DA:829,0
DA:830,0
DA:833,0
DA:836,0
DA:839,0
DA:842,0
DA:845,0
DA:854,0
DA:861,0
LF:298
LH:0
BRDA:16,0,0,0
BRDA:16,0,1,0
BRDA:32,1,0,0
BRDA:32,1,1,0
BRDA:37,2,0,0
BRDA:37,2,1,0
BRDA:38,3,0,0
BRDA:38,3,1,0
BRDA:39,4,0,0
BRDA:39,4,1,0
BRDA:43,5,0,0
BRDA:43,5,1,0
BRDA:44,6,0,0
BRDA:44,6,1,0
BRDA:45,7,0,0
BRDA:45,7,1,0
BRDA:50,8,0,0
BRDA:50,8,1,0
BRDA:51,9,0,0
BRDA:51,9,1,0
BRDA:57,10,0,0
BRDA:57,10,1,0
BRDA:77,11,0,0
BRDA:77,11,1,0
BRDA:78,12,0,0
BRDA:78,12,1,0
BRDA:79,13,0,0
BRDA:79,13,1,0
BRDA:84,14,0,0
BRDA:84,14,1,0
BRDA:84,15,0,0
BRDA:84,15,1,0
BRDA:87,16,0,0
BRDA:87,16,1,0
BRDA:87,17,0,0
BRDA:87,17,1,0
BRDA:95,18,0,0
BRDA:95,18,1,0
BRDA:104,19,0,0
BRDA:104,19,1,0
BRDA:107,20,0,0
BRDA:107,20,1,0
BRDA:119,21,0,0
BRDA:119,21,1,0
BRDA:120,22,0,0
BRDA:120,22,1,0
BRDA:121,23,0,0
BRDA:121,23,1,0
BRDA:122,24,0,0
BRDA:122,24,1,0
BRDA:157,25,0,0
BRDA:157,25,1,0
BRDA:162,26,0,0
BRDA:162,26,1,0
BRDA:162,27,0,0
BRDA:162,27,1,0
BRDA:163,28,0,0
BRDA:163,28,1,0
BRDA:163,28,2,0
BRDA:163,28,3,0
BRDA:165,29,0,0
BRDA:165,29,1,0
BRDA:168,30,0,0
BRDA:168,30,1,0
BRDA:171,31,0,0
BRDA:171,31,1,0
BRDA:174,32,0,0
BRDA:174,32,1,0
BRDA:175,33,0,0
BRDA:175,33,1,0
BRDA:188,34,0,0
BRDA:188,34,1,0
BRDA:203,35,0,0
BRDA:203,35,1,0
BRDA:229,36,0,0
BRDA:229,36,1,0
BRDA:260,37,0,0
BRDA:260,37,1,0
BRDA:271,38,0,0
BRDA:271,38,1,0
BRDA:283,39,0,0
BRDA:283,39,1,0
BRDA:284,40,0,0
BRDA:284,40,1,0
BRDA:284,41,0,0
BRDA:284,41,1,0
BRDA:284,42,0,0
BRDA:284,42,1,0
BRDA:292,43,0,0
BRDA:292,43,1,0
BRDA:299,44,0,0
BRDA:299,44,1,0
BRDA:304,45,0,0
BRDA:304,45,1,0
BRDA:311,46,0,0
BRDA:311,46,1,0
BRDA:337,47,0,0
BRDA:337,47,1,0
BRDA:377,48,0,0
BRDA:377,48,1,0
BRDA:388,49,0,0
BRDA:388,49,1,0
BRDA:404,50,0,0
BRDA:404,50,1,0
BRDA:489,51,0,0
BRDA:489,51,1,0
BRDA:542,52,0,0
BRDA:542,52,1,0
BRDA:544,53,0,0
BRDA:544,53,1,0
BRDA:547,54,0,0
BRDA:547,54,1,0
BRDA:550,55,0,0
BRDA:550,55,1,0
BRDA:553,56,0,0
BRDA:553,56,1,0
BRDA:612,57,0,0
BRDA:612,57,1,0
BRDA:627,58,0,0
BRDA:627,58,1,0
BRDA:629,59,0,0
BRDA:629,59,1,0
BRDA:632,60,0,0
BRDA:632,60,1,0
BRDA:644,61,0,0
BRDA:644,61,1,0
BRDA:647,62,0,0
BRDA:647,62,1,0
BRDA:651,63,0,0
BRDA:651,63,1,0
BRDA:659,64,0,0
BRDA:659,64,1,0
BRDA:672,65,0,0
BRDA:672,65,1,0
BRDA:675,66,0,0
BRDA:675,66,1,0
BRDA:677,67,0,0
BRDA:677,67,1,0
BRDA:680,68,0,0
BRDA:680,68,1,0
BRDA:685,69,0,0
BRDA:685,69,1,0
BRDA:685,70,0,0
BRDA:685,70,1,0
BRDA:700,71,0,0
BRDA:700,71,1,0
BRDA:700,72,0,0
BRDA:700,72,1,0
BRDA:715,73,0,0
BRDA:715,73,1,0
BRDA:725,74,0,0
BRDA:725,74,1,0
BRDA:747,75,0,0
BRDA:747,75,1,0
BRDA:760,76,0,0
BRDA:760,76,1,0
BRDA:763,77,0,0
BRDA:763,77,1,0
BRDA:771,78,0,0
BRDA:771,78,1,0
BRDA:774,79,0,0
BRDA:774,79,1,0
BRDA:777,80,0,0
BRDA:777,80,1,0
BRDA:782,81,0,0
BRDA:782,81,1,0
BRDA:801,82,0,0
BRDA:801,82,1,0
BRDA:808,83,0,0
BRDA:808,83,1,0
BRDA:808,84,0,0
BRDA:808,84,1,0
BRDA:811,85,0,0
BRDA:811,85,1,0
BRDA:812,86,0,0
BRDA:812,86,1,0
BRDA:813,87,0,0
BRDA:813,87,1,0
BRDA:819,88,0,0
BRDA:819,88,1,0
BRF:180
BRH:0
end_of_record
TN:
SF:wwwroot/js/honua-comments.js
FN:16,(anonymous_0)
FN:26,(anonymous_1)
FN:43,(anonymous_2)
FN:68,(anonymous_3)
FN:86,(anonymous_4)
FN:98,(anonymous_5)
FN:103,(anonymous_6)
FN:114,(anonymous_7)
FN:127,(anonymous_8)
FN:131,(anonymous_9)
FN:143,(anonymous_10)
FN:159,(anonymous_11)
FN:167,(anonymous_12)
FN:178,(anonymous_13)
FN:190,(anonymous_14)
FN:197,(anonymous_15)
FN:205,(anonymous_16)
FN:209,(anonymous_17)
FN:218,(anonymous_18)
FN:226,(anonymous_19)
FN:250,(anonymous_20)
FNF:21
FNH:0
FNDA:0,(anonymous_0)
FNDA:0,(anonymous_1)
FNDA:0,(anonymous_2)
FNDA:0,(anonymous_3)
FNDA:0,(anonymous_4)
FNDA:0,(anonymous_5)
FNDA:0,(anonymous_6)
FNDA:0,(anonymous_7)
FNDA:0,(anonymous_8)
FNDA:0,(anonymous_9)
FNDA:0,(anonymous_10)
FNDA:0,(anonymous_11)
FNDA:0,(anonymous_12)
FNDA:0,(anonymous_13)
FNDA:0,(anonymous_14)
FNDA:0,(anonymous_15)
FNDA:0,(anonymous_16)
FNDA:0,(anonymous_17)
FNDA:0,(anonymous_18)
FNDA:0,(anonymous_19)
FNDA:0,(anonymous_20)
DA:8,0
DA:17,0
DA:18,0
DA:19,0
DA:20,0
DA:24,0
DA:26,0
DA:27,0
DA:29,0
DA:30,0
DA:33,0
DA:34,0
DA:36,0
DA:44,0
DA:45,0
DA:46,0
DA:47,0
DA:50,0
DA:53,0
DA:54,0
DA:55,0
DA:58,0
DA:59,0
DA:62,0
DA:69,0
DA:71,0
DA:73,0
DA:75,0
DA:87,0
DA:88,0
DA:90,0
DA:91,0
DA:92,0
DA:99,0
DA:100,0
DA:103,0
DA:106,0
DA:107,0
DA:115,0
DA:116,0
DA:117,0
DA:119,0
DA:120,0
DA:128,0
DA:129,0
DA:131,0
DA:132,0
DA:133,0
DA:134,0
DA:135,0
DA:145,0
DA:149,0
DA:150,0
DA:151,0
DA:152,0
DA:160,0
DA:168,0
DA:170,0
DA:172,0
DA:173,0
DA:179,0
DA:182,0
DA:183,0
DA:191,0
DA:192,0
DA:194,0
DA:195,0
DA:197,0
DA:198,0
DA:206,0
DA:207,0
DA:209,0
DA:210,0
DA:211,0
DA:219,0
DA:220,0
DA:222,0
DA:223,0
DA:226,0
DA:227,0
DA:228,0
DA:230,0
DA:231,0
DA:232,0
DA:237,0
DA:238,0
DA:239,0
DA:240,0
DA:244,0
DA:245,0
DA:250,0
DA:251,0
DA:252,0
DA:253,0
DA:254,0
DA:255,0
DA:258,0
DA:259,0
DA:267,0
DA:268,0
DA:349,0
LF:101
LH:0
BRDA:18,0,0,0
BRDA:18,0,1,0
BRDA:27,1,0,0
BRDA:27,1,1,0
BRDA:27,2,0,0
BRDA:27,2,1,0
BRDA:33,3,0,0
BRDA:33,3,1,0
BRDA:50,4,0,0
BRDA:50,4,1,0
BRDA:58,5,0,0
BRDA:58,5,1,0
BRDA:58,6,0,0
BRDA:58,6,1,0
BRDA:69,7,0,0
BRDA:69,7,1,0
BRDA:69,7,2,0
BRDA:88,8,0,0
BRDA:88,8,1,0
BRDA:88,9,0,0
BRDA:88,9,1,0
BRDA:100,10,0,0
BRDA:100,10,1,0
BRDA:106,11,0,0
BRDA:106,11,1,0
BRDA:116,12,0,0
BRDA:116,12,1,0
BRDA:119,13,0,0
BRDA:119,13,1,0
BRDA:129,14,0,0
BRDA:129,14,1,0
BRDA:133,15,0,0
BRDA:133,15,1,0
BRDA:149,16,0,0
BRDA:149,16,1,0
BRDA:151,17,0,0
BRDA:151,17,1,0
BRDA:168,18,0,0
BRDA:168,18,1,0
BRDA:172,19,0,0
BRDA:172,19,1,0
BRDA:182,20,0,0
BRDA:182,20,1,0
BRDA:182,21,0,0
BRDA:182,21,1,0
BRDA:192,22,0,0
BRDA:192,22,1,0
BRDA:192,23,0,0
BRDA:192,23,1,0
BRDA:207,24,0,0
BRDA:207,24,1,0
BRDA:211,25,0,0
BRDA:211,25,1,0
BRDA:218,26,0,0
BRDA:220,27,0,0
BRDA:220,27,1,0
BRDA:237,28,0,0
BRDA:237,28,1,0
BRDA:244,29,0,0
BRDA:244,29,1,0
BRDA:251,30,0,0
BRDA:251,30,1,0
BRF:62
BRH:0
end_of_record
TN:
SF:wwwroot/js/honua-compare.js
FN:7,(anonymous_0)
FN:27,(anonymous_1)
FN:68,(anonymous_2)
FN:69,(anonymous_3)
FN:70,(anonymous_4)
FN:77,(anonymous_5)
FN:99,(anonymous_6)
FN:117,(anonymous_7)
FN:138,(anonymous_8)
FN:152,(anonymous_9)
FN:168,(anonymous_10)
FN:189,(anonymous_11)
FN:192,(anonymous_12)
FN:203,(anonymous_13)
FN:210,(anonymous_14)
FN:214,(anonymous_15)
FN:226,(anonymous_16)
FN:315,(anonymous_17)
FN:316,(anonymous_18)
FN:322,(anonymous_19)
FN:340,(anonymous_20)
FN:359,(anonymous_21)
FN:362,(anonymous_22)
FN:371,(anonymous_23)
FN:377,(anonymous_24)
FN:384,(anonymous_25)
FN:386,(anonymous_26)
FN:400,(anonymous_27)
FN:405,(anonymous_28)
FN:450,(anonymous_29)
FN:455,(anonymous_30)
FN:469,(anonymous_31)
FN:475,(anonymous_32)
FN:499,(anonymous_33)
FN:510,(anonymous_34)
FN:514,(anonymous_35)
FN:518,(anonymous_36)
FN:519,(anonymous_37)
FN:553,(anonymous_38)
FN:575,(anonymous_39)
FN:581,(anonymous_40)
FN:601,createCompare
FNF:42
FNH:0
FNDA:0,(anonymous_0)
FNDA:0,(anonymous_1)
FNDA:0,(anonymous_2)
FNDA:0,(anonymous_3)
FNDA:0,(anonymous_4)
FNDA:0,(anonymous_5)
FNDA:0,(anonymous_6)
FNDA:0,(anonymous_7)
FNDA:0,(anonymous_8)
FNDA:0,(anonymous_9)
FNDA:0,(anonymous_10)
FNDA:0,(anonymous_11)
FNDA:0,(anonymous_12)
FNDA:0,(anonymous_13)
FNDA:0,(anonymous_14)
FNDA:0,(anonymous_15)
FNDA:0,(anonymous_16)
FNDA:0,(anonymous_17)
FNDA:0,(anonymous_18)
FNDA:0,(anonymous_19)
FNDA:0,(anonymous_20)
FNDA:0,(anonymous_21)
FNDA:0,(anonymous_22)
FNDA:0,(anonymous_23)
FNDA:0,(anonymous_24)
FNDA:0,(anonymous_25)
FNDA:0,(anonymous_26)
FNDA:0,(anonymous_27)
FNDA:0,(anonymous_28)
FNDA:0,(anonymous_29)
FNDA:0,(anonymous_30)
FNDA:0,(anonymous_31)
FNDA:0,(anonymous_32)
FNDA:0,(anonymous_33)
FNDA:0,(anonymous_34)
FNDA:0,(anonymous_35)
FNDA:0,(anonymous_36)
FNDA:0,(anonymous_37)
FNDA:0,(anonymous_38)
FNDA:0,(anonymous_39)
FNDA:0,(anonymous_40)
FNDA:0,createCompare
DA:8,0
DA:9,0
DA:10,0
DA:11,0
DA:12,0
DA:13,0
DA:14,0
DA:16,0
DA:17,0
DA:18,0
DA:19,0
DA:20,0
DA:21,0
DA:22,0
DA:24,0
DA:29,0
DA:30,0
DA:31,0
DA:33,0
DA:34,0
DA:35,0
DA:37,0
DA:38,0
DA:41,0
DA:51,0
DA:62,0
DA:67,0
DA:68,0
DA:69,0
DA:71,0
DA:72,0
DA:73,0
DA:78,0
DA:80,0
DA:81,0
DA:83,0
DA:84,0
DA:86,0
DA:87,0
DA:89,0
DA:90,0
DA:92,0
DA:93,0
DA:95,0
DA:100,0
DA:102,0
DA:103,0
DA:104,0
DA:105,0
DA:107,0
DA:108,0
DA:109,0
DA:112,0
DA:113,0
DA:114,0
DA:118,0
DA:120,0
DA:121,0
DA:123,0
DA:124,0
DA:125,0
DA:126,0
DA:128,0
DA:129,0
DA:130,0
DA:133,0
DA:134,0
DA:135,0
DA:139,0
DA:141,0
DA:142,0
DA:143,0
DA:145,0
DA:146,0
DA:148,0
DA:149,0
DA:153,0
DA:155,0
DA:156,0
DA:158,0
DA:159,0
DA:161,0
DA:162,0
DA:164,0
DA:165,0
DA:169,0
DA:171,0
DA:172,0
DA:174,0
DA:175,0
DA:178,0
DA:179,0
DA:181,0
DA:183,0
DA:185,0
DA:186,0
DA:190,0
DA:192,0
DA:193,0
DA:195,0
DA:196,0
DA:197,0
DA:199,0
DA:202,0
DA:203,0
DA:204,0
DA:205,0
DA:211,0
DA:213,0
DA:214,0
DA:215,0
DA:216,0
DA:217,0
DA:220,0
DA:221,0
DA:222,0
DA:227,0
DA:228,0
DA:231,0
DA:232,0
DA:234,0
DA:235,0
DA:236,0
DA:249,0
DA:250,0
DA:264,0
DA:265,0
DA:266,0
DA:268,0
DA:269,0
DA:286,0
DA:288,0
DA:305,0
DA:308,0
DA:309,0
DA:312,0
DA:316,0
DA:317,0
DA:318,0
DA:319,0
DA:322,0
DA:323,0
DA:325,0
DA:328,0
DA:329,0
DA:330,0
DA:332,0
DA:333,0
DA:336,0
DA:337,0
DA:340,0
DA:341,0
DA:342,0
DA:343,0
DA:345,0
DA:346,0
DA:351,0
DA:352,0
DA:353,0
DA:354,0
DA:355,0
DA:356,0
DA:360,0
DA:362,0
DA:363,0
DA:371,0
DA:372,0
DA:373,0
DA:377,0
DA:378,0
DA:379,0
DA:386,0
DA:387,0
DA:388,0
DA:389,0
DA:390,0
DA:391,0
DA:393,0
DA:397,0
DA:401,0
DA:402,0
DA:406,0
DA:408,0
DA:409,0
DA:410,0
DA:411,0
DA:412,0
DA:414,0
DA:415,0
DA:418,0
DA:419,0
DA:420,0
DA:422,0
DA:423,0
DA:426,0
DA:427,0
DA:428,0
DA:429,0
DA:430,0
DA:432,0
DA:433,0
DA:436,0
DA:437,0
DA:438,0
DA:440,0
DA:441,0
DA:445,0
DA:446,0
DA:451,0
DA:452,0
DA:456,0
DA:458,0
DA:460,0
DA:470,0
DA:471,0
DA:477,0
DA:478,0
DA:479,0
DA:480,0
DA:484,0
DA:487,0
DA:488,0
DA:489,0
DA:493,0
DA:494,0
DA:495,0
DA:496,0
DA:500,0
DA:501,0
DA:502,0
DA:504,0
DA:505,0
DA:506,0
DA:511,0
DA:515,0
DA:519,0
DA:521,0
DA:522,0
DA:523,0
DA:524,0
DA:525,0
DA:526,0
DA:529,0
DA:530,0
DA:533,0
DA:534,0
DA:535,0
DA:536,0
DA:537,0
DA:539,0
DA:540,0
DA:541,0
DA:544,0
DA:545,0
DA:546,0
DA:549,0
DA:554,0
DA:556,0
DA:557,0
DA:558,0
DA:559,0
DA:560,0
DA:561,0
DA:562,0
DA:565,0
DA:566,0
DA:567,0
DA:568,0
DA:569,0
DA:570,0
DA:575,0
DA:576,0
DA:577,0
DA:582,0
DA:583,0
DA:584,0
DA:587,0
DA:588,0
DA:591,0
DA:592,0
DA:595,0
DA:596,0
DA:602,0
LF:283
LH:0
BRDA:11,0,0,0
BRDA:11,0,1,0
BRDA:12,1,0,0
BRDA:12,1,1,0
BRDA:14,2,0,0
BRDA:14,2,1,0
BRDA:44,3,0,0
BRDA:44,3,1,0
BRDA:45,4,0,0
BRDA:45,4,1,0
BRDA:46,5,0,0
BRDA:46,5,1,0
BRDA:47,6,0,0
BRDA:47,6,1,0
BRDA:54,7,0,0
BRDA:54,7,1,0
BRDA:55,8,0,0
BRDA:55,8,1,0
BRDA:56,9,0,0
BRDA:56,9,1,0
BRDA:57,10,0,0
BRDA:57,10,1,0
BRDA:78,11,0,0
BRDA:78,11,1,0
BRDA:78,11,2,0
BRDA:78,11,3,0
BRDA:78,11,4,0
BRDA:78,11,5,0
BRDA:102,12,0,0
BRDA:102,12,1,0
BRDA:123,13,0,0
BRDA:123,13,1,0
BRDA:143,14,0,0
BRDA:143,14,1,0
BRDA:175,15,0,0
BRDA:175,15,1,0
BRDA:190,16,0,0
BRDA:190,16,1,0
BRDA:193,17,0,0
BRDA:193,17,1,0
BRDA:204,18,0,0
BRDA:204,18,1,0
BRDA:211,19,0,0
BRDA:211,19,1,0
BRDA:215,20,0,0
BRDA:215,20,1,0
BRDA:221,21,0,0
BRDA:221,21,1,0
BRDA:222,22,0,0
BRDA:222,22,1,0
BRDA:223,23,0,0
BRDA:223,23,1,0
BRDA:227,24,0,0
BRDA:227,24,1,0
BRDA:234,25,0,0
BRDA:234,25,1,0
BRDA:243,26,0,0
BRDA:243,26,1,0
BRDA:257,27,0,0
BRDA:257,27,1,0
BRDA:264,28,0,0
BRDA:264,28,1,0
BRDA:268,29,0,0
BRDA:268,29,1,0
BRDA:319,30,0,0
BRDA:319,30,1,0
BRDA:323,31,0,0
BRDA:323,31,1,0
BRDA:328,32,0,0
BRDA:328,32,1,0
BRDA:329,33,0,0
BRDA:329,33,1,0
BRDA:329,33,2,0
BRDA:332,34,0,0
BRDA:332,34,1,0
BRDA:332,34,2,0
BRDA:341,35,0,0
BRDA:341,35,1,0
BRDA:345,36,0,0
BRDA:345,36,1,0
BRDA:360,37,0,0
BRDA:360,37,1,0
BRDA:372,38,0,0
BRDA:372,38,1,0
BRDA:372,39,0,0
BRDA:372,39,1,0
BRDA:378,40,0,0
BRDA:378,40,1,0
BRDA:378,41,0,0
BRDA:378,41,1,0
BRDA:387,42,0,0
BRDA:387,42,1,0
BRDA:408,43,0,0
BRDA:408,43,1,0
BRDA:409,44,0,0
BRDA:409,44,1,0
BRDA:414,45,0,0
BRDA:414,45,1,0
BRDA:422,46,0,0
BRDA:422,46,1,0
BRDA:426,47,0,0
BRDA:426,47,1,0
BRDA:427,48,0,0
BRDA:427,48,1,0
BRDA:432,49,0,0
BRDA:432,49,1,0
BRDA:440,50,0,0
BRDA:440,50,1,0
BRDA:458,51,0,0
BRDA:458,51,1,0
BRDA:470,52,0,0
BRDA:470,52,1,0
BRDA:478,53,0,0
BRDA:478,53,1,0
BRDA:487,54,0,0
BRDA:487,54,1,0
BRDA:501,55,0,0
BRDA:501,55,1,0
BRDA:501,56,0,0
BRDA:501,56,1,0
BRDA:502,57,0,0
BRDA:502,57,1,0
BRDA:502,58,0,0
BRDA:502,58,1,0
BRDA:505,59,0,0
BRDA:505,59,1,0
BRDA:533,60,0,0
BRDA:533,60,1,0
BRDA:534,61,0,0
BRDA:534,61,1,0
BRDA:545,62,0,0
BRDA:545,62,1,0
BRDA:545,63,0,0
BRDA:545,63,1,0
BRDA:556,64,0,0
BRDA:556,64,1,0
BRDA:557,65,0,0
BRDA:557,65,1,0
BRDA:559,66,0,0
BRDA:559,66,1,0
BRDA:561,67,0,0
BRDA:561,67,1,0
BRDA:565,68,0,0
BRDA:565,68,1,0
BRDA:567,69,0,0
BRDA:567,69,1,0
BRDA:569,70,0,0
BRDA:569,70,1,0
BRDA:583,71,0,0
BRDA:583,71,1,0
BRDA:587,72,0,0
BRDA:587,72,1,0
BRDA:591,73,0,0
BRDA:591,73,1,0
BRDA:595,74,0,0
BRDA:595,74,1,0
BRF:156
BRH:0
end_of_record
TN:
SF:wwwroot/js/honua-coordinates.js
FN:15,initializeCoordinateTracking
FN:24,(anonymous_1)
FN:47,setupTracking
FN:49,(anonymous_3)
FN:50,(anonymous_4)
FN:51,(anonymous_5)
FN:52,(anonymous_6)
FN:53,(anonymous_7)
FN:57,(anonymous_8)
FN:81,handleMouseMove
FN:83,(anonymous_10)
FN:123,handleClick
FN:149,handleMapChange
FN:173,calculateMapScale
FN:207,getZoomLevel
FN:225,getBearing
FN:243,getMapScale
FN:270,queryElevation
FN:291,calculateDistance
FN:313,formatDistance
FN:345,copyToClipboard
FN:374,stopTracking
FN:379,(anonymous_22)
FN:400,cleanup
FN:401,(anonymous_24)
FNF:25
FNH:0
FNDA:0,initializeCoordinateTracking
FNDA:0,(anonymous_1)
FNDA:0,setupTracking
FNDA:0,(anonymous_3)
FNDA:0,(anonymous_4)
FNDA:0,(anonymous_5)
FNDA:0,(anonymous_6)
FNDA:0,(anonymous_7)
FNDA:0,(anonymous_8)
FNDA:0,handleMouseMove
FNDA:0,(anonymous_10)
FNDA:0,handleClick
FNDA:0,handleMapChange
FNDA:0,calculateMapScale
FNDA:0,getZoomLevel
FNDA:0,getBearing
FNDA:0,getMapScale
FNDA:0,queryElevation
FNDA:0,calculateDistance
FNDA:0,formatDistance
FNDA:0,copyToClipboard
FNDA:0,stopTracking
FNDA:0,(anonymous_22)
FNDA:0,cleanup
FNDA:0,(anonymous_24)
DA:6,0
DA:7,0
DA:16,0
DA:17,0
DA:18,0
DA:19,0
DA:20,0
DA:24,0
DA:25,0
DA:26,0
DA:27,0
DA:29,0
DA:32,0
DA:34,0
DA:36,0
DA:37,0
DA:48,0
DA:49,0
DA:50,0
DA:51,0
DA:52,0
DA:53,0
DA:57,0
DA:58,0
DA:62,0
DA:70,0
DA:72,0
DA:82,0
DA:83,0
DA:84,0
DA:87,0
DA:88,0
DA:89,0
DA:91,0
DA:92,0
DA:93,0
DA:94,0
DA:97,0
DA:98,0
DA:99,0
DA:100,0
DA:104,0
DA:113,0
DA:124,0
DA:125,0
DA:128,0
DA:129,0
DA:130,0
DA:134,0
DA:140,0
DA:150,0
DA:151,0
DA:152,0
DA:153,0
DA:154,0
DA:157,0
DA:163,0
DA:174,0
DA:176,0
DA:179,0
DA:182,0
DA:185,0
DA:186,0
DA:189,0
DA:192,0
DA:193,0
DA:195,0
DA:197,0
DA:198,0
DA:208,0
DA:209,0
DA:210,0
DA:211,0
DA:213,0
DA:215,0
DA:216,0
DA:226,0
DA:227,0
DA:228,0
DA:229,0
DA:231,0
DA:233,0
DA:234,0
DA:244,0
DA:245,0
DA:246,0
DA:247,0
DA:250,0
DA:251,0
DA:252,0
DA:253,0
DA:256,0
DA:258,0
DA:259,0
DA:271,0
DA:272,0
DA:273,0
DA:274,0
DA:276,0
DA:278,0
DA:279,0
DA:292,0
DA:293,0
DA:294,0
DA:295,0
DA:296,0
DA:298,0
DA:302,0
DA:304,0
DA:314,0
DA:315,0
DA:316,0
DA:317,0
DA:319,0
DA:320,0
DA:322,0
DA:323,0
DA:324,0
DA:325,0
DA:327,0
DA:331,0
DA:332,0
DA:334,0
DA:335,0
DA:346,0
DA:347,0
DA:348,0
DA:350,0
DA:352,0
DA:353,0
DA:354,0
DA:355,0
DA:356,0
DA:357,0
DA:358,0
DA:359,0
DA:360,0
DA:361,0
DA:363,0
DA:364,0
DA:375,0
DA:376,0
DA:377,0
DA:379,0
DA:380,0
DA:384,0
DA:385,0
DA:387,0
DA:388,0
DA:390,0
DA:392,0
DA:393,0
DA:401,0
DA:402,0
LF:154
LH:0
BRDA:18,0,0,0
BRDA:18,0,1,0
BRDA:26,1,0,0
BRDA:26,1,1,0
BRDA:84,2,0,0
BRDA:84,2,1,0
BRDA:88,3,0,0
BRDA:88,3,1,0
BRDA:98,4,0,0
BRDA:98,4,1,0
BRDA:129,5,0,0
BRDA:129,5,1,0
BRDA:210,6,0,0
BRDA:210,6,1,0
BRDA:210,7,0,0
BRDA:210,7,1,0
BRDA:228,8,0,0
BRDA:228,8,1,0
BRDA:228,9,0,0
BRDA:228,9,1,0
BRDA:246,10,0,0
BRDA:246,10,1,0
BRDA:251,11,0,0
BRDA:251,11,1,0
BRDA:251,12,0,0
BRDA:251,12,1,0
BRDA:273,13,0,0
BRDA:273,13,1,0
BRDA:273,14,0,0
BRDA:273,14,1,0
BRDA:273,14,2,0
BRDA:313,15,0,0
BRDA:314,16,0,0
BRDA:314,16,1,0
BRDA:316,17,0,0
BRDA:316,17,1,0
BRDA:322,18,0,0
BRDA:322,18,1,0
BRDA:324,19,0,0
BRDA:324,19,1,0
BRDA:331,20,0,0
BRDA:331,20,1,0
BRDA:377,21,0,0
BRDA:377,21,1,0
BRF:44
BRH:0
end_of_record
TN:
SF:wwwroot/js/honua-datagrid.js
FN:12,(anonymous_0)
FN:50,(anonymous_1)
FN:67,(anonymous_2)
FN:88,(anonymous_3)
FN:113,(anonymous_4)
FN:141,(anonymous_5)
FN:163,(anonymous_6)
FNF:7
FNH:0
FNDA:0,(anonymous_0)
FNDA:0,(anonymous_1)
FNDA:0,(anonymous_2)
FNDA:0,(anonymous_3)
FNDA:0,(anonymous_4)
FNDA:0,(anonymous_5)
FNDA:0,(anonymous_6)
DA:12,0
DA:13,0
DA:15,0
DA:16,0
DA:18,0
DA:19,0
DA:22,0
DA:23,0
DA:26,0
DA:27,0
DA:28,0
DA:29,0
DA:32,0
DA:33,0
DA:36,0
DA:37,0
DA:39,0
DA:41,0
DA:50,0
DA:51,0
DA:52,0
DA:53,0
DA:54,0
DA:56,0
DA:57,0
DA:67,0
DA:68,0
DA:69,0
DA:70,0
DA:78,0
DA:79,0
DA:88,0
DA:89,0
DA:90,0
DA:91,0
DA:92,0
DA:93,0
DA:96,0
DA:97,0
DA:98,0
DA:104,0
DA:113,0
DA:114,0
DA:115,0
DA:116,0
DA:117,0
DA:120,0
DA:121,0
DA:122,0
DA:128,0
DA:130,0
DA:131,0
DA:141,0
DA:142,0
DA:143,0
DA:144,0
DA:145,0
DA:146,0
DA:149,0
DA:150,0
DA:151,0
DA:152,0
DA:155,0
DA:163,0
DA:164,0
DA:165,0
DA:166,0
DA:167,0
DA:168,0
DA:173,0
DA:175,0
DA:179,0
LF:72
LH:0
BRDA:67,0,0,0
BRDA:91,1,0,0
BRDA:91,1,1,0
BRDA:97,2,0,0
BRDA:97,2,1,0
BRDA:97,3,0,0
BRDA:97,3,1,0
BRDA:116,4,0,0
BRDA:116,4,1,0
BRDA:121,5,0,0
BRDA:121,5,1,0
BRDA:144,6,0,0
BRDA:144,6,1,0
BRDA:150,7,0,0
BRDA:150,7,1,0
BRDA:166,8,0,0
BRDA:166,8,1,0
BRF:17
BRH:0
end_of_record
TN:
SF:wwwroot/js/honua-draw.js
FN:14,initializeDrawing
FN:57,setDrawMode
FN:80,selectFeature
FN:106,deleteFeature
FN:124,setFeatureVisibility
FN:149,clearAll
FN:167,setFeatures
FN:191,setMeasurementUnit
FN:204,calculateMeasurements
FN:254,exportFeatures
FN:301,setupDrawEventListeners
FN:306,(anonymous_11)
FN:327,(anonymous_12)
FN:342,(anonymous_13)
FN:352,(anonymous_14)
FN:369,(anonymous_15)
FN:383,getComponentIdForMap
FN:395,getDrawStyles
FN:498,convertToCSV
FN:509,(anonymous_19)
FN:518,convertToKML
FN:542,(anonymous_21)
FN:553,(anonymous_22)
FN:574,downloadFile
FN:589,escapeXml
FN:601,getUnits
FN:615,getUnitMultiplier
FN:629,cleanup
FNF:28
FNH:0
FNDA:0,initializeDrawing
FNDA:0,setDrawMode
FNDA:0,selectFeature
FNDA:0,deleteFeature
FNDA:0,setFeatureVisibility
FNDA:0,clearAll
FNDA:0,setFeatures
FNDA:0,setMeasurementUnit
FNDA:0,calculateMeasurements
FNDA:0,exportFeatures
FNDA:0,setupDrawEventListeners
FNDA:0,(anonymous_11)
FNDA:0,(anonymous_12)
FNDA:0,(anonymous_13)
FNDA:0,(anonymous_14)
FNDA:0,(anonymous_15)
FNDA:0,getComponentIdForMap
FNDA:0,getDrawStyles
FNDA:0,convertToCSV
FNDA:0,(anonymous_19)
FNDA:0,convertToKML
FNDA:0,(anonymous_21)
FNDA:0,(anonymous_22)
FNDA:0,downloadFile
FNDA:0,escapeXml
FNDA:0,getUnits
FNDA:0,getUnitMultiplier
FNDA:0,cleanup
DA:7,0
DA:8,0
DA:9,0
DA:15,0
DA:16,0
DA:17,0
DA:18,0
DA:19,0
DA:23,0
DA:24,0
DA:27,0
DA:40,0
DA:43,0
DA:46,0
DA:48,0
DA:50,0
DA:58,0
DA:59,0
DA:61,0
DA:62,0
DA:64,0
DA:65,0
DA:67,0
DA:68,0
DA:70,0
DA:73,0
DA:81,0
DA:82,0
DA:84,0
DA:85,0
DA:87,0
DA:88,0
DA:91,0
DA:92,0
DA:93,0
DA:97,0
DA:99,0
DA:107,0
DA:108,0
DA:110,0
DA:111,0
DA:113,0
DA:114,0
DA:115,0
DA:117,0
DA:125,0
DA:126,0
DA:128,0
DA:129,0
DA:131,0
DA:132,0
DA:133,0
DA:135,0
DA:137,0
DA:138,0
DA:139,0
DA:142,0
DA:150,0
DA:151,0
DA:153,0
DA:154,0
DA:156,0
DA:157,0
DA:158,0
DA:160,0
DA:168,0
DA:169,0
DA:171,0
DA:172,0
DA:174,0
DA:175,0
DA:176,0
DA:178,0
DA:179,0
DA:184,0
DA:192,0
DA:193,0
DA:195,0
DA:196,0
DA:197,0
DA:205,0
DA:206,0
DA:207,0
DA:209,0
DA:211,0
DA:212,0
DA:215,0
DA:216,0
DA:218,0
DA:219,0
DA:223,0
DA:225,0
DA:228,0
DA:229,0
DA:231,0
DA:232,0
DA:233,0
DA:237,0
DA:238,0
DA:239,0
DA:241,0
DA:244,0
DA:246,0
DA:247,0
DA:255,0
DA:256,0
DA:258,0
DA:259,0
DA:261,0
DA:262,0
DA:263,0
DA:267,0
DA:269,0
DA:270,0
DA:271,0
DA:272,0
DA:275,0
DA:276,0
DA:277,0
DA:278,0
DA:281,0
DA:282,0
DA:283,0
DA:284,0
DA:287,0
DA:288,0
DA:292,0
DA:294,0
DA:302,0
DA:303,0
DA:306,0
DA:307,0
DA:308,0
DA:310,0
DA:313,0
DA:319,0
DA:322,0
DA:327,0
DA:328,0
DA:329,0
DA:330,0
DA:337,0
DA:342,0
DA:343,0
DA:344,0
DA:345,0
DA:347,0
DA:352,0
DA:353,0
DA:354,0
DA:355,0
DA:356,0
DA:357,0
DA:360,0
DA:361,0
DA:384,0
DA:385,0
DA:386,0
DA:389,0
DA:396,0
DA:474,0
DA:482,0
DA:490,0
DA:499,0
DA:500,0
DA:502,0
DA:503,0
DA:509,0
DA:512,0
DA:519,0
DA:520,0
DA:521,0
DA:522,0
DA:524,0
DA:525,0
DA:527,0
DA:528,0
DA:532,0
DA:534,0
DA:535,0
DA:536,0
DA:537,0
DA:540,0
DA:541,0
DA:542,0
DA:544,0
DA:545,0
DA:546,0
DA:549,0
DA:550,0
DA:551,0
DA:552,0
DA:553,0
DA:555,0
DA:556,0
DA:557,0
DA:558,0
DA:559,0
DA:562,0
DA:565,0
DA:566,0
DA:568,0
DA:575,0
DA:576,0
DA:577,0
DA:578,0
DA:579,0
DA:580,0
DA:581,0
DA:582,0
DA:583,0
DA:590,0
DA:602,0
DA:604,0
DA:606,0
DA:608,0
DA:616,0
DA:618,0
DA:620,0
DA:622,0
DA:630,0
DA:631,0
DA:633,0
DA:634,0
DA:635,0
DA:637,0
DA:638,0
DA:640,0
DA:643,0
DA:644,0
DA:645,0
DA:650,0
DA:651,0
LF:233
LH:0
BRDA:17,0,0,0
BRDA:17,0,1,0
BRDA:59,1,0,0
BRDA:59,1,1,0
BRDA:62,2,0,0
BRDA:62,2,1,0
BRDA:67,3,0,0
BRDA:67,3,1,0
BRDA:67,4,0,0
BRDA:67,4,1,0
BRDA:82,5,0,0
BRDA:82,5,1,0
BRDA:85,6,0,0
BRDA:85,6,1,0
BRDA:92,7,0,0
BRDA:92,7,1,0
BRDA:108,8,0,0
BRDA:108,8,1,0
BRDA:111,9,0,0
BRDA:111,9,1,0
BRDA:126,10,0,0
BRDA:126,10,1,0
BRDA:129,11,0,0
BRDA:129,11,1,0
BRDA:135,12,0,0
BRDA:135,12,1,0
BRDA:137,13,0,0
BRDA:137,13,1,0
BRDA:151,14,0,0
BRDA:151,14,1,0
BRDA:154,15,0,0
BRDA:154,15,1,0
BRDA:169,16,0,0
BRDA:169,16,1,0
BRDA:172,17,0,0
BRDA:172,17,1,0
BRDA:193,18,0,0
BRDA:193,18,1,0
BRDA:196,19,0,0
BRDA:196,19,1,0
BRDA:209,20,0,0
BRDA:209,20,1,0
BRDA:209,20,2,0
BRDA:209,20,3,0
BRDA:218,21,0,0
BRDA:218,21,1,0
BRDA:237,22,0,0
BRDA:237,22,1,0
BRDA:256,23,0,0
BRDA:256,23,1,0
BRDA:259,24,0,0
BRDA:259,24,1,0
BRDA:267,25,0,0
BRDA:267,25,1,0
BRDA:267,25,2,0
BRDA:267,25,3,0
BRDA:303,26,0,0
BRDA:303,26,1,0
BRDA:344,27,0,0
BRDA:344,27,1,0
BRDA:355,28,0,0
BRDA:355,28,1,0
BRDA:360,29,0,0
BRDA:360,29,1,0
BRDA:363,30,0,0
BRDA:363,30,1,0
BRDA:364,31,0,0
BRDA:364,31,1,0
BRDA:365,32,0,0
BRDA:365,32,1,0
BRDA:366,33,0,0
BRDA:366,33,1,0
BRDA:367,34,0,0
BRDA:367,34,1,0
BRDA:368,35,0,0
BRDA:368,35,1,0
BRDA:385,36,0,0
BRDA:385,36,1,0
BRDA:407,37,0,0
BRDA:407,37,1,0
BRDA:408,38,0,0
BRDA:408,38,1,0
BRDA:409,39,0,0
BRDA:409,39,1,0
BRDA:418,40,0,0
BRDA:418,40,1,0
BRDA:419,41,0,0
BRDA:419,41,1,0
BRDA:432,42,0,0
BRDA:432,42,1,0
BRDA:433,43,0,0
BRDA:433,43,1,0
BRDA:434,44,0,0
BRDA:434,44,1,0
BRDA:453,45,0,0
BRDA:453,45,1,0
BRDA:463,46,0,0
BRDA:463,46,1,0
BRDA:504,47,0,0
BRDA:504,47,1,0
BRDA:507,48,0,0
BRDA:507,48,1,0
BRDA:527,49,0,0
BRDA:527,49,1,0
BRDA:532,50,0,0
BRDA:532,50,1,0
BRDA:532,50,2,0
BRDA:602,51,0,0
BRDA:602,51,1,0
BRDA:602,51,2,0
BRDA:616,52,0,0
BRDA:616,52,1,0
BRDA:616,52,2,0
BRDA:631,53,0,0
BRDA:631,53,1,0
BRDA:634,54,0,0
BRDA:634,54,1,0
BRDA:650,55,0,0
BRDA:650,55,1,0
BRF:119
BRH:0
end_of_record
TN:
SF:wwwroot/js/honua-editor.js
FN:11,initializeEditor
FN:56,startEditMode
FN:64,(anonymous_2)
FN:79,stopEditMode
FN:100,enableDrawMode
FN:119,disableDrawMode
FN:130,setEditMode
FN:161,selectFeature
FN:195,moveFeature
FN:216,updateGeometry
FN:232,deleteFeature
FN:248,getEditHistory
FN:258,undo
FN:288,redo
FN:315,setupEditorEvents
FN:322,(anonymous_15)
FN:335,(anonymous_16)
FN:345,(anonymous_17)
FN:355,(anonymous_18)
FN:363,addToHistory
FN:389,getEditorStyles
FN:484,(anonymous_21)
FN:491,(anonymous_22)
FN:503,(anonymous_23)
FN:507,(anonymous_24)
FN:518,getInstance
FN:525,getInstanceByMapId
FN:537,cleanup
FNF:28
FNH:0
FNDA:0,initializeEditor
FNDA:0,startEditMode
FNDA:0,(anonymous_2)
FNDA:0,stopEditMode
FNDA:0,enableDrawMode
FNDA:0,disableDrawMode
FNDA:0,setEditMode
FNDA:0,selectFeature
FNDA:0,moveFeature
FNDA:0,updateGeometry
FNDA:0,deleteFeature
FNDA:0,getEditHistory
FNDA:0,undo
FNDA:0,redo
FNDA:0,setupEditorEvents
FNDA:0,(anonymous_15)
FNDA:0,(anonymous_16)
FNDA:0,(anonymous_17)
FNDA:0,(anonymous_18)
FNDA:0,addToHistory
FNDA:0,getEditorStyles
FNDA:0,(anonymous_21)
FNDA:0,(anonymous_22)
FNDA:0,(anonymous_23)
FNDA:0,(anonymous_24)
FNDA:0,getInstance
FNDA:0,getInstanceByMapId
FNDA:0,cleanup
DA:6,0
DA:12,0
DA:13,0
DA:14,0
DA:15,0
DA:19,0
DA:32,0
DA:35,0
DA:48,0
DA:50,0
DA:57,0
DA:58,0
DA:61,0
DA:64,0
DA:65,0
DA:69,0
DA:70,0
DA:71,0
DA:80,0
DA:81,0
DA:84,0
DA:87,0
DA:88,0
DA:89,0
DA:93,0
DA:94,0
DA:101,0
DA:102,0
DA:104,0
DA:110,0
DA:111,0
DA:112,0
DA:120,0
DA:121,0
DA:123,0
DA:124,0
DA:131,0
DA:132,0
DA:134,0
DA:136,0
DA:138,0
DA:139,0
DA:142,0
DA:143,0
DA:145,0
DA:148,0
DA:149,0
DA:151,0
DA:154,0
DA:162,0
DA:163,0
DA:165,0
DA:168,0
DA:173,0
DA:174,0
DA:177,0
DA:178,0
DA:185,0
DA:187,0
DA:196,0
DA:197,0
DA:199,0
DA:200,0
DA:203,0
DA:204,0
DA:207,0
DA:208,0
DA:210,0
DA:217,0
DA:218,0
DA:220,0
DA:221,0
DA:223,0
DA:224,0
DA:226,0
DA:233,0
DA:234,0
DA:236,0
DA:237,0
DA:238,0
DA:241,0
DA:242,0
DA:249,0
DA:250,0
DA:252,0
DA:259,0
DA:260,0
DA:262,0
DA:264,0
DA:266,0
DA:267,0
DA:272,0
DA:273,0
DA:275,0
DA:278,0
DA:279,0
DA:282,0
DA:289,0
DA:290,0
DA:292,0
DA:293,0
DA:295,0
DA:297,0
DA:298,0
DA:303,0
DA:304,0
DA:307,0
DA:308,0
DA:316,0
DA:317,0
DA:319,0
DA:322,0
DA:323,0
DA:324,0
DA:327,0
DA:329,0
DA:331,0
DA:335,0
DA:336,0
DA:337,0
DA:339,0
DA:341,0
DA:345,0
DA:346,0
DA:347,0
DA:348,0
DA:350,0
DA:355,0
DA:356,0
DA:365,0
DA:366,0
DA:370,0
DA:377,0
DA:380,0
DA:381,0
DA:382,0
DA:390,0
DA:481,0
DA:485,0
DA:486,0
DA:487,0
DA:488,0
DA:493,0
DA:500,0
DA:504,0
DA:508,0
DA:511,0
DA:519,0
DA:526,0
DA:527,0
DA:528,0
DA:531,0
DA:538,0
DA:539,0
DA:541,0
DA:542,0
DA:546,0
DA:547,0
DA:550,0
DA:551,0
DA:552,0
DA:558,0
DA:559,0
LF:163
LH:0
BRDA:13,0,0,0
BRDA:13,0,1,0
BRDA:58,1,0,0
BRDA:58,1,1,0
BRDA:69,2,0,0
BRDA:69,2,1,0
BRDA:81,3,0,0
BRDA:81,3,1,0
BRDA:87,4,0,0
BRDA:87,4,1,0
BRDA:102,5,0,0
BRDA:102,5,1,0
BRDA:110,6,0,0
BRDA:110,6,1,0
BRDA:121,7,0,0
BRDA:121,7,1,0
BRDA:132,8,0,0
BRDA:132,8,1,0
BRDA:136,9,0,0
BRDA:136,9,1,0
BRDA:136,9,2,0
BRDA:136,9,3,0
BRDA:142,10,0,0
BRDA:142,10,1,0
BRDA:148,11,0,0
BRDA:148,11,1,0
BRDA:163,12,0,0
BRDA:163,12,1,0
BRDA:173,13,0,0
BRDA:173,13,1,0
BRDA:182,14,0,0
BRDA:182,14,1,0
BRDA:197,15,0,0
BRDA:197,15,1,0
BRDA:200,16,0,0
BRDA:200,16,1,0
BRDA:218,17,0,0
BRDA:218,17,1,0
BRDA:221,18,0,0
BRDA:221,18,1,0
BRDA:234,19,0,0
BRDA:234,19,1,0
BRDA:237,20,0,0
BRDA:237,20,1,0
BRDA:250,21,0,0
BRDA:250,21,1,0
BRDA:260,22,0,0
BRDA:260,22,1,0
BRDA:260,23,0,0
BRDA:260,23,1,0
BRDA:264,24,0,0
BRDA:264,24,1,0
BRDA:264,24,2,0
BRDA:264,24,3,0
BRDA:264,24,4,0
BRDA:272,25,0,0
BRDA:272,25,1,0
BRDA:290,26,0,0
BRDA:290,26,1,0
BRDA:290,27,0,0
BRDA:290,27,1,0
BRDA:295,28,0,0
BRDA:295,28,1,0
BRDA:295,28,2,0
BRDA:295,28,3,0
BRDA:295,28,4,0
BRDA:317,29,0,0
BRDA:317,29,1,0
BRDA:324,30,0,0
BRDA:324,30,1,0
BRDA:346,31,0,0
BRDA:346,31,1,0
BRDA:363,32,0,0
BRDA:365,33,0,0
BRDA:365,33,1,0
BRDA:373,34,0,0
BRDA:373,34,1,0
BRDA:380,35,0,0
BRDA:380,35,1,0
BRDA:527,36,0,0
BRDA:527,36,1,0
BRDA:539,37,0,0
BRDA:539,37,1,0
BRDA:541,38,0,0
BRDA:541,38,1,0
BRDA:541,39,0,0
BRDA:541,39,1,0
BRDA:546,40,0,0
BRDA:546,40,1,0
BRDA:558,41,0,0
BRDA:558,41,1,0
BRF:91
BRH:0
end_of_record
TN:
SF:wwwroot/js/honua-elevation.js
FN:12,initializeElevationProfile
FN:75,enableDrawPath
FN:95,generateElevationProfile
FN:134,queryElevation
FN:158,queryMapboxElevation
FN:168,(anonymous_5)
FN:176,(anonymous_6)
FN:185,(anonymous_7)
FN:195,queryOpenElevation
FN:201,(anonymous_9)
FN:217,(anonymous_10)
FN:226,(anonymous_11)
FN:233,(anonymous_12)
FN:241,queryUSGSElevation
FN:260,(anonymous_14)
FN:267,queryGoogleElevation
FN:277,(anonymous_16)
FN:286,(anonymous_17)
FN:297,(anonymous_18)
FN:307,simulateElevation
FN:308,(anonymous_20)
FN:316,calculateProfileStatistics
FN:317,(anonymous_22)
FN:357,(anonymous_23)
FN:358,(anonymous_24)
FN:358,(anonymous_25)
FN:369,(anonymous_26)
FN:386,calculateGrade
FN:396,findSteepSections
FN:432,createSteepSection
FN:435,(anonymous_30)
FN:453,classifyGrade
FN:463,calculateWaypoints
FN:487,(anonymous_33)
FN:505,calculateTimeEstimate
FN:538,calculateDifficulty
FN:549,createElevationChart
FN:573,(anonymous_37)
FN:574,(anonymous_38)
FN:575,(anonymous_39)
FN:579,(anonymous_40)
FN:617,(anonymous_41)
FN:621,(anonymous_42)
FN:652,(anonymous_43)
FN:659,(anonymous_44)
FN:679,getGradeColor
FN:688,createGradient
FN:696,loadChartJs
FN:697,(anonymous_48)
FN:707,updateMapMarker
FN:714,(anonymous_50)
FN:737,highlightSteepSections
FN:745,(anonymous_52)
FN:750,(anonymous_53)
FN:797,exportElevationProfile
FN:823,exportAsPNG
FN:834,exportAsCSV
FN:836,(anonymous_57)
FN:844,(anonymous_58)
FN:849,exportAsGPX
FN:859,(anonymous_60)
FN:870,exportAsJSON
FN:876,downloadFile
FN:886,clearElevationProfile
FN:893,(anonymous_64)
FN:920,cleanup
FN:923,(anonymous_66)
FN:943,generateId
FNF:68
FNH:0
FNDA:0,initializeElevationProfile
FNDA:0,enableDrawPath
FNDA:0,generateElevationProfile
FNDA:0,queryElevation
FNDA:0,queryMapboxElevation
FNDA:0,(anonymous_5)
FNDA:0,(anonymous_6)
FNDA:0,(anonymous_7)
FNDA:0,queryOpenElevation
FNDA:0,(anonymous_9)
FNDA:0,(anonymous_10)
FNDA:0,(anonymous_11)
FNDA:0,(anonymous_12)
FNDA:0,queryUSGSElevation
FNDA:0,(anonymous_14)
FNDA:0,queryGoogleElevation
FNDA:0,(anonymous_16)
FNDA:0,(anonymous_17)
FNDA:0,(anonymous_18)
FNDA:0,simulateElevation
FNDA:0,(anonymous_20)
FNDA:0,calculateProfileStatistics
FNDA:0,(anonymous_22)
FNDA:0,(anonymous_23)
FNDA:0,(anonymous_24)
FNDA:0,(anonymous_25)
FNDA:0,(anonymous_26)
FNDA:0,calculateGrade
FNDA:0,findSteepSections
FNDA:0,createSteepSection
FNDA:0,(anonymous_30)
FNDA:0,classifyGrade
FNDA:0,calculateWaypoints
FNDA:0,(anonymous_33)
FNDA:0,calculateTimeEstimate
FNDA:0,calculateDifficulty
FNDA:0,createElevationChart
FNDA:0,(anonymous_37)
FNDA:0,(anonymous_38)
FNDA:0,(anonymous_39)
FNDA:0,(anonymous_40)
FNDA:0,(anonymous_41)
FNDA:0,(anonymous_42)
FNDA:0,(anonymous_43)
FNDA:0,(anonymous_44)
FNDA:0,getGradeColor
FNDA:0,createGradient
FNDA:0,loadChartJs
FNDA:0,(anonymous_48)
FNDA:0,updateMapMarker
FNDA:0,(anonymous_50)
FNDA:0,highlightSteepSections
FNDA:0,(anonymous_52)
FNDA:0,(anonymous_53)
FNDA:0,exportElevationProfile
FNDA:0,exportAsPNG
FNDA:0,exportAsCSV
FNDA:0,(anonymous_57)
FNDA:0,(anonymous_58)
FNDA:0,exportAsGPX
FNDA:0,(anonymous_60)
FNDA:0,exportAsJSON
FNDA:0,downloadFile
FNDA:0,clearElevationProfile
FNDA:0,(anonymous_64)
FNDA:0,cleanup
FNDA:0,(anonymous_66)
FNDA:0,generateId
DA:6,0
DA:7,0
DA:8,0
DA:9,0
DA:13,0
DA:14,0
DA:15,0
DA:16,0
DA:17,0
DA:20,0
DA:21,0
DA:24,0
DA:25,0
DA:33,0
DA:46,0
DA:47,0
DA:55,0
DA:68,0
DA:70,0
DA:76,0
DA:77,0
DA:78,0
DA:79,0
DA:80,0
DA:83,0
DA:86,0
DA:88,0
DA:90,0
DA:96,0
DA:97,0
DA:98,0
DA:100,0
DA:101,0
DA:104,0
DA:105,0
DA:106,0
DA:107,0
DA:109,0
DA:110,0
DA:111,0
DA:112,0
DA:113,0
DA:120,0
DA:123,0
DA:125,0
DA:126,0
DA:128,0
DA:129,0
DA:135,0
DA:137,0
DA:138,0
DA:140,0
DA:142,0
DA:144,0
DA:146,0
DA:148,0
DA:151,0
DA:153,0
DA:159,0
DA:160,0
DA:163,0
DA:164,0
DA:166,0
DA:167,0
DA:168,0
DA:170,0
DA:172,0
DA:173,0
DA:174,0
DA:176,0
DA:177,0
DA:183,0
DA:185,0
DA:186,0
DA:191,0
DA:196,0
DA:197,0
DA:199,0
DA:200,0
DA:201,0
DA:206,0
DA:207,0
DA:215,0
DA:217,0
DA:218,0
DA:224,0
DA:226,0
DA:227,0
DA:232,0
DA:233,0
DA:237,0
DA:242,0
DA:244,0
DA:245,0
DA:246,0
DA:247,0
DA:248,0
DA:250,0
DA:255,0
DA:256,0
DA:260,0
DA:263,0
DA:268,0
DA:269,0
DA:272,0
DA:273,0
DA:275,0
DA:276,0
DA:277,0
DA:279,0
DA:281,0
DA:282,0
DA:283,0
DA:285,0
DA:286,0
DA:287,0
DA:293,0
DA:296,0
DA:297,0
DA:298,0
DA:303,0
DA:308,0
DA:317,0
DA:318,0
DA:322,0
DA:334,0
DA:335,0
DA:337,0
DA:338,0
DA:339,0
DA:340,0
DA:342,0
DA:344,0
DA:345,0
DA:349,0
DA:352,0
DA:355,0
DA:357,0
DA:358,0
DA:360,0
DA:369,0
DA:387,0
DA:388,0
DA:390,0
DA:392,0
DA:397,0
DA:398,0
DA:400,0
DA:401,0
DA:403,0
DA:404,0
DA:405,0
DA:412,0
DA:413,0
DA:414,0
DA:416,0
DA:418,0
DA:419,0
DA:424,0
DA:425,0
DA:428,0
DA:433,0
DA:434,0
DA:435,0
DA:436,0
DA:437,0
DA:439,0
DA:454,0
DA:455,0
DA:456,0
DA:457,0
DA:458,0
DA:459,0
DA:464,0
DA:467,0
DA:477,0
DA:487,0
DA:488,0
DA:490,0
DA:491,0
DA:501,0
DA:506,0
DA:507,0
DA:510,0
DA:519,0
DA:522,0
DA:523,0
DA:524,0
DA:526,0
DA:539,0
DA:541,0
DA:542,0
DA:543,0
DA:544,0
DA:545,0
DA:550,0
DA:551,0
DA:552,0
DA:555,0
DA:556,0
DA:559,0
DA:560,0
DA:561,0
DA:562,0
DA:566,0
DA:567,0
DA:570,0
DA:573,0
DA:574,0
DA:575,0
DA:578,0
DA:579,0
DA:582,0
DA:618,0
DA:619,0
DA:622,0
DA:623,0
DA:624,0
DA:653,0
DA:654,0
DA:655,0
DA:656,0
DA:660,0
DA:661,0
DA:662,0
DA:663,0
DA:669,0
DA:670,0
DA:672,0
DA:674,0
DA:680,0
DA:682,0
DA:683,0
DA:684,0
DA:689,0
DA:690,0
DA:691,0
DA:692,0
DA:697,0
DA:698,0
DA:699,0
DA:700,0
DA:701,0
DA:702,0
DA:708,0
DA:709,0
DA:710,0
DA:712,0
DA:713,0
DA:714,0
DA:716,0
DA:718,0
DA:719,0
DA:720,0
DA:732,0
DA:738,0
DA:739,0
DA:740,0
DA:741,0
DA:743,0
DA:744,0
DA:745,0
DA:747,0
DA:750,0
DA:763,0
DA:764,0
DA:765,0
DA:770,0
DA:789,0
DA:792,0
DA:798,0
DA:799,0
DA:801,0
DA:803,0
DA:804,0
DA:806,0
DA:807,0
DA:809,0
DA:810,0
DA:812,0
DA:813,0
DA:815,0
DA:818,0
DA:824,0
DA:825,0
DA:827,0
DA:828,0
DA:829,0
DA:830,0
DA:835,0
DA:836,0
DA:844,0
DA:845,0
DA:850,0
DA:859,0
DA:866,0
DA:871,0
DA:872,0
DA:877,0
DA:878,0
DA:879,0
DA:880,0
DA:881,0
DA:882,0
DA:887,0
DA:888,0
DA:889,0
DA:891,0
DA:892,0
DA:893,0
DA:895,0
DA:898,0
DA:899,0
DA:900,0
DA:904,0
DA:905,0
DA:906,0
DA:910,0
DA:911,0
DA:912,0
DA:915,0
DA:921,0
DA:922,0
DA:923,0
DA:925,0
DA:926,0
DA:928,0
DA:929,0
DA:930,0
DA:931,0
DA:934,0
DA:935,0
DA:938,0
DA:944,0
DA:947,0
LF:335
LH:0
BRDA:15,0,0,0
BRDA:15,0,1,0
BRDA:15,1,0,0
BRDA:15,1,1,0
BRDA:24,2,0,0
BRDA:24,2,1,0
BRDA:46,3,0,0
BRDA:46,3,1,0
BRDA:78,4,0,0
BRDA:78,4,1,0
BRDA:78,5,0,0
BRDA:78,5,1,0
BRDA:106,6,0,0
BRDA:106,6,1,0
BRDA:135,7,0,0
BRDA:135,7,1,0
BRDA:138,8,0,0
BRDA:138,8,1,0
BRDA:138,8,2,0
BRDA:138,8,3,0
BRDA:138,8,4,0
BRDA:159,9,0,0
BRDA:159,9,1,0
BRDA:179,10,0,0
BRDA:179,10,1,0
BRDA:220,11,0,0
BRDA:220,11,1,0
BRDA:232,12,0,0
BRDA:232,12,1,0
BRDA:252,13,0,0
BRDA:252,13,1,0
BRDA:268,14,0,0
BRDA:268,14,1,0
BRDA:285,15,0,0
BRDA:285,15,1,0
BRDA:289,16,0,0
BRDA:289,16,1,0
BRDA:293,17,0,0
BRDA:293,17,1,0
BRDA:318,18,0,0
BRDA:318,18,1,0
BRDA:339,19,0,0
BRDA:339,19,1,0
BRDA:349,20,0,0
BRDA:349,20,1,0
BRDA:355,21,0,0
BRDA:355,21,1,0
BRDA:369,22,0,0
BRDA:369,22,1,0
BRDA:370,23,0,0
BRDA:370,23,1,0
BRDA:371,24,0,0
BRDA:371,24,1,0
BRDA:375,25,0,0
BRDA:375,25,1,0
BRDA:390,26,0,0
BRDA:390,26,1,0
BRDA:403,27,0,0
BRDA:403,27,1,0
BRDA:404,28,0,0
BRDA:404,28,1,0
BRDA:416,29,0,0
BRDA:416,29,1,0
BRDA:424,30,0,0
BRDA:424,30,1,0
BRDA:455,31,0,0
BRDA:455,31,1,0
BRDA:456,32,0,0
BRDA:456,32,1,0
BRDA:457,33,0,0
BRDA:457,33,1,0
BRDA:458,34,0,0
BRDA:458,34,1,0
BRDA:488,35,0,0
BRDA:488,35,1,0
BRDA:490,36,0,0
BRDA:490,36,1,0
BRDA:490,37,0,0
BRDA:490,37,1,0
BRDA:519,38,0,0
BRDA:519,38,1,0
BRDA:541,39,0,0
BRDA:541,39,1,0
BRDA:542,40,0,0
BRDA:542,40,1,0
BRDA:543,41,0,0
BRDA:543,41,1,0
BRDA:544,42,0,0
BRDA:544,42,1,0
BRDA:555,43,0,0
BRDA:555,43,1,0
BRDA:560,44,0,0
BRDA:560,44,1,0
BRDA:566,45,0,0
BRDA:566,45,1,0
BRDA:578,46,0,0
BRDA:578,46,1,0
BRDA:580,47,0,0
BRDA:580,47,1,0
BRDA:590,48,0,0
BRDA:590,48,1,0
BRDA:593,49,0,0
BRDA:593,49,1,0
BRDA:595,50,0,0
BRDA:595,50,1,0
BRDA:653,51,0,0
BRDA:653,51,1,0
BRDA:653,52,0,0
BRDA:653,52,1,0
BRDA:660,53,0,0
BRDA:660,53,1,0
BRDA:660,54,0,0
BRDA:660,54,1,0
BRDA:682,55,0,0
BRDA:682,55,1,0
BRDA:682,56,0,0
BRDA:682,56,1,0
BRDA:683,57,0,0
BRDA:683,57,1,0
BRDA:683,58,0,0
BRDA:683,58,1,0
BRDA:684,59,0,0
BRDA:684,59,1,0
BRDA:710,60,0,0
BRDA:710,60,1,0
BRDA:710,61,0,0
BRDA:710,61,1,0
BRDA:716,62,0,0
BRDA:716,62,1,0
BRDA:719,63,0,0
BRDA:719,63,1,0
BRDA:741,64,0,0
BRDA:741,64,1,0
BRDA:741,65,0,0
BRDA:741,65,1,0
BRDA:747,66,0,0
BRDA:747,66,1,0
BRDA:764,67,0,0
BRDA:764,67,1,0
BRDA:801,68,0,0
BRDA:801,68,1,0
BRDA:801,68,2,0
BRDA:801,68,3,0
BRDA:801,68,4,0
BRDA:825,69,0,0
BRDA:825,69,1,0
BRDA:889,70,0,0
BRDA:889,70,1,0
BRDA:889,71,0,0
BRDA:889,71,1,0
BRDA:895,72,0,0
BRDA:895,72,1,0
BRDA:899,73,0,0
BRDA:899,73,1,0
BRDA:905,74,0,0
BRDA:905,74,1,0
BRDA:911,75,0,0
BRDA:911,75,1,0
BRDA:925,76,0,0
BRDA:925,76,1,0
BRDA:929,77,0,0
BRDA:929,77,1,0
BRF:162
BRH:0
end_of_record
TN:
SF:wwwroot/js/honua-esri.js
FN:14,createEsriFeatureLayer
FN:46,(anonymous_1)
FN:58,(anonymous_2)
FN:62,(anonymous_3)
FN:70,(anonymous_4)
FN:77,(anonymous_5)
FN:81,(anonymous_6)
FN:89,(anonymous_7)
FN:103,createEsriMapServerLayer
FN:146,(anonymous_9)
FN:167,(anonymous_10)
FN:171,(anonymous_11)
FN:175,(anonymous_12)
FN:181,(anonymous_13)
FN:209,(anonymous_14)
FN:223,getLayerStyle
FN:267,applyEsriRenderer
FN:296,esriColorToMapLibre
FN:310,getPaintOpacityProperty
FN:324,convertToEsriGeometry
FN:377,buildExportTileUrl
FNF:21
FNH:0
FNDA:0,createEsriFeatureLayer
FNDA:0,(anonymous_1)
FNDA:0,(anonymous_2)
FNDA:0,(anonymous_3)
FNDA:0,(anonymous_4)
FNDA:0,(anonymous_5)
FNDA:0,(anonymous_6)
FNDA:0,(anonymous_7)
FNDA:0,createEsriMapServerLayer
FNDA:0,(anonymous_9)
FNDA:0,(anonymous_10)
FNDA:0,(anonymous_11)
FNDA:0,(anonymous_12)
FNDA:0,(anonymous_13)
FNDA:0,(anonymous_14)
FNDA:0,getLayerStyle
FNDA:0,applyEsriRenderer
FNDA:0,esriColorToMapLibre
FNDA:0,getPaintOpacityProperty
FNDA:0,convertToEsriGeometry
FNDA:0,buildExportTileUrl
DA:15,0
DA:16,0
DA:17,0
DA:20,0
DA:23,0
DA:26,0
DA:32,0
DA:35,0
DA:46,0
DA:47,0
DA:48,0
DA:49,0
DA:53,0
DA:58,0
DA:59,0
DA:62,0
DA:63,0
DA:66,0
DA:71,0
DA:72,0
DA:73,0
DA:78,0
DA:82,0
DA:83,0
DA:84,0
DA:85,0
DA:90,0
DA:91,0
DA:93,0
DA:94,0
DA:104,0
DA:105,0
DA:106,0
DA:109,0
DA:112,0
DA:114,0
DA:120,0
DA:126,0
DA:134,0
DA:146,0
DA:147,0
DA:148,0
DA:149,0
DA:150,0
DA:151,0
DA:153,0
DA:163,0
DA:168,0
DA:172,0
DA:178,0
DA:183,0
DA:184,0
DA:185,0
DA:186,0
DA:187,0
DA:189,0
DA:196,0
DA:210,0
DA:211,0
DA:213,0
DA:214,0
DA:224,0
DA:230,0
DA:231,0
DA:232,0
DA:239,0
DA:240,0
DA:241,0
DA:246,0
DA:248,0
DA:249,0
DA:257,0
DA:258,0
DA:261,0
DA:268,0
DA:269,0
DA:271,0
DA:272,0
DA:273,0
DA:274,0
DA:275,0
DA:277,0
DA:278,0
DA:279,0
DA:280,0
DA:281,0
DA:283,0
DA:284,0
DA:285,0
DA:286,0
DA:287,0
DA:297,0
DA:298,0
DA:299,0
DA:300,0
DA:301,0
DA:302,0
DA:304,0
DA:311,0
DA:318,0
DA:325,0
DA:327,0
DA:329,0
DA:331,0
DA:339,0
DA:345,0
DA:351,0
DA:357,0
DA:364,0
DA:370,0
DA:381,0
DA:382,0
DA:391,0
DA:392,0
DA:395,0
LF:115
LH:0
BRDA:16,0,0,0
BRDA:16,0,1,0
BRDA:23,1,0,0
BRDA:23,1,1,0
BRDA:40,2,0,0
BRDA:40,2,1,0
BRDA:47,3,0,0
BRDA:47,3,1,0
BRDA:47,4,0,0
BRDA:47,4,1,0
BRDA:51,5,0,0
BRDA:51,5,1,0
BRDA:72,6,0,0
BRDA:72,6,1,0
BRDA:78,7,0,0
BRDA:78,7,1,0
BRDA:84,8,0,0
BRDA:84,8,1,0
BRDA:90,9,0,0
BRDA:90,9,1,0
BRDA:93,10,0,0
BRDA:93,10,1,0
BRDA:105,11,0,0
BRDA:105,11,1,0
BRDA:112,12,0,0
BRDA:112,12,1,0
BRDA:115,13,0,0
BRDA:115,13,1,0
BRDA:172,14,0,0
BRDA:172,14,1,0
BRDA:185,15,0,0
BRDA:185,15,1,0
BRDA:185,16,0,0
BRDA:185,16,1,0
BRDA:210,17,0,0
BRDA:210,17,1,0
BRDA:213,18,0,0
BRDA:213,18,1,0
BRDA:230,19,0,0
BRDA:230,19,1,0
BRDA:239,20,0,0
BRDA:239,20,1,0
BRDA:239,21,0,0
BRDA:239,21,1,0
BRDA:246,22,0,0
BRDA:246,22,1,0
BRDA:257,23,0,0
BRDA:257,23,1,0
BRDA:257,24,0,0
BRDA:257,24,1,0
BRDA:268,25,0,0
BRDA:268,25,1,0
BRDA:268,26,0,0
BRDA:268,26,1,0
BRDA:271,27,0,0
BRDA:271,27,1,0
BRDA:271,28,0,0
BRDA:271,28,1,0
BRDA:274,29,0,0
BRDA:274,29,1,0
BRDA:277,30,0,0
BRDA:277,30,1,0
BRDA:277,31,0,0
BRDA:277,31,1,0
BRDA:280,32,0,0
BRDA:280,32,1,0
BRDA:283,33,0,0
BRDA:283,33,1,0
BRDA:283,34,0,0
BRDA:283,34,1,0
BRDA:286,35,0,0
BRDA:286,35,1,0
BRDA:286,36,0,0
BRDA:286,36,1,0
BRDA:297,37,0,0
BRDA:297,37,1,0
BRDA:297,38,0,0
BRDA:297,38,1,0
BRDA:301,39,0,0
BRDA:301,39,1,0
BRDA:325,40,0,0
BRDA:325,40,1,0
BRDA:329,41,0,0
BRDA:329,41,1,0
BRDA:329,41,2,0
BRDA:329,41,3,0
BRDA:329,41,4,0
BRDA:329,41,5,0
BRDA:329,41,6,0
BRDA:334,42,0,0
BRDA:334,42,1,0
BRDA:391,43,0,0
BRDA:391,43,1,0
BRF:93
BRH:0
end_of_record
TN:
SF:wwwroot/js/honua-fullscreen.js
FN:16,isFullscreenSupported
FN:31,initializeFullscreen
FN:37,(anonymous_2)
FN:46,(anonymous_3)
FN:63,toggleFullscreen
FN:81,enterFullscreen
FN:129,exitFullscreen
FN:163,isCurrentlyFullscreen
FN:176,getFullscreenElement
FN:189,handleFullscreenChange
FN:208,(anonymous_10)
FN:217,(anonymous_11)
FN:227,(anonymous_12)
FN:234,(anonymous_13)
FN:249,handleKeydown
FN:267,enableKeyboardShortcuts
FN:269,(anonymous_16)
FN:279,disableKeyboardShortcuts
FN:292,getFullscreenAPI
FN:320,cleanup
FNF:20
FNH:0
FNDA:0,isFullscreenSupported
FNDA:0,initializeFullscreen
FNDA:0,(anonymous_2)
FNDA:0,(anonymous_3)
FNDA:0,toggleFullscreen
FNDA:0,enterFullscreen
FNDA:0,exitFullscreen
FNDA:0,isCurrentlyFullscreen
FNDA:0,getFullscreenElement
FNDA:0,handleFullscreenChange
FNDA:0,(anonymous_10)
FNDA:0,(anonymous_11)
FNDA:0,(anonymous_12)
FNDA:0,(anonymous_13)
FNDA:0,handleKeydown
FNDA:0,enableKeyboardShortcuts
FNDA:0,(anonymous_16)
FNDA:0,disableKeyboardShortcuts
FNDA:0,getFullscreenAPI
FNDA:0,cleanup
DA:6,0
DA:7,0
DA:8,0
DA:9,0
DA:10,0
DA:17,0
DA:32,0
DA:33,0
DA:34,0
DA:37,0
DA:39,0
DA:40,0
DA:41,0
DA:42,0
DA:45,0
DA:46,0
DA:47,0
DA:50,0
DA:51,0
DA:53,0
DA:54,0
DA:64,0
DA:65,0
DA:66,0
DA:68,0
DA:71,0
DA:72,0
DA:82,0
DA:83,0
DA:84,0
DA:85,0
DA:88,0
DA:89,0
DA:90,0
DA:94,0
DA:96,0
DA:97,0
DA:98,0
DA:101,0
DA:104,0
DA:105,0
DA:106,0
DA:107,0
DA:108,0
DA:109,0
DA:110,0
DA:111,0
DA:113,0
DA:114,0
DA:117,0
DA:118,0
DA:120,0
DA:121,0
DA:130,0
DA:131,0
DA:132,0
DA:133,0
DA:137,0
DA:138,0
DA:139,0
DA:140,0
DA:141,0
DA:142,0
DA:143,0
DA:144,0
DA:146,0
DA:147,0
DA:150,0
DA:151,0
DA:152,0
DA:154,0
DA:155,0
DA:164,0
DA:177,0
DA:190,0
DA:193,0
DA:194,0
DA:195,0
DA:197,0
DA:202,0
DA:203,0
DA:205,0
DA:206,0
DA:208,0
DA:209,0
DA:210,0
DA:215,0
DA:216,0
DA:217,0
DA:218,0
DA:219,0
DA:222,0
DA:224,0
DA:225,0
DA:226,0
DA:227,0
DA:228,0
DA:232,0
DA:233,0
DA:234,0
DA:235,0
DA:241,0
DA:251,0
DA:252,0
DA:253,0
DA:257,0
DA:259,0
DA:268,0
DA:269,0
DA:270,0
DA:271,0
DA:272,0
DA:280,0
DA:281,0
DA:282,0
DA:283,0
DA:284,0
DA:293,0
DA:321,0
DA:323,0
DA:324,0
DA:325,0
DA:326,0
DA:327,0
DA:328,0
DA:332,0
DA:333,0
DA:334,0
DA:338,0
DA:339,0
DA:340,0
DA:342,0
DA:344,0
LF:133
LH:0
BRDA:18,0,0,0
BRDA:18,0,1,0
BRDA:18,0,2,0
BRDA:18,0,3,0
BRDA:31,1,0,0
BRDA:45,2,0,0
BRDA:45,2,1,0
BRDA:65,3,0,0
BRDA:65,3,1,0
BRDA:83,4,0,0
BRDA:83,4,1,0
BRDA:88,5,0,0
BRDA:88,5,1,0
BRDA:94,6,0,0
BRDA:94,6,1,0
BRDA:96,7,0,0
BRDA:96,7,1,0
BRDA:104,8,0,0
BRDA:104,8,1,0
BRDA:106,9,0,0
BRDA:106,9,1,0
BRDA:108,10,0,0
BRDA:108,10,1,0
BRDA:110,11,0,0
BRDA:110,11,1,0
BRDA:131,12,0,0
BRDA:131,12,1,0
BRDA:137,13,0,0
BRDA:137,13,1,0
BRDA:139,14,0,0
BRDA:139,14,1,0
BRDA:141,15,0,0
BRDA:141,15,1,0
BRDA:143,16,0,0
BRDA:143,16,1,0
BRDA:165,17,0,0
BRDA:165,17,1,0
BRDA:165,17,2,0
BRDA:165,17,3,0
BRDA:178,18,0,0
BRDA:178,18,1,0
BRDA:178,18,2,0
BRDA:178,18,3,0
BRDA:178,18,4,0
BRDA:193,19,0,0
BRDA:193,19,1,0
BRDA:203,20,0,0
BRDA:203,20,1,0
BRDA:206,21,0,0
BRDA:206,21,1,0
BRDA:206,22,0,0
BRDA:206,22,1,0
BRDA:216,23,0,0
BRDA:216,23,1,0
BRDA:216,24,0,0
BRDA:216,24,1,0
BRDA:222,25,0,0
BRDA:222,25,1,0
BRDA:224,26,0,0
BRDA:224,26,1,0
BRDA:226,27,0,0
BRDA:226,27,1,0
BRDA:226,28,0,0
BRDA:226,28,1,0
BRDA:233,29,0,0
BRDA:233,29,1,0
BRDA:233,30,0,0
BRDA:233,30,1,0
BRDA:251,31,0,0
BRDA:251,31,1,0
BRDA:257,32,0,0
BRDA:257,32,1,0
BRDA:257,33,0,0
BRDA:257,33,1,0
BRDA:268,34,0,0
BRDA:268,34,1,0
BRDA:280,35,0,0
BRDA:280,35,1,0
BRDA:295,36,0,0
BRDA:295,36,1,0
BRDA:295,36,2,0
BRDA:295,36,3,0
BRDA:300,37,0,0
BRDA:300,37,1,0
BRDA:300,37,2,0
BRDA:300,37,3,0
BRDA:305,38,0,0
BRDA:305,38,1,0
BRDA:305,38,2,0
BRDA:305,38,3,0
BRDA:310,39,0,0
BRDA:310,39,1,0
BRDA:311,40,0,0
BRDA:311,40,1,0
BRDA:312,41,0,0
BRDA:312,41,1,0
BRDA:323,42,0,0
BRDA:323,42,1,0
BRDA:332,43,0,0
BRDA:332,43,1,0
BRF:100
BRH:0
end_of_record
TN:
SF:wwwroot/js/honua-geometry-3d.js
FN:30,(anonymous_0)
FN:97,(anonymous_1)
FN:108,(anonymous_2)
FN:124,(anonymous_3)
FN:136,(anonymous_4)
FN:152,(anonymous_5)
FN:169,(anonymous_6)
FN:190,(anonymous_7)
FN:210,(anonymous_8)
FN:222,(anonymous_9)
FN:231,(anonymous_10)
FN:234,(anonymous_11)
FN:249,(anonymous_12)
FN:255,(anonymous_13)
FN:266,(anonymous_14)
FN:279,(anonymous_15)
FN:280,(anonymous_16)
FN:301,(anonymous_17)
FN:302,(anonymous_18)
FN:303,(anonymous_19)
FN:313,(anonymous_20)
FN:327,(anonymous_21)
FN:336,(anonymous_22)
FNF:23
FNH:17
FNDA:4,(anonymous_0)
FNDA:3,(anonymous_1)
FNDA:3,(anonymous_2)
FNDA:2,(anonymous_3)
FNDA:21,(anonymous_4)
FNDA:3,(anonymous_5)
FNDA:14,(anonymous_6)
FNDA:0,(anonymous_7)
FNDA:7,(anonymous_8)
FNDA:0,(anonymous_9)
FNDA:0,(anonymous_10)
FNDA:0,(anonymous_11)
FNDA:0,(anonymous_12)
FNDA:0,(anonymous_13)
FNDA:3,(anonymous_14)
FNDA:2,(anonymous_15)
FNDA:4,(anonymous_16)
FNDA:2,(anonymous_17)
FNDA:4,(anonymous_18)
FNDA:4,(anonymous_19)
FNDA:4,(anonymous_20)
FNDA:3,(anonymous_21)
FNDA:4,(anonymous_22)
DA:10,1
DA:31,4
DA:32,4
DA:33,4
DA:34,4
DA:35,4
DA:36,4
DA:38,4
DA:39,5
DA:40,5
DA:41,0
DA:44,5
DA:45,5
DA:47,5
DA:48,3
DA:49,3
DA:50,3
DA:51,3
DA:53,3
DA:65,2
DA:66,2
DA:77,4
DA:98,3
DA:109,3
DA:110,2
DA:112,1
DA:113,1
DA:114,1
DA:125,2
DA:138,21
DA:139,21
DA:140,6
DA:142,21
DA:153,3
DA:154,3
DA:156,3
DA:170,14
DA:172,12
DA:173,12
DA:175,2
DA:177,2
DA:178,6
DA:191,0
DA:192,0
DA:193,0
DA:194,0
DA:195,0
DA:198,0
DA:211,7
DA:223,0
DA:225,0
DA:226,0
DA:229,0
DA:231,0
DA:232,0
DA:234,0
DA:237,0
DA:250,0
DA:252,0
DA:253,0
DA:255,0
DA:257,0
DA:267,3
DA:268,3
DA:269,1
DA:272,2
DA:273,2
DA:275,2
DA:276,0
DA:279,2
DA:280,4
DA:282,2
DA:302,4
DA:303,4
DA:304,2
DA:314,4
DA:315,0
DA:318,4
DA:319,4
DA:320,1
DA:323,3
DA:324,3
DA:327,3
DA:337,4
DA:338,4
DA:340,4
DA:341,2
DA:342,2
DA:343,1
DA:345,1
DA:350,1
DA:351,1
LF:92
LH:70
BRDA:31,0,0,4
BRDA:31,0,1,3
BRDA:40,1,0,0
BRDA:40,1,1,5
BRDA:40,2,0,5
BRDA:40,2,1,5
BRDA:47,3,0,3
BRDA:47,3,1,2
BRDA:84,4,0,1
BRDA:84,4,1,3
BRDA:85,5,0,1
BRDA:85,5,1,3
BRDA:86,6,0,1
BRDA:86,6,1,3
BRDA:98,7,0,2
BRDA:98,7,1,1
BRDA:109,8,0,2
BRDA:109,8,1,1
BRDA:170,9,0,12
BRDA:170,9,1,2
BRDA:172,10,0,12
BRDA:172,10,1,0
BRDA:175,11,0,2
BRDA:175,11,1,0
BRDA:190,12,0,0
BRDA:192,13,0,0
BRDA:192,13,1,0
BRDA:194,14,0,0
BRDA:194,14,1,0
BRDA:210,15,0,5
BRDA:210,16,0,5
BRDA:211,17,0,7
BRDA:211,17,1,6
BRDA:222,18,0,0
BRDA:225,19,0,0
BRDA:225,19,1,0
BRDA:229,20,0,0
BRDA:229,20,1,0
BRDA:232,21,0,0
BRDA:232,21,1,0
BRDA:250,22,0,0
BRDA:250,22,1,0
BRDA:253,23,0,0
BRDA:253,23,1,0
BRDA:268,24,0,1
BRDA:268,24,1,2
BRDA:275,25,0,0
BRDA:275,25,1,2
BRDA:314,26,0,0
BRDA:314,26,1,4
BRDA:314,27,0,4
BRDA:314,27,1,4
BRDA:319,28,0,1
BRDA:319,28,1,3
BRDA:327,29,0,3
BRDA:327,29,1,3
BRDA:327,29,2,2
BRDA:340,30,0,2
BRDA:340,30,1,2
BRDA:342,31,0,1
BRDA:342,31,1,1
BRDA:350,32,0,1
BRDA:350,32,1,0
BRDA:350,33,0,1
BRDA:350,33,1,1
BRF:65
BRH:43
end_of_record
TN:
SF:wwwroot/js/honua-geoprocessing.js
FN:21,initializeGeoprocessing
FN:40,buffer
FN:59,intersect
FN:79,union
FN:106,difference
FN:127,clip
FN:150,simplify
FN:175,area
FN:195,length
FN:215,distance
FN:236,perimeter
FN:259,contains
FN:280,intersects
FN:301,within
FN:322,overlaps
FN:344,centroid
FN:362,convexHull
FN:380,bbox
FN:398,envelope
FN:420,voronoi
FN:440,dissolve
FN:460,transform
FN:463,(anonymous_22)
FN:487,displayResult
FN:557,clearResults
FN:582,ensureFeature
FN:605,convertArea
FN:632,getDefaultStyle
FN:667,removeLayer
FNF:29
FNH:0
FNDA:0,initializeGeoprocessing
FNDA:0,buffer
FNDA:0,intersect
FNDA:0,union
FNDA:0,difference
FNDA:0,clip
FNDA:0,simplify
FNDA:0,area
FNDA:0,length
FNDA:0,distance
FNDA:0,perimeter
FNDA:0,contains
FNDA:0,intersects
FNDA:0,within
FNDA:0,overlaps
FNDA:0,centroid
FNDA:0,convexHull
FNDA:0,bbox
FNDA:0,envelope
FNDA:0,voronoi
FNDA:0,dissolve
FNDA:0,transform
FNDA:0,(anonymous_22)
FNDA:0,displayResult
FNDA:0,clearResults
FNDA:0,ensureFeature
FNDA:0,convertArea
FNDA:0,getDefaultStyle
FNDA:0,removeLayer
DA:13,0
DA:14,0
DA:22,0
DA:23,0
DA:24,0
DA:25,0
DA:28,0
DA:41,0
DA:42,0
DA:43,0
DA:44,0
DA:45,0
DA:46,0
DA:48,0
DA:49,0
DA:60,0
DA:61,0
DA:62,0
DA:65,0
DA:66,0
DA:67,0
DA:69,0
DA:70,0
DA:80,0
DA:81,0
DA:82,0
DA:83,0
DA:86,0
DA:87,0
DA:88,0
DA:91,0
DA:92,0
DA:93,0
DA:95,0
DA:96,0
DA:107,0
DA:108,0
DA:109,0
DA:112,0
DA:113,0
DA:114,0
DA:116,0
DA:117,0
DA:128,0
DA:129,0
DA:130,0
DA:131,0
DA:133,0
DA:134,0
DA:135,0
DA:136,0
DA:138,0
DA:139,0
DA:151,0
DA:152,0
DA:153,0
DA:158,0
DA:159,0
DA:160,0
DA:162,0
DA:163,0
DA:176,0
DA:177,0
DA:178,0
DA:179,0
DA:180,0
DA:181,0
DA:182,0
DA:184,0
DA:185,0
DA:196,0
DA:197,0
DA:198,0
DA:199,0
DA:200,0
DA:201,0
DA:203,0
DA:204,0
DA:216,0
DA:217,0
DA:218,0
DA:219,0
DA:220,0
DA:221,0
DA:222,0
DA:223,0
DA:225,0
DA:226,0
DA:237,0
DA:238,0
DA:240,0
DA:241,0
DA:242,0
DA:243,0
DA:244,0
DA:246,0
DA:247,0
DA:260,0
DA:261,0
DA:262,0
DA:263,0
DA:264,0
DA:265,0
DA:266,0
DA:267,0
DA:269,0
DA:270,0
DA:281,0
DA:282,0
DA:283,0
DA:284,0
DA:285,0
DA:286,0
DA:287,0
DA:288,0
DA:290,0
DA:291,0
DA:302,0
DA:303,0
DA:304,0
DA:305,0
DA:306,0
DA:307,0
DA:308,0
DA:309,0
DA:311,0
DA:312,0
DA:323,0
DA:324,0
DA:325,0
DA:326,0
DA:327,0
DA:328,0
DA:329,0
DA:330,0
DA:332,0
DA:333,0
DA:345,0
DA:346,0
DA:347,0
DA:348,0
DA:349,0
DA:350,0
DA:352,0
DA:353,0
DA:363,0
DA:364,0
DA:365,0
DA:366,0
DA:367,0
DA:368,0
DA:370,0
DA:371,0
DA:381,0
DA:382,0
DA:383,0
DA:384,0
DA:385,0
DA:386,0
DA:388,0
DA:389,0
DA:399,0
DA:400,0
DA:401,0
DA:402,0
DA:403,0
DA:404,0
DA:405,0
DA:407,0
DA:408,0
DA:421,0
DA:422,0
DA:423,0
DA:424,0
DA:425,0
DA:426,0
DA:427,0
DA:429,0
DA:430,0
DA:441,0
DA:442,0
DA:443,0
DA:444,0
DA:445,0
DA:446,0
DA:447,0
DA:449,0
DA:450,0
DA:461,0
DA:462,0
DA:463,0
DA:464,0
DA:465,0
DA:466,0
DA:467,0
DA:469,0
DA:470,0
DA:471,0
DA:473,0
DA:474,0
DA:488,0
DA:489,0
DA:490,0
DA:491,0
DA:494,0
DA:496,0
DA:497,0
DA:499,0
DA:500,0
DA:504,0
DA:509,0
DA:510,0
DA:512,0
DA:513,0
DA:519,0
DA:520,0
DA:527,0
DA:533,0
DA:544,0
DA:545,0
DA:547,0
DA:548,0
DA:558,0
DA:559,0
DA:561,0
DA:562,0
DA:563,0
DA:566,0
DA:567,0
DA:568,0
DA:569,0
DA:583,0
DA:584,0
DA:587,0
DA:588,0
DA:589,0
DA:590,0
DA:591,0
DA:592,0
DA:595,0
DA:606,0
DA:617,0
DA:618,0
DA:620,0
DA:621,0
DA:623,0
DA:633,0
DA:659,0
DA:668,0
DA:669,0
DA:671,0
DA:672,0
DA:674,0
DA:675,0
LF:254
LH:0
BRDA:21,0,0,0
BRDA:23,1,0,0
BRDA:23,1,1,0
BRDA:40,2,0,0
BRDA:82,3,0,0
BRDA:82,3,1,0
BRDA:82,4,0,0
BRDA:82,4,1,0
BRDA:150,5,0,0
BRDA:150,6,0,0
BRDA:175,7,0,0
BRDA:195,8,0,0
BRDA:215,9,0,0
BRDA:236,10,0,0
BRDA:420,11,0,0
BRDA:423,12,0,0
BRDA:423,12,1,0
BRDA:440,13,0,0
BRDA:443,14,0,0
BRDA:443,14,1,0
BRDA:467,15,0,0
BRDA:467,15,1,0
BRDA:487,16,0,0
BRDA:489,17,0,0
BRDA:489,17,1,0
BRDA:496,18,0,0
BRDA:496,18,1,0
BRDA:499,19,0,0
BRDA:499,19,1,0
BRDA:509,20,0,0
BRDA:509,20,1,0
BRDA:512,21,0,0
BRDA:512,21,1,0
BRDA:512,22,0,0
BRDA:512,22,1,0
BRDA:519,23,0,0
BRDA:519,23,1,0
BRDA:519,24,0,0
BRDA:519,24,1,0
BRDA:557,25,0,0
BRDA:559,26,0,0
BRDA:559,26,1,0
BRDA:561,27,0,0
BRDA:561,27,1,0
BRDA:567,28,0,0
BRDA:567,28,1,0
BRDA:583,29,0,0
BRDA:583,29,1,0
BRDA:587,30,0,0
BRDA:587,30,1,0
BRDA:589,31,0,0
BRDA:589,31,1,0
BRDA:589,32,0,0
BRDA:589,32,1,0
BRDA:589,32,2,0
BRDA:591,33,0,0
BRDA:591,33,1,0
BRDA:620,34,0,0
BRDA:620,34,1,0
BRDA:621,35,0,0
BRDA:621,35,1,0
BRDA:632,36,0,0
BRDA:636,37,0,0
BRDA:636,37,1,0
BRDA:637,38,0,0
BRDA:637,38,1,0
BRDA:638,39,0,0
BRDA:638,39,1,0
BRDA:645,40,0,0
BRDA:645,40,1,0
BRDA:646,41,0,0
BRDA:646,41,1,0
BRDA:647,42,0,0
BRDA:647,42,1,0
BRDA:652,43,0,0
BRDA:652,43,1,0
BRDA:653,44,0,0
BRDA:653,44,1,0
BRDA:655,45,0,0
BRDA:655,45,1,0
BRDA:659,46,0,0
BRDA:659,46,1,0
BRDA:668,47,0,0
BRDA:668,47,1,0
BRDA:671,48,0,0
BRDA:671,48,1,0
BRDA:674,49,0,0
BRDA:674,49,1,0
BRF:88
BRH:0
end_of_record
TN:
SF:wwwroot/js/honua-globe-projection.js
FN:17,initializeGlobeProjection
FN:43,isGlobeSupported
FN:67,getCurrentProjection
FN:88,setProjection
FN:143,(anonymous_4)
FN:148,(anonymous_5)
FN:169,(anonymous_6)
FN:185,toggleProjection
FN:196,setGlobeProjection
FN:205,setMercatorProjection
FN:214,updateAtmosphere
FN:249,getProjectionCapabilities
FN:262,isGlobeProjection
FN:270,isMercatorProjection
FN:278,getRecommendedGlobeZoom
FN:285,cleanup
FNF:16
FNH:0
FNDA:0,initializeGlobeProjection
FNDA:0,isGlobeSupported
FNDA:0,getCurrentProjection
FNDA:0,setProjection
FNDA:0,(anonymous_4)
FNDA:0,(anonymous_5)
FNDA:0,(anonymous_6)
FNDA:0,toggleProjection
FNDA:0,setGlobeProjection
FNDA:0,setMercatorProjection
FNDA:0,updateAtmosphere
FNDA:0,getProjectionCapabilities
FNDA:0,isGlobeProjection
FNDA:0,isMercatorProjection
FNDA:0,getRecommendedGlobeZoom
FNDA:0,cleanup
DA:6,0
DA:7,0
DA:8,0
DA:9,0
DA:18,0
DA:19,0
DA:20,0
DA:21,0
DA:24,0
DA:25,0
DA:28,0
DA:29,0
DA:31,0
DA:32,0
DA:34,0
DA:35,0
DA:44,0
DA:47,0
DA:48,0
DA:49,0
DA:50,0
DA:55,0
DA:56,0
DA:58,0
DA:59,0
DA:68,0
DA:69,0
DA:70,0
DA:73,0
DA:74,0
DA:75,0
DA:77,0
DA:78,0
DA:89,0
DA:90,0
DA:91,0
DA:94,0
DA:95,0
DA:96,0
DA:99,0
DA:100,0
DA:103,0
DA:105,0
DA:106,0
DA:107,0
DA:108,0
DA:112,0
DA:113,0
DA:114,0
DA:115,0
DA:119,0
DA:124,0
DA:125,0
DA:126,0
DA:127,0
DA:131,0
DA:132,0
DA:135,0
DA:138,0
DA:139,0
DA:142,0
DA:143,0
DA:144,0
DA:145,0
DA:148,0
DA:155,0
DA:158,0
DA:159,0
DA:160,0
DA:162,0
DA:166,0
DA:169,0
DA:171,0
DA:172,0
DA:174,0
DA:175,0
DA:176,0
DA:186,0
DA:187,0
DA:188,0
DA:197,0
DA:206,0
DA:215,0
DA:216,0
DA:217,0
DA:220,0
DA:221,0
DA:223,0
DA:224,0
DA:225,0
DA:229,0
DA:236,0
DA:237,0
DA:238,0
DA:240,0
DA:241,0
DA:250,0
DA:263,0
DA:271,0
DA:279,0
DA:286,0
DA:287,0
DA:288,0
DA:289,0
DA:290,0
DA:291,0
DA:293,0
LF:107
LH:0
BRDA:19,0,0,0
BRDA:19,0,1,0
BRDA:29,1,0,0
BRDA:29,1,1,0
BRDA:47,2,0,0
BRDA:47,2,1,0
BRDA:47,3,0,0
BRDA:47,3,1,0
BRDA:68,4,0,0
BRDA:68,4,1,0
BRDA:75,5,0,0
BRDA:75,5,1,0
BRDA:88,6,0,0
BRDA:89,7,0,0
BRDA:89,7,1,0
BRDA:94,8,0,0
BRDA:94,8,1,0
BRDA:105,9,0,0
BRDA:105,9,1,0
BRDA:112,10,0,0
BRDA:112,10,1,0
BRDA:124,11,0,0
BRDA:124,11,1,0
BRDA:126,12,0,0
BRDA:126,12,1,0
BRDA:138,13,0,0
BRDA:138,13,1,0
BRDA:138,14,0,0
BRDA:138,14,1,0
BRDA:139,15,0,0
BRDA:139,15,1,0
BRDA:142,16,0,0
BRDA:142,16,1,0
BRDA:147,17,0,0
BRDA:147,17,1,0
BRDA:158,18,0,0
BRDA:158,18,1,0
BRDA:185,19,0,0
BRDA:187,20,0,0
BRDA:187,20,1,0
BRDA:196,21,0,0
BRDA:205,22,0,0
BRDA:214,23,0,0
BRDA:215,24,0,0
BRDA:215,24,1,0
BRDA:223,25,0,0
BRDA:223,25,1,0
BRDA:232,26,0,0
BRDA:232,26,1,0
BRF:49
BRH:0
end_of_record
TN:
SF:wwwroot/js/honua-heatmap.js
FN:12,initializeHeatmap
FN:28,createHeatmap
FN:91,buildGradientExpression
FN:160,(anonymous_3)
FN:185,updateHeatmapRadius
FN:207,updateHeatmapIntensity
FN:229,updateHeatmapOpacity
FN:252,updateHeatmapGradient
FN:276,setHeatmapWeight
FN:299,updateHeatmapData
FN:325,setHeatmapVisibility
FN:343,calculateHeatmapStatistics
FN:370,(anonymous_12)
FN:387,(anonymous_13)
FN:388,(anonymous_14)
FN:391,(anonymous_15)
FN:409,removeHeatmap
FN:430,exportHeatmapImage
FN:446,createHeatmapAPI
FN:451,(anonymous_19)
FN:452,(anonymous_20)
FN:453,(anonymous_21)
FN:454,(anonymous_22)
FN:455,(anonymous_23)
FN:456,(anonymous_24)
FN:457,(anonymous_25)
FN:458,(anonymous_26)
FN:459,(anonymous_27)
FN:460,(anonymous_28)
FN:461,(anonymous_29)
FN:470,getHeatmap
FN:477,getMapHeatmaps
FN:478,(anonymous_32)
FNF:33
FNH:0
FNDA:0,initializeHeatmap
FNDA:0,createHeatmap
FNDA:0,buildGradientExpression
FNDA:0,(anonymous_3)
FNDA:0,updateHeatmapRadius
FNDA:0,updateHeatmapIntensity
FNDA:0,updateHeatmapOpacity
FNDA:0,updateHeatmapGradient
FNDA:0,setHeatmapWeight
FNDA:0,updateHeatmapData
FNDA:0,setHeatmapVisibility
FNDA:0,calculateHeatmapStatistics
FNDA:0,(anonymous_12)
FNDA:0,(anonymous_13)
FNDA:0,(anonymous_14)
FNDA:0,(anonymous_15)
FNDA:0,removeHeatmap
FNDA:0,exportHeatmapImage
FNDA:0,createHeatmapAPI
FNDA:0,(anonymous_19)
FNDA:0,(anonymous_20)
FNDA:0,(anonymous_21)
FNDA:0,(anonymous_22)
FNDA:0,(anonymous_23)
FNDA:0,(anonymous_24)
FNDA:0,(anonymous_25)
FNDA:0,(anonymous_26)
FNDA:0,(anonymous_27)
FNDA:0,(anonymous_28)
FNDA:0,(anonymous_29)
FNDA:0,getHeatmap
FNDA:0,getMapHeatmaps
FNDA:0,(anonymous_32)
DA:4,0
DA:5,0
DA:13,0
DA:14,0
DA:15,0
DA:17,0
DA:29,0
DA:30,0
DA:31,0
DA:32,0
DA:35,0
DA:38,0
DA:41,0
DA:46,0
DA:60,0
DA:61,0
DA:63,0
DA:64,0
DA:67,0
DA:68,0
DA:71,0
DA:80,0
DA:81,0
DA:83,0
DA:84,0
DA:93,0
DA:156,0
DA:158,0
DA:159,0
DA:160,0
DA:162,0
DA:163,0
DA:167,0
DA:168,0
DA:171,0
DA:186,0
DA:187,0
DA:189,0
DA:190,0
DA:192,0
DA:193,0
DA:194,0
DA:197,0
DA:208,0
DA:209,0
DA:211,0
DA:212,0
DA:214,0
DA:215,0
DA:216,0
DA:219,0
DA:230,0
DA:231,0
DA:233,0
DA:234,0
DA:236,0
DA:237,0
DA:238,0
DA:241,0
DA:253,0
DA:254,0
DA:256,0
DA:257,0
DA:258,0
DA:260,0
DA:261,0
DA:262,0
DA:263,0
DA:266,0
DA:277,0
DA:278,0
DA:280,0
DA:281,0
DA:282,0
DA:284,0
DA:285,0
DA:286,0
DA:289,0
DA:300,0
DA:301,0
DA:303,0
DA:304,0
DA:305,0
DA:306,0
DA:309,0
DA:315,0
DA:326,0
DA:327,0
DA:329,0
DA:330,0
DA:332,0
DA:344,0
DA:345,0
DA:347,0
DA:348,0
DA:349,0
DA:351,0
DA:353,0
DA:364,0
DA:367,0
DA:368,0
DA:370,0
DA:371,0
DA:372,0
DA:373,0
DA:374,0
DA:375,0
DA:376,0
DA:380,0
DA:381,0
DA:385,0
DA:386,0
DA:387,0
DA:388,0
DA:390,0
DA:391,0
DA:392,0
DA:393,0
DA:397,0
DA:399,0
DA:400,0
DA:410,0
DA:411,0
DA:413,0
DA:414,0
DA:415,0
DA:418,0
DA:419,0
DA:421,0
DA:431,0
DA:432,0
DA:434,0
DA:435,0
DA:436,0
DA:438,0
DA:439,0
DA:447,0
DA:448,0
DA:450,0
DA:451,0
DA:452,0
DA:453,0
DA:454,0
DA:455,0
DA:456,0
DA:457,0
DA:458,0
DA:459,0
DA:460,0
DA:462,0
DA:471,0
DA:478,0
LF:152
LH:0
BRDA:13,0,0,0
BRDA:13,0,1,0
BRDA:30,1,0,0
BRDA:30,1,1,0
BRDA:35,2,0,0
BRDA:35,2,1,0
BRDA:41,3,0,0
BRDA:41,3,1,0
BRDA:51,4,0,0
BRDA:51,4,1,0
BRDA:53,5,0,0
BRDA:53,5,1,0
BRDA:55,6,0,0
BRDA:55,6,1,0
BRDA:60,7,0,0
BRDA:60,7,1,0
BRDA:60,8,0,0
BRDA:60,8,1,0
BRDA:63,9,0,0
BRDA:63,9,1,0
BRDA:63,10,0,0
BRDA:63,10,1,0
BRDA:156,11,0,0
BRDA:156,11,1,0
BRDA:156,12,0,0
BRDA:156,12,1,0
BRDA:167,13,0,0
BRDA:167,13,1,0
BRDA:168,14,0,0
BRDA:168,14,1,0
BRDA:187,15,0,0
BRDA:187,15,1,0
BRDA:193,16,0,0
BRDA:193,16,1,0
BRDA:209,17,0,0
BRDA:209,17,1,0
BRDA:215,18,0,0
BRDA:215,18,1,0
BRDA:231,19,0,0
BRDA:231,19,1,0
BRDA:237,20,0,0
BRDA:237,20,1,0
BRDA:254,21,0,0
BRDA:254,21,1,0
BRDA:261,22,0,0
BRDA:261,22,1,0
BRDA:278,23,0,0
BRDA:278,23,1,0
BRDA:281,24,0,0
BRDA:281,24,1,0
BRDA:285,25,0,0
BRDA:285,25,1,0
BRDA:301,26,0,0
BRDA:301,26,1,0
BRDA:305,27,0,0
BRDA:305,27,1,0
BRDA:327,28,0,0
BRDA:327,28,1,0
BRDA:330,29,0,0
BRDA:330,29,1,0
BRDA:345,30,0,0
BRDA:345,30,1,0
BRDA:349,31,0,0
BRDA:349,31,1,0
BRDA:351,32,0,0
BRDA:351,32,1,0
BRDA:364,33,0,0
BRDA:364,33,1,0
BRDA:371,34,0,0
BRDA:371,34,1,0
BRDA:380,35,0,0
BRDA:380,35,1,0
BRDA:385,36,0,0
BRDA:385,36,1,0
BRDA:388,37,0,0
BRDA:388,37,1,0
BRDA:390,38,0,0
BRDA:390,38,1,0
BRDA:411,39,0,0
BRDA:411,39,1,0
BRDA:414,40,0,0
BRDA:414,40,1,0
BRDA:432,41,0,0
BRDA:432,41,1,0
BRDA:448,42,0,0
BRDA:448,42,1,0
BRF:86
BRH:0
end_of_record
TN:
SF:wwwroot/js/honua-isochrone.js
FN:4,initializeIsochrone
FN:24,(anonymous_1)
FN:33,setOriginPoint
FN:53,(anonymous_3)
FN:61,displayIsochrone
FN:73,(anonymous_5)
FN:75,(anonymous_6)
FN:118,(anonymous_7)
FN:124,(anonymous_8)
FN:128,(anonymous_9)
FN:147,clearIsochrone
FN:153,(anonymous_11)
FN:154,(anonymous_12)
FN:180,toggleIsochroneVisibility
FN:189,(anonymous_14)
FN:190,(anonymous_15)
FN:210,exportIsochroneAsGeoJson
FN:216,(anonymous_17)
FN:241,updateIsochroneColors
FN:246,(anonymous_19)
FN:247,(anonymous_20)
FN:264,updateIsochroneOpacity
FN:269,(anonymous_22)
FN:270,(anonymous_23)
FN:285,highlightIsochroneInterval
FN:290,(anonymous_25)
FN:291,(anonymous_26)
FN:308,clearHighlight
FN:313,(anonymous_28)
FN:314,(anonymous_29)
FN:327,getIsochroneStats
FN:337,(anonymous_31)
FN:338,(anonymous_32)
FN:344,createOriginMarker
FN:364,fitIsochroneToView
FN:370,(anonymous_35)
FN:381,(anonymous_36)
FN:396,setIsochroneClickHandler
FN:400,setIsochronePolygonClickHandler
FN:404,setIsochroneOriginDraggedHandler
FNF:40
FNH:0
FNDA:0,initializeIsochrone
FNDA:0,(anonymous_1)
[...]
FNDA:0,(anonymous_17)
DA:6,0
DA:13,0
DA:14,0
DA:15,0
DA:16,0
DA:19,0
DA:21,0
DA:22,0
DA:23,0
DA:24,0
DA:28,0
DA:31,0
DA:32,0
DA:33,0
DA:34,0
DA:38,0
DA:39,0
DA:41,0
DA:42,0
DA:52,0
DA:53,0
DA:54,0
DA:55,0
DA:58,0
DA:59,0
DA:60,0
DA:61,0
DA:64,0
DA:65,0
DA:66,0
DA:67,0
DA:68,0
DA:70,0
DA:90,0
DA:92,0
DA:95,0
DA:96,0
DA:97,0
DA:98,0
DA:101,0
DA:102,0
DA:105,0
DA:106,0
DA:108,0
DA:118,0
DA:119,0
DA:120,0
DA:121,0
DA:123,0
DA:124,0
DA:125,0
DA:127,0
DA:128,0
DA:130,0
DA:131,0
DA:133,0
DA:144,0
DA:145,0
DA:148,0
DA:149,0
DA:152,0
DA:153,0
DA:156,0
DA:157,0
DA:158,0
DA:159,0
DA:162,0
DA:171,0
DA:172,0
DA:173,0
DA:175,0
DA:189,0
DA:190,0
DA:191,0
DA:192,0
DA:195,0
DA:196,0
DA:197,0
DA:198,0
DA:201,0
DA:203,0
DA:206,0
DA:207,0
DA:208,0
DA:209,0
DA:212,0
DA:213,0
DA:214,0
DA:217,0
DA:218,0
DA:219,0
DA:220,0
DA:221,0
DA:222,0
DA:225,0
DA:237,0
DA:238,0
DA:241,0
DA:242,0
DA:243,0
DA:246,0
DA:249,0
DA:250,0
DA:252,0
DA:254,0
DA:255,0
DA:265,0
DA:266,0
DA:268,0
DA:269,0
DA:271,0
DA:272,0
DA:274,0
DA:275,0
DA:276,0
DA:279,0
DA:290,0
DA:291,0
DA:292,0
DA:295,0
DA:296,0
DA:297,0
DA:300,0
DA:302,0
DA:303,0
DA:305,0
DA:306,0
DA:308,0
DA:309,0
DA:311,0
DA:326,0
DA:327,0
DA:329,0
DA:330,0
DA:332,0
DA:333,0
DA:348,0
DA:349,0
DA:351,0
DA:352,0
DA:355,0
DA:356,0
DA:357,0
DA:360,0
DA:366,0
DA:369,0
DA:371,0
DA:383,0
DA:384,0
DA:385,0
DA:386,0
DA:387,0
DA:389,0
DA:393,0
DA:395,0
DA:400,0
DA:401,0
LF:157
LH:0
BRDA:14,0,0,0
BRDA:14,0,1,0
BRDA:22,1,0,0
BRDA:22,1,1,0
BRDA:32,2,0,0
BRDA:32,2,1,0
BRDA:53,3,0,0
BRDA:53,3,1,0
BRDA:59,4,0,0
BRDA:59,4,1,0
BRDA:145,5,0,0
BRDA:145,5,1,0
BRDA:149,6,0,0
BRDA:149,6,1,0
BRDA:153,7,0,0
BRDA:153,7,1,0
BRDA:157,8,0,0
BRDA:157,8,1,0
BRDA:172,9,0,0
BRDA:172,9,1,0
BRDA:172,10,0,0
BRDA:172,10,1,0
BRDA:188,11,0,0
BRDA:190,12,0,0
BRDA:190,12,1,0
BRDA:196,13,0,0
BRDA:196,13,1,0
BRDA:266,14,0,0
BRDA:266,14,1,0
BRDA:269,15,0,0
BRDA:269,15,1,0
BRDA:272,16,0,0
BRDA:272,16,1,0
BRDA:272,17,0,0
BRDA:272,17,1,0
BRDA:289,18,0,0
BRDA:289,19,0,0
BRDA:291,20,0,0
BRDA:291,20,1,0
BRDA:296,21,0,0
BRDA:296,21,1,0
BRDA:303,22,0,0
BRDA:303,22,1,0
BRDA:308,23,0,0
BRDA:308,23,1,0
BRDA:327,24,0,0
BRDA:327,24,1,0
BRDA:330,25,0,0
BRDA:330,25,1,0
BRDA:349,26,0,0
BRDA:349,26,1,0
BRDA:352,27,0,0
BRDA:352,27,1,0
BRDA:400,28,0,0
BRDA:400,28,1,0
BRDA:400,29,0,0
BRDA:400,29,1,0
BRF:57
BRH:0
end_of_record
TN:
SF:wwwroot/js/honua-routing.js
FN:4,initializeRouting
FN:26,(anonymous_1)
FN:35,addWaypoint
FN:59,(anonymous_3)
FN:69,removeWaypoint
FN:74,(anonymous_5)
FN:80,(anonymous_6)
FN:92,clearWaypoints
FN:97,(anonymous_8)
FN:104,displayRoute
FN:167,(anonymous_10)
FN:186,displayRouteInstructions
FN:193,(anonymous_12)
FN:198,(anonymous_13)
FN:212,highlightRouteSegment
FN:275,clearRoute
FN:286,(anonymous_16)
FN:297,(anonymous_17)
FN:313,displayIsochrone
FN:329,(anonymous_19)
FN:384,exportRoute
FN:405,createWaypointMarker
FN:432,createInstructionMarker
FN:447,getWaypointLabel
FN:451,getWaypointIcon
FN:462,getManeuverIcon
FN:482,getRouteColor
FN:498,shouldShowInstructionMarker
FN:506,updateWaypointPosition
FN:510,(anonymous_29)
FN:520,updateWaypointLabels
FN:524,(anonymous_31)
FN:528,(anonymous_32)
FN:538,fitRouteToView
FN:544,(anonymous_34)
FN:554,exportAsGeoJson
FN:567,exportAsGpx
FN:582,(anonymous_37)
FN:593,(anonymous_38)
FN:606,exportAsKml
FN:609,(anonymous_40)
FN:627,setRoutingClickHandler
FN:631,setRouteClickHandler
FN:635,setWaypointDraggedHandler
FNF:44
FNH:0
FNDA:0,initializeRouting
FNDA:0,(anonymous_1)
FNDA:0,addWaypoint
FNDA:0,(anonymous_3)
FNDA:0,removeWaypoint
FNDA:0,(anonymous_5)
FNDA:0,(anonymous_6)
FNDA:0,clearWaypoints
FNDA:0,(anonymous_8)
FNDA:0,displayRoute
FNDA:0,(anonymous_10)
FNDA:0,displayRouteInstructions
FNDA:0,(anonymous_12)
FNDA:0,(anonymous_13)
FNDA:0,highlightRouteSegment
FNDA:0,clearRoute
FNDA:0,(anonymous_16)
FNDA:0,(anonymous_17)
FNDA:0,displayIsochrone
FNDA:0,(anonymous_19)
FNDA:0,exportRoute
FNDA:0,createWaypointMarker
FNDA:0,createInstructionMarker
FNDA:0,getWaypointLabel
FNDA:0,getWaypointIcon
FNDA:0,getManeuverIcon
FNDA:0,getRouteColor
FNDA:0,shouldShowInstructionMarker
FNDA:0,updateWaypointPosition
FNDA:0,(anonymous_29)
FNDA:0,updateWaypointLabels
FNDA:0,(anonymous_31)
FNDA:0,(anonymous_32)
FNDA:0,fitRouteToView
FNDA:0,(anonymous_34)
FNDA:0,exportAsGeoJson
FNDA:0,exportAsGpx
FNDA:0,(anonymous_37)
FNDA:0,(anonymous_38)
FNDA:0,exportAsKml
FNDA:0,(anonymous_40)
FNDA:0,setRoutingClickHandler
FNDA:0,setRouteClickHandler
FNDA:0,setWaypointDraggedHandler
DA:5,0
DA:6,0
DA:7,0
DA:8,0
DA:11,0
DA:12,0
DA:15,0
DA:25,0
DA:26,0
DA:27,0
DA:31,0
DA:32,0
DA:36,0
DA:37,0
DA:38,0
DA:40,0
DA:50,0
DA:53,0
DA:54,0
DA:59,0
DA:60,0
DA:61,0
DA:64,0
DA:66,0
DA:70,0
DA:71,0
DA:74,0
DA:75,0
DA:77,0
DA:80,0
DA:81,0
DA:82,0
DA:83,0
DA:87,0
DA:89,0
DA:93,0
DA:94,0
DA:97,0
DA:98,0
DA:99,0
DA:101,0
DA:105,0
DA:106,0
DA:107,0
DA:109,0
DA:110,0
DA:111,0
DA:114,0
DA:115,0
DA:116,0
DA:120,0
DA:121,0
DA:124,0
DA:125,0
DA:127,0
DA:128,0
DA:132,0
DA:145,0
DA:146,0
DA:147,0
DA:150,0
DA:167,0
DA:168,0
DA:172,0
DA:173,0
DA:175,0
DA:179,0
DA:180,0
DA:183,0
DA:187,0
DA:188,0
DA:189,0
DA:192,0
DA:193,0
DA:195,0
DA:198,0
DA:199,0
DA:200,0
DA:201,0
DA:205,0
DA:209,0
DA:213,0
DA:214,0
DA:215,0
DA:218,0
DA:219,0
DA:220,0
DA:223,0
DA:224,0
DA:225,0
DA:228,0
DA:231,0
DA:232,0
DA:234,0
DA:235,0
DA:240,0
DA:241,0
DA:252,0
DA:264,0
DA:272,0
DA:276,0
DA:277,0
DA:278,0
DA:281,0
DA:282,0
DA:283,0
DA:286,0
DA:287,0
DA:288,0
DA:290,0
DA:291,0
DA:296,0
DA:297,0
DA:298,0
DA:302,0
DA:303,0
DA:306,0
DA:307,0
DA:310,0
DA:314,0
DA:315,0
DA:318,0
DA:319,0
DA:320,0
DA:321,0
DA:323,0
DA:324,0
DA:329,0
DA:330,0
DA:331,0
DA:333,0
DA:345,0
DA:357,0
DA:370,0
DA:371,0
DA:372,0
DA:373,0
DA:374,0
DA:376,0
DA:381,0
DA:385,0
DA:386,0
DA:388,0
DA:390,0
DA:392,0
DA:394,0
DA:396,0
DA:398,0
DA:399,0
DA:406,0
DA:407,0
DA:408,0
DA:410,0
DA:411,0
DA:414,0
DA:415,0
DA:417,0
DA:418,0
DA:419,0
DA:421,0
DA:422,0
DA:423,0
DA:425,0
DA:426,0
DA:427,0
DA:429,0
DA:433,0
DA:434,0
DA:436,0
DA:439,0
DA:440,0
DA:441,0
DA:442,0
DA:444,0
DA:448,0
DA:452,0
DA:454,0
DA:456,0
DA:458,0
DA:463,0
DA:479,0
DA:483,0
DA:484,0
DA:485,0
DA:488,0
DA:495,0
DA:499,0
DA:503,0
DA:507,0
DA:508,0
DA:510,0
DA:511,0
DA:512,0
DA:513,0
DA:516,0
DA:521,0
DA:522,0
DA:524,0
DA:525,0
DA:528,0
DA:529,0
DA:530,0
DA:531,0
DA:532,0
DA:539,0
DA:540,0
DA:543,0
DA:544,0
DA:545,0
DA:548,0
DA:555,0
DA:568,0
DA:569,0
DA:571,0
DA:582,0
DA:583,0
DA:589,0
DA:593,0
DA:594,0
DA:600,0
DA:603,0
DA:607,0
DA:609,0
DA:611,0
DA:628,0
DA:632,0
DA:636,0
LF:227
LH:0
BRDA:6,0,0,0
BRDA:6,0,1,0
BRDA:11,1,0,0
BRDA:11,1,1,0
BRDA:21,2,0,0
BRDA:21,2,1,0
BRDA:25,3,0,0
BRDA:25,3,1,0
BRDA:38,4,0,0
BRDA:38,4,1,0
BRDA:38,5,0,0
BRDA:38,5,1,0
BRDA:46,6,0,0
BRDA:46,6,1,0
BRDA:47,7,0,0
BRDA:47,7,1,0
BRDA:71,8,0,0
BRDA:71,8,1,0
BRDA:75,9,0,0
BRDA:75,9,1,0
BRDA:81,10,0,0
BRDA:81,10,1,0
BRDA:94,11,0,0
BRDA:94,11,1,0
BRDA:104,12,0,0
BRDA:107,13,0,0
BRDA:107,13,1,0
BRDA:107,14,0,0
BRDA:107,14,1,0
BRDA:110,15,0,0
BRDA:110,15,1,0
BRDA:111,16,0,0
BRDA:111,16,1,0
BRDA:114,17,0,0
BRDA:114,17,1,0
BRDA:114,18,0,0
BRDA:114,18,1,0
BRDA:120,19,0,0
BRDA:120,19,1,0
BRDA:121,20,0,0
BRDA:121,20,1,0
BRDA:124,21,0,0
BRDA:124,21,1,0
BRDA:127,22,0,0
BRDA:127,22,1,0
BRDA:146,23,0,0
BRDA:146,23,1,0
BRDA:147,24,0,0
BRDA:147,24,1,0
BRDA:161,25,0,0
BRDA:161,25,1,0
BRDA:162,26,0,0
BRDA:162,26,1,0
BRDA:172,27,0,0
BRDA:172,27,1,0
BRDA:179,28,0,0
BRDA:179,28,1,0
BRDA:179,29,0,0
BRDA:179,29,1,0
BRDA:189,30,0,0
BRDA:189,30,1,0
BRDA:189,31,0,0
BRDA:189,31,1,0
BRDA:192,32,0,0
BRDA:192,32,1,0
BRDA:199,33,0,0
BRDA:199,33,1,0
BRDA:215,34,0,0
BRDA:215,34,1,0
BRDA:215,35,0,0
BRDA:215,35,1,0
BRDA:218,36,0,0
BRDA:218,36,1,0
BRDA:224,37,0,0
BRDA:224,37,1,0
BRDA:224,38,0,0
BRDA:224,38,1,0
BRDA:224,38,2,0
BRDA:231,39,0,0
BRDA:231,39,1,0
BRDA:232,40,0,0
BRDA:232,40,1,0
BRDA:234,41,0,0
BRDA:234,41,1,0
BRDA:234,42,0,0
BRDA:234,42,1,0
BRDA:240,43,0,0
BRDA:240,43,1,0
BRDA:275,44,0,0
BRDA:278,45,0,0
BRDA:278,45,1,0
BRDA:278,46,0,0
BRDA:278,46,1,0
BRDA:287,47,0,0
BRDA:287,47,1,0
BRDA:290,48,0,0
BRDA:290,48,1,0
BRDA:296,49,0,0
BRDA:296,49,1,0
BRDA:306,50,0,0
BRDA:306,50,1,0
BRDA:315,51,0,0
BRDA:315,51,1,0
BRDA:320,52,0,0
BRDA:320,52,1,0
BRDA:323,53,0,0
BRDA:323,53,1,0
BRDA:351,54,0,0
BRDA:351,54,1,0
BRDA:370,55,0,0
BRDA:370,55,1,0
BRDA:386,56,0,0
BRDA:386,56,1,0
BRDA:386,57,0,0
BRDA:386,57,1,0
BRDA:390,58,0,0
BRDA:390,58,1,0
BRDA:390,58,2,0
BRDA:390,58,3,0
BRDA:411,59,0,0
BRDA:411,59,1,0
BRDA:452,60,0,0
BRDA:452,60,1,0
BRDA:452,60,2,0
BRDA:479,61,0,0
BRDA:479,61,1,0
BRDA:483,62,0,0
BRDA:483,62,1,0
BRDA:495,63,0,0
BRDA:495,63,1,0
BRDA:508,64,0,0
BRDA:508,64,1,0
BRDA:511,65,0,0
BRDA:511,65,1,0
BRDA:522,66,0,0
BRDA:522,66,1,0
BRDA:529,67,0,0
BRDA:529,67,1,0
BRDA:531,68,0,0
BRDA:531,68,1,0
BRDA:539,69,0,0
BRDA:539,69,1,0
BRDA:539,70,0,0
BRDA:539,70,1,0
BRDA:539,70,2,0
BRDA:569,71,0,0
BRDA:569,71,1,0
BRDA:596,72,0,0
BRDA:596,72,1,0
BRDA:596,72,2,0
BRF:150
BRH:0
end_of_record
TN:
SF:wwwroot/js/honua-search.js
FN:10,getCurrentPosition
FN:11,(anonymous_1)
FN:18,(anonymous_2)
FN:21,(anonymous_3)
FN:50,getLocalStorage
FN:64,setLocalStorage
FN:76,removeLocalStorage
FN:87,clearLocalStorage
FNF:8
FNH:0
FNDA:0,getCurrentPosition
FNDA:0,(anonymous_1)
FNDA:0,(anonymous_2)
FNDA:0,(anonymous_3)
FNDA:0,getLocalStorage
FNDA:0,setLocalStorage
FNDA:0,removeLocalStorage
FNDA:0,clearLocalStorage
DA:11,0
DA:12,0
DA:13,0
DA:14,0
DA:17,0
DA:19,0
DA:22,0
DA:23,0
DA:25,0
DA:26,0
DA:28,0
DA:29,0
DA:31,0
DA:32,0
DA:34,0
DA:51,0
DA:52,0
DA:54,0
DA:55,0
DA:65,0
DA:66,0
DA:68,0
DA:77,0
DA:78,0
DA:80,0
DA:88,0
DA:89,0
DA:91,0
LF:28
LH:0
BRDA:12,0,0,0
BRDA:12,0,1,0
BRDA:23,1,0,0
BRDA:23,1,1,0
BRDA:23,1,2,0
BRF:5
BRH:0
end_of_record
TN:
SF:wwwroot/js/honua-timeline.js
FN:14,createTimeline
FN:47,setupEventListeners
FN:55,(anonymous_2)
FN:59,(anonymous_3)
FN:63,(anonymous_4)
FN:67,(anonymous_5)
FN:75,(anonymous_6)
FN:80,(anonymous_7)
FN:94,setupVisibilityHandler
FN:99,(anonymous_9)
FN:116,updateTimelinePosition
FN:133,startAnimation
FN:146,pauseAnimation
FN:156,animate
FN:162,(anonymous_14)
FN:188,(anonymous_15)
FN:194,createTimelineAPI
FN:199,(anonymous_17)
FN:218,(anonymous_18)
FN:225,(anonymous_19)
FN:232,(anonymous_20)
FN:241,(anonymous_21)
FN:253,(anonymous_22)
FN:265,(anonymous_23)
FN:277,(anonymous_24)
FN:292,(anonymous_25)
FN:302,(anonymous_26)
FN:321,(anonymous_27)
FN:335,(anonymous_28)
FN:358,(anonymous_29)
FN:374,(anonymous_30)
FN:394,(anonymous_31)
FN:412,(anonymous_32)
FN:418,(anonymous_33)
FN:425,(anonymous_34)
FN:443,(anonymous_35)
FN:459,updateSliderPosition
FN:472,calculateBookmarkPosition
FN:486,getTimeline
FN:493,getAllTimelines
FN:500,formatDuration
FN:515,calculateOptimalSteps
FNF:42
FNH:0
FNDA:0,createTimeline
FNDA:0,setupEventListeners
FNDA:0,(anonymous_2)
FNDA:0,(anonymous_3)
FNDA:0,(anonymous_4)
FNDA:0,(anonymous_5)
FNDA:0,(anonymous_6)
FNDA:0,(anonymous_7)
FNDA:0,setupVisibilityHandler
FNDA:0,(anonymous_9)
FNDA:0,updateTimelinePosition
FNDA:0,startAnimation
FNDA:0,pauseAnimation
FNDA:0,animate
FNDA:0,(anonymous_14)
FNDA:0,(anonymous_15)
FNDA:0,createTimelineAPI
FNDA:0,(anonymous_17)
FNDA:0,(anonymous_18)
FNDA:0,(anonymous_19)
FNDA:0,(anonymous_20)
FNDA:0,(anonymous_21)
FNDA:0,(anonymous_22)
FNDA:0,(anonymous_23)
FNDA:0,(anonymous_24)
FNDA:0,(anonymous_25)
FNDA:0,(anonymous_26)
FNDA:0,(anonymous_27)
FNDA:0,(anonymous_28)
FNDA:0,(anonymous_29)
FNDA:0,(anonymous_30)
FNDA:0,(anonymous_31)
FNDA:0,(anonymous_32)
FNDA:0,(anonymous_33)
FNDA:0,(anonymous_34)
FNDA:0,(anonymous_35)
FNDA:0,updateSliderPosition
FNDA:0,calculateBookmarkPosition
FNDA:0,getTimeline
FNDA:0,getAllTimelines
FNDA:0,formatDuration
FNDA:0,calculateOptimalSteps
DA:4,0
DA:5,0
DA:15,0
DA:18,0
DA:33,0
DA:36,0
DA:39,0
DA:41,0
DA:48,0
DA:49,0
DA:51,0
DA:52,0
DA:55,0
DA:56,0
DA:59,0
DA:60,0
DA:63,0
DA:64,0
DA:67,0
DA:68,0
DA:72,0
DA:73,0
DA:75,0
DA:76,0
DA:77,0
DA:79,0
DA:80,0
DA:81,0
DA:82,0
DA:83,0
DA:85,0
DA:95,0
DA:96,0
DA:99,0
DA:100,0
DA:101,0
DA:103,0
DA:104,0
DA:107,0
DA:108,0
DA:117,0
DA:118,0
DA:120,0
DA:123,0
DA:124,0
DA:126,0
DA:134,0
DA:135,0
DA:137,0
DA:138,0
DA:140,0
DA:147,0
DA:148,0
DA:150,0
DA:157,0
DA:158,0
DA:161,0
DA:162,0
DA:163,0
DA:167,0
DA:168,0
DA:169,0
DA:173,0
DA:176,0
DA:177,0
DA:178,0
DA:179,0
DA:180,0
DA:183,0
DA:184,0
DA:188,0
DA:195,0
DA:200,0
DA:201,0
DA:203,0
DA:205,0
DA:206,0
DA:209,0
DA:210,0
DA:211,0
DA:219,0
DA:226,0
DA:233,0
DA:234,0
DA:235,0
DA:242,0
DA:243,0
DA:245,0
DA:246,0
DA:247,0
DA:254,0
DA:255,0
DA:257,0
DA:258,0
DA:259,0
DA:266,0
DA:267,0
DA:269,0
DA:270,0
DA:271,0
DA:278,0
DA:279,0
DA:281,0
DA:293,0
DA:294,0
DA:296,0
DA:303,0
DA:304,0
DA:306,0
DA:307,0
DA:309,0
DA:310,0
DA:311,0
DA:312,0
DA:313,0
DA:315,0
DA:322,0
DA:323,0
DA:325,0
DA:326,0
DA:329,0
DA:336,0
DA:337,0
DA:340,0
DA:341,0
DA:342,0
DA:343,0
DA:344,0
DA:345,0
DA:346,0
DA:347,0
DA:349,0
DA:350,0
DA:351,0
DA:359,0
DA:360,0
DA:362,0
DA:375,0
DA:376,0
DA:378,0
DA:379,0
DA:381,0
DA:382,0
DA:384,0
DA:386,0
DA:387,0
DA:395,0
DA:396,0
DA:398,0
DA:399,0
DA:402,0
DA:403,0
DA:406,0
DA:413,0
DA:414,0
DA:416,0
DA:417,0
DA:418,0
DA:426,0
DA:427,0
DA:430,0
DA:431,0
DA:432,0
DA:433,0
DA:435,0
DA:436,0
DA:444,0
DA:446,0
DA:447,0
DA:448,0
DA:451,0
DA:460,0
DA:461,0
DA:463,0
DA:464,0
DA:465,0
DA:473,0
DA:474,0
DA:475,0
DA:477,0
DA:478,0
DA:480,0
DA:487,0
DA:494,0
DA:501,0
DA:502,0
DA:503,0
DA:504,0
DA:506,0
DA:507,0
DA:508,0
DA:509,0
DA:516,0
DA:517,0
DA:518,0
DA:520,0
DA:521,0
DA:522,0
DA:524,0
DA:525,0
DA:526,0
DA:527,0
DA:528,0
DA:530,0
DA:534,0
LF:205
LH:0
BRDA:22,0,0,0
BRDA:22,0,1,0
BRDA:23,1,0,0
BRDA:23,1,1,0
BRDA:49,2,0,0
BRDA:49,2,1,0
BRDA:52,3,0,0
BRDA:52,3,1,0
BRDA:79,4,0,0
BRDA:79,4,1,0
BRDA:81,5,0,0
BRDA:81,5,1,0
BRDA:96,6,0,0
BRDA:96,6,1,0
BRDA:100,7,0,0
BRDA:100,7,1,0
BRDA:103,8,0,0
BRDA:103,8,1,0
BRDA:118,9,0,0
BRDA:118,9,1,0
BRDA:133,10,0,0
BRDA:135,11,0,0
BRDA:135,11,1,0
BRDA:148,12,0,0
BRDA:148,12,1,0
BRDA:158,13,0,0
BRDA:158,13,1,0
BRDA:158,14,0,0
BRDA:158,14,1,0
BRDA:161,15,0,0
BRDA:161,15,1,0
BRDA:177,16,0,0
BRDA:177,16,1,0
BRDA:201,17,0,0
BRDA:201,17,1,0
BRDA:205,18,0,0
BRDA:205,18,1,0
BRDA:209,19,0,0
BRDA:209,19,1,0
BRDA:218,20,0,0
BRDA:243,21,0,0
BRDA:243,21,1,0
BRDA:255,22,0,0
BRDA:255,22,1,0
BRDA:267,23,0,0
BRDA:267,23,1,0
BRDA:279,24,0,0
BRDA:279,24,1,0
BRDA:294,25,0,0
BRDA:294,25,1,0
BRDA:302,26,0,0
BRDA:304,27,0,0
BRDA:304,27,1,0
BRDA:307,28,0,0
BRDA:307,28,1,0
BRDA:323,29,0,0
BRDA:323,29,1,0
BRDA:326,30,0,0
BRDA:326,30,1,0
BRDA:335,31,0,0
BRDA:337,32,0,0
BRDA:337,32,1,0
BRDA:350,33,0,0
BRDA:350,33,1,0
BRDA:360,34,0,0
BRDA:360,34,1,0
BRDA:374,35,0,0
BRDA:376,36,0,0
BRDA:376,36,1,0
BRDA:379,37,0,0
BRDA:379,37,1,0
BRDA:381,38,0,0
BRDA:381,38,1,0
BRDA:396,39,0,0
BRDA:396,39,1,0
BRDA:398,40,0,0
BRDA:398,40,1,0
BRDA:402,41,0,0
BRDA:402,41,1,0
BRDA:414,42,0,0
BRDA:414,42,1,0
BRDA:414,43,0,0
BRDA:414,43,1,0
BRDA:417,44,0,0
BRDA:417,44,1,0
BRDA:427,45,0,0
BRDA:427,45,1,0
BRDA:431,46,0,0
BRDA:431,46,1,0
BRDA:446,47,0,0
BRDA:446,47,1,0
BRDA:461,48,0,0
BRDA:461,48,1,0
BRDA:464,49,0,0
BRDA:464,49,1,0
BRDA:506,50,0,0
BRDA:506,50,1,0
BRDA:507,51,0,0
BRDA:507,51,1,0
BRDA:508,52,0,0
BRDA:508,52,1,0
BRDA:524,53,0,0
BRDA:524,53,1,0
BRDA:525,54,0,0
BRDA:525,54,1,0
BRDA:526,55,0,0
BRDA:526,55,1,0
BRDA:527,56,0,0
BRDA:527,56,1,0
BRDA:528,57,0,0
BRDA:528,57,1,0
BRF:111
BRH:0
end_of_record
TN:
SF:wwwroot/js/honua-wfs.js
FN:15,createWfsLayer
FN:103,(anonymous_1)
FN:119,(anonymous_2)
FN:124,(anonymous_3)
FN:128,(anonymous_4)
FN:147,(anonymous_5)
FN:159,(anonymous_6)
FN:160,(anonymous_7)
FN:171,(anonymous_8)
FN:220,(anonymous_9)
FN:221,(anonymous_10)
FN:245,getDefaultStyle
FN:272,getWfsLayer
FNF:13
FNH:0
FNDA:0,createWfsLayer
FNDA:0,(anonymous_1)
FNDA:0,(anonymous_2)
FNDA:0,(anonymous_3)
FNDA:0,(anonymous_4)
FNDA:0,(anonymous_5)
FNDA:0,(anonymous_6)
FNDA:0,(anonymous_7)
FNDA:0,(anonymous_8)
FNDA:0,(anonymous_9)
FNDA:0,(anonymous_10)
FNDA:0,getDefaultStyle
FNDA:0,getWfsLayer
DA:6,0
DA:16,0
DA:17,0
DA:18,0
DA:29,0
DA:32,0
DA:41,0
DA:44,0
DA:45,0
DA:61,0
DA:62,0
DA:76,0
DA:77,0
DA:89,0
DA:103,0
DA:104,0
DA:105,0
DA:106,0
DA:107,0
DA:112,0
DA:119,0
DA:120,0
DA:121,0
DA:124,0
DA:125,0
DA:128,0
DA:129,0
DA:134,0
DA:148,0
DA:149,0
DA:150,0
DA:151,0
DA:152,0
DA:155,0
DA:160,0
DA:161,0
DA:162,0
DA:172,0
DA:175,0
DA:176,0
DA:177,0
DA:179,0
DA:180,0
DA:182,0
DA:183,0
DA:188,0
DA:189,0
DA:190,0
DA:192,0
DA:193,0
DA:195,0
DA:196,0
DA:201,0
DA:202,0
DA:203,0
DA:205,0
DA:206,0
DA:210,0
DA:211,0
DA:212,0
DA:214,0
DA:215,0
DA:221,0
DA:222,0
DA:223,0
DA:224,0
DA:225,0
DA:226,0
DA:230,0
DA:231,0
DA:234,0
DA:238,0
DA:239,0
DA:246,0
DA:273,0
DA:277,0
DA:278,0
LF:77
LH:0
BRDA:17,0,0,0
BRDA:17,0,1,0
BRDA:25,1,0,0
BRDA:27,2,0,0
BRDA:41,3,0,0
BRDA:41,3,1,0
BRDA:44,4,0,0
BRDA:44,4,1,0
BRDA:51,5,0,0
BRDA:51,5,1,0
BRDA:52,6,0,0
BRDA:52,6,1,0
BRDA:53,7,0,0
BRDA:53,7,1,0
BRDA:54,8,0,0
BRDA:54,8,1,0
BRDA:55,9,0,0
BRDA:55,9,1,0
BRDA:61,10,0,0
BRDA:61,10,1,0
BRDA:68,11,0,0
BRDA:68,11,1,0
BRDA:69,12,0,0
BRDA:69,12,1,0
BRDA:70,13,0,0
BRDA:70,13,1,0
BRDA:76,14,0,0
BRDA:76,14,1,0
BRDA:83,15,0,0
BRDA:83,15,1,0
BRDA:84,16,0,0
BRDA:84,16,1,0
BRDA:95,17,0,0
BRDA:95,17,1,0
BRDA:96,18,0,0
BRDA:96,18,1,0
BRDA:97,19,0,0
BRDA:97,19,1,0
BRDA:104,20,0,0
BRDA:104,20,1,0
BRDA:104,21,0,0
BRDA:104,21,1,0
BRDA:106,22,0,0
BRDA:106,22,1,0
BRDA:106,23,0,0
BRDA:106,23,1,0
BRDA:120,24,0,0
BRDA:120,24,1,0
BRDA:151,25,0,0
BRDA:151,25,1,0
BRDA:161,26,0,0
BRDA:161,26,1,0
BRDA:165,27,0,0
BRDA:165,27,1,0
BRDA:175,28,0,0
BRDA:175,28,1,0
BRDA:175,29,0,0
BRDA:175,29,1,0
BRDA:176,30,0,0
BRDA:176,30,1,0
BRDA:179,31,0,0
BRDA:179,31,1,0
BRDA:182,32,0,0
BRDA:182,32,1,0
BRDA:188,33,0,0
BRDA:188,33,1,0
BRDA:188,34,0,0
BRDA:188,34,1,0
BRDA:189,35,0,0
BRDA:189,35,1,0
BRDA:192,36,0,0
BRDA:192,36,1,0
BRDA:195,37,0,0
BRDA:195,37,1,0
BRDA:201,38,0,0
BRDA:201,38,1,0
BRDA:201,39,0,0
BRDA:201,39,1,0
BRDA:202,40,0,0
BRDA:202,40,1,0
BRDA:205,41,0,0
BRDA:205,41,1,0
BRDA:210,42,0,0
BRDA:210,42,1,0
BRDA:210,43,0,0
BRDA:210,43,1,0
BRDA:211,44,0,0
BRDA:211,44,1,0
BRDA:214,45,0,0
BRDA:214,45,1,0
BRDA:222,46,0,0
BRDA:222,46,1,0
BRDA:230,47,0,0
BRDA:230,47,1,0
BRDA:277,48,0,0
BRDA:277,48,1,0
BRF:96
BRH:0
end_of_record
TN:
SF:wwwroot/js/honua-wms.js
FN:15,createWmsLayer
FN:69,(anonymous_1)
FN:82,(anonymous_2)
FN:86,(anonymous_3)
FN:103,(anonymous_4)
FN:123,(anonymous_5)
FN:127,(anonymous_6)
FN:146,(anonymous_7)
FN:154,(anonymous_8)
FN:164,(anonymous_9)
FN:187,buildWmsTileUrl
FN:210,handleGetFeatureInfo
FN:252,getWmsLayer
FNF:13
FNH:0
FNDA:0,createWmsLayer
FNDA:0,(anonymous_1)
FNDA:0,(anonymous_2)
FNDA:0,(anonymous_3)
FNDA:0,(anonymous_4)
FNDA:0,(anonymous_5)
FNDA:0,(anonymous_6)
FNDA:0,(anonymous_7)
FNDA:0,(anonymous_8)
FNDA:0,(anonymous_9)
FNDA:0,buildWmsTileUrl
FNDA:0,handleGetFeatureInfo
FNDA:0,getWmsLayer
DA:6,0
DA:16,0
DA:17,0
DA:18,0
DA:34,0
DA:37,0
DA:48,0
DA:57,0
DA:69,0
DA:70,0
DA:79,0
DA:82,0
DA:83,0
DA:86,0
DA:87,0
DA:90,0
DA:104,0
DA:105,0
DA:116,0
DA:117,0
DA:118,0
DA:119,0
DA:124,0
DA:128,0
DA:129,0
DA:139,0
DA:140,0
DA:141,0
DA:142,0
DA:147,0
DA:156,0
DA:157,0
DA:158,0
DA:159,0
DA:160,0
DA:165,0
DA:166,0
DA:167,0
DA:169,0
DA:170,0
DA:172,0
DA:173,0
DA:176,0
DA:180,0
DA:181,0
DA:188,0
DA:189,0
DA:191,0
DA:192,0
DA:193,0
DA:194,0
DA:195,0
DA:196,0
DA:197,0
DA:198,0
DA:200,0
DA:201,0
DA:204,0
DA:211,0
DA:213,0
DA:214,0
DA:215,0
DA:216,0
DA:219,0
DA:220,0
DA:221,0
DA:223,0
DA:224,0
DA:226,0
DA:227,0
DA:228,0
DA:229,0
DA:230,0
DA:231,0
DA:232,0
DA:233,0
DA:234,0
DA:235,0
DA:237,0
DA:238,0
DA:239,0
DA:241,0
DA:242,0
DA:245,0
DA:253,0
DA:257,0
DA:258,0
LF:87
LH:0
BRDA:17,0,0,0
BRDA:17,0,1,0
BRDA:25,1,0,0
BRDA:27,2,0,0
BRDA:28,3,0,0
BRDA:29,4,0,0
BRDA:30,5,0,0
BRDA:52,6,0,0
BRDA:52,6,1,0
BRDA:53,7,0,0
BRDA:53,7,1,0
BRDA:117,8,0,0
BRDA:117,8,1,0
BRDA:140,9,0,0
BRDA:140,9,1,0
BRDA:150,10,0,0
BRDA:150,10,1,0
BRDA:157,11,0,0
BRDA:157,11,1,0
BRDA:169,12,0,0
BRDA:169,12,1,0
BRDA:172,13,0,0
BRDA:172,13,1,0
BRDA:188,14,0,0
BRDA:188,14,1,0
BRDA:189,15,0,0
BRDA:189,15,1,0
BRDA:194,16,0,0
BRDA:194,16,1,0
BRDA:200,17,0,0
BRDA:200,17,1,0
BRDA:223,18,0,0
BRDA:223,18,1,0
BRDA:224,19,0,0
BRDA:224,19,1,0
BRDA:229,20,0,0
BRDA:229,20,1,0
BRDA:234,21,0,0
BRDA:234,21,1,0
BRDA:241,22,0,0
BRDA:241,22,1,0
BRDA:241,23,0,0
BRDA:241,23,1,0
BRDA:257,24,0,0
BRDA:257,24,1,0
BRF:45
BRH:0
end_of_record
